<?xml version="1.0"?><coverage lines-covered="289" lines-valid="591" line-rate="0.4890016920473773" branches-covered="0" branches-valid="0" branch-rate="0" complexity="0" version="1.9" timestamp="1781377759"><sources><source>/app</source></sources><packages><package name="crates/duke-telemetry/src" line-rate="1" branch-rate="0" complexity="0"><classes><class name="bytecode_cost" filename="crates/duke-telemetry/src/bytecode_cost.rs" line-rate="1" branch-rate="0" complexity="0"><methods/><lines><line number="84" hits="3"/><line number="92" hits="3"/><line number="93" hits="3"/><line number="94" hits="6"/><line number="95" hits="3"/><line number="97" hits="3"/><line number="99" hits="3"/><line number="100" hits="6"/></lines></class><class name="class_init_dag" filename="crates/duke-telemetry/src/class_init_dag.rs" line-rate="1" branch-rate="0" complexity="0"><methods/><lines><line number="75" hits="3"/><line number="76" hits="3"/><line number="77" hits="3"/><line number="78" hits="3"/><line number="96" hits="1"/><line number="98" hits="1"/><line number="99" hits="2"/><line number="100" hits="1"/><line number="101" hits="3"/><line number="102" hits="1"/><line number="104" hits="2"/><line number="106" hits="2"/><line number="113" hits="1"/><line number="114" hits="1"/><line number="130" hits="2"/><line number="132" hits="2"/><line number="133" hits="4"/><line number="134" hits="2"/><line number="135" hits="5"/><line number="136" hits="1"/><line number="138" hits="4"/><line number="140" hits="4"/><line number="147" hits="2"/></lines></class><class name="dispatch_resolution" filename="crates/duke-telemetry/src/dispatch_resolution.rs" line-rate="1" branch-rate="0" complexity="0"><methods/><lines><line number="92" hits="2"/><line number="101" hits="2"/><line number="103" hits="2"/><line number="104" hits="2"/><line number="105" hits="2"/><line number="107" hits="4"/><line number="108" hits="2"/></lines></class><class name="exception_flow" filename="crates/duke-telemetry/src/exception_flow.rs" line-rate="1" branch-rate="0" complexity="0"><methods/><lines><line number="80" hits="2"/><line number="87" hits="2"/><line number="88" hits="2"/><line number="89" hits="4"/><line number="90" hits="2"/><line number="93" hits="2"/><line number="114" hits="2"/><line number="121" hits="4"/><line number="122" hits="2"/><line number="123" hits="2"/><line number="124" hits="2"/></lines></class><class name="helpers" filename="crates/duke-telemetry/src/helpers.rs" line-rate="1" branch-rate="0" complexity="0"><methods/><lines><line number="12" hits="17"/><line number="19" hits="35"/><line number="20" hits="37"/><line number="21" hits="26"/><line number="23" hits="13"/><line number="27" hits="6"/><line number="31" hits="16"/><line number="35" hits="4"/><line number="39" hits="11"/><line number="43" hits="4"/><line number="47" hits="10"/><line number="51" hits="3"/><line number="55" hits="8"/><line number="56" hits="7"/><line number="57" hits="4"/></lines></class><class name="lib" filename="crates/duke-telemetry/src/lib.rs" line-rate="1" branch-rate="0" complexity="0"><methods/><lines><line number="89" hits="4"/><line number="90" hits="4"/><line number="110" hits="2"/><line number="111" hits="2"/><line number="137" hits="3"/><line number="138" hits="3"/><line number="139" hits="3"/><line number="140" hits="4"/><line number="141" hits="3"/><line number="142" hits="3"/><line number="143" hits="4"/><line number="144" hits="3"/><line number="145" hits="3"/><line number="148" hits="3"/><line number="149" hits="3"/><line number="150" hits="3"/><line number="151" hits="7"/><line number="152" hits="4"/><line number="153" hits="4"/><line number="155" hits="3"/><line number="158" hits="3"/><line number="159" hits="4"/><line number="163" hits="4"/><line number="164" hits="8"/><line number="165" hits="4"/><line number="166" hits="4"/><line number="172" hits="3"/><line number="175" hits="4"/><line number="176" hits="4"/><line number="177" hits="3"/><line number="178" hits="3"/><line number="180" hits="2"/><line number="183" hits="2"/><line number="185" hits="4"/><line number="186" hits="2"/><line number="192" hits="2"/><line number="195" hits="3"/><line number="196" hits="3"/><line number="197" hits="2"/><line number="198" hits="2"/><line number="200" hits="3"/><line number="203" hits="2"/><line number="205" hits="6"/><line number="206" hits="3"/><line number="207" hits="4"/><line number="208" hits="2"/><line number="210" hits="6"/><line number="216" hits="3"/><line number="219" hits="4"/><line number="220" hits="4"/><line number="221" hits="4"/><line number="222" hits="9"/><line number="223" hits="4"/><line number="224" hits="4"/><line number="230" hits="4"/><line number="234" hits="3"/><line number="237" hits="3"/><line number="238" hits="3"/><line number="239" hits="4"/><line number="240" hits="10"/><line number="241" hits="5"/><line number="242" hits="4"/><line number="248" hits="3"/><line number="270" hits="3"/><line number="272" hits="4"/><line number="273" hits="8"/><line number="275" hits="4"/><line number="276" hits="4"/><line number="277" hits="5"/><line number="278" hits="4"/><line number="279" hits="4"/><line number="280" hits="3"/><line number="282" hits="3"/><line number="285" hits="4"/><line number="287" hits="4"/><line number="288" hits="4"/><line number="289" hits="4"/><line number="290" hits="4"/><line number="291" hits="10"/><line number="292" hits="5"/><line number="293" hits="4"/><line number="295" hits="4"/><line number="298" hits="5"/><line number="300" hits="5"/><line number="301" hits="5"/><line number="302" hits="5"/><line number="303" hits="5"/><line number="304" hits="10"/><line number="305" hits="5"/><line number="306" hits="3"/><line number="313" hits="5"/><line number="316" hits="5"/><line number="318" hits="5"/><line number="319" hits="5"/><line number="320" hits="4"/><line number="322" hits="2"/><line number="325" hits="4"/><line number="331" hits="4"/><line number="333" hits="5"/><line number="334" hits="5"/><line number="335" hits="4"/><line number="338" hits="1"/><line number="339" hits="1"/><line number="340" hits="2"/><line number="341" hits="1"/><line number="345" hits="2"/><line number="346" hits="2"/><line number="347" hits="2"/><line number="349" hits="2"/><line number="351" hits="1"/><line number="354" hits="4"/><line number="356" hits="4"/><line number="357" hits="4"/><line number="358" hits="4"/><line number="359" hits="4"/><line number="360" hits="6"/><line number="361" hits="3"/><line number="362" hits="3"/><line number="366" hits="2"/><line number="371" hits="3"/><line number="374" hits="4"/><line number="376" hits="5"/><line number="377" hits="4"/><line number="378" hits="4"/><line number="379" hits="4"/><line number="380" hits="7"/><line number="381" hits="3"/><line number="382" hits="3"/><line number="389" hits="3"/></lines></class><class name="native_boundary" filename="crates/duke-telemetry/src/native_boundary.rs" line-rate="1" branch-rate="0" complexity="0"><methods/><lines><line number="83" hits="2"/><line number="86" hits="2"/><line number="88" hits="2"/><line number="89" hits="4"/><line number="90" hits="4"/><line number="91" hits="2"/></lines></class><class name="object_lineage" filename="crates/duke-telemetry/src/object_lineage.rs" line-rate="1" branch-rate="0" complexity="0"><methods/><lines><line number="81" hits="2"/><line number="90" hits="3"/><line number="91" hits="11"/><line number="92" hits="4"/><line number="95" hits="4"/></lines></class></classes></package><package name="crates/duke-bytecode/src" line-rate="0" branch-rate="0" complexity="0"><classes><class name="decoder" filename="crates/duke-bytecode/src/decoder.rs" line-rate="0" branch-rate="0" complexity="0"><methods/><lines><line number="58" hits="0"/><line number="61" hits="0"/><line number="62" hits="0"/><line number="64" hits="0"/><line number="65" hits="0"/><line number="66" hits="0"/><line number="67" hits="0"/><line number="70" hits="0"/><line number="71" hits="0"/><line number="72" hits="0"/><line number="74" hits="0"/><line number="75" hits="0"/><line number="77" hits="0"/><line number="78" hits="0"/><line number="79" hits="0"/><line number="80" hits="0"/><line number="83" hits="0"/><line number="84" hits="0"/><line number="85" hits="0"/><line number="87" hits="0"/><line number="88" hits="0"/><line number="90" hits="0"/><line number="91" hits="0"/><line number="92" hits="0"/><line number="93" hits="0"/><line number="96" hits="0"/><line number="97" hits="0"/><line number="98" hits="0"/><line number="99" hits="0"/><line number="100" hits="0"/><line number="102" hits="0"/><line number="103" hits="0"/><line number="105" hits="0"/><line number="106" hits="0"/><line number="108" hits="0"/><line number="109" hits="0"/><line number="112" hits="0"/><line number="113" hits="0"/><line number="114" hits="0"/><line number="115" hits="0"/></lines></class></classes></package><package name="tests" line-rate="0" branch-rate="0" complexity="0"><classes></classes></package><package name="crates/duke-telemetry/tests" line-rate="1" branch-rate="0" complexity="0"><classes><class name="coverage_bump" filename="crates/duke-telemetry/tests/coverage_bump.rs" line-rate="1" branch-rate="0" complexity="0"><methods/><lines><line number="1" hits="1"/><line number="5" hits="3"/><line number="6" hits="1"/><line number="7" hits="2"/><line number="10" hits="3"/><line number="11" hits="1"/><line number="12" hits="1"/><line number="13" hits="1"/><line number="15" hits="1"/><line number="18" hits="1"/><line number="19" hits="2"/><line number="21" hits="1"/><line number="22" hits="1"/><line number="23" hits="1"/><line number="25" hits="1"/><line number="26" hits="1"/><line number="28" hits="1"/><line number="30" hits="1"/><line number="31" hits="2"/><line number="32" hits="1"/><line number="33" hits="2"/><line number="34" hits="1"/><line number="35" hits="1"/><line number="36" hits="2"/><line number="39" hits="3"/><line number="40" hits="1"/><line number="41" hits="1"/><line number="42" hits="1"/><line number="44" hits="1"/><line number="47" hits="1"/><line number="48" hits="2"/><line number="50" hits="1"/><line number="51" hits="1"/><line number="52" hits="1"/><line number="54" hits="1"/><line number="55" hits="1"/><line number="57" hits="1"/><line number="59" hits="1"/><line number="60" hits="2"/><line number="61" hits="1"/><line number="62" hits="1"/><line number="63" hits="2"/><line number="66" hits="3"/><line number="67" hits="1"/><line number="68" hits="1"/><line number="69" hits="2"/><line number="70" hits="1"/><line number="71" hits="2"/><line number="75" hits="3"/><line number="76" hits="1"/><line number="77" hits="1"/><line number="78" hits="1"/><line number="79" hits="2"/><line number="80" hits="2"/><line number="83" hits="3"/><line number="84" hits="1"/><line number="85" hits="2"/><line number="87" hits="1"/><line number="89" hits="1"/><line number="90" hits="2"/><line number="91" hits="1"/><line number="92" hits="2"/><line number="93" hits="1"/><line number="94" hits="2"/><line number="97" hits="3"/><line number="98" hits="1"/><line number="99" hits="2"/><line number="101" hits="1"/><line number="102" hits="1"/><line number="103" hits="2"/><line number="104" hits="1"/><line number="105" hits="2"/></lines></class><class name="print_and_markdown" filename="crates/duke-telemetry/tests/print_and_markdown.rs" line-rate="1" branch-rate="0" complexity="0"><methods/><lines><line number="1" hits="1"/><line number="4" hits="3"/><line number="5" hits="1"/><line number="6" hits="1"/><line number="7" hits="2"/><line number="8" hits="1"/><line number="9" hits="2"/><line number="10" hits="2"/><line number="13" hits="3"/><line number="14" hits="1"/><line number="15" hits="1"/><line number="16" hits="2"/><line number="17" hits="2"/></lines></class></classes></package><package name="crates/duke-gc/src" line-rate="0" branch-rate="0" complexity="0"><classes></classes></package><package name="duke/src" line-rate="0" branch-rate="0" complexity="0"><classes></classes></package><package name="" line-rate="0.4890016920473773" branch-rate="0" complexity="0"><classes></classes></package><package name="crates/duke-runtime/src" line-rate="0" branch-rate="0" complexity="0"><classes></classes></package><package name="crates/duke-classfile/src" line-rate="0" branch-rate="0" complexity="0"><classes><class name="parser" filename="crates/duke-classfile/src/parser.rs" line-rate="0" branch-rate="0" complexity="0"><methods/><lines><line number="32" hits="0"/><line number="37" hits="0"/><line number="38" hits="0"/><line number="41" hits="0"/><line number="42" hits="0"/><line number="47" hits="0"/><line number="48" hits="0"/><line number="49" hits="0"/><line number="50" hits="0"/><line number="52" hits="0"/><line number="56" hits="0"/><line number="57" hits="0"/><line number="58" hits="0"/><line number="60" hits="0"/><line number="61" hits="0"/><line number="62" hits="0"/><line number="65" hits="0"/><line number="66" hits="0"/><line number="67" hits="0"/><line number="68" hits="0"/><line number="72" hits="0"/><line number="73" hits="0"/><line number="76" hits="0"/><line number="77" hits="0"/><line number="78" hits="0"/><line number="79" hits="0"/><line number="82" hits="0"/><line number="83" hits="0"/><line number="86" hits="0"/><line number="87" hits="0"/><line number="88" hits="0"/><line number="89" hits="0"/><line number="92" hits="0"/><line number="93" hits="0"/><line number="96" hits="0"/><line number="97" hits="0"/><line number="100" hits="0"/><line number="101" hits="0"/><line number="104" hits="0"/><line number="105" hits="0"/><line number="106" hits="0"/><line number="108" hits="0"/><line number="109" hits="0"/><line number="110" hits="0"/><line number="113" hits="0"/><line number="114" hits="0"/></lines></class></classes></package><package name="crates/duke-interpreter/benches" line-rate="0" branch-rate="0" complexity="0"><classes></classes></package><package name="crates/duke-interpreter/src" line-rate="0" branch-rate="0" complexity="0"><classes><class name="native" filename="crates/duke-interpreter/src/native.rs" line-rate="0" branch-rate="0" complexity="0"><methods/><lines><line number="67" hits="0"/><line number="68" hits="0"/><line number="69" hits="0"/><line number="78" hits="0"/><line number="79" hits="0"/><line number="80" hits="0"/><line number="89" hits="0"/><line number="90" hits="0"/><line number="91" hits="0"/><line number="100" hits="0"/><line number="101" hits="0"/><line number="102" hits="0"/><line number="119" hits="0"/><line number="120" hits="0"/><line number="121" hits="0"/><line number="122" hits="0"/><line number="127" hits="0"/><line number="128" hits="0"/><line number="132" hits="0"/><line number="133" hits="0"/><line number="137" hits="0"/><line number="138" hits="0"/><line number="139" hits="0"/><line number="140" hits="0"/><line number="141" hits="0"/><line number="147" hits="0"/><line number="148" hits="0"/><line number="149" hits="0"/><line number="150" hits="0"/><line number="151" hits="0"/><line number="157" hits="0"/><line number="158" hits="0"/><line number="159" hits="0"/><line number="160" hits="0"/><line number="161" hits="0"/><line number="162" hits="0"/><line number="206" hits="0"/><line number="207" hits="0"/><line number="208" hits="0"/><line number="209" hits="0"/><line number="210" hits="0"/><line number="211" hits="0"/><line number="217" hits="0"/><line number="218" hits="0"/><line number="219" hits="0"/><line number="220" hits="0"/><line number="221" hits="0"/><line number="222" hits="0"/><line number="228" hits="0"/><line number="229" hits="0"/><line number="230" hits="0"/><line number="231" hits="0"/><line number="232" hits="0"/><line number="233" hits="0"/><line number="10458" hits="0"/><line number="10459" hits="0"/><line number="10461" hits="0"/><line number="12898" hits="0"/><line number="12899" hits="0"/><line number="12900" hits="0"/><line number="12902" hits="0"/><line number="12903" hits="0"/><line number="12904" hits="0"/><line number="14737" hits="0"/><line number="14738" hits="0"/><line number="14739" hits="0"/><line number="14740" hits="0"/><line number="14741" hits="0"/><line number="21306" hits="0"/><line number="21307" hits="0"/><line number="21308" hits="0"/><line number="21309" hits="0"/><line number="21310" hits="0"/><line number="21311" hits="0"/><line number="21312" hits="0"/><line number="21313" hits="0"/><line number="21314" hits="0"/><line number="21315" hits="0"/><line number="21316" hits="0"/><line number="21321" hits="0"/><line number="21322" hits="0"/><line number="21323" hits="0"/><line number="21327" hits="0"/><line number="21328" hits="0"/><line number="21329" hits="0"/><line number="21330" hits="0"/><line number="21331" hits="0"/><line number="21332" hits="0"/><line number="21333" hits="0"/><line number="21334" hits="0"/><line number="21335" hits="0"/><line number="21337" hits="0"/><line number="21338" hits="0"/><line number="21339" hits="0"/><line number="21340" hits="0"/><line number="21341" hits="0"/><line number="21345" hits="0"/><line number="21346" hits="0"/><line number="21349" hits="0"/><line number="21350" hits="0"/><line number="21351" hits="0"/><line number="21352" hits="0"/><line number="21353" hits="0"/><line number="21354" hits="0"/><line number="21355" hits="0"/><line number="21357" hits="0"/><line number="21358" hits="0"/><line number="21359" hits="0"/><line number="21360" hits="0"/><line number="21361" hits="0"/><line number="21362" hits="0"/><line number="21363" hits="0"/><line number="21365" hits="0"/><line number="21367" hits="0"/><line number="21368" hits="0"/><line number="21369" hits="0"/><line number="21370" hits="0"/><line number="21375" hits="0"/><line number="21380" hits="0"/><line number="21381" hits="0"/><line number="21382" hits="0"/><line number="21384" hits="0"/><line number="21385" hits="0"/><line number="21387" hits="0"/><line number="21388" hits="0"/><line number="21389" hits="0"/><line number="21390" hits="0"/><line number="21392" hits="0"/><line number="21393" hits="0"/><line number="21395" hits="0"/><line number="21396" hits="0"/><line number="21397" hits="0"/><line number="21398" hits="0"/><line number="21399" hits="0"/><line number="21401" hits="0"/><line number="21402" hits="0"/><line number="21403" hits="0"/><line number="21404" hits="0"/><line number="23624" hits="0"/><line number="23625" hits="0"/><line number="23626" hits="0"/><line number="23627" hits="0"/><line number="23628" hits="0"/><line number="23629" hits="0"/><line number="27716" hits="0"/><line number="27717" hits="0"/><line number="27719" hits="0"/><line number="27723" hits="0"/><line number="27724" hits="0"/><line number="27727" hits="0"/><line number="27728" hits="0"/><line number="27731" hits="0"/><line number="27732" hits="0"/><line number="27735" hits="0"/><line number="27736" hits="0"/></lines></class><class name="registry" filename="crates/duke-interpreter/src/registry.rs" line-rate="0" branch-rate="0" complexity="0"><methods/><lines><line number="455" hits="0"/><line number="456" hits="0"/><line number="503" hits="0"/><line number="504" hits="0"/><line number="949" hits="0"/><line number="950" hits="0"/><line number="969" hits="0"/><line number="979" hits="0"/><line number="980" hits="0"/><line number="993" hits="0"/><line number="1000" hits="0"/><line number="1001" hits="0"/><line number="1015" hits="0"/><line number="1030" hits="0"/><line number="1037" hits="0"/><line number="1038" hits="0"/><line number="1045" hits="0"/><line number="1046" hits="0"/><line number="1053" hits="0"/><line number="1054" hits="0"/><line number="1067" hits="0"/><line number="1080" hits="0"/><line number="1093" hits="0"/><line number="1100" hits="0"/><line number="1101" hits="0"/><line number="1114" hits="0"/><line number="1126" hits="0"/><line number="1139" hits="0"/><line number="1140" hits="0"/><line number="1185" hits="0"/><line number="1186" hits="0"/><line number="1187" hits="0"/><line number="1188" hits="0"/><line number="1189" hits="0"/><line number="1190" hits="0"/><line number="1191" hits="0"/><line number="1192" hits="0"/></lines></class></classes></package><package name="crates/duke-loader/src" line-rate="0" branch-rate="0" complexity="0"><classes><class name="directory" filename="crates/duke-loader/src/directory.rs" line-rate="0" branch-rate="0" complexity="0"><methods/><lines><line number="44" hits="0"/><line number="46" hits="0"/></lines></class><class name="lib" filename="crates/duke-loader/src/lib.rs" line-rate="0" branch-rate="0" complexity="0"><methods/><lines><line number="85" hits="0"/><line number="86" hits="0"/><line number="87" hits="0"/><line number="100" hits="0"/><line number="101" hits="0"/><line number="102" hits="0"/><line number="116" hits="0"/><line number="117" hits="0"/><line number="118" hits="0"/><line number="119" hits="0"/><line number="120" hits="0"/><line number="129" hits="0"/><line number="130" hits="0"/><line number="131" hits="0"/><line number="132" hits="0"/><line number="133" hits="0"/><line number="148" hits="0"/><line number="149" hits="0"/><line number="150" hits="0"/></lines></class><class name="zip" filename="crates/duke-loader/src/zip.rs" line-rate="0" branch-rate="0" complexity="0"><methods/><lines><line number="389" hits="0"/><line number="390" hits="0"/><line number="391" hits="0"/></lines></class></classes></package></packages></coverage>