<?xml version="1.0"?><coverage lines-covered="14897" lines-valid="17131" line-rate="0.8695931352518825" branches-covered="0" branches-valid="0" branch-rate="0" complexity="0" version="1.9" timestamp="1775418522"><sources><source>/app</source></sources><packages><package name="crates/duke-loader/src" line-rate="0.928388746803069" branch-rate="0" complexity="0"><classes><class name="bootstrap" filename="crates/duke-loader/src/bootstrap.rs" line-rate="0.8" branch-rate="0" complexity="0"><methods/><lines><line number="16" hits="1"/><line number="17" hits="1"/><line number="18" hits="1"/><line number="19" hits="1"/><line number="36" hits="1"/><line number="38" hits="1"/><line number="69" hits="1"/><line number="70" hits="3"/><line number="71" hits="0"/><line number="72" hits="0"/><line number="73" hits="0"/><line number="75" hits="0"/><line number="80" hits="1"/><line number="82" hits="1"/><line number="83" hits="0"/><line number="86" hits="2"/><line number="87" hits="2"/><line number="88" hits="1"/><line number="91" hits="1"/><line number="92" hits="1"/><line number="99" hits="3"/><line number="102" hits="5"/><line number="103" hits="5"/><line number="104" hits="1"/><line number="106" hits="2"/></lines></class><class name="directory" filename="crates/duke-loader/src/directory.rs" line-rate="1" branch-rate="0" complexity="0"><methods/><lines><line number="33" hits="8"/><line number="35" hits="16"/><line number="41" hits="3"/><line number="42" hits="3"/><line number="46" hits="6"/><line number="47" hits="6"/><line number="48" hits="3"/><line number="49" hits="3"/><line number="50" hits="3"/><line number="52" hits="2"/><line number="53" hits="2"/><line number="57" hits="3"/><line number="58" hits="6"/><line number="59" hits="1"/><line number="60" hits="1"/><line number="63" hits="6"/><line number="65" hits="3"/><line number="67" hits="9"/><line number="68" hits="3"/></lines></class><class name="jimage" filename="crates/duke-loader/src/jimage.rs" line-rate="0.9107142857142857" branch-rate="0" complexity="0"><methods/><lines><line number="92" hits="1"/><line number="94" hits="1"/><line number="97" hits="1"/><line number="121" hits="2"/><line number="122" hits="5"/><line number="123" hits="2"/><line number="124" hits="1"/><line number="127" hits="5"/><line number="129" hits="2"/><line number="130" hits="2"/><line number="131" hits="2"/><line number="137" hits="2"/><line number="138" hits="4"/><line number="139" hits="5"/><line number="141" hits="4"/><line number="142" hits="0"/><line number="143" hits="0"/><line number="145" hits="0"/><line number="152" hits="2"/><line number="156" hits="2"/><line number="159" hits="2"/><line number="160" hits="2"/><line number="169" hits="1"/><line number="170" hits="1"/><line number="178" hits="0"/><line number="179" hits="0"/><line number="189" hits="1"/><line number="190" hits="1"/><line number="191" hits="0"/><line number="194" hits="1"/><line number="195" hits="1"/><line number="197" hits="1"/><line number="199" hits="1"/><line number="200" hits="2"/><line number="202" hits="1"/><line number="203" hits="1"/><line number="204" hits="0"/><line number="207" hits="1"/><line number="208" hits="1"/><line number="209" hits="3"/><line number="211" hits="1"/><line number="212" hits="1"/><line number="216" hits="3"/><line number="218" hits="2"/><line number="220" hits="1"/><line number="221" hits="1"/><line number="222" hits="4"/><line number="223" hits="3"/><line number="224" hits="1"/><line number="225" hits="5"/><line number="226" hits="3"/><line number="228" hits="0"/><line number="230" hits="1"/><line number="255" hits="1"/><line number="256" hits="1"/><line number="257" hits="1"/><line number="258" hits="2"/><line number="259" hits="1"/><line number="260" hits="1"/><line number="261" hits="1"/><line number="262" hits="0"/><line number="265" hits="1"/><line number="266" hits="1"/><line number="276" hits="2"/><line number="277" hits="2"/><line number="278" hits="1"/><line number="279" hits="1"/><line number="283" hits="2"/><line number="284" hits="2"/><line number="285" hits="1"/><line number="286" hits="1"/><line number="290" hits="2"/><line number="291" hits="2"/><line number="292" hits="0"/><line number="293" hits="0"/><line number="297" hits="2"/><line number="298" hits="2"/><line number="299" hits="2"/><line number="300" hits="2"/><line number="301" hits="2"/><line number="315" hits="2"/><line number="326" hits="2"/><line number="327" hits="3"/><line number="328" hits="2"/><line number="329" hits="3"/><line number="331" hits="5"/><line number="332" hits="2"/><line number="334" hits="3"/><line number="335" hits="2"/><line number="336" hits="3"/><line number="337" hits="2"/><line number="338" hits="3"/><line number="339" hits="2"/><line number="340" hits="3"/><line number="342" hits="2"/><line number="343" hits="3"/><line number="346" hits="5"/><line number="347" hits="5"/><line number="349" hits="5"/><line number="350" hits="2"/><line number="352" hits="3"/><line number="355" hits="2"/><line number="359" hits="3"/><line number="360" hits="3"/><line number="362" hits="2"/><line number="363" hits="3"/><line number="364" hits="0"/><line number="365" hits="2"/><line number="366" hits="0"/><line number="367" hits="1"/><line number="368" hits="1"/><line number="369" hits="2"/><line number="375" hits="4"/><line number="379" hits="2"/><line number="380" hits="1"/><line number="381" hits="2"/><line number="382" hits="1"/><line number="384" hits="2"/><line number="385" hits="1"/><line number="386" hits="2"/><line number="387" hits="2"/><line number="388" hits="1"/><line number="389" hits="1"/><line number="390" hits="2"/><line number="391" hits="1"/><line number="392" hits="2"/><line number="398" hits="2"/><line number="413" hits="1"/><line number="414" hits="1"/><line number="418" hits="3"/><line number="419" hits="2"/><line number="421" hits="2"/><line number="423" hits="3"/><line number="424" hits="2"/><line number="426" hits="2"/><line number="428" hits="1"/><line number="430" hits="1"/><line number="431" hits="1"/><line number="432" hits="1"/><line number="433" hits="1"/><line number="434" hits="1"/><line number="435" hits="1"/><line number="436" hits="1"/><line number="438" hits="1"/><line number="439" hits="1"/><line number="440" hits="1"/><line number="441" hits="1"/><line number="447" hits="1"/><line number="448" hits="1"/><line number="449" hits="3"/><line number="453" hits="2"/><line number="454" hits="3"/><line number="455" hits="0"/><line number="457" hits="1"/><line number="458" hits="1"/><line number="460" hits="2"/><line number="461" hits="0"/><line number="463" hits="1"/><line number="465" hits="5"/><line number="466" hits="4"/><line number="467" hits="2"/><line number="471" hits="2"/><line number="472" hits="3"/><line number="473" hits="2"/><line number="474" hits="3"/><line number="475" hits="2"/><line number="478" hits="2"/><line number="479" hits="2"/></lines></class><class name="manifest" filename="crates/duke-loader/src/manifest.rs" line-rate="1" branch-rate="0" complexity="0"><methods/><lines><line number="8" hits="1"/><line number="9" hits="1"/><line number="10" hits="2"/><line number="11" hits="2"/><line number="12" hits="1"/><line number="15" hits="1"/></lines></class><class name="proptest_open" filename="crates/duke-loader/src/proptest_open.rs" line-rate="1" branch-rate="0" complexity="0"><methods/><lines><line number="9" hits="1"/><line number="11" hits="3"/><line number="12" hits="1"/><line number="13" hits="2"/><line number="14" hits="1"/><line number="15" hits="2"/><line number="16" hits="1"/><line number="17" hits="1"/></lines></class><class name="zip" filename="crates/duke-loader/src/zip.rs" line-rate="0.9515151515151515" branch-rate="0" complexity="0"><methods/><lines><line number="56" hits="2"/><line number="57" hits="2"/><line number="58" hits="4"/><line number="59" hits="2"/><line number="60" hits="4"/><line number="62" hits="2"/><line number="102" hits="3"/><line number="103" hits="9"/><line number="104" hits="2"/><line number="105" hits="1"/><line number="107" hits="3"/><line number="114" hits="3"/><line number="115" hits="9"/><line number="116" hits="3"/><line number="117" hits="3"/><line number="122" hits="2"/><line number="123" hits="2"/><line number="134" hits="2"/><line number="135" hits="8"/><line number="136" hits="2"/><line number="138" hits="2"/><line number="147" hits="2"/><line number="148" hits="2"/><line number="151" hits="2"/><line number="152" hits="1"/><line number="153" hits="1"/><line number="156" hits="2"/><line number="157" hits="2"/><line number="158" hits="1"/><line number="159" hits="1"/><line number="164" hits="4"/><line number="165" hits="4"/><line number="166" hits="4"/><line number="167" hits="2"/><line number="169" hits="4"/><line number="170" hits="1"/><line number="171" hits="1"/><line number="175" hits="4"/><line number="177" hits="2"/><line number="178" hits="2"/><line number="180" hits="2"/><line number="181" hits="2"/><line number="182" hits="6"/><line number="183" hits="3"/><line number="184" hits="2"/><line number="185" hits="4"/><line number="186" hits="2"/><line number="188" hits="2"/><line number="190" hits="1"/><line number="191" hits="1"/><line number="192" hits="1"/><line number="201" hits="4"/><line number="202" hits="2"/><line number="203" hits="1"/><line number="204" hits="1"/><line number="205" hits="1"/><line number="210" hits="2"/><line number="215" hits="2"/><line number="216" hits="2"/><line number="220" hits="3"/><line number="221" hits="3"/><line number="268" hits="2"/><line number="269" hits="2"/><line number="288" hits="1"/><line number="292" hits="3"/><line number="293" hits="5"/><line number="294" hits="2"/><line number="295" hits="2"/><line number="302" hits="2"/><line number="305" hits="2"/><line number="308" hits="2"/><line number="309" hits="2"/><line number="310" hits="2"/><line number="311" hits="2"/><line number="313" hits="1"/><line number="317" hits="2"/><line number="318" hits="2"/><line number="319" hits="2"/><line number="320" hits="2"/><line number="321" hits="2"/><line number="322" hits="2"/><line number="324" hits="1"/><line number="327" hits="2"/><line number="328" hits="4"/><line number="329" hits="2"/><line number="331" hits="1"/><line number="334" hits="2"/><line number="335" hits="2"/><line number="340" hits="3"/><line number="341" hits="3"/><line number="343" hits="7"/><line number="344" hits="3"/><line number="346" hits="5"/><line number="348" hits="2"/><line number="349" hits="6"/><line number="350" hits="4"/><line number="351" hits="5"/><line number="352" hits="2"/><line number="355" hits="2"/><line number="358" hits="2"/><line number="359" hits="2"/><line number="360" hits="2"/><line number="362" hits="2"/><line number="364" hits="6"/><line number="365" hits="6"/><line number="373" hits="2"/><line number="374" hits="2"/><line number="378" hits="4"/><line number="379" hits="4"/><line number="380" hits="4"/><line number="381" hits="8"/><line number="382" hits="8"/><line number="383" hits="8"/><line number="388" hits="4"/><line number="389" hits="4"/><line number="390" hits="1"/><line number="391" hits="1"/><line number="394" hits="4"/><line number="396" hits="8"/><line number="397" hits="5"/><line number="398" hits="4"/><line number="399" hits="3"/><line number="401" hits="2"/><line number="404" hits="2"/><line number="406" hits="2"/><line number="407" hits="2"/><line number="412" hits="3"/><line number="425" hits="3"/><line number="426" hits="5"/><line number="427" hits="4"/><line number="429" hits="5"/><line number="430" hits="0"/><line number="431" hits="0"/><line number="435" hits="2"/><line number="439" hits="2"/><line number="445" hits="2"/><line number="446" hits="2"/><line number="447" hits="2"/><line number="449" hits="6"/><line number="451" hits="4"/><line number="452" hits="0"/><line number="453" hits="0"/><line number="456" hits="4"/><line number="457" hits="2"/><line number="458" hits="0"/><line number="459" hits="0"/><line number="465" hits="4"/><line number="466" hits="2"/><line number="467" hits="2"/><line number="468" hits="2"/><line number="469" hits="2"/><line number="470" hits="2"/><line number="471" hits="2"/><line number="472" hits="2"/><line number="474" hits="2"/><line number="475" hits="4"/><line number="476" hits="0"/><line number="477" hits="0"/><line number="481" hits="4"/><line number="484" hits="2"/><line number="485" hits="2"/><line number="486" hits="2"/><line number="487" hits="2"/><line number="496" hits="2"/><line number="499" hits="2"/></lines></class></classes></package><package name="crates/duke-loader/tests" line-rate="1" branch-rate="0" complexity="0"><classes><class name="havoc_directory_loader_fuzz" filename="crates/duke-loader/tests/havoc_directory_loader_fuzz.rs" line-rate="1" branch-rate="0" complexity="0"><methods/><lines><line number="1" hits="1"/><line number="6" hits="1"/><line number="9" hits="1"/><line number="10" hits="2"/><line number="11" hits="1"/><line number="13" hits="1"/><line number="14" hits="2"/><line number="16" hits="2"/><line number="18" hits="1"/><line number="19" hits="1"/><line number="22" hits="2"/><line number="23" hits="1"/></lines></class><class name="havoc_jimage_oom_crash" filename="crates/duke-loader/tests/havoc_jimage_oom_crash.rs" line-rate="1" branch-rate="0" complexity="0"><methods/><lines><line number="1" hits="1"/><line number="9" hits="3"/><line number="10" hits="1"/><line number="20" hits="1"/><line number="22" hits="1"/><line number="25" hits="1"/><line number="26" hits="1"/><line number="27" hits="1"/><line number="28" hits="1"/><line number="29" hits="1"/><line number="30" hits="1"/><line number="31" hits="1"/><line number="32" hits="1"/><line number="35" hits="1"/><line number="36" hits="1"/><line number="38" hits="1"/><line number="39" hits="1"/><line number="40" hits="1"/><line number="41" hits="2"/><line number="42" hits="2"/></lines></class></classes></package><package name="crates/duke-classfile/src" line-rate="0.9919354838709677" branch-rate="0" complexity="0"><classes><class name="access_flags" filename="crates/duke-classfile/src/access_flags.rs" line-rate="1" branch-rate="0" complexity="0"><methods/><lines><line number="5" hits="40"/><line number="23" hits="4"/><line number="46" hits="22"/><line number="64" hits="2"/><line number="87" hits="37"/><line number="105" hits="2"/></lines></class><class name="parser" filename="crates/duke-classfile/src/parser.rs" line-rate="0.9917355371900827" branch-rate="0" complexity="0"><methods/><lines><line number="32" hits="6"/><line number="37" hits="6"/><line number="38" hits="5"/><line number="42" hits="1"/><line number="43" hits="1"/><line number="46" hits="7"/><line number="47" hits="6"/><line number="48" hits="1"/><line number="50" hits="15"/><line number="51" hits="15"/><line number="52" hits="7"/><line number="55" hits="8"/><line number="56" hits="6"/><line number="57" hits="5"/><line number="58" hits="7"/><line number="62" hits="1"/><line number="63" hits="1"/><line number="66" hits="7"/><line number="67" hits="6"/><line number="68" hits="7"/><line number="69" hits="7"/><line number="72" hits="2"/><line number="73" hits="2"/><line number="76" hits="4"/><line number="77" hits="4"/><line number="78" hits="3"/><line number="79" hits="2"/><line number="82" hits="4"/><line number="83" hits="4"/><line number="86" hits="2"/><line number="87" hits="2"/><line number="90" hits="2"/><line number="91" hits="3"/><line number="94" hits="7"/><line number="95" hits="6"/><line number="96" hits="1"/><line number="98" hits="13"/><line number="99" hits="13"/><line number="100" hits="6"/><line number="103" hits="7"/><line number="104" hits="6"/><line number="132" hits="6"/><line number="133" hits="7"/><line number="134" hits="7"/><line number="141" hits="6"/><line number="142" hits="11"/><line number="143" hits="6"/><line number="144" hits="7"/><line number="146" hits="6"/><line number="147" hits="11"/><line number="149" hits="6"/><line number="150" hits="6"/><line number="151" hits="5"/><line number="156" hits="5"/><line number="163" hits="8"/><line number="165" hits="6"/><line number="166" hits="7"/><line number="167" hits="1"/><line number="170" hits="8"/><line number="171" hits="6"/><line number="172" hits="9"/><line number="173" hits="1"/><line number="179" hits="11"/><line number="180" hits="11"/><line number="182" hits="7"/><line number="183" hits="7"/><line number="184" hits="6"/><line number="187" hits="7"/><line number="188" hits="6"/><line number="189" hits="13"/><line number="190" hits="2"/><line number="194" hits="7"/><line number="195" hits="6"/><line number="196" hits="13"/><line number="197" hits="6"/><line number="201" hits="7"/><line number="202" hits="7"/><line number="203" hits="13"/><line number="204" hits="10"/><line number="208" hits="6"/><line number="210" hits="5"/><line number="213" hits="5"/><line number="217" hits="6"/><line number="218" hits="5"/><line number="219" hits="6"/><line number="228" hits="10"/><line number="229" hits="9"/><line number="232" hits="8"/><line number="233" hits="9"/><line number="235" hits="8"/><line number="236" hits="14"/><line number="237" hits="18"/><line number="239" hits="9"/><line number="241" hits="13"/><line number="242" hits="7"/><line number="243" hits="8"/><line number="244" hits="9"/><line number="246" hits="4"/><line number="247" hits="4"/><line number="249" hits="7"/><line number="250" hits="2"/><line number="251" hits="3"/><line number="252" hits="2"/><line number="256" hits="5"/><line number="257" hits="3"/><line number="258" hits="2"/><line number="259" hits="3"/><line number="263" hits="11"/><line number="266" hits="10"/><line number="269" hits="11"/><line number="270" hits="5"/><line number="273" hits="13"/><line number="274" hits="5"/><line number="277" hits="4"/><line number="278" hits="2"/><line number="281" hits="11"/><line number="282" hits="6"/><line number="285" hits="4"/><line number="286" hits="2"/><line number="287" hits="1"/><line number="293" hits="2"/><line number="297" hits="4"/><line number="300" hits="2"/><line number="301" hits="1"/><line number="304" hits="4"/><line number="305" hits="2"/><line number="308" hits="0"/><line number="311" hits="0"/><line number="314" hits="1"/><line number="316" hits="2"/><line number="320" hits="6"/><line number="321" hits="6"/><line number="324" hits="5"/><line number="331" hits="3"/><line number="332" hits="3"/><line number="333" hits="3"/><line number="334" hits="3"/><line number="335" hits="3"/><line number="336" hits="3"/><line number="344" hits="6"/><line number="345" hits="5"/><line number="346" hits="5"/><line number="347" hits="6"/><line number="348" hits="5"/><line number="349" hits="6"/><line number="361" hits="6"/><line number="362" hits="10"/><line number="363" hits="7"/><line number="364" hits="19"/><line number="365" hits="11"/><line number="367" hits="5"/><line number="370" hits="6"/><line number="371" hits="5"/><line number="372" hits="6"/><line number="375" hits="5"/><line number="381" hits="6"/><line number="382" hits="11"/><line number="383" hits="5"/><line number="385" hits="5"/><line number="387" hits="6"/><line number="398" hits="7"/><line number="402" hits="11"/><line number="403" hits="6"/><line number="404" hits="6"/><line number="405" hits="5"/><line number="408" hits="12"/><line number="410" hits="6"/><line number="413" hits="7"/><line number="414" hits="6"/><line number="416" hits="7"/><line number="417" hits="4"/><line number="422" hits="6"/><line number="423" hits="7"/><line number="428" hits="11"/><line number="429" hits="6"/><line number="430" hits="6"/><line number="431" hits="6"/><line number="432" hits="12"/><line number="433" hits="6"/><line number="434" hits="6"/><line number="435" hits="6"/><line number="439" hits="5"/><line number="441" hits="6"/><line number="442" hits="5"/><line number="443" hits="6"/><line number="444" hits="10"/><line number="445" hits="6"/><line number="446" hits="6"/><line number="447" hits="6"/><line number="448" hits="6"/><line number="449" hits="6"/><line number="450" hits="6"/><line number="454" hits="6"/><line number="456" hits="3"/><line number="457" hits="2"/><line number="458" hits="2"/><line number="459" hits="6"/><line number="465" hits="2"/><line number="466" hits="2"/><line number="467" hits="2"/><line number="468" hits="4"/><line number="469" hits="2"/><line number="470" hits="2"/><line number="471" hits="2"/><line number="472" hits="6"/><line number="473" hits="2"/><line number="474" hits="2"/><line number="480" hits="2"/><line number="482" hits="3"/><line number="484" hits="5"/><line number="487" hits="5"/><line number="488" hits="7"/><line number="489" hits="6"/><line number="490" hits="7"/><line number="491" hits="6"/><line number="493" hits="16"/><line number="494" hits="6"/><line number="495" hits="13"/><line number="496" hits="1"/><line number="497" hits="2"/><line number="498" hits="1"/><line number="499" hits="3"/><line number="500" hits="3"/><line number="507" hits="21"/><line number="508" hits="7"/><line number="509" hits="21"/><line number="510" hits="7"/><line number="511" hits="7"/><line number="512" hits="7"/><line number="513" hits="7"/><line number="515" hits="7"/><line number="520" hits="8"/><line number="523" hits="7"/><line number="524" hits="7"/><line number="534" hits="6"/><line number="535" hits="7"/><line number="536" hits="6"/><line number="537" hits="1"/><line number="539" hits="19"/><line number="540" hits="1"/><line number="541" hits="5"/><line number="542" hits="1"/></lines></class></classes></package><package name="crates/duke-gc/src" line-rate="0.9230769230769231" branch-rate="0" complexity="0"><classes><class name="lib" filename="crates/duke-gc/src/lib.rs" line-rate="0.9176755447941889" branch-rate="0" complexity="0"><methods/><lines><line number="202" hits="6"/><line number="204" hits="6"/><line number="206" hits="6"/><line number="207" hits="6"/><line number="208" hits="6"/><line number="211" hits="6"/><line number="216" hits="6"/><line number="217" hits="6"/><line number="224" hits="4"/><line number="250" hits="4"/><line number="251" hits="4"/><line number="252" hits="8"/><line number="253" hits="4"/><line number="254" hits="4"/><line number="255" hits="4"/><line number="256" hits="4"/><line number="271" hits="4"/><line number="272" hits="4"/><line number="273" hits="8"/><line number="274" hits="4"/><line number="275" hits="8"/><line number="276" hits="4"/><line number="277" hits="4"/><line number="285" hits="2"/><line number="286" hits="12"/><line number="287" hits="2"/><line number="288" hits="2"/><line number="290" hits="0"/><line number="291" hits="0"/><line number="294" hits="2"/><line number="295" hits="4"/><line number="296" hits="2"/><line number="297" hits="3"/><line number="304" hits="2"/><line number="305" hits="4"/><line number="306" hits="0"/><line number="308" hits="2"/><line number="309" hits="4"/><line number="310" hits="3"/><line number="311" hits="3"/><line number="318" hits="2"/><line number="319" hits="2"/><line number="320" hits="1"/><line number="321" hits="1"/><line number="324" hits="4"/><line number="325" hits="2"/><line number="326" hits="2"/><line number="327" hits="1"/><line number="328" hits="1"/><line number="329" hits="1"/><line number="331" hits="1"/><line number="332" hits="1"/><line number="336" hits="2"/><line number="337" hits="6"/><line number="338" hits="2"/><line number="339" hits="9"/><line number="340" hits="0"/><line number="341" hits="0"/><line number="351" hits="2"/><line number="352" hits="2"/><line number="353" hits="1"/><line number="354" hits="1"/><line number="357" hits="4"/><line number="358" hits="2"/><line number="359" hits="3"/><line number="360" hits="1"/><line number="362" hits="1"/><line number="363" hits="1"/><line number="368" hits="2"/><line number="369" hits="2"/><line number="370" hits="0"/><line number="377" hits="2"/><line number="378" hits="2"/><line number="379" hits="2"/><line number="383" hits="2"/><line number="384" hits="3"/><line number="385" hits="2"/><line number="394" hits="2"/><line number="399" hits="4"/><line number="400" hits="1"/><line number="401" hits="1"/><line number="405" hits="6"/><line number="406" hits="6"/><line number="407" hits="2"/><line number="408" hits="4"/><line number="409" hits="2"/><line number="410" hits="4"/><line number="411" hits="3"/><line number="414" hits="12"/><line number="415" hits="2"/><line number="417" hits="5"/><line number="418" hits="0"/><line number="419" hits="0"/><line number="422" hits="5"/><line number="423" hits="0"/><line number="424" hits="0"/><line number="427" hits="4"/><line number="428" hits="0"/><line number="429" hits="0"/><line number="433" hits="6"/><line number="434" hits="2"/><line number="435" hits="2"/><line number="436" hits="3"/><line number="438" hits="4"/><line number="440" hits="4"/><line number="441" hits="3"/><line number="445" hits="3"/><line number="446" hits="3"/><line number="447" hits="3"/><line number="448" hits="3"/><line number="449" hits="2"/><line number="450" hits="4"/><line number="452" hits="2"/><line number="461" hits="3"/><line number="466" hits="7"/><line number="474" hits="2"/><line number="475" hits="2"/><line number="476" hits="2"/><line number="477" hits="1"/><line number="478" hits="1"/><line number="487" hits="2"/><line number="488" hits="2"/><line number="489" hits="2"/><line number="490" hits="1"/><line number="492" hits="2"/><line number="493" hits="0"/><line number="495" hits="3"/><line number="496" hits="3"/><line number="497" hits="3"/><line number="504" hits="2"/><line number="505" hits="2"/><line number="506" hits="2"/><line number="507" hits="3"/><line number="509" hits="1"/><line number="512" hits="1"/><line number="513" hits="0"/><line number="515" hits="1"/><line number="516" hits="1"/><line number="518" hits="0"/><line number="519" hits="0"/><line number="520" hits="0"/><line number="527" hits="2"/><line number="528" hits="2"/><line number="529" hits="2"/><line number="530" hits="1"/><line number="532" hits="1"/><line number="535" hits="1"/><line number="536" hits="0"/><line number="539" hits="0"/><line number="540" hits="0"/><line number="542" hits="1"/><line number="543" hits="0"/><line number="552" hits="4"/><line number="553" hits="8"/><line number="554" hits="0"/><line number="555" hits="0"/><line number="557" hits="1"/><line number="558" hits="1"/><line number="561" hits="1"/><line number="562" hits="5"/><line number="563" hits="4"/><line number="564" hits="3"/><line number="565" hits="1"/><line number="572" hits="2"/><line number="573" hits="2"/><line number="574" hits="1"/><line number="575" hits="1"/><line number="576" hits="1"/><line number="585" hits="2"/><line number="590" hits="2"/><line number="591" hits="1"/><line number="592" hits="1"/><line number="593" hits="1"/><line number="602" hits="2"/><line number="603" hits="2"/><line number="604" hits="1"/><line number="605" hits="1"/><line number="606" hits="0"/><line number="609" hits="1"/><line number="610" hits="1"/><line number="617" hits="1"/><line number="618" hits="1"/><line number="619" hits="2"/><line number="620" hits="1"/><line number="621" hits="1"/><line number="629" hits="2"/><line number="630" hits="8"/><line number="631" hits="1"/><line number="632" hits="1"/><line number="634" hits="1"/><line number="635" hits="1"/><line number="638" hits="2"/><line number="639" hits="4"/><line number="640" hits="2"/><line number="641" hits="2"/><line number="642" hits="2"/><line number="654" hits="1"/><line number="656" hits="3"/><line number="657" hits="2"/><line number="660" hits="1"/><line number="661" hits="1"/><line number="668" hits="2"/><line number="669" hits="2"/><line number="670" hits="3"/><line number="671" hits="1"/><line number="672" hits="0"/><line number="674" hits="4"/><line number="675" hits="0"/><line number="677" hits="2"/><line number="678" hits="3"/><line number="679" hits="2"/><line number="680" hits="2"/><line number="681" hits="2"/><line number="682" hits="2"/><line number="683" hits="2"/><line number="684" hits="2"/><line number="685" hits="2"/><line number="697" hits="3"/><line number="698" hits="10"/><line number="699" hits="2"/><line number="700" hits="2"/><line number="702" hits="1"/><line number="703" hits="1"/><line number="706" hits="6"/><line number="707" hits="0"/><line number="709" hits="3"/><line number="710" hits="6"/><line number="711" hits="3"/><line number="712" hits="3"/><line number="713" hits="3"/><line number="714" hits="4"/><line number="715" hits="4"/><line number="716" hits="4"/><line number="717" hits="4"/><line number="724" hits="2"/><line number="725" hits="2"/><line number="726" hits="2"/><line number="728" hits="6"/><line number="729" hits="2"/><line number="730" hits="0"/><line number="732" hits="0"/><line number="733" hits="0"/><line number="739" hits="2"/><line number="740" hits="2"/><line number="741" hits="2"/><line number="742" hits="6"/><line number="743" hits="1"/><line number="744" hits="1"/><line number="746" hits="4"/><line number="747" hits="2"/><line number="748" hits="2"/><line number="772" hits="2"/><line number="773" hits="2"/><line number="774" hits="2"/><line number="775" hits="1"/><line number="776" hits="1"/><line number="777" hits="5"/><line number="778" hits="1"/><line number="780" hits="2"/><line number="781" hits="2"/><line number="782" hits="2"/><line number="783" hits="6"/><line number="784" hits="2"/><line number="807" hits="3"/><line number="808" hits="3"/><line number="809" hits="2"/><line number="810" hits="2"/><line number="811" hits="2"/><line number="812" hits="6"/><line number="813" hits="2"/><line number="815" hits="3"/><line number="816" hits="3"/><line number="817" hits="3"/><line number="818" hits="9"/><line number="819" hits="3"/><line number="838" hits="2"/><line number="839" hits="2"/><line number="853" hits="2"/><line number="854" hits="2"/><line number="859" hits="1"/><line number="860" hits="3"/><line number="867" hits="1"/><line number="868" hits="1"/><line number="874" hits="2"/><line number="875" hits="2"/><line number="876" hits="2"/><line number="884" hits="2"/><line number="885" hits="5"/><line number="890" hits="2"/><line number="891" hits="2"/><line number="916" hits="3"/><line number="917" hits="9"/><line number="918" hits="1"/><line number="920" hits="3"/><line number="921" hits="3"/><line number="935" hits="2"/><line number="936" hits="2"/><line number="937" hits="2"/><line number="940" hits="2"/><line number="942" hits="5"/><line number="943" hits="6"/><line number="944" hits="2"/><line number="946" hits="2"/><line number="952" hits="2"/><line number="953" hits="4"/><line number="954" hits="2"/><line number="955" hits="2"/><line number="956" hits="2"/><line number="957" hits="2"/><line number="958" hits="6"/><line number="959" hits="6"/><line number="965" hits="5"/><line number="966" hits="4"/><line number="969" hits="2"/><line number="973" hits="2"/><line number="974" hits="2"/><line number="976" hits="4"/><line number="979" hits="4"/><line number="980" hits="7"/><line number="981" hits="4"/><line number="982" hits="4"/><line number="986" hits="9"/><line number="987" hits="3"/><line number="988" hits="3"/><line number="991" hits="3"/><line number="992" hits="3"/><line number="994" hits="3"/><line number="995" hits="3"/><line number="996" hits="9"/><line number="997" hits="9"/><line number="1002" hits="3"/><line number="1006" hits="3"/><line number="1007" hits="5"/><line number="1008" hits="5"/><line number="1013" hits="2"/><line number="1014" hits="2"/><line number="1015" hits="4"/><line number="1016" hits="4"/><line number="1019" hits="2"/><line number="1020" hits="2"/><line number="1023" hits="2"/><line number="1035" hits="3"/><line number="1036" hits="3"/><line number="1037" hits="3"/><line number="1041" hits="3"/><line number="1042" hits="0"/><line number="1043" hits="0"/><line number="1044" hits="0"/><line number="1045" hits="0"/><line number="1047" hits="7"/><line number="1048" hits="4"/><line number="1054" hits="3"/><line number="1056" hits="9"/><line number="1057" hits="7"/><line number="1060" hits="10"/><line number="1063" hits="3"/><line number="1066" hits="11"/><line number="1067" hits="11"/><line number="1069" hits="4"/><line number="1071" hits="8"/><line number="1072" hits="4"/><line number="1073" hits="4"/><line number="1080" hits="4"/><line number="1081" hits="4"/><line number="1082" hits="4"/><line number="1085" hits="4"/><line number="1088" hits="4"/><line number="1089" hits="12"/><line number="1092" hits="8"/><line number="1093" hits="3"/><line number="1094" hits="6"/><line number="1097" hits="3"/><line number="1100" hits="4"/><line number="1101" hits="4"/><line number="1104" hits="4"/><line number="1105" hits="6"/><line number="1107" hits="3"/><line number="1111" hits="4"/><line number="1112" hits="4"/><line number="1113" hits="8"/><line number="1114" hits="2"/><line number="1115" hits="2"/><line number="1116" hits="3"/><line number="1117" hits="6"/><line number="1120" hits="2"/><line number="1121" hits="1"/><line number="1126" hits="4"/><line number="1127" hits="4"/><line number="1128" hits="12"/><line number="1129" hits="4"/><line number="1139" hits="2"/><line number="1141" hits="2"/><line number="1144" hits="3"/><line number="1145" hits="6"/><line number="1146" hits="6"/><line number="1149" hits="3"/><line number="1152" hits="4"/><line number="1162" hits="2"/><line number="1163" hits="2"/><line number="1168" hits="1"/><line number="1169" hits="1"/><line number="1173" hits="3"/><line number="1174" hits="6"/><line number="1175" hits="2"/><line number="1176" hits="3"/><line number="1178" hits="3"/><line number="1182" hits="2"/><line number="1183" hits="2"/><line number="1184" hits="4"/><line number="1185" hits="2"/><line number="1186" hits="11"/><line number="1187" hits="3"/><line number="1190" hits="2"/></lines></class><class name="mermaid" filename="crates/duke-gc/src/mermaid.rs" line-rate="1" branch-rate="0" complexity="0"><methods/><lines><line number="36" hits="2"/><line number="37" hits="2"/><line number="38" hits="2"/><line number="41" hits="2"/><line number="44" hits="2"/><line number="45" hits="2"/><line number="46" hits="1"/><line number="47" hits="1"/><line number="48" hits="1"/><line number="49" hits="2"/><line number="50" hits="2"/><line number="53" hits="1"/><line number="58" hits="2"/><line number="61" hits="2"/><line number="62" hits="1"/><line number="63" hits="1"/><line number="70" hits="2"/><line number="71" hits="2"/><line number="72" hits="1"/><line number="73" hits="1"/><line number="74" hits="1"/><line number="75" hits="2"/><line number="76" hits="2"/><line number="79" hits="1"/><line number="84" hits="2"/><line number="87" hits="2"/><line number="88" hits="1"/><line number="89" hits="1"/><line number="95" hits="2"/></lines></class></classes></package><package name="crates/duke-interpreter/benches" line-rate="0" branch-rate="0" complexity="0"><classes></classes></package><package name="crates/duke-telemetry/src" line-rate="0.8823529411764706" branch-rate="0" complexity="0"><classes><class name="lib" filename="crates/duke-telemetry/src/lib.rs" line-rate="0.8823529411764706" branch-rate="0" complexity="0"><methods/><lines><line number="58" hits="0"/><line number="59" hits="0"/><line number="67" hits="0"/><line number="75" hits="0"/><line number="83" hits="0"/><line number="91" hits="0"/><line number="92" hits="0"/><line number="93" hits="0"/><line number="161" hits="1"/><line number="169" hits="1"/><line number="170" hits="1"/><line number="171" hits="2"/><line number="172" hits="1"/><line number="174" hits="1"/><line number="176" hits="1"/><line number="177" hits="2"/><line number="240" hits="1"/><line number="249" hits="1"/><line number="250" hits="3"/><line number="251" hits="1"/><line number="254" hits="1"/><line number="317" hits="2"/><line number="318" hits="2"/><line number="319" hits="2"/><line number="320" hits="2"/><line number="327" hits="1"/><line number="329" hits="1"/><line number="330" hits="2"/><line number="331" hits="1"/><line number="332" hits="3"/><line number="333" hits="1"/><line number="335" hits="2"/><line number="337" hits="2"/><line number="344" hits="1"/><line number="345" hits="1"/><line number="350" hits="1"/><line number="352" hits="1"/><line number="353" hits="2"/><line number="354" hits="1"/><line number="355" hits="3"/><line number="356" hits="1"/><line number="358" hits="2"/><line number="360" hits="2"/><line number="367" hits="1"/><line number="434" hits="1"/><line number="441" hits="1"/><line number="442" hits="1"/><line number="443" hits="2"/><line number="444" hits="1"/><line number="447" hits="1"/><line number="456" hits="1"/><line number="463" hits="2"/><line number="464" hits="1"/><line number="465" hits="1"/><line number="466" hits="1"/><line number="542" hits="1"/><line number="551" hits="1"/><line number="553" hits="1"/><line number="554" hits="1"/><line number="555" hits="1"/><line number="557" hits="2"/><line number="558" hits="1"/><line number="624" hits="1"/><line number="627" hits="1"/><line number="629" hits="1"/><line number="630" hits="2"/><line number="631" hits="2"/><line number="632" hits="1"/></lines></class></classes></package><package name="crates/duke-bytecode/src" line-rate="0.9958960328317373" branch-rate="0" complexity="0"><classes><class name="call_graph" filename="crates/duke-bytecode/src/call_graph.rs" line-rate="0.9830508474576272" branch-rate="0" complexity="0"><methods/><lines><line number="16" hits="2"/><line number="17" hits="3"/><line number="18" hits="1"/><line number="19" hits="6"/><line number="20" hits="4"/><line number="21" hits="4"/><line number="22" hits="1"/><line number="24" hits="2"/><line number="29" hits="3"/><line number="30" hits="3"/><line number="31" hits="1"/><line number="33" hits="2"/><line number="35" hits="2"/><line number="36" hits="6"/><line number="37" hits="5"/><line number="38" hits="2"/><line number="40" hits="1"/><line number="44" hits="1"/><line number="45" hits="1"/><line number="47" hits="1"/><line number="48" hits="1"/><line number="49" hits="1"/><line number="52" hits="1"/><line number="53" hits="1"/><line number="56" hits="1"/><line number="59" hits="1"/><line number="61" hits="2"/><line number="62" hits="2"/><line number="63" hits="1"/><line number="64" hits="1"/><line number="67" hits="3"/><line number="68" hits="2"/><line number="69" hits="1"/><line number="71" hits="1"/><line number="78" hits="3"/><line number="79" hits="3"/><line number="80" hits="3"/><line number="82" hits="4"/><line number="84" hits="1"/><line number="85" hits="2"/><line number="86" hits="1"/><line number="88" hits="2"/><line number="90" hits="3"/><line number="91" hits="2"/><line number="92" hits="1"/><line number="94" hits="4"/><line number="95" hits="3"/><line number="96" hits="0"/><line number="101" hits="2"/><line number="104" hits="3"/><line number="105" hits="2"/><line number="106" hits="5"/><line number="108" hits="4"/><line number="110" hits="4"/><line number="118" hits="1"/><line number="119" hits="2"/><line number="121" hits="2"/><line number="122" hits="4"/><line number="125" hits="1"/></lines></class><class name="cfg" filename="crates/duke-bytecode/src/cfg.rs" line-rate="1" branch-rate="0" complexity="0"><methods/><lines><line number="40" hits="2"/><line number="41" hits="3"/><line number="43" hits="6"/><line number="44" hits="6"/><line number="46" hits="3"/><line number="49" hits="20"/><line number="62" hits="1"/><line number="63" hits="2"/><line number="64" hits="2"/><line number="66" hits="1"/><line number="67" hits="2"/><line number="68" hits="2"/><line number="70" hits="1"/><line number="73" hits="2"/><line number="74" hits="2"/><line number="75" hits="1"/><line number="76" hits="1"/><line number="77" hits="2"/><line number="80" hits="1"/><line number="81" hits="2"/><line number="82" hits="2"/><line number="83" hits="1"/><line number="84" hits="1"/><line number="85" hits="2"/><line number="89" hits="1"/><line number="106" hits="2"/><line number="107" hits="2"/><line number="108" hits="1"/><line number="109" hits="1"/><line number="110" hits="4"/><line number="113" hits="1"/><line number="114" hits="2"/><line number="115" hits="2"/><line number="116" hits="1"/><line number="117" hits="1"/><line number="118" hits="2"/><line number="123" hits="4"/><line number="124" hits="2"/><line number="125" hits="4"/><line number="131" hits="2"/><line number="321" hits="2"/><line number="322" hits="2"/><line number="324" hits="4"/><line number="325" hits="2"/><line number="327" hits="1"/><line number="345" hits="3"/><line number="348" hits="1"/><line number="351" hits="2"/><line number="353" hits="1"/><line number="355" hits="2"/><line number="361" hits="2"/></lines></class><class name="decoder" filename="crates/duke-bytecode/src/decoder.rs" line-rate="1" branch-rate="0" complexity="0"><methods/><lines><line number="38" hits="4"/><line number="39" hits="3"/><line number="43" hits="3"/><line number="45" hits="12"/><line number="46" hits="4"/><line number="47" hits="9"/><line number="48" hits="8"/><line number="49" hits="4"/><line number="52" hits="4"/><line number="65" hits="4"/><line number="69" hits="3"/><line number="70" hits="4"/><line number="73" hits="4"/><line number="74" hits="3"/><line number="75" hits="1"/><line number="77" hits="7"/><line number="78" hits="7"/><line number="79" hits="4"/><line number="82" hits="3"/><line number="83" hits="2"/><line number="86" hits="4"/><line number="87" hits="3"/><line number="88" hits="4"/><line number="89" hits="3"/><line number="92" hits="4"/><line number="93" hits="4"/><line number="96" hits="4"/><line number="97" hits="2"/><line number="98" hits="4"/><line number="99" hits="4"/><line number="100" hits="4"/><line number="101" hits="4"/><line number="104" hits="4"/><line number="105" hits="4"/><line number="108" hits="4"/><line number="109" hits="3"/><line number="113" hits="2"/><line number="114" hits="3"/><line number="115" hits="7"/><line number="116" hits="4"/><line number="126" hits="3"/><line number="127" hits="4"/><line number="129" hits="1"/><line number="130" hits="2"/><line number="131" hits="2"/><line number="132" hits="3"/><line number="133" hits="4"/><line number="134" hits="3"/><line number="135" hits="3"/><line number="136" hits="2"/><line number="137" hits="2"/><line number="138" hits="2"/><line number="139" hits="2"/><line number="140" hits="1"/><line number="141" hits="1"/><line number="142" hits="1"/><line number="143" hits="2"/><line number="144" hits="2"/><line number="145" hits="4"/><line number="146" hits="3"/><line number="147" hits="3"/><line number="148" hits="2"/><line number="149" hits="3"/><line number="152" hits="3"/><line number="153" hits="2"/><line number="154" hits="1"/><line number="155" hits="1"/><line number="156" hits="2"/><line number="157" hits="2"/><line number="158" hits="2"/><line number="159" hits="3"/><line number="160" hits="3"/><line number="161" hits="2"/><line number="162" hits="2"/><line number="163" hits="4"/><line number="164" hits="2"/><line number="165" hits="2"/><line number="166" hits="1"/><line number="167" hits="1"/><line number="168" hits="1"/><line number="169" hits="2"/><line number="170" hits="2"/><line number="171" hits="2"/><line number="172" hits="1"/><line number="173" hits="3"/><line number="174" hits="4"/><line number="175" hits="2"/><line number="176" hits="2"/><line number="177" hits="3"/><line number="178" hits="4"/><line number="179" hits="1"/><line number="180" hits="2"/><line number="181" hits="2"/><line number="182" hits="1"/><line number="183" hits="2"/><line number="184" hits="1"/><line number="187" hits="2"/><line number="188" hits="2"/><line number="189" hits="1"/><line number="190" hits="1"/><line number="191" hits="3"/><line number="192" hits="2"/><line number="193" hits="2"/><line number="194" hits="2"/><line number="195" hits="2"/><line number="196" hits="2"/><line number="197" hits="2"/><line number="198" hits="3"/><line number="199" hits="2"/><line number="200" hits="2"/><line number="201" hits="1"/><line number="202" hits="1"/><line number="203" hits="1"/><line number="204" hits="2"/><line number="205" hits="2"/><line number="206" hits="2"/><line number="207" hits="1"/><line number="208" hits="3"/><line number="209" hits="2"/><line number="210" hits="2"/><line number="211" hits="2"/><line number="212" hits="2"/><line number="213" hits="3"/><line number="214" hits="1"/><line number="215" hits="3"/><line number="216" hits="2"/><line number="217" hits="1"/><line number="218" hits="2"/><line number="219" hits="1"/><line number="222" hits="3"/><line number="223" hits="2"/><line number="224" hits="3"/><line number="225" hits="1"/><line number="226" hits="1"/><line number="227" hits="2"/><line number="228" hits="1"/><line number="229" hits="1"/><line number="230" hits="1"/><line number="233" hits="3"/><line number="234" hits="4"/><line number="235" hits="1"/><line number="236" hits="2"/><line number="237" hits="2"/><line number="238" hits="2"/><line number="239" hits="1"/><line number="240" hits="1"/><line number="241" hits="2"/><line number="242" hits="2"/><line number="243" hits="1"/><line number="244" hits="4"/><line number="245" hits="2"/><line number="246" hits="2"/><line number="247" hits="1"/><line number="248" hits="2"/><line number="249" hits="2"/><line number="250" hits="2"/><line number="251" hits="1"/><line number="252" hits="2"/><line number="253" hits="2"/><line number="254" hits="1"/><line number="255" hits="1"/><line number="256" hits="1"/><line number="257" hits="2"/><line number="258" hits="1"/><line number="259" hits="1"/><line number="260" hits="1"/><line number="261" hits="1"/><line number="262" hits="1"/><line number="263" hits="2"/><line number="264" hits="1"/><line number="265" hits="2"/><line number="266" hits="1"/><line number="267" hits="2"/><line number="268" hits="1"/><line number="270" hits="3"/><line number="271" hits="2"/><line number="275" hits="2"/><line number="276" hits="1"/><line number="277" hits="4"/><line number="278" hits="2"/><line number="279" hits="1"/><line number="280" hits="2"/><line number="281" hits="1"/><line number="282" hits="1"/><line number="283" hits="1"/><line number="284" hits="2"/><line number="285" hits="2"/><line number="286" hits="1"/><line number="287" hits="1"/><line number="288" hits="1"/><line number="289" hits="1"/><line number="292" hits="2"/><line number="293" hits="2"/><line number="294" hits="1"/><line number="295" hits="2"/><line number="296" hits="2"/><line number="299" hits="2"/><line number="300" hits="2"/><line number="301" hits="2"/><line number="302" hits="3"/><line number="303" hits="2"/><line number="304" hits="2"/><line number="305" hits="2"/><line number="306" hits="2"/><line number="307" hits="1"/><line number="308" hits="4"/><line number="309" hits="2"/><line number="310" hits="2"/><line number="311" hits="2"/><line number="312" hits="2"/><line number="313" hits="3"/><line number="314" hits="1"/><line number="315" hits="1"/><line number="318" hits="3"/><line number="321" hits="3"/><line number="324" hits="2"/><line number="325" hits="4"/><line number="326" hits="1"/><line number="327" hits="3"/><line number="328" hits="2"/><line number="329" hits="5"/><line number="332" hits="3"/><line number="333" hits="2"/><line number="334" hits="2"/><line number="335" hits="2"/><line number="336" hits="3"/><line number="337" hits="3"/><line number="338" hits="3"/><line number="340" hits="2"/><line number="341" hits="2"/><line number="342" hits="2"/><line number="343" hits="2"/><line number="344" hits="1"/><line number="349" hits="2"/><line number="350" hits="2"/><line number="351" hits="2"/><line number="352" hits="2"/><line number="353" hits="1"/><line number="359" hits="2"/><line number="363" hits="3"/><line number="365" hits="3"/><line number="366" hits="5"/><line number="367" hits="4"/><line number="368" hits="3"/><line number="370" hits="2"/><line number="371" hits="2"/><line number="372" hits="2"/><line number="373" hits="3"/><line number="374" hits="2"/><line number="375" hits="2"/><line number="376" hits="2"/><line number="379" hits="2"/><line number="383" hits="2"/><line number="384" hits="2"/><line number="387" hits="2"/><line number="388" hits="2"/><line number="389" hits="1"/><line number="390" hits="1"/><line number="393" hits="2"/><line number="395" hits="4"/><line number="399" hits="2"/><line number="403" hits="2"/><line number="404" hits="2"/><line number="405" hits="2"/><line number="406" hits="2"/><line number="407" hits="2"/><line number="408" hits="1"/><line number="411" hits="4"/><line number="413" hits="2"/><line number="414" hits="5"/><line number="415" hits="1"/><line number="417" hits="2"/><line number="418" hits="2"/><line number="419" hits="5"/><line number="420" hits="7"/><line number="422" hits="2"/><line number="426" hits="3"/><line number="430" hits="2"/><line number="431" hits="2"/><line number="432" hits="3"/><line number="433" hits="3"/><line number="434" hits="3"/><line number="435" hits="1"/><line number="437" hits="2"/><line number="438" hits="3"/><line number="439" hits="1"/><line number="441" hits="3"/><line number="442" hits="3"/><line number="443" hits="4"/><line number="444" hits="4"/><line number="445" hits="2"/><line number="446" hits="2"/><line number="448" hits="2"/><line number="454" hits="1"/><line number="455" hits="1"/><line number="456" hits="1"/><line number="457" hits="1"/><line number="458" hits="1"/><line number="459" hits="1"/><line number="460" hits="1"/><line number="461" hits="1"/><line number="462" hits="1"/><line number="463" hits="1"/><line number="464" hits="1"/><line number="465" hits="1"/><line number="466" hits="1"/><line number="467" hits="1"/><line number="469" hits="1"/><line number="470" hits="1"/><line number="472" hits="1"/><line number="474" hits="1"/></lines></class><class name="instruction" filename="crates/duke-bytecode/src/instruction.rs" line-rate="1" branch-rate="0" complexity="0"><methods/><lines><line number="26" hits="3"/><line number="27" hits="4"/><line number="28" hits="1"/><line number="29" hits="2"/><line number="30" hits="1"/><line number="31" hits="4"/><line number="32" hits="2"/><line number="33" hits="1"/><line number="34" hits="3"/><line number="35" hits="3"/><line number="36" hits="1"/><line number="343" hits="3"/><line number="344" hits="3"/><line number="345" hits="1"/><line number="346" hits="1"/><line number="347" hits="1"/><line number="348" hits="1"/><line number="349" hits="1"/><line number="350" hits="1"/><line number="351" hits="1"/><line number="352" hits="1"/><line number="353" hits="1"/><line number="354" hits="1"/><line number="355" hits="1"/><line number="356" hits="1"/><line number="357" hits="1"/><line number="358" hits="1"/><line number="359" hits="1"/><line number="360" hits="1"/><line number="361" hits="1"/><line number="362" hits="1"/><line number="363" hits="2"/><line number="364" hits="1"/><line number="365" hits="1"/><line number="366" hits="1"/><line number="367" hits="1"/><line number="368" hits="1"/><line number="369" hits="1"/><line number="370" hits="1"/><line number="371" hits="1"/><line number="372" hits="1"/><line number="373" hits="1"/><line number="374" hits="1"/><line number="375" hits="1"/><line number="376" hits="1"/><line number="377" hits="1"/><line number="378" hits="1"/><line number="379" hits="1"/><line number="380" hits="1"/><line number="381" hits="1"/><line number="382" hits="1"/><line number="383" hits="1"/><line number="384" hits="1"/><line number="385" hits="1"/><line number="386" hits="1"/><line number="387" hits="2"/><line number="388" hits="1"/><line number="389" hits="1"/><line number="390" hits="1"/><line number="391" hits="1"/><line number="392" hits="1"/><line number="393" hits="1"/><line number="394" hits="1"/><line number="395" hits="1"/><line number="396" hits="1"/><line number="397" hits="1"/><line number="398" hits="1"/><line number="399" hits="1"/><line number="400" hits="1"/><line number="401" hits="1"/><line number="402" hits="1"/><line number="403" hits="1"/><line number="404" hits="1"/><line number="405" hits="1"/><line number="406" hits="1"/><line number="407" hits="1"/><line number="408" hits="1"/><line number="409" hits="1"/><line number="410" hits="1"/><line number="411" hits="1"/><line number="412" hits="1"/><line number="413" hits="1"/><line number="414" hits="1"/><line number="415" hits="1"/><line number="416" hits="1"/><line number="417" hits="1"/><line number="418" hits="1"/><line number="419" hits="1"/><line number="420" hits="1"/><line number="421" hits="1"/><line number="422" hits="1"/><line number="423" hits="1"/><line number="424" hits="1"/><line number="425" hits="1"/><line number="426" hits="1"/><line number="427" hits="1"/><line number="428" hits="1"/><line number="429" hits="1"/><line number="430" hits="1"/><line number="431" hits="1"/><line number="432" hits="1"/><line number="433" hits="1"/><line number="434" hits="1"/><line number="435" hits="1"/><line number="436" hits="1"/><line number="437" hits="1"/><line number="438" hits="1"/><line number="439" hits="1"/><line number="440" hits="1"/><line number="441" hits="1"/><line number="442" hits="1"/><line number="443" hits="1"/><line number="444" hits="1"/><line number="445" hits="1"/><line number="446" hits="1"/><line number="447" hits="1"/><line number="448" hits="1"/><line number="449" hits="1"/><line number="450" hits="1"/><line number="451" hits="1"/><line number="452" hits="1"/><line number="453" hits="1"/><line number="454" hits="1"/><line number="455" hits="1"/><line number="456" hits="1"/><line number="457" hits="1"/><line number="458" hits="1"/><line number="459" hits="1"/><line number="460" hits="1"/><line number="461" hits="1"/><line number="462" hits="1"/><line number="463" hits="1"/><line number="464" hits="1"/><line number="465" hits="1"/><line number="466" hits="1"/><line number="467" hits="1"/><line number="468" hits="1"/><line number="469" hits="1"/><line number="470" hits="1"/><line number="471" hits="1"/><line number="472" hits="1"/><line number="473" hits="1"/><line number="474" hits="1"/><line number="475" hits="1"/><line number="476" hits="1"/><line number="477" hits="1"/><line number="478" hits="1"/><line number="479" hits="1"/><line number="480" hits="1"/><line number="481" hits="1"/><line number="482" hits="1"/><line number="483" hits="1"/><line number="484" hits="1"/><line number="485" hits="1"/><line number="486" hits="1"/><line number="487" hits="1"/><line number="488" hits="1"/><line number="489" hits="1"/><line number="490" hits="1"/><line number="491" hits="1"/><line number="492" hits="1"/><line number="493" hits="1"/><line number="494" hits="1"/><line number="495" hits="1"/><line number="496" hits="1"/><line number="497" hits="1"/><line number="498" hits="1"/><line number="499" hits="1"/><line number="500" hits="1"/><line number="501" hits="1"/><line number="502" hits="1"/><line number="503" hits="1"/><line number="504" hits="1"/><line number="505" hits="1"/><line number="506" hits="1"/><line number="507" hits="1"/><line number="508" hits="1"/><line number="509" hits="1"/><line number="510" hits="1"/><line number="511" hits="1"/><line number="512" hits="1"/><line number="513" hits="1"/><line number="514" hits="1"/><line number="515" hits="1"/><line number="516" hits="1"/><line number="517" hits="1"/><line number="518" hits="1"/><line number="519" hits="1"/><line number="520" hits="1"/><line number="521" hits="1"/><line number="522" hits="2"/><line number="523" hits="2"/><line number="524" hits="1"/><line number="525" hits="1"/><line number="526" hits="1"/><line number="527" hits="2"/><line number="528" hits="2"/><line number="529" hits="1"/><line number="530" hits="1"/><line number="531" hits="1"/><line number="532" hits="1"/><line number="533" hits="1"/><line number="534" hits="1"/><line number="535" hits="1"/><line number="536" hits="1"/><line number="537" hits="1"/><line number="538" hits="1"/><line number="539" hits="1"/><line number="540" hits="1"/><line number="541" hits="1"/><line number="542" hits="1"/><line number="543" hits="1"/><line number="544" hits="1"/><line number="545" hits="1"/><line number="546" hits="1"/><line number="547" hits="1"/><line number="548" hits="1"/><line number="549" hits="1"/><line number="550" hits="1"/><line number="551" hits="1"/><line number="552" hits="1"/><line number="553" hits="1"/><line number="554" hits="1"/><line number="555" hits="1"/><line number="556" hits="1"/><line number="557" hits="1"/></lines></class><class name="verifier" filename="crates/duke-bytecode/src/verifier.rs" line-rate="0.9761904761904762" branch-rate="0" complexity="0"><methods/><lines><line number="51" hits="1"/><line number="56" hits="1"/><line number="57" hits="1"/><line number="58" hits="2"/><line number="60" hits="4"/><line number="61" hits="2"/><line number="63" hits="2"/><line number="66" hits="5"/><line number="69" hits="1"/><line number="70" hits="1"/><line number="72" hits="2"/><line number="75" hits="2"/><line number="76" hits="1"/><line number="77" hits="1"/><line number="79" hits="1"/><line number="85" hits="2"/><line number="86" hits="1"/><line number="91" hits="2"/><line number="92" hits="1"/><line number="96" hits="1"/><line number="108" hits="2"/><line number="109" hits="2"/><line number="111" hits="1"/><line number="112" hits="1"/><line number="134" hits="1"/><line number="166" hits="1"/><line number="176" hits="1"/><line number="208" hits="1"/><line number="218" hits="1"/><line number="219" hits="1"/><line number="220" hits="1"/><line number="221" hits="1"/><line number="222" hits="1"/><line number="223" hits="1"/><line number="224" hits="1"/><line number="225" hits="1"/><line number="226" hits="1"/><line number="229" hits="2"/><line number="263" hits="1"/><line number="266" hits="1"/><line number="269" hits="1"/><line number="286" hits="1"/><line number="293" hits="1"/><line number="302" hits="1"/><line number="312" hits="1"/><line number="315" hits="1"/><line number="316" hits="1"/><line number="319" hits="1"/><line number="322" hits="1"/><line number="323" hits="1"/><line number="330" hits="1"/><line number="331" hits="1"/><line number="332" hits="1"/><line number="333" hits="1"/><line number="337" hits="1"/><line number="338" hits="1"/><line number="339" hits="1"/><line number="340" hits="1"/><line number="343" hits="1"/><line number="344" hits="1"/><line number="345" hits="1"/><line number="346" hits="1"/><line number="349" hits="1"/><line number="352" hits="1"/><line number="353" hits="1"/><line number="355" hits="1"/><line number="359" hits="2"/><line number="360" hits="2"/><line number="361" hits="1"/><line number="372" hits="1"/><line number="373" hits="6"/><line number="374" hits="0"/><line number="386" hits="1"/><line number="388" hits="0"/><line number="400" hits="1"/><line number="403" hits="1"/><line number="414" hits="1"/><line number="425" hits="1"/><line number="436" hits="1"/><line number="447" hits="1"/><line number="450" hits="2"/><line number="451" hits="1"/><line number="453" hits="1"/><line number="459" hits="1"/></lines></class></classes></package><package name="duke/src" line-rate="0.3748148148148148" branch-rate="0" complexity="0"><classes><class name="analyze" filename="duke/src/analyze.rs" line-rate="1" branch-rate="0" complexity="0"><methods/><lines><line number="8" hits="1"/><line number="9" hits="2"/><line number="10" hits="2"/><line number="11" hits="6"/><line number="12" hits="4"/><line number="13" hits="3"/><line number="14" hits="1"/><line number="16" hits="1"/><line number="21" hits="4"/><line number="22" hits="4"/><line number="23" hits="1"/><line number="25" hits="3"/><line number="27" hits="3"/><line number="28" hits="7"/><line number="29" hits="4"/><line number="30" hits="2"/><line number="32" hits="1"/><line number="39" hits="3"/><line number="40" hits="3"/><line number="41" hits="5"/><line number="43" hits="1"/><line number="44" hits="1"/><line number="49" hits="1"/><line number="51" hits="1"/><line number="52" hits="2"/><line number="53" hits="1"/><line number="54" hits="1"/><line number="56" hits="1"/><line number="57" hits="2"/><line number="58" hits="2"/><line number="59" hits="1"/><line number="60" hits="1"/><line number="61" hits="1"/><line number="62" hits="1"/><line number="63" hits="2"/><line number="64" hits="1"/><line number="70" hits="2"/><line number="80" hits="1"/><line number="81" hits="2"/><line number="85" hits="1"/></lines></class><class name="html" filename="duke/src/html.rs" line-rate="0.9847328244274809" branch-rate="0" complexity="0"><methods/><lines><line number="8" hits="1"/><line number="9" hits="2"/><line number="14" hits="1"/><line number="15" hits="1"/><line number="16" hits="1"/><line number="17" hits="3"/><line number="18" hits="2"/><line number="19" hits="2"/><line number="20" hits="1"/><line number="22" hits="0"/><line number="27" hits="1"/><line number="28" hits="1"/><line number="29" hits="1"/><line number="31" hits="1"/><line number="33" hits="1"/><line number="34" hits="3"/><line number="35" hits="2"/><line number="36" hits="1"/><line number="38" hits="0"/><line number="42" hits="1"/><line number="43" hits="1"/><line number="44" hits="1"/><line number="45" hits="1"/><line number="46" hits="1"/><line number="47" hits="1"/><line number="51" hits="1"/><line number="52" hits="1"/><line number="53" hits="1"/><line number="57" hits="1"/><line number="61" hits="1"/><line number="65" hits="1"/><line number="69" hits="1"/><line number="73" hits="1"/><line number="77" hits="1"/><line number="81" hits="1"/><line number="85" hits="1"/><line number="86" hits="1"/><line number="90" hits="1"/><line number="91" hits="1"/><line number="92" hits="1"/><line number="96" hits="1"/><line number="100" hits="1"/><line number="101" hits="1"/><line number="102" hits="1"/><line number="105" hits="1"/><line number="106" hits="1"/><line number="107" hits="2"/><line number="109" hits="2"/><line number="113" hits="1"/><line number="114" hits="1"/><line number="118" hits="1"/><line number="123" hits="1"/><line number="128" hits="2"/><line number="129" hits="2"/><line number="130" hits="1"/><line number="131" hits="1"/><line number="132" hits="2"/><line number="133" hits="2"/><line number="135" hits="1"/><line number="137" hits="2"/><line number="140" hits="1"/><line number="141" hits="1"/><line number="145" hits="1"/><line number="146" hits="1"/><line number="147" hits="1"/><line number="148" hits="1"/><line number="152" hits="1"/><line number="153" hits="2"/><line number="154" hits="1"/><line number="155" hits="2"/><line number="156" hits="2"/><line number="157" hits="1"/><line number="158" hits="1"/><line number="159" hits="1"/><line number="160" hits="1"/><line number="162" hits="1"/><line number="163" hits="1"/><line number="164" hits="1"/><line number="167" hits="1"/><line number="168" hits="1"/><line number="169" hits="2"/><line number="170" hits="1"/><line number="171" hits="1"/><line number="173" hits="2"/><line number="174" hits="1"/><line number="175" hits="3"/><line number="176" hits="1"/><line number="178" hits="1"/><line number="181" hits="1"/><line number="182" hits="1"/><line number="184" hits="2"/><line number="185" hits="1"/><line number="186" hits="1"/><line number="192" hits="1"/><line number="193" hits="1"/><line number="194" hits="4"/><line number="195" hits="2"/><line number="196" hits="2"/><line number="197" hits="2"/><line number="200" hits="2"/><line number="205" hits="2"/><line number="206" hits="1"/><line number="208" hits="3"/><line number="209" hits="3"/><line number="210" hits="2"/><line number="211" hits="2"/><line number="212" hits="2"/><line number="215" hits="2"/><line number="216" hits="2"/><line number="220" hits="2"/><line number="221" hits="2"/><line number="222" hits="4"/><line number="223" hits="2"/><line number="225" hits="2"/><line number="226" hits="2"/><line number="228" hits="1"/><line number="229" hits="2"/><line number="235" hits="2"/><line number="239" hits="1"/><line number="240" hits="2"/><line number="246" hits="2"/><line number="253" hits="1"/><line number="254" hits="1"/><line number="255" hits="2"/><line number="257" hits="2"/><line number="258" hits="1"/><line number="259" hits="1"/><line number="260" hits="1"/><line number="262" hits="1"/><line number="263" hits="1"/><line number="265" hits="1"/></lines></class><class name="main" filename="duke/src/main.rs" line-rate="0.16666666666666666" branch-rate="0" complexity="0"><methods/><lines><line number="37" hits="0"/><line number="38" hits="0"/><line number="39" hits="0"/><line number="40" hits="0"/><line number="41" hits="0"/><line number="42" hits="0"/><line number="43" hits="0"/><line number="44" hits="0"/><line number="46" hits="0"/><line number="47" hits="0"/><line number="48" hits="0"/><line number="50" hits="0"/><line number="51" hits="0"/><line number="52" hits="0"/><line number="54" hits="0"/><line number="56" hits="0"/><line number="60" hits="0"/><line number="61" hits="0"/><line number="62" hits="0"/><line number="63" hits="0"/><line number="64" hits="0"/><line number="65" hits="0"/><line number="66" hits="0"/><line number="67" hits="0"/><line number="69" hits="0"/><line number="70" hits="0"/><line number="71" hits="0"/><line number="73" hits="0"/><line number="75" hits="0"/><line number="83" hits="0"/><line number="84" hits="0"/><line number="88" hits="0"/><line number="89" hits="0"/><line number="90" hits="0"/><line number="91" hits="0"/><line number="92" hits="0"/><line number="93" hits="0"/><line number="94" hits="0"/><line number="99" hits="0"/><line number="106" hits="0"/><line number="107" hits="0"/><line number="108" hits="0"/><line number="110" hits="0"/><line number="111" hits="0"/><line number="112" hits="0"/><line number="113" hits="0"/><line number="114" hits="0"/><line number="115" hits="0"/><line number="119" hits="0"/><line number="122" hits="0"/><line number="123" hits="0"/><line number="124" hits="0"/><line number="126" hits="0"/><line number="127" hits="0"/><line number="128" hits="0"/><line number="129" hits="0"/><line number="130" hits="0"/><line number="133" hits="0"/><line number="136" hits="0"/><line number="143" hits="0"/><line number="144" hits="0"/><line number="145" hits="0"/><line number="146" hits="0"/><line number="149" hits="0"/><line number="150" hits="0"/><line number="164" hits="1"/><line number="165" hits="1"/><line number="166" hits="2"/><line number="167" hits="2"/><line number="168" hits="1"/><line number="169" hits="1"/><line number="170" hits="3"/><line number="171" hits="1"/><line number="172" hits="1"/><line number="174" hits="1"/><line number="177" hits="1"/><line number="181" hits="1"/><line number="182" hits="1"/><line number="183" hits="2"/><line number="184" hits="2"/><line number="185" hits="1"/><line number="186" hits="1"/><line number="187" hits="2"/><line number="189" hits="1"/><line number="190" hits="1"/><line number="191" hits="1"/><line number="192" hits="0"/><line number="193" hits="0"/><line number="194" hits="4"/><line number="195" hits="1"/><line number="196" hits="1"/><line number="198" hits="1"/><line number="201" hits="1"/><line number="204" hits="0"/><line number="205" hits="0"/><line number="206" hits="0"/><line number="207" hits="0"/><line number="208" hits="0"/><line number="209" hits="0"/><line number="211" hits="0"/><line number="212" hits="0"/><line number="213" hits="0"/><line number="214" hits="0"/><line number="215" hits="0"/><line number="216" hits="0"/><line number="217" hits="0"/><line number="218" hits="0"/><line number="219" hits="0"/><line number="220" hits="0"/><line number="221" hits="0"/><line number="222" hits="0"/><line number="223" hits="0"/><line number="224" hits="0"/><line number="225" hits="0"/><line number="226" hits="0"/><line number="227" hits="0"/><line number="231" hits="0"/><line number="232" hits="0"/><line number="234" hits="0"/><line number="235" hits="0"/><line number="236" hits="0"/><line number="237" hits="0"/><line number="238" hits="0"/><line number="244" hits="0"/><line number="245" hits="0"/><line number="250" hits="0"/><line number="251" hits="0"/><line number="252" hits="0"/><line number="254" hits="0"/><line number="256" hits="0"/><line number="261" hits="0"/><line number="262" hits="0"/><line number="267" hits="0"/><line number="268" hits="0"/><line number="273" hits="0"/><line number="274" hits="0"/><line number="279" hits="0"/><line number="280" hits="0"/><line number="285" hits="0"/><line number="286" hits="0"/><line number="291" hits="0"/><line number="292" hits="0"/><line number="294" hits="0"/><line number="297" hits="0"/><line number="298" hits="0"/><line number="299" hits="0"/><line number="302" hits="0"/><line number="303" hits="0"/><line number="304" hits="0"/><line number="308" hits="0"/><line number="309" hits="0"/><line number="310" hits="0"/><line number="311" hits="0"/><line number="312" hits="0"/><line number="318" hits="1"/><line number="319" hits="1"/><line number="320" hits="1"/><line number="321" hits="1"/><line number="322" hits="2"/><line number="323" hits="1"/><line number="324" hits="2"/><line number="325" hits="2"/><line number="359" hits="0"/><line number="360" hits="0"/><line number="361" hits="0"/><line number="372" hits="0"/><line number="373" hits="0"/><line number="374" hits="0"/><line number="375" hits="0"/><line number="376" hits="0"/><line number="378" hits="0"/><line number="379" hits="0"/><line number="380" hits="0"/><line number="382" hits="0"/><line number="392" hits="0"/><line number="398" hits="0"/><line number="399" hits="0"/><line number="400" hits="0"/><line number="402" hits="0"/><line number="403" hits="0"/><line number="404" hits="0"/><line number="406" hits="0"/><line number="407" hits="0"/><line number="408" hits="0"/><line number="409" hits="0"/><line number="414" hits="0"/><line number="415" hits="0"/><line number="416" hits="0"/><line number="418" hits="0"/><line number="419" hits="0"/><line number="420" hits="0"/><line number="424" hits="0"/><line number="427" hits="0"/><line number="428" hits="0"/><line number="429" hits="0"/><line number="431" hits="0"/><line number="433" hits="0"/><line number="434" hits="0"/><line number="435" hits="0"/><line number="437" hits="0"/><line number="441" hits="0"/><line number="442" hits="0"/><line number="443" hits="0"/><line number="444" hits="0"/><line number="448" hits="0"/><line number="450" hits="0"/><line number="451" hits="0"/><line number="452" hits="0"/><line number="453" hits="0"/><line number="455" hits="0"/><line number="456" hits="0"/><line number="458" hits="0"/><line number="461" hits="0"/><line number="462" hits="0"/><line number="463" hits="0"/><line number="464" hits="0"/><line number="466" hits="0"/><line number="467" hits="0"/><line number="468" hits="0"/><line number="471" hits="0"/><line number="472" hits="0"/><line number="474" hits="0"/><line number="475" hits="0"/><line number="476" hits="0"/><line number="477" hits="0"/><line number="478" hits="0"/><line number="479" hits="0"/><line number="482" hits="0"/><line number="483" hits="0"/><line number="484" hits="0"/><line number="485" hits="0"/><line number="496" hits="0"/><line number="502" hits="0"/><line number="503" hits="0"/><line number="504" hits="0"/><line number="506" hits="0"/><line number="507" hits="0"/><line number="509" hits="0"/><line number="510" hits="0"/><line number="511" hits="0"/><line number="513" hits="0"/><line number="514" hits="0"/><line number="515" hits="0"/><line number="518" hits="0"/><line number="519" hits="0"/><line number="520" hits="0"/><line number="521" hits="0"/><line number="523" hits="0"/><line number="525" hits="0"/><line number="526" hits="0"/><line number="527" hits="0"/><line number="528" hits="0"/><line number="531" hits="0"/><line number="532" hits="0"/><line number="533" hits="0"/><line number="534" hits="0"/><line number="536" hits="0"/><line number="537" hits="0"/><line number="538" hits="0"/><line number="541" hits="0"/><line number="543" hits="0"/><line number="544" hits="0"/><line number="546" hits="0"/><line number="549" hits="0"/><line number="552" hits="0"/><line number="554" hits="0"/><line number="555" hits="0"/><line number="556" hits="0"/><line number="557" hits="0"/><line number="558" hits="0"/><line number="559" hits="0"/><line number="560" hits="0"/><line number="563" hits="0"/><line number="564" hits="0"/><line number="565" hits="0"/><line number="566" hits="0"/><line number="577" hits="0"/><line number="584" hits="0"/><line number="585" hits="0"/><line number="586" hits="0"/><line number="587" hits="0"/><line number="591" hits="0"/><line number="592" hits="0"/><line number="593" hits="0"/><line number="595" hits="0"/><line number="596" hits="0"/><line number="597" hits="0"/><line number="601" hits="0"/><line number="604" hits="0"/><line number="606" hits="0"/><line number="607" hits="0"/><line number="609" hits="0"/><line number="610" hits="0"/><line number="611" hits="0"/><line number="612" hits="0"/><line number="613" hits="0"/><line number="616" hits="0"/><line number="617" hits="0"/><line number="618" hits="0"/><line number="620" hits="0"/><line number="621" hits="0"/><line number="625" hits="0"/><line number="626" hits="0"/><line number="627" hits="0"/><line number="628" hits="0"/><line number="630" hits="0"/><line number="631" hits="0"/><line number="632" hits="0"/><line number="634" hits="0"/><line number="636" hits="0"/><line number="637" hits="0"/><line number="639" hits="0"/><line number="642" hits="0"/><line number="645" hits="0"/><line number="647" hits="0"/><line number="648" hits="0"/><line number="649" hits="0"/><line number="650" hits="0"/><line number="651" hits="0"/><line number="652" hits="0"/><line number="653" hits="0"/><line number="656" hits="0"/><line number="657" hits="0"/><line number="658" hits="0"/><line number="659" hits="0"/><line number="667" hits="0"/><line number="668" hits="0"/><line number="669" hits="0"/><line number="670" hits="0"/><line number="672" hits="0"/><line number="673" hits="0"/><line number="674" hits="0"/><line number="677" hits="0"/><line number="678" hits="0"/><line number="681" hits="1"/><line number="682" hits="1"/><line number="683" hits="0"/><line number="684" hits="0"/><line number="686" hits="2"/><line number="687" hits="0"/><line number="688" hits="0"/><line number="691" hits="2"/><line number="692" hits="1"/><line number="693" hits="2"/><line number="694" hits="0"/><line number="695" hits="0"/><line number="697" hits="1"/><line number="699" hits="2"/><line number="703" hits="0"/><line number="704" hits="0"/><line number="705" hits="0"/><line number="706" hits="0"/><line number="708" hits="0"/><line number="709" hits="0"/><line number="710" hits="0"/><line number="713" hits="0"/><line number="716" hits="0"/><line number="717" hits="0"/><line number="718" hits="0"/><line number="720" hits="0"/><line number="722" hits="0"/><line number="723" hits="0"/><line number="724" hits="0"/><line number="727" hits="0"/><line number="728" hits="0"/><line number="729" hits="0"/><line number="730" hits="0"/><line number="731" hits="0"/><line number="733" hits="0"/><line number="737" hits="0"/><line number="738" hits="0"/><line number="741" hits="0"/><line number="742" hits="0"/><line number="743" hits="0"/><line number="744" hits="0"/><line number="746" hits="0"/><line number="747" hits="0"/><line number="748" hits="0"/><line number="751" hits="0"/><line number="842" hits="0"/><line number="843" hits="0"/><line number="854" hits="1"/><line number="855" hits="1"/><line number="856" hits="3"/><line number="858" hits="2"/><line number="859" hits="3"/><line number="860" hits="3"/><line number="861" hits="1"/><line number="864" hits="1"/><line number="867" hits="1"/><line number="871" hits="1"/><line number="872" hits="2"/><line number="875" hits="2"/><line number="878" hits="1"/><line number="879" hits="1"/><line number="880" hits="1"/><line number="882" hits="1"/><line number="883" hits="2"/><line number="885" hits="2"/><line number="890" hits="1"/><line number="893" hits="1"/><line number="894" hits="1"/><line number="896" hits="1"/><line number="897" hits="2"/><line number="899" hits="2"/><line number="903" hits="1"/><line number="907" hits="1"/><line number="910" hits="1"/><line number="913" hits="1"/><line number="916" hits="0"/><line number="917" hits="0"/><line number="918" hits="0"/><line number="920" hits="0"/><line number="921" hits="0"/><line number="922" hits="0"/><line number="923" hits="0"/><line number="924" hits="0"/><line number="927" hits="0"/><line number="931" hits="0"/><line number="932" hits="0"/><line number="935" hits="0"/><line number="936" hits="0"/><line number="937" hits="0"/><line number="940" hits="0"/><line number="943" hits="0"/><line number="944" hits="0"/><line number="945" hits="0"/><line number="946" hits="0"/><line number="948" hits="0"/><line number="952" hits="0"/><line number="953" hits="0"/><line number="954" hits="0"/><line number="955" hits="0"/><line number="956" hits="0"/><line number="957" hits="0"/><line number="959" hits="0"/><line number="963" hits="0"/><line number="964" hits="0"/><line number="965" hits="0"/><line number="966" hits="0"/><line number="967" hits="0"/><line number="969" hits="0"/><line number="970" hits="0"/><line number="971" hits="0"/><line number="978" hits="0"/><line number="979" hits="0"/><line number="980" hits="0"/><line number="981" hits="0"/><line number="984" hits="0"/><line number="995" hits="1"/><line number="996" hits="1"/><line number="997" hits="1"/><line number="998" hits="5"/><line number="999" hits="4"/><line number="1000" hits="4"/><line number="1001" hits="2"/><line number="1003" hits="0"/><line number="1008" hits="1"/><line number="1009" hits="1"/><line number="1010" hits="0"/><line number="1012" hits="2"/><line number="1014" hits="2"/><line number="1015" hits="3"/><line number="1016" hits="2"/><line number="1017" hits="1"/><line number="1019" hits="0"/><line number="1023" hits="0"/><line number="1024" hits="0"/><line number="1025" hits="0"/><line number="1026" hits="0"/><line number="1027" hits="0"/><line number="1028" hits="0"/><line number="1029" hits="0"/><line number="1030" hits="0"/><line number="1031" hits="0"/><line number="1032" hits="0"/><line number="1034" hits="0"/><line number="1035" hits="0"/><line number="1036" hits="0"/><line number="1038" hits="0"/><line number="1042" hits="0"/><line number="1047" hits="0"/><line number="1051" hits="0"/><line number="1056" hits="0"/><line number="1060" hits="0"/><line number="1065" hits="0"/><line number="1069" hits="0"/><line number="1070" hits="0"/><line number="1071" hits="0"/><line number="1076" hits="0"/><line number="1080" hits="0"/><line number="1085" hits="0"/><line number="1086" hits="0"/><line number="1087" hits="0"/><line number="1089" hits="0"/><line number="1093" hits="0"/><line number="1098" hits="0"/><line number="1102" hits="0"/><line number="1107" hits="0"/><line number="1108" hits="0"/><line number="1109" hits="0"/><line number="1111" hits="0"/><line number="1112" hits="0"/><line number="1113" hits="0"/></lines></class></classes></package><package name="crates/duke-runtime/src" line-rate="1" branch-rate="0" complexity="0"><classes><class name="frame" filename="crates/duke-runtime/src/frame.rs" line-rate="1" branch-rate="0" complexity="0"><methods/><lines><line number="54" hits="4"/><line number="55" hits="8"/><line number="56" hits="1"/><line number="57" hits="1"/><line number="63" hits="4"/><line number="64" hits="4"/><line number="65" hits="4"/><line number="66" hits="4"/><line number="68" hits="4"/><line number="95" hits="3"/><line number="96" hits="5"/><line number="122" hits="3"/><line number="123" hits="3"/><line number="124" hits="3"/><line number="142" hits="3"/><line number="143" hits="3"/><line number="144" hits="1"/><line number="146" hit
[...]
7638" hits="3"/><line number="7646" hits="1"/><line number="7654" hits="1"/><line number="7662" hits="3"/><line number="7668" hits="1"/><line number="7674" hits="2"/><line number="7680" hits="2"/><line number="7686" hits="2"/><line number="7692" hits="2"/><line number="7698" hits="2"/><line number="7704" hits="2"/><line number="7710" hits="2"/><line number="7716" hits="2"/><line number="7722" hits="2"/><line number="7728" hits="2"/><line number="7736" hits="2"/><line number="7743" hits="2"/><line number="7749" hits="4"/><line number="7750" hits="2"/><line number="7756" hits="2"/><line number="7757" hits="2"/><line number="7758" hits="4"/><line number="7759" hits="2"/><line number="7760" hits="2"/><line number="7761" hits="6"/><line number="7762" hits="2"/><line number="7763" hits="2"/><line number="7766" hits="2"/><line number="7768" hits="4"/><line number="7769" hits="2"/><line number="7771" hits="2"/><line number="7779" hits="2"/><line number="7785" hits="2"/><line number="7791" hits="2"/><line number="7799" hits="2"/><line number="7805" hits="2"/><line number="7811" hits="2"/><line number="7819" hits="2"/><line number="7825" hits="2"/><line number="7831" hits="2"/><line number="7839" hits="2"/><line number="7847" hits="2"/><line number="7853" hits="2"/><line number="7859" hits="2"/><line number="7865" hits="2"/><line number="7871" hits="2"/><line number="7877" hits="2"/><line number="7885" hits="2"/><line number="7891" hits="2"/><line number="7897" hits="2"/><line number="7903" hits="2"/><line number="7909" hits="2"/><line number="7915" hits="2"/><line number="7923" hits="2"/><line number="7931" hits="2"/><line number="7934" hits="2"/><line number="7937" hits="2"/><line number="7940" hits="2"/><line number="7943" hits="2"/><line number="7944" hits="2"/><line number="7952" hits="2"/><line number="7955" hits="2"/><line number="7958" hits="2"/><line number="7964" hits="2"/><line number="7970" hits="2"/><line number="7976" hits="2"/></lines></class><class name="tests" filename="crates/duke-interpreter/src/tests.rs" line-rate="0.9254545454545454" branch-rate="0" complexity="0"><methods/><lines><line number="6" hits="50"/><line number="11" hits="55"/><line number="63" hits="1"/><line number="69" hits="1"/><line number="75" hits="0"/><line number="84" hits="0"/><line number="87" hits="0"/><line number="88" hits="0"/><line number="91" hits="0"/><line number="92" hits="0"/><line number="93" hits="0"/><line number="94" hits="0"/><line number="95" hits="0"/><line number="96" hits="0"/><line number="97" hits="0"/><line number="98" hits="0"/><line number="108" hits="0"/><line number="117" hits="0"/><line number="120" hits="0"/><line number="121" hits="0"/><line number="124" hits="0"/><line number="125" hits="0"/><line number="126" hits="0"/><line number="127" hits="0"/><line number="128" hits="0"/><line number="129" hits="0"/><line number="130" hits="0"/><line number="131" hits="0"/><line number="135" hits="1"/><line number="136" hits="1"/><line number="391" hits="1"/><line number="392" hits="1"/><line number="393" hits="1"/><line number="394" hits="1"/><line number="395" hits="1"/><line number="400" hits="1"/><line number="407" hits="3"/><line number="408" hits="3"/><line number="410" hits="5"/><line number="413" hits="4"/><line number="414" hits="2"/><line number="415" hits="0"/><line number="417" hits="1"/><line number="419" hits="2"/><line number="421" hits="3"/><line number="424" hits="3"/><line number="425" hits="3"/><line number="426" hits="1"/><line number="428" hits="0"/><line number="433" hits="1"/><line number="434" hits="3"/><line number="436" hits="2"/><line number="437" hits="2"/><line number="438" hits="2"/><line number="439" hits="1"/><line number="443" hits="1"/><line number="445" hits="1"/><line number="446" hits="0"/><line number="586" hits="1"/><line number="588" hits="1"/><line number="589" hits="3"/><line number="590" hits="2"/><line number="593" hits="1"/><line number="594" hits="2"/><line number="595" hits="1"/><line number="596" hits="1"/><line number="597" hits="1"/><line number="599" hits="2"/><line number="600" hits="1"/><line number="601" hits="1"/><line number="602" hits="1"/><line number="603" hits="1"/><line number="604" hits="1"/><line number="605" hits="1"/><line number="607" hits="1"/><line number="608" hits="1"/><line number="609" hits="1"/><line number="610" hits="2"/><line number="615" hits="1"/><line number="618" hits="1"/><line number="620" hits="1"/><line number="622" hits="1"/><line number="623" hits="0"/><line number="1234" hits="1"/><line number="1235" hits="2"/><line number="1236" hits="1"/><line number="1237" hits="1"/><line number="1593" hits="1"/><line number="1594" hits="2"/><line number="1595" hits="1"/><line number="1596" hits="1"/><line number="1597" hits="1"/><line number="1599" hits="2"/><line number="1600" hits="1"/><line number="1601" hits="1"/><line number="1602" hits="1"/><line number="1603" hits="1"/><line number="1604" hits="1"/><line number="1605" hits="1"/><line number="1607" hits="1"/><line number="1608" hits="1"/><line number="1609" hits="1"/><line number="1610" hits="2"/><line number="1615" hits="1"/><line number="1618" hits="1"/><line number="1620" hits="1"/><line number="1622" hits="1"/><line number="1623" hits="0"/><line number="1627" hits="1"/><line number="1628" hits="2"/><line number="1629" hits="1"/><line number="1630" hits="1"/><line number="1631" hits="1"/><line number="1633" hits="2"/><line number="1634" hits="1"/><line number="1635" hits="1"/><line number="1636" hits="1"/><line number="1637" hits="1"/><line number="1638" hits="1"/><line number="1639" hits="1"/><line number="1641" hits="1"/><line number="1642" hits="1"/><line number="1643" hits="1"/><line number="1644" hits="2"/><line number="1649" hits="1"/><line number="1652" hits="1"/><line number="1654" hits="1"/><line number="1656" hits="1"/><line number="1657" hits="0"/><line number="2092" hits="1"/><line number="2099" hits="1"/><line number="2100" hits="2"/><line number="2101" hits="1"/><line number="2102" hits="1"/><line number="2105" hits="2"/><line number="2106" hits="1"/><line number="2107" hits="1"/><line number="2108" hits="1"/><line number="2109" hits="1"/><line number="2110" hits="1"/><line number="2111" hits="1"/><line number="2113" hits="1"/><line number="2114" hits="1"/><line number="2115" hits="1"/><line number="2116" hits="3"/><line number="2124" hits="1"/><line number="2126" hits="1"/><line number="2128" hits="1"/><line number="2129" hits="0"/><line number="2266" hits="2"/><line number="2267" hits="1"/><line number="2268" hits="2"/><line number="2269" hits="1"/><line number="2490" hits="1"/><line number="2491" hits="2"/><line number="2492" hits="4"/><line number="2493" hits="2"/><line number="2496" hits="1"/><line number="2498" hits="4"/><line number="2499" hits="2"/><line number="2500" hits="2"/><line number="2501" hits="2"/><line number="2502" hits="2"/><line number="2503" hits="1"/><line number="2504" hits="1"/><line number="2602" hits="1"/><line number="2603" hits="1"/><line number="2604" hits="2"/><line number="2605" hits="1"/><line number="2656" hits="1"/><line number="2657" hits="1"/><line number="2658" hits="3"/><line number="2659" hits="2"/><line number="2662" hits="1"/><line number="2663" hits="1"/><line number="2665" hits="2"/><line number="2666" hits="1"/><line number="2669" hits="2"/><line number="2670" hits="2"/><line number="2671" hits="4"/><line number="2672" hits="2"/><line number="3044" hits="1"/><line number="3045" hits="1"/><line number="3046" hits="2"/><line number="3047" hits="1"/><line number="3267" hits="1"/><line number="3268" hits="1"/><line number="3269" hits="1"/><line number="3270" hits="1"/><line number="3271" hits="1"/><line number="3670" hits="1"/><line number="3671" hits="1"/><line number="3672" hits="2"/><line number="3673" hits="1"/><line number="3842" hits="1"/><line number="3843" hits="1"/><line number="3844" hits="2"/><line number="3845" hits="1"/><line number="3998" hits="1"/><line number="3999" hits="1"/><line number="4000" hits="2"/><line number="4001" hits="1"/><line number="4121" hits="1"/><line number="4122" hits="1"/><line number="4123" hits="2"/><line number="4124" hits="1"/><line number="4244" hits="1"/><line number="4245" hits="1"/><line number="4246" hits="2"/><line number="4247" hits="1"/><line number="4344" hits="1"/><line number="4345" hits="1"/><line number="4347" hits="3"/><line number="4348" hits="3"/><line number="4422" hits="1"/><line number="4423" hits="1"/><line number="4424" hits="2"/><line number="4425" hits="1"/><line number="4775" hits="1"/><line number="4776" hits="1"/><line number="4777" hits="3"/><line number="4778" hits="2"/><line number="4992" hits="1"/><line number="4993" hits="2"/><line number="4994" hits="1"/><line number="4995" hits="1"/><line number="4996" hits="1"/><line number="4997" hits="1"/><line number="4998" hits="1"/><line number="4999" hits="1"/><line number="5000" hits="2"/><line number="5001" hits="3"/><line number="5006" hits="1"/><line number="5011" hits="1"/><line number="5013" hits="1"/><line number="5014" hits="0"/><line number="5018" hits="1"/><line number="5019" hits="1"/><line number="5020" hits="1"/><line number="5021" hits="1"/><line number="5022" hits="1"/><line number="5023" hits="1"/><line number="5024" hits="1"/><line number="5025" hits="1"/><line number="5026" hits="1"/><line number="5029" hits="1"/><line number="5032" hits="1"/><line number="5038" hits="1"/><line number="5039" hits="1"/><line number="5040" hits="0"/><line number="5044" hits="1"/><line number="5045" hits="1"/><line number="5046" hits="1"/><line number="5047" hits="1"/><line number="5048" hits="1"/><line number="5049" hits="1"/><line number="5050" hits="1"/><line number="5051" hits="1"/><line number="5052" hits="1"/><line number="5055" hits="1"/><line number="5058" hits="1"/><line number="5064" hits="1"/><line number="5065" hits="1"/><line number="5066" hits="0"/><line number="5070" hits="1"/><line number="5076" hits="2"/><line number="5077" hits="2"/><line number="5078" hits="1"/><line number="5079" hits="2"/><line number="5080" hits="2"/><line number="5081" hits="1"/><line number="5082" hits="2"/><line number="5083" hits="1"/><line number="5085" hits="4"/><line number="5087" hits="3"/><line number="5090" hits="1"/><line number="5093" hits="2"/><line number="5096" hits="1"/><line number="5100" hits="1"/><line number="5105" hits="1"/><line number="5106" hits="1"/><line number="5107" hits="1"/><line number="5108" hits="1"/><line number="5109" hits="1"/><line number="5110" hits="1"/><line number="5111" hits="1"/><line number="5112" hits="1"/><line number="5115" hits="1"/><line number="5118" hits="1"/><line number="5123" hits="2"/><line number="5126" hits="1"/><line number="5128" hits="1"/><line number="5134" hits="1"/><line number="5135" hits="1"/><line number="5139" hits="1"/><line number="5140" hits="2"/><line number="5142" hits="1"/><line number="5143" hits="2"/><line number="5144" hits="1"/><line number="5145" hits="2"/><line number="5146" hits="1"/><line number="5148" hits="3"/><line number="5149" hits="2"/><line number="5150" hits="1"/><line number="5151" hits="2"/><line number="11251" hits="1"/><line number="11252" hits="1"/><line number="11395" hits="2"/><line number="11396" hits="2"/><line number="11397" hits="2"/><line number="11398" hits="1"/><line number="11399" hits="1"/><line number="11400" hits="1"/><line number="11401" hits="1"/><line number="11402" hits="1"/><line number="11403" hits="4"/><line number="11404" hits="2"/><line number="11405" hits="1"/><line number="11406" hits="1"/><line number="11409" hits="1"/><line number="11410" hits="1"/><line number="11411" hits="2"/><line number="11415" hits="2"/><line number="11417" hits="1"/><line number="11419" hits="2"/><line number="11420" hits="1"/><line number="11421" hits="3"/><line number="11422" hits="1"/><line number="11423" hits="2"/><line number="11424" hits="1"/><line number="11425" hits="4"/><line number="11426" hits="1"/><line number="11427" hits="2"/><line number="11430" hits="1"/><line number="11432" hits="1"/><line number="11434" hits="1"/><line number="11802" hits="1"/><line number="11803" hits="1"/><line number="11804" hits="2"/><line number="11805" hits="5"/><line number="11806" hits="3"/><line number="11807" hits="3"/><line number="11808" hits="3"/><line number="11809" hits="3"/><line number="11810" hits="3"/><line number="11812" hits="3"/><line number="11813" hits="3"/><line number="11814" hits="3"/><line number="11815" hits="3"/><line number="11822" hits="3"/><line number="11823" hits="3"/><line number="11824" hits="3"/><line number="11825" hits="3"/><line number="11831" hits="3"/><line number="12052" hits="1"/><line number="12060" hits="1"/><line number="12063" hits="3"/><line number="12066" hits="1"/><line number="12067" hits="1"/><line number="12070" hits="2"/><line number="12073" hits="1"/><line number="12074" hits="1"/><line number="12077" hits="1"/><line number="12079" hits="1"/><line number="12080" hits="2"/><line number="12081" hits="2"/><line number="12082" hits="1"/><line number="12083" hits="1"/><line number="12085" hits="1"/><line number="12087" hits="1"/><line number="12088" hits="1"/><line number="12089" hits="1"/><line number="12090" hits="1"/><line number="12091" hits="1"/><line number="12100" hits="1"/><line number="16035" hits="2"/><line number="16037" hits="1"/><line number="16038" hits="2"/><line number="16042" hits="1"/><line number="16043" hits="2"/><line number="17717" hits="1"/><line number="17718" hits="1"/><line number="17726" hits="1"/><line number="17730" hits="1"/><line number="17968" hits="1"/><line number="17974" hits="1"/><line number="17975" hits="1"/><line number="17976" hits="1"/><line number="17977" hits="1"/><line number="17978" hits="2"/><line number="17979" hits="2"/><line number="17980" hits="2"/><line number="17981" hits="1"/><line number="17984" hits="3"/><line number="17987" hits="3"/><line number="18097" hits="1"/><line number="18098" hits="2"/><line number="18108" hits="1"/><line number="18129" hits="1"/><line number="18130" hits="2"/><line number="18131" hits="1"/><line number="18132" hits="2"/><line number="18134" hits="1"/><line number="18138" hits="1"/><line number="18144" hits="1"/><line number="18145" hits="1"/><line number="18146" hits="2"/><line number="18148" hits="4"/><line number="18149" hits="2"/><line number="18150" hits="1"/><line number="18151" hits="1"/><line number="18153" hits="1"/><line number="18154" hits="1"/><line number="18155" hits="1"/><line number="18156" hits="1"/><line number="18157" hits="1"/><line number="18158" hits="1"/><line number="18159" hits="1"/><line number="18160" hits="1"/><line number="18161" hits="1"/><line number="18162" hits="2"/><line number="18163" hits="1"/><line number="18164" hits="2"/><line number="18165" hits="1"/><line number="18166" hits="2"/><line number="18169" hits="2"/><line number="18170" hits="2"/><line number="18171" hits="2"/><line number="18172" hits="1"/><line number="18173" hits="3"/><line number="18175" hits="3"/><line number="18176" hits="3"/><line number="18177" hits="3"/><line number="18178" hits="3"/><line number="18179" hits="3"/><line number="18180" hits="3"/><line number="18181" hits="3"/><line number="18182" hits="3"/><line number="18183" hits="3"/><line number="18184" hits="3"/><line number="18185" hits="3"/><line number="18186" hits="2"/><line number="18187" hits="1"/><line number="18188" hits="2"/><line number="18189" hits="1"/><line number="18190" hits="2"/><line number="18191" hits="1"/><line number="18192" hits="2"/><line number="18194" hits="2"/><line number="18196" hits="4"/><line number="18197" hits="2"/><line number="18198" hits="2"/><line number="18199" hits="2"/><line number="18200" hits="2"/><line number="18201" hits="2"/><line number="18202" hits="2"/><line number="18203" hits="2"/><line number="18205" hits="2"/><line number="18208" hits="2"/><line number="18212" hits="1"/><line number="18215" hits="1"/><line number="18216" hits="2"/><line number="18217" hits="1"/><line number="18218" hits="2"/><line number="18221" hits="1"/><line number="18223" hits="3"/><line number="18225" hits="2"/><line number="18226" hits="4"/><line number="18228" hits="5"/><line number="18229" hits="2"/><line number="18230" hits="1"/><line number="18231" hits="1"/><line number="18233" hits="2"/><line number="18234" hits="1"/><line number="18237" hits="1"/><line number="18243" hits="1"/><line number="18251" hits="1"/><line number="18252" hits="1"/><line number="18253" hits="1"/><line number="18268" hits="1"/><line number="18272" hits="1"/><line number="18279" hits="1"/><line number="18283" hits="1"/><line number="18287" hits="2"/><line number="18288" hits="0"/><line number="18294" hits="1"/><line number="18298" hits="1"/><line number="18299" hits="1"/><line number="18300" hits="1"/><line number="18305" hits="2"/><line number="18306" hits="0"/><line number="18311" hits="1"/><line number="18318" hits="1"/><line number="18324" hits="1"/><line number="18325" hits="1"/><line number="18326" hits="1"/><line number="18327" hits="1"/><line number="18330" hits="1"/><line number="18331" hits="1"/><line number="18336" hits="2"/><line number="18337" hits="0"/><line number="18342" hits="1"/><line number="18351" hits="1"/><line number="18354" hits="2"/><line number="18358" hits="2"/><line number="18362" hits="1"/><line number="18365" hits="2"/><line number="18366" hits="1"/><line number="18367" hits="2"/><line number="18369" hits="1"/><line number="18371" hits="3"/><line number="18387" hits="2"/><line number="18389" hits="5"/><line number="18393" hits="1"/><line number="18394" hits="2"/><line number="18395" hits="1"/><line number="18396" hits="2"/><line number="18397" hits="1"/><line number="18398" hits="2"/><line number="18403" hits="1"/><line number="18414" hits="2"/><line number="18417" hits="4"/><line number="18420" hits="2"/><line number="18421" hits="1"/><line number="18424" hits="3"/><line number="18428" hits="2"/><line number="18430" hits="2"/><line number="18431" hits="1"/><line number="18433" hits="4"/><line number="18434" hits="2"/><line number="18435" hits="1"/><line number="18438" hits="3"/><line number="18440" hits="2"/><line number="18443" hits="1"/><line number="18448" hits="3"/><line number="18449" hits="1"/><line number="18450" hits="2"/><line number="18452" hits="2"/><line number="18456" hits="1"/><line number="18462" hits="1"/><line number="18468" hits="0"/><line number="18470" hits="0"/><line number="18471" hits="0"/><line number="18473" hits="1"/><line number="18479" hits="1"/><line number="18481" hits="1"/><line number="18482" hits="1"/><line number="18486" hits="0"/><line number="20875" hits="1"/><line number="20876" hits="1"/></lines></class><class name="threading" filename="crates/duke-interpreter/src/threading.rs" line-rate="0.8285714285714286" branch-rate="0" complexity="0"><methods/><lines><line number="23" hits="0"/><line number="24" hits="0"/><line number="28" hits="0"/><line number="33" hits="0"/><line number="34" hits="0"/><line number="49" hits="1"/><line number="59" hits="1"/><line number="60" hits="1"/><line number="61" hits="1"/><line number="63" hits="1"/><line number="64" hits="1"/><line number="77" hits="1"/><line number="78" hits="1"/><line number="82" hits="1"/><line number="83" hits="1"/><line number="87" hits="1"/><line number="88" hits="1"/><line number="90" hits="3"/><line number="95" hits="1"/><line number="96" hits="1"/><line number="100" hits="1"/><line number="101" hits="1"/><line number="102" hits="1"/><line number="106" hits="1"/><line number="107" hits="1"/><line number="112" hits="1"/><line number="113" hits="2"/><line number="116" hits="3"/><line number="118" hits="0"/><line number="120" hits="1"/><line number="125" hits="1"/><line number="126" hits="2"/><line number="129" hits="3"/><line number="131" hits="1"/><line number="133" hits="1"/></lines></class></classes></package></packages></coverage>