Filename                                             Regions    Missed Regions     Cover   Functions  Missed Functions  Executed       Lines      Missed Lines     Cover    Branches   Missed Branches     Cover
----------------------------------------------------------------------------------------------------------------------------------------------------------------------------------------------------------------
crates/duke-bytecode/src/basic_block.rs                  188                25    86.70%           5                 0   100.00%         113                21    81.42%           0                 0         -
crates/duke-bytecode/src/call_graph.rs                   267                 6    97.75%          12                 0   100.00%         256                 3    98.83%           0                 0         -
crates/duke-bytecode/src/cfg.rs                          561                 4    99.29%          23                 0   100.00%         404                 1    99.75%           0                 0         -
crates/duke-bytecode/src/decoder.rs                     1402                86    93.87%          60                 0   100.00%         764                 1    99.87%           0                 0         -
crates/duke-bytecode/src/error.rs                         20                 0   100.00%           1                 0   100.00%          10                 0   100.00%           0                 0         -
crates/duke-bytecode/src/instruction.rs                  516                 4    99.22%           9                 1    88.89%         522                 4    99.23%           0                 0         -
crates/duke-bytecode/src/lib.rs                          624                38    93.91%          41                 1    97.56%         316                19    93.99%           0                 0         -
crates/duke-bytecode/src/verifier.rs                     901                27    97.00%          11                 0   100.00%         454                15    96.70%           0                 0         -
crates/duke-classfile/src/lib.rs                         957                27    97.18%          42                 6    85.71%         443                12    97.29%           0                 0         -
crates/duke-classfile/src/parser.rs                      806               102    87.34%          38                 0   100.00%         381                 3    99.21%           0                 0         -
crates/duke-gc/src/lib.rs                               2228                33    98.52%         128                 2    98.44%        1170                18    98.46%           0                 0         -
crates/duke-gc/src/mermaid.rs                            145                 4    97.24%           4                 0   100.00%          74                 2    97.30%           0                 0         -
crates/duke-interpreter/src/context.rs                    20                 0   100.00%           1                 0   100.00%          24                 0   100.00%           0                 0         -
crates/duke-interpreter/src/execution.rs                4647              1290    72.24%          30                 3    90.00%        2166               506    76.64%           0                 0         -
crates/duke-interpreter/src/native.rs                  34223              6168    81.98%        1296                97    92.52%       19812              2576    87.00%           0                 0         -
crates/duke-interpreter/src/registry.rs                  680                20    97.06%          71                 2    97.18%         475                21    95.58%           0                 0         -
crates/duke-interpreter/src/stdlib.rs                   9136                80    99.12%          13                 3    76.92%        8172                49    99.40%           0                 0         -
crates/duke-interpreter/src/threading.rs                 132                10    92.42%          20                 3    85.00%          97                 9    90.72%           0                 0         -
crates/duke-loader/src/bootstrap.rs                      226                 9    96.02%          13                 0   100.00%         122                 1    99.18%           0                 0         -
crates/duke-loader/src/directory.rs                       93                 3    96.77%           6                 0   100.00%          51                 0   100.00%           0                 0         -
crates/duke-loader/src/jimage.rs                         797                17    97.87%          42                 2    95.24%         434                20    95.39%           0                 0         -
crates/duke-loader/src/lib.rs                            179                10    94.41%          10                 0   100.00%          99                 9    90.91%           0                 0         -
crates/duke-loader/src/manifest.rs                        60                 1    98.33%           7                 0   100.00%          37                 0   100.00%           0                 0         -
crates/duke-loader/src/zip.rs                           1719                37    97.85%          71                 2    97.18%         814                16    98.03%           0                 0         -
crates/duke-runtime/src/frame.rs                         582                 2    99.66%          37                 0   100.00%         260                 1    99.62%           0                 0         -
crates/duke-runtime/src/lib.rs                           198                 3    98.48%          14                 0   100.00%         193                 0   100.00%           0                 0         -
crates/duke-runtime/src/slot.rs                          149                 0   100.00%          10                 0   100.00%         111                 0   100.00%           0                 0         -
crates/duke-telemetry/src/bytecode_cost.rs                40                 0   100.00%           2                 0   100.00%          27                 0   100.00%           0                 0         -
crates/duke-telemetry/src/class_init_dag.rs               91                 0   100.00%           5                 0   100.00%          51                 0   100.00%           0                 0         -
crates/duke-telemetry/src/dispatch_resolution.rs          38                 1    97.37%           2                 0   100.00%          28                 0   100.00%           0                 0         -
crates/duke-telemetry/src/exception_flow.rs               42                 1    97.62%           3                 0   100.00%          38                 0   100.00%           0                 0         -
crates/duke-telemetry/src/lib.rs                         265               265     0.00%          14                14     0.00%         167               167     0.00%           0                 0         -
crates/duke-telemetry/src/native_boundary.rs              34                 0   100.00%           2                 0   100.00%          20                 0   100.00%           0                 0         -
crates/duke-telemetry/src/object_lineage.rs               35                 0   100.00%           3                 0   100.00%          23                 0   100.00%           0                 0         -
duke/src/analyze.rs                                      212                 1    99.53%          11                 0   100.00%         200                 1    99.50%           0                 0         -
duke/src/deps_graph.rs                                   144                 1    99.31%          10                 0   100.00%         124                 0   100.00%           0                 0         -
duke/src/histogram.rs                                    104                14    86.54%           8                 0   100.00%          60                 7    88.33%           0                 0         -
duke/src/html.rs                                         381                 3    99.21%          13                 0   100.00%         300                 3    99.00%           0                 0         -
duke/src/jar_analyze.rs                                  169                 9    94.67%          11                 1    90.91%         115                 8    93.04%           0                 0         -
duke/src/scan.rs                                         244                30    87.70%          20                 3    85.00%         204                37    81.86%           0                 0         -
duke/src/search.rs                                       113                10    91.15%           8                 2    75.00%          73                 9    87.67%           0                 0         -
duke/src/uml.rs                                          250                 1    99.60%          11                 0   100.00%         230                 1    99.57%           0                 0         -
----------------------------------------------------------------------------------------------------------------------------------------------------------------------------------------------------------------
TOTAL                                                  63618              8342    86.89%        2138               142    93.36%       39434              3540    91.02%           0                 0         -
