TN:
SF:/app/crates/duke-bytecode/src/call_graph.rs
FN:16,cp_str
FN:29,resolve_class_name
FN:44,extract_method_ref
FN:78,generate_mermaid_call_graph
FNF:4
FNDA:2,cp_str
FNDA:3,resolve_class_name
FNDA:1,extract_method_ref
FNDA:3,generate_mermaid_call_graph
DA:16,2
DA:17,3
DA:18,1
DA:19,11
DA:20,8
DA:21,4
DA:22,1
DA:24,2
DA:29,3
DA:30,3
DA:31,1
DA:33,2
DA:35,2
DA:36,6
DA:37,5
DA:38,2
DA:40,1
DA:44,1
DA:45,1
DA:47,1
DA:48,1
DA:49,1
DA:52,1
DA:53,1
DA:56,1
DA:59,1
DA:61,2
DA:62,2
DA:63,1
DA:64,1
DA:67,3
DA:68,2
DA:69,1
DA:71,1
DA:78,3
DA:79,3
DA:80,3
DA:82,4
DA:84,1
DA:85,2
DA:86,1
DA:88,1
DA:90,3
DA:91,4
DA:92,2
DA:94,4
DA:95,3
DA:96,1
DA:101,1
DA:104,3
DA:105,2
DA:106,4
DA:108,4
DA:110,4
DA:118,1
DA:119,2
DA:121,2
DA:122,2
DA:125,1
LF:59
LH:59
end_of_record
TN:
SF:/app/crates/duke-bytecode/src/cfg.rs
FN:40,generate_mermaid_cfg
FN:321,cyclomatic_complexity
FNF:2
FNDA:2,generate_mermaid_cfg
FNDA:2,cyclomatic_complexity
DA:40,2
DA:41,3
DA:43,7
DA:44,9
DA:46,5
DA:49,22
DA:62,1
DA:63,2
DA:64,2
DA:66,1
DA:67,2
DA:68,2
DA:70,1
DA:73,2
DA:74,2
DA:75,1
DA:76,1
DA:77,2
DA:80,1
DA:81,2
DA:82,2
DA:83,1
DA:84,1
DA:85,2
DA:89,1
DA:106,2
DA:107,2
DA:108,1
DA:109,1
DA:110,4
DA:113,1
DA:114,2
DA:115,2
DA:116,1
DA:117,1
DA:118,2
DA:123,6
DA:124,3
DA:125,6
DA:131,2
DA:321,2
DA:322,2
DA:324,4
DA:325,2
DA:327,2
DA:345,4
DA:348,1
DA:351,2
DA:353,1
DA:355,2
DA:361,3
LF:51
LH:51
end_of_record
TN:
SF:/app/crates/duke-bytecode/src/decoder.rs
FN:38,decode
FN:65,Cursor<'a>::new
FN:69,Cursor<'a>::has_remaining
FN:73,Cursor<'a>::read_u8
FN:82,Cursor<'a>::read_i8
FN:86,Cursor<'a>::read_u16
FN:92,Cursor<'a>::read_i16
FN:96,Cursor<'a>::read_u32
FN:104,Cursor<'a>::read_i32
FN:108,Cursor<'a>::read_cp
FN:113,Cursor<'a>::align4
FN:126,decode_one
FN:399,decode_tableswitch
FN:430,decode_lookupswitch
FN:454,decode_wide
FNF:15
FNDA:4,decode
FNDA:4,Cursor<'a>::new
FNDA:5,Cursor<'a>::has_remaining
FNDA:4,Cursor<'a>::read_u8
FNDA:2,Cursor<'a>::read_i8
FNDA:6,Cursor<'a>::read_u16
FNDA:2,Cursor<'a>::read_i16
FNDA:5,Cursor<'a>::read_u32
FNDA:3,Cursor<'a>::read_i32
FNDA:6,Cursor<'a>::read_cp
FNDA:2,Cursor<'a>::align4
FNDA:4,decode_one
FNDA:2,decode_tableswitch
FNDA:2,decode_lookupswitch
FNDA:1,decode_wide
DA:38,4
DA:39,5
DA:43,5
DA:45,13
DA:46,4
DA:47,13
DA:48,10
DA:49,3
DA:52,6
DA:65,4
DA:69,5
DA:70,4
DA:73,4
DA:74,5
DA:75,1
DA:77,9
DA:78,9
DA:79,4
DA:82,2
DA:83,3
DA:86,6
DA:87,6
DA:88,7
DA:89,7
DA:92,2
DA:93,3
DA:96,5
DA:97,4
DA:98,5
DA:99,4
DA:100,5
DA:101,4
DA:104,3
DA:105,3
DA:108,6
DA:109,6
DA:113,2
DA:114,2
DA:115,4
DA:116,3
DA:126,4
DA:127,5
DA:129,1
DA:130,2
DA:131,2
DA:132,2
DA:133,3
DA:134,3
DA:135,3
DA:136,2
DA:137,3
DA:138,2
DA:139,2
DA:140,1
DA:141,1
DA:142,1
DA:143,2
DA:144,2
DA:145,4
DA:146,3
DA:147,3
DA:148,2
DA:149,3
DA:152,2
DA:153,2
DA:154,1
DA:155,2
DA:156,2
DA:157,4
DA:158,3
DA:159,2
DA:160,2
DA:161,2
DA:162,2
DA:163,3
DA:164,2
DA:165,3
DA:166,1
DA:167,1
DA:168,1
DA:169,2
DA:170,2
DA:171,2
DA:172,2
DA:173,3
DA:174,2
DA:175,2
DA:176,2
DA:177,3
DA:178,2
DA:179,1
DA:180,3
DA:181,2
DA:182,1
DA:183,3
DA:184,1
DA:187,3
DA:188,2
DA:189,1
DA:190,1
DA:191,3
DA:192,2
DA:193,3
DA:194,3
DA:195,3
DA:196,2
DA:197,3
DA:198,2
DA:199,2
DA:200,3
DA:201,1
DA:202,1
DA:203,1
DA:204,2
DA:205,3
DA:206,2
DA:207,1
DA:208,3
DA:209,3
DA:210,2
DA:211,2
DA:212,3
DA:213,3
DA:214,1
DA:215,2
DA:216,2
DA:217,1
DA:218,2
DA:219,1
DA:222,3
DA:223,2
DA:224,3
DA:225,2
DA:226,1
DA:227,2
DA:228,1
DA:229,1
DA:230,1
DA:233,2
DA:234,3
DA:235,1
DA:236,2
DA:237,2
DA:238,3
DA:239,1
DA:240,1
DA:241,2
DA:242,2
DA:243,1
DA:244,3
DA:245,2
DA:246,2
DA:247,1
DA:248,2
DA:249,2
DA:250,2
DA:251,1
DA:252,2
DA:253,2
DA:254,1
DA:255,1
DA:256,1
DA:257,2
DA:258,1
DA:259,2
DA:260,1
DA:261,1
DA:262,1
DA:263,2
DA:264,1
DA:265,2
DA:266,1
DA:267,2
DA:268,1
DA:270,2
DA:271,3
DA:275,2
DA:276,1
DA:277,2
DA:278,2
DA:279,1
DA:280,2
DA:281,1
DA:282,1
DA:283,1
DA:284,2
DA:285,2
DA:286,1
DA:287,1
DA:288,2
DA:289,1
DA:292,2
DA:293,3
DA:294,1
DA:295,3
DA:296,2
DA:299,4
DA:300,3
DA:301,2
DA:302,2
DA:303,2
DA:304,2
DA:305,2
DA:306,2
DA:307,3
DA:308,3
DA:309,2
DA:310,2
DA:311,3
DA:312,3
DA:313,2
DA:314,1
DA:315,1
DA:318,3
DA:321,3
DA:324,2
DA:325,2
DA:326,1
DA:327,2
DA:328,2
DA:329,6
DA:332,3
DA:333,2
DA:334,2
DA:335,2
DA:336,4
DA:337,5
DA:338,3
DA:340,2
DA:341,2
DA:342,2
DA:343,2
DA:344,1
DA:349,2
DA:350,3
DA:351,3
DA:352,3
DA:353,1
DA:359,3
DA:363,3
DA:365,4
DA:366,8
DA:367,3
DA:368,2
DA:370,3
DA:371,2
DA:372,3
DA:373,3
DA:374,2
DA:375,2
DA:376,2
DA:379,2
DA:383,2
DA:384,2
DA:387,2
DA:388,2
DA:389,2
DA:390,1
DA:393,2
DA:395,4
DA:399,2
DA:403,2
DA:404,2
DA:405,4
DA:406,4
DA:407,4
DA:408,1
DA:411,8
DA:413,4
DA:414,8
DA:415,1
DA:417,4
DA:418,2
DA:419,5
DA:420,6
DA:422,2
DA:426,3
DA:430,2
DA:431,2
DA:432,2
DA:433,3
DA:434,3
DA:435,1
DA:437,2
DA:438,2
DA:439,1
DA:441,2
DA:442,2
DA:443,4
DA:444,4
DA:445,2
DA:446,2
DA:448,2
DA:454,1
DA:455,1
DA:456,1
DA:457,1
DA:458,1
DA:459,1
DA:460,1
DA:461,1
DA:462,1
DA:463,1
DA:464,1
DA:465,1
DA:466,1
DA:467,1
DA:469,1
DA:470,1
DA:472,1
DA:474,1
LF:311
LH:311
end_of_record
TN:
SF:/app/crates/duke-bytecode/src/instruction.rs
FN:26,ArrayType::from_u8
FN:343,Instruction::mnemonic
FNF:2
FNDA:4,ArrayType::from_u8
FNDA:5,Instruction::mnemonic
DA:26,4
DA:27,7
DA:28,1
DA:29,2
DA:30,1
DA:31,3
DA:32,2
DA:33,1
DA:34,4
DA:35,3
DA:36,1
DA:343,5
DA:344,5
DA:345,1
DA:346,1
DA:347,1
DA:348,1
DA:349,2
DA:350,1
DA:351,1
DA:352,1
DA:353,1
DA:354,1
DA:355,1
DA:356,1
DA:357,1
DA:358,1
DA:359,1
DA:360,1
DA:361,1
DA:362,1
DA:363,2
DA:364,1
DA:365,1
DA:366,1
DA:367,1
DA:368,1
DA:369,1
DA:370,1
DA:371,1
DA:372,1
DA:373,1
DA:374,1
DA:375,1
DA:376,1
DA:377,1
DA:378,1
DA:379,1
DA:380,1
DA:381,1
DA:382,1
DA:383,1
DA:384,1
DA:385,1
DA:386,1
DA:387,2
DA:388,1
DA:389,1
DA:390,1
DA:391,1
DA:392,1
DA:393,1
DA:394,1
DA:395,1
DA:396,1
DA:397,1
DA:398,1
DA:399,1
DA:400,1
DA:401,1
DA:402,1
DA:403,1
DA:404,1
DA:405,1
DA:406,1
DA:407,1
DA:408,1
DA:409,1
DA:410,1
DA:411,1
DA:412,1
DA:413,1
DA:414,1
DA:415,1
DA:416,1
DA:417,1
DA:418,1
DA:419,1
DA:420,1
DA:421,1
DA:422,1
DA:423,1
DA:424,1
DA:425,1
DA:426,1
DA:427,1
DA:428,1
DA:429,1
DA:430,1
DA:431,1
DA:432,1
DA:433,1
DA:434,1
DA:435,1
DA:436,1
DA:437,1
DA:438,1
DA:439,1
DA:440,1
DA:441,1
DA:442,1
DA:443,1
DA:444,1
DA:445,1
DA:446,1
DA:447,1
DA:448,1
DA:449,1
DA:450,1
DA:451,1
DA:452,1
DA:453,1
DA:454,1
DA:455,1
DA:456,1
DA:457,1
DA:458,1
DA:459,1
DA:460,1
DA:461,1
DA:462,1
DA:463,1
DA:464,1
DA:465,1
DA:466,1
DA:467,1
DA:468,1
DA:469,1
DA:470,1
DA:471,1
DA:472,1
DA:473,1
DA:474,1
DA:475,1
DA:476,1
DA:477,1
DA:478,1
DA:479,1
DA:480,1
DA:481,1
DA:482,1
DA:483,1
DA:484,1
DA:485,1
DA:486,1
DA:487,1
DA:488,1
DA:489,1
DA:490,1
DA:491,1
DA:492,1
DA:493,1
DA:494,1
DA:495,1
DA:496,1
DA:497,1
DA:498,1
DA:499,1
DA:500,1
DA:501,1
DA:502,1
DA:503,1
DA:504,1
DA:505,1
DA:506,1
DA:507,1
DA:508,1
DA:509,1
DA:510,1
DA:511,1
DA:512,1
DA:513,1
DA:514,1
DA:515,1
DA:516,1
DA:517,2
DA:518,1
DA:519,1
DA:520,1
DA:521,1
DA:522,2
DA:523,2
DA:524,1
DA:525,1
DA:526,1
DA:527,2
DA:528,2
DA:529,1
DA:530,1
DA:531,1
DA:532,1
DA:533,1
DA:534,1
DA:535,1
DA:536,1
DA:537,1
DA:538,1
DA:539,1
DA:540,1
DA:541,1
DA:542,1
DA:543,1
DA:544,1
DA:545,1
DA:546,1
DA:547,1
DA:548,1
DA:549,1
DA:550,1
DA:551,1
DA:552,1
DA:553,1
DA:554,1
DA:555,1
DA:556,1
DA:557,1
LF:226
LH:226
end_of_record
TN:
SF:/app/crates/duke-bytecode/src/verifier.rs
FN:51,verify
FN:108,stack_effect
FN:359,is_return
FN:372,check_locals
FNF:4
FNDA:1,verify
FNDA:1,stack_effect
FNDA:1,is_return
FNDA:1,check_locals
DA:51,1
DA:56,1
DA:57,1
DA:58,1
DA:60,2
DA:61,1
DA:63,1
DA:66,3
DA:69,1
DA:70,1
DA:72,2
DA:75,2
DA:76,1
DA:77,1
DA:79,1
DA:85,2
DA:86,1
DA:91,2
DA:92,1
DA:96,1
DA:108,1
DA:109,1
DA:111,1
DA:112,1
DA:134,1
DA:166,1
DA:176,1
DA:208,1
DA:218,1
DA:219,1
DA:220,1
DA:221,1
DA:222,1
DA:223,1
DA:224,1
DA:225,1
DA:226,1
DA:229,1
DA:263,1
DA:266,2
DA:269,1
DA:286,1
DA:293,1
DA:302,1
DA:312,1
DA:315,1
DA:316,1
DA:319,1
DA:322,1
DA:323,1
DA:330,1
DA:331,1
DA:332,1
DA:333,1
DA:337,1
DA:338,1
DA:339,1
DA:340,1
DA:343,1
DA:344,1
DA:345,1
DA:346,1
DA:349,1
DA:352,1
DA:353,1
DA:355,1
DA:359,1
DA:360,1
DA:361,1
DA:372,1
DA:373,6
DA:374,1
DA:386,1
DA:388,0
DA:400,1
DA:403,1
DA:414,1
DA:425,1
DA:436,1
DA:447,1
DA:450,2
DA:451,1
DA:453,2
DA:459,1
LF:84
LH:83
end_of_record
TN:
SF:/app/crates/duke-classfile/src/access_flags.rs
FNF:0
DA:5,38
DA:23,2
DA:46,31
DA:64,2
DA:87,40
DA:105,2
LF:6
LH:6
end_of_record
TN:
SF:/app/crates/duke-classfile/src/parser.rs
FN:32,Cursor<'a>::new
FN:37,Cursor<'a>::position
FN:42,Cursor<'a>::remaining
FN:46,Cursor<'a>::read_u8
FN:55,Cursor<'a>::read_u16
FN:62,Cursor<'a>::read_i16
FN:66,Cursor<'a>::read_u32
FN:72,Cursor<'a>::read_i32
FN:76,Cursor<'a>::read_u64
FN:82,Cursor<'a>::read_i64
FN:86,Cursor<'a>::read_f32
FN:90,Cursor<'a>::read_f64
FN:94,Cursor<'a>::read_bytes
FN:103,Cursor<'a>::read_cp_index
FN:132,parse
FN:163,parse_class_file
FN:228,parse_constant_pool
FN:331,parse_field
FN:344,parse_method
FN:361,parse_attributes
FN:370,parse_attribute
FN:398,resolve_attributes
FN:413,decode_known_attribute
FN:487,parse_code_attribute
FN:534,cp_utf8
FNF:25
FNDA:7,Cursor<'a>::new
FNDA:6,Cursor<'a>::position
FNDA:1,Cursor<'a>::remaining
FNDA:7,Cursor<'a>::read_u8
FNDA:6,Cursor<'a>::read_u16
FNDA:1,Cursor<'a>::read_i16
FNDA:7,Cursor<'a>::read_u32
FNDA:2,Cursor<'a>::read_i32
FNDA:2,Cursor<'a>::read_u64
FNDA:2,Cursor<'a>::read_i64
FNDA:2,Cursor<'a>::read_f32
FNDA:2,Cursor<'a>::read_f64
FNDA:6,Cursor<'a>::read_bytes
FNDA:5,Cursor<'a>::read_cp_index
FNDA:6,parse
FNDA:7,parse_class_file
FNDA:7,parse_constant_pool
FNDA:3,parse_field
FNDA:5,parse_method
FNDA:5,parse_attributes
FNDA:6,parse_attribute
FNDA:8,resolve_attributes
FNDA:7,decode_known_attribute
FNDA:8,parse_code_attribute
FNDA:6,cp_utf8
DA:32,7
DA:37,6
DA:38,7
DA:42,1
DA:43,1
DA:46,7
DA:47,6
DA:48,1
DA:50,14
DA:51,14
DA:52,7
DA:55,6
DA:56,6
DA:57,6
DA:58,7
DA:62,1
DA:63,1
DA:66,7
DA:67,6
DA:68,6
DA:69,6
DA:72,2
DA:73,2
DA:76,2
DA:77,3
DA:78,2
DA:79,3
DA:82,2
DA:83,3
DA:86,2
DA:87,2
DA:90,2
DA:91,3
DA:94,6
DA:95,7
DA:96,1
DA:98,12
DA:99,13
DA:100,6
DA:103,5
DA:104,6
DA:132,6
DA:133,7
DA:134,6
DA:141,6
DA:142,14
DA:143,7
DA:144,7
DA:146,6
DA:147,13
DA:149,7
DA:150,5
DA:151,7
DA:156,7
DA:163,7
DA:165,6
DA:166,6
DA:167,1
DA:170,7
DA:171,6
DA:172,6
DA:173,1
DA:179,6
DA:180,13
DA:182,7
DA:183,7
DA:184,6
DA:187,8
DA:188,7
DA:189,15
DA:190,2
DA:194,8
DA:195,7
DA:196,14
DA:197,7
DA:201,6
DA:202,5
DA:203,11
DA:204,12
DA:208,5
DA:210,8
DA:213,6
DA:217,5
DA:218,6
DA:219,5
DA:228,7
DA:229,7
DA:232,8
DA:233,7
DA:235,8
DA:236,13
DA:237,15
DA:239,5
DA:241,13
DA:242,8
DA:243,7
DA:244,6
DA:246,4
DA:247,4
DA:249,5
DA:250,3
DA:251,2
DA:252,2
DA:256,5
DA:257,3
DA:258,2
DA:259,3
DA:263,13
DA:266,10
DA:269,12
DA:270,6
DA:273,11
DA:274,6
DA:277,4
DA:278,2
DA:281,13
DA:282,6
DA:285,4
DA:286,2
DA:287,1
DA:293,2
DA:297,4
DA:300,2
DA:301,2
DA:304,4
DA:305,2
DA:308,2
DA:311,2
DA:314,1
DA:316,2
DA:320,5
DA:321,7
DA:324,6
DA:331,3
DA:332,4
DA:333,4
DA:334,3
DA:335,4
DA:336,3
DA:344,5
DA:345,6
DA:346,6
DA:347,5
DA:348,7
DA:349,5
DA:361,5
DA:362,12
DA:363,6
DA:364,18
DA:365,12
DA:367,6
DA:370,6
DA:371,7
DA:372,6
DA:375,7
DA:381,6
DA:382,13
DA:383,7
DA:385,6
DA:387,6
DA:398,8
DA:402,14
DA:403,5
DA:404,7
DA:405,7
DA:408,12
DA:410,6
DA:413,7
DA:414,5
DA:416,7
DA:417,2
DA:422,5
DA:423,6
DA:428,13
DA:429,5
DA:430,7
DA:431,6
DA:432,11
DA:433,5
DA:434,6
DA:435,6
DA:439,5
DA:441,7
DA:442,6
DA:443,6
DA:444,12
DA:445,6
DA:446,6
DA:447,6
DA:448,6
DA:449,6
DA:450,6
DA:454,7
DA:456,2
DA:457,2
DA:458,2
DA:459,7
DA:465,3
DA:466,2
DA:467,3
DA:468,5
DA:469,3
DA:470,4
DA:471,3
DA:472,8
DA:473,2
DA:474,2
DA:480,2
DA:482,2
DA:484,8
DA:487,8
DA:488,7
DA:489,8
DA:490,7
DA:491,8
DA:493,23
DA:494,8
DA:495,15
DA:496,1
DA:497,2
DA:498,2
DA:499,1
DA:500,2
DA:507,23
DA:508,7
DA:509,21
DA:510,6
DA:511,7
DA:512,6
DA:513,6
DA:515,7
DA:520,6
DA:523,6
DA:524,7
DA:534,6
DA:535,7
DA:536,6
DA:537,1
DA:539,20
DA:540,1
DA:541,6
DA:542,1
LF:242
LH:242
end_of_record
TN:
SF:/app/crates/duke-gc/src/lib.rs
FN:202,Heap::new
FN:224,Heap::make_obj
FN:250,Heap::allocate
FN:271,Heap::allocate_string
FN:285,Heap::open_host_input_file
FN:304,Heap::open_host_output_file
FN:318,Heap::read_host_file_byte
FN:351,Heap::write_host_file_byte
FN:377,Heap::close_host_file
FN:383,Heap::next_host_handle_id
FN:394,Heap::spawn_host_process
FNF:11
FNDA:8,Heap::new
FNDA:4,Heap::make_obj
FNDA:2,Heap::allocate
FNDA:2,Heap::allocate_string
FNDA:3,Heap::open_host_input_file
FNDA:2,Heap::open_host_output_file
FNDA:2,Heap::read_host_file_byte
FNDA:2,Heap::write_host_file_byte
FNDA:2,Heap::close_host_file
FNDA:3,Heap::next_host_handle_id
FNDA:4,Heap::spawn_host_process
DA:202,8
DA:204,8
DA:206,8
DA:207,8
DA:208,8
DA:211,8
DA:216,8
DA:217,7
DA:224,4
DA:250,2
DA:251,3
DA:252,7
DA:253,2
DA:254,3
DA:255,3
DA:256,3
DA:271,2
DA:272,3
DA:273,5
DA:274,2
DA:275,5
DA:276,3
DA:277,2
DA:285,3
DA:286,12
DA:287,2
DA:288,2
DA:290,0
DA:291,0
DA:294,2
DA:295,4
DA:296,2
DA:297,2
DA:304,2
DA:305,4
DA:306,0
DA:308,2
DA:309,4
DA:310,2
DA:311,2
DA:318,2
DA:319,2
DA:320,1
DA:321,1
DA:324,4
DA:325,2
DA:326,2
DA:327,1
DA:328,1
DA:329,1
DA:331,1
DA:332,1
DA:336,2
DA:337,4
DA:338,2
DA:339,6
DA:340,0
DA:341,0
DA:351,2
DA:352,2
DA:353,1
DA:354,1
DA:357,4
DA:358,2
DA:359,3
DA:360,1
DA:362,1
DA:363,1
DA:368,2
DA:369,2
DA:370,0
DA:377,2
DA:378,2
DA:379,2
DA:383,3
DA:384,2
DA:385,3
DA:394,4
DA:399,2
DA:400,1
DA:401,1
DA:405,6
DA:406,6
DA:407,4
DA:408,2
DA:409,4
DA:410,2
DA:411,3
DA:414,14
DA:415,2
DA:417,5
DA:418,0
DA:419,0
DA:422,4
DA:423,0
DA:424,0
DA:427,5
DA:428,0
DA:429,0
DA:433,4
DA:434,3
DA:435,2
DA:436,4
DA:438,7
DA:440,4
DA:441,4
DA:445,3
DA:446,3
DA:447,3
DA:448,3
DA:449,3
DA:450,3
DA:452,2
DA:461,2
DA:466,6
DA:474,2
DA:475,2
DA:476,2
DA:477,1
DA:478,1
DA:487,2
DA:488,2
DA:489,2
DA:490,1
DA:492,2
DA:493,0
DA:495,2
DA:496,2
DA:497,2
DA:504,2
DA:505,2
DA:506,2
DA:507,2
DA:509,1
DA:512,1
DA:513,0
DA:515,1
DA:516,1
DA:518,0
DA:519,0
DA:520,0
DA:527,2
DA:528,2
DA:529,2
DA:530,1
DA:532,1
DA:535,1
DA:536,0
DA:539,0
DA:540,0
DA:542,1
DA:543,0
DA:552,4
DA:553,8
DA:554,0
DA:555,0
DA:557,1
DA:558,1
DA:561,1
DA:562,4
DA:563,3
DA:564,1
DA:565,3
DA:572,2
DA:573,2
DA:574,1
DA:575,1
DA:576,1
DA:585,2
DA:590,2
DA:591,1
DA:592,1
DA:593,1
DA:602,2
DA:603,2
DA:604,1
DA:605,1
DA:606,0
DA:609,1
DA:610,1
DA:617,1
DA:618,1
DA:619,2
DA:620,1
DA:621,1
DA:629,2
DA:630,8
DA:631,1
DA:632,1
DA:634,1
DA:635,1
DA:638,2
DA:639,4
DA:640,2
DA:641,2
DA:642,2
DA:654,1
DA:656,3
DA:657,2
DA:660,1
DA:661,1
DA:668,2
DA:669,2
DA:670,3
DA:671,1
DA:672,0
DA:674,2
DA:675,0
DA:677,1
DA:678,2
DA:679,1
DA:680,1
DA:681,1
DA:682,1
DA:683,1
DA:684,1
DA:685,1
DA:697,2
DA:698,11
DA:699,2
DA:700,2
DA:702,1
DA:703,1
DA:706,4
DA:707,0
DA:709,2
DA:710,4
DA:711,2
DA:712,2
DA:713,2
DA:714,2
DA:715,2
DA:716,2
DA:717,2
DA:724,3
DA:725,2
DA:726,2
DA:728,6
DA:729,2
DA:730,0
DA:732,0
DA:733,0
DA:739,2
DA:740,2
DA:741,2
DA:742,6
DA:743,1
DA:744,1
DA:746,4
DA:747,2
DA:748,2
DA:772,2
DA:773,2
DA:774,1
DA:775,1
DA:776,2
DA:777,4
DA:778,2
DA:780,2
DA:781,2
DA:782,2
DA:783,6
DA:784,2
DA:807,3
DA:808,3
DA:809,1
DA:810,1
DA:811,1
DA:812,5
DA:813,2
DA:815,3
DA:816,3
DA:817,3
DA:818,9
DA:819,3
DA:838,2
DA:839,2
DA:853,2
DA:854,2
DA:859,1
DA:860,3
DA:867,1
DA:868,1
DA:874,3
DA:875,3
DA:876,3
DA:884,3
DA:885,3
DA:890,3
DA:891,3
DA:916,3
DA:917,8
DA:918,2
DA:920,3
DA:921,3
DA:935,2
DA:936,2
DA:937,2
DA:940,2
DA:942,4
DA:943,4
DA:944,2
DA:946,2
DA:952,2
DA:953,4
DA:954,2
DA:955,2
DA:956,2
DA:957,2
DA:958,6
DA:959,6
DA:965,5
DA:966,4
DA:969,2
DA:973,2
DA:974,2
DA:976,4
DA:979,5
DA:980,6
DA:981,3
DA:982,3
DA:986,6
DA:987,2
DA:988,2
DA:991,3
DA:992,2
DA:994,2
DA:995,3
DA:996,9
DA:997,9
DA:1002,3
DA:1006,3
DA:1007,6
DA:1008,6
DA:1013,3
DA:1014,3
DA:1015,6
DA:1016,4
DA:1019,2
DA:1020,2
DA:1023,3
DA:1035,3
DA:1036,3
DA:1037,3
DA:1041,3
DA:1042,0
DA:1043,0
DA:1044,0
DA:1045,0
DA:1047,5
DA:1048,2
DA:1054,2
DA:1056,6
DA:1057,6
DA:1060,7
DA:1063,2
DA:1066,8
DA:1067,9
DA:1069,3
DA:1071,6
DA:1072,2
DA:1073,3
DA:1080,2
DA:1081,2
DA:1082,3
DA:1085,2
DA:1088,3
DA:1089,8
DA:1092,4
DA:1093,2
DA:1094,5
DA:1097,2
DA:1100,2
DA:1101,2
DA:1104,2
DA:1105,4
DA:1107,2
DA:1111,2
DA:1112,2
DA:1113,6
DA:1114,2
DA:1115,2
DA:1116,2
DA:1117,4
DA:1120,2
DA:1121,1
DA:1126,3
DA:1127,3
DA:1128,9
DA:1129,2
DA:1139,2
DA:1141,2
DA:1144,3
DA:1145,6
DA:1146,5
DA:1149,2
DA:1152,3
DA:1162,2
DA:1163,2
DA:1168,1
DA:1169,1
DA:1173,3
DA:1174,7
DA:1175,4
DA:1176,4
DA:1178,4
DA:1182,4
DA:1183,4
DA:1184,7
DA:1185,3
DA:1186,15
DA:1187,3
DA:1190,3
LF:413
LH:379
end_of_record
TN:
SF:/app/crates/duke-gc/src/mermaid.rs
FN:36,dump_mermaid
FNF:1
FNDA:2,dump_mermaid
DA:36,2
DA:37,2
DA:38,2
DA:41,2
DA:44,2
DA:45,2
DA:46,1
DA:47,1
DA:48,1
DA:49,2
DA:50,2
DA:53,1
DA:58,2
DA:61,2
DA:62,1
DA:63,1
DA:70,2
DA:71,2
DA:72,1
DA:73,1
DA:74,1
DA:75,2
DA:76,2
DA:79,1
DA:84,2
DA:87,2
DA:88,1
DA:89,1
DA:95,2
LF:29
LH:29
end_of_record
TN:
SF:/app/crates/duke-interpreter/src/lib.rs
FN:47,extract_slot_arg
FN:52,extract_ref_arg
FN:60,extract_io_fd
FN:70,extract_io_fd_at
FN:80,extract_int_arg
FN:94,box_primitive_slot
FN:129,extract_long_arg
FN:140,extract_float_arg
FN:151,extract_double_arg
FN:175,native_println_string
FN:200,native_println_int
FN:212,native_println_void
FN:222,path_from_string_slot
FN:236,string_value_from_ref
FN:243,file_path_from_ref
FN:253,file_path_from_this
FN:258,archive_path_from_slot
FN:273,boot_archive_path_from_ref
FN:292,launched_class_loader_archive_path
FN:313,archive_ref_from_slot
FN:328,native_file_init
FN:344,native_file_exists
FN:354,native_file_is_file
FN:364,native_file_is_directory
FN:374,file_stream_id_from_this
FN:384,native_file_input_stream_init
FN:401,native_file_input_stream_read
FN:411,native_file_input_stream_read_bytes
FN:441,native_file_input_stream_close
FN:458,native_file_output_stream_init
FN:475,native_file_output_stream_write
FN:487,native_file_output_stream_write_bytes
FN:508,native_file_output_stream_close
FN:528,native_server_socket_init
FN:549,native_server_socket_accept
FN:573,native_server_socket_get_local_port
FN:589,native_server_socket_close
FN:613,native_socket_init
FN:639,native_socket_get_input_stream
FN:660,native_socket_get_output_stream
FN:681,native_socket_close
FN:701,native_zip_file_init
FN:722,native_jar_file_init_from_file
FN:737,native_jar_file_init_with_mode_and_version
FN:755,native_jar_file_get_manifest
FN:770,native_boot_nested_jar_file_get_manifest
FN:783,allocate_manifest_from_bytes
FN:790,native_boot_jar_file_archive_get_manifest
FN:815,native_boot_archive_get_manifest
FN:836,native_boot_exploded_archive_get_manifest
FN:887,native_zip_file_get_entry
FN:920,native_zip_file_get_input_stream
FN:950,native_zip_file_close
FN:969,native_zip_file_size
FN:982,native_zip_entry_get_name
FN:993,native_zip_entry_get_compressed_size
FN:1014,native_zip_entry_get_size
FN:1035,native_zip_entry_get_method
FN:1047,native_string_length
FN:1060,native_string_equals
FN:1080,native_string_char_at
FN:1101,native_object_init
FN:1112,native_object_get_class
FN:1125,native_object_equals
FN:1137,native_object_hashcode
FN:1152,native_object_tostring
FN:1165,native_object_clone
FN:1191,native_throwable_add_suppressed
FN:1201,native_throwable_init_string
FN:1217,native_throwable_init_string_cause
FN:1241,native_throwable_get_cause
FN:1263,native_throwable_get_message
FN:1282,native_throwable_tostring
FN:1303,make_list_from_slots
FN:1320,native_list_of
FN:1348,make_set_from_slots
FN:1366,native_set_of_factory
FN:1393,native_map_of
FN:1414,native_optional_empty
FN:1426,native_optional_of
FN:1442,native_optional_of_nullable
FN:1455,native_optional_get
FN:1478,native_optional_is_present
FN:1494,native_optional_is_empty
FN:1510,native_optional_or_else
FN:1532,native_optional_or_else_throw
FN:1544,native_arraylist_add_all
FN:1565,native_hashmap_put_all
FN:1586,native_hashmap_compute_if_absent
FN:1630,native_linked_list_init
FN:1640,native_linked_list_init_collection
FN:1662,native_linked_list_size
FN:1672,native_linked_list_add
FN:1682,native_linked_list_get
FN:1693,native_linked_list_add_first
FN:1713,native_linked_list_add_last
FN:1724,native_linked_list_peek_first
FN:1742,native_linked_list_peek_last
FN:1760,native_linked_list_remove_first
FN:1783,native_linked_list_remove_last
FN:1806,native_linked_list_poll
FN:1827,native_linked_list_offer
FN:1837,native_linked_list_is_empty
FN:1847,native_linked_list_iterator
FN:1859,native_hashmap_for_each
FN:1903,native_hashmap_replace_all
FN:1950,compare_treemap_keys
FN:1994,treemap_keys_equal
FN:1999,native_treemap_init
FN:2011,native_treemap_put
FN:2052,native_treemap_get
FN:2075,native_treemap_contains_key
FN:2089,native_treemap_size
FN:2103,native_treemap_first_key
FN:2123,native_treemap_last_key
FN:2143,native_treemap_remove
FN:2169,native_treemap_is_empty
FN:2183,native_treemap_head_map
FN:2212,native_treemap_tail_map
FN:2243,native_stack_init
FN:2253,native_stack_push
FN:2265,native_stack_pop
FN:2275,native_stack_peek
FN:2285,native_stack_empty
FN:2295,native_stack_size
FN:2308,native_treeset_init
FN:2323,treeset_slot_sort_key
FN:2358,TreeSortKey::less_than
FN:2367,native_treeset_add
FN:2410,native_treeset_contains
FN:2442,native_treeset_size
FN:2456,native_treeset_first
FN:2472,native_treeset_last
FN:2492,native_treeset_is_empty
FN:2506,native_treeset_iterator
FN:2518,native_collections_min
FN:2563,native_collections_max
FN:2609,native_collections_shuffle
FN:2620,native_collections_shuffle_random
FN:2630,native_collections_fill
FN:2652,native_stream_of
FN:2670,native_arraylist_stream
FN:2693,native_stream_count
FN:2708,native_stream_filter
FN:2750,native_stream_map
FN:2792,native_stream_for_each
FN:2825,native_stream_collect
FN:4077,native_stream_distinct
FN:4105,native_stream_sorted
FN:4155,native_stream_any_match
FN:4190,native_stream_all_match
FN:4225,native_stream_none_match
FN:4261,native_stream_find_first
FN:4283,native_stream_reduce
FN:4325,native_stream_reduce_with_identity
FN:4382,native_stream_to_list
FN:4393,make_joining_collector
FN:4412,native_collectors_joining
FN:4432,native_collectors_joining_no_arg
FN:4444,native_collectors_joining_full
FN:4469,native_collectors_to_list
FN:4481,native_collectors_counting
FN:4494,native_collectors_grouping_by
FN:4507,native_stream_peek
FN:4545,native_stream_to_array
FN:4570,native_stream_limit
FN:4667,native_stream_skip
FN:4695,native_stream_flat_map
FN:4748,make_int_stream
FN:4759,make_optional_int
FN:4771,make_optional
FN:4778,int_stream_elems
FN:4796,native_int_stream_range
FN:4816,native_int_stream_range_closed
FN:4836,native_int_stream_of
FN:4854,native_int_stream_iterate
FN:4898,native_int_stream_count
FN:4914,native_int_stream_sum
FN:4929,native_int_stream_min
FN:4949,native_int_stream_max
FN:4968,native_int_stream_average
FN:4991,native_int_stream_to_array
FN:5007,native_int_stream_filter
FN:5039,native_int_stream_peek
FN:5066,native_int_stream_map
FN:5099,native_int_stream_for_each
FN:5127,native_int_stream_boxed
FN:5149,native_int_stream_map_to_obj
FN:5186,native_int_stream_distinct
FN:5204,native_string_init_copy
FN:5220,native_optional_int_get_as_int
FN:5236,native_optional_int_is_present
FN:5248,native_optional_int_or_else
FN:5266,native_optional_int_of
FN:5281,native_optional_int_empty
FN:5294,native_optional_long_or_else
FN:5316,native_optional_double_or_else
FN:5338,native_optional_double_get_as_double
FN:5356,native_arraydeque_init
FN:5366,native_arraydeque_push
FN:5385,native_arraydeque_pop
FN:5408,native_arraydeque_offer
FN:5419,native_arraydeque_add
FN:5430,native_arraydeque_poll
FN:5451,native_arraydeque_peek
FN:5469,native_arraydeque_size
FN:5479,native_arraydeque_is_empty
FN:5492,native_priorityqueue_init
FN:5502,native_priorityqueue_offer
FN:5555,native_priorityqueue_add
FN:5567,native_priorityqueue_peek
FN:5585,native_priorityqueue_poll
FN:5679,native_priorityqueue_size
FN:5689,native_priorityqueue_is_empty
FN:5702,native_comparator_natural_order
FN:5714,native_comparator_reverse_order
FN:5725,native_natural_order_compare
FN:5752,native_reverse_order_compare
FN:5768,native_comparator_comparing_int
FN:5781,native_comparing_int_compare
FN:5830,native_collections_sort_with_comparator
FN:5853,native_enum_init
FN:5874,native_enum_ordinal
FN:5889,native_enum_name
FN:5906,native_enum_valueof
FN:5943,native_class_get_name
FN:5955,native_class_get_package_name
FN:5975,native_class_desired_assertion_status
FN:5986,native_false_boolean
FN:5996,native_zero_long
FN:6006,native_void_noop
FN:6015,native_class_for_name
FN:6042,native_class_for_name_with_loader
FN:6084,native_class_get_class_loader
FN:6099,native_class_loader_register_as_parallel_capable
FN:6108,allocate_string_backed_object
FN:6119,first_reference_field
FN:6127,string_backed_object_value
FN:6134,path_to_file_url
FN:6149,decode_pct_hex
FN:6158,percent_decode
FN:6178,file_url_to_path
FN:6193,native_class_get_protection_domain
FN:6219,native_protection_domain_get_code_source
FN:6232,native_code_source_get_location
FN:6245,native_url_to_uri
FN:6258,native_url_set_url_stream_handler_factory
FN:6267,native_path_of
FN:6284,native_path_to_file
FN:6302,native_paths_get
FN:6338,native_posix_file_permissions_as_file_attribute
FN:6348,manifest_attribute_value
FN:6360,native_manifest_get_main_attributes
FN:6376,native_attributes_get_value
FN:6401,boot_archive_entry_name
FN:6413,boot_archive_entry_is_directory_flag
FN:6428,native_boot_archive_entry_name
FN:6446,native_boot_archive_entry_is_directory
FN:6458,boot_archive_hashset_add_url
FN:6478,allocate_boot_archive_entry
FN:6491,boot_archive_predicate_accepts
FN:6528,open_boot_archive_reader
FN:6539,archive_file_ref_at
FN:6550,patch_forwarded_slot_if_needed
FN:6556,patch_forwarded_ref_if_needed
FN:6564,native_boot_jar_file_archive_get_class_path_urls
FN:6601,list_directory_children_sorted
FN:6620,exploded_archive_relative_entry_name
FN:6636,native_boot_exploded_archive_get_class_path_urls
FN:6696,native_boot_launched_class_loader_init
FN:6729,native_class_get_declared_method
FN:6765,native_class_get_method
FN:6799,lookup_reflected_constructor
FN:6811,reflected_constructors
FN:6822,native_class_get_declared_field
FN:6857,native_class_get_declared_constructor
FN:6889,native_class_get_field
FN:6921,native_class_get_constructor
FN:6953,native_class_new_instance
FN:6993,native_class_get_declared_methods
FN:7023,native_class_get_declared_constructors
FN:7052,native_class_get_methods
FN:7079,native_class_get_constructors
FN:7108,native_class_get_declared_fields
FN:7137,native_class_get_fields
FN:7164,native_reflect_method_get_name
FN:7174,native_reflect_constructor_get_name
FN:7187,native_reflect_method_get_return_type
FN:7204,native_reflect_field_get_type
FN:7221,native_reflection_member_get_declaring_class
FN:7233,native_reflect_method_get_parameter_count
FN:7245,native_reflect_executable_get_parameter_types
FN:7275,native_reflect_field_get_name
FN:7285,native_reflection_member_set_accessible
FN:7301,native_reflect_field_get
FN:7341,native_reflect_field_set
FN:7381,native_reflect_method_invoke
FN:7428,native_reflect_constructor_new_instance
FN:7471,native_string_value_of_int
FN:7484,native_print_string
FN:7511,native_print_int
FN:7526,native_println_long
FN:7537,native_println_float
FN:7548,native_println_double
FN:7559,native_println_boolean
FN:7570,native_println_char
FN:7587,heap_object_to_string
FN:7630,native_println_object
FN:7655,native_print_long
FN:7666,native_print_float
FN:7677,native_print_double
FN:7688,native_print_boolean
FN:7699,native_print_char
FN:7711,native_print_object
FN:7736,native_system_exit
FN:7752,system_property_overrides
FN:7756,system_property_value
FN:7794,native_system_get_property
FN:7808,native_system_set_property
FN:7829,native_system_get_property_with_default
FN:7846,native_system_line_separator
FN:7858,native_system_identity_hash_code
FN:7872,system_time_to_epoch_millis
FN:7880,native_system_current_time_millis
FN:7893,monotonic_nano_time_now
FN:7899,native_system_nano_time
FN:7911,native_thread_current_thread
FN:7924,native_thread_init
FN:7937,native_thread_init_runnable
FN:7951,native_thread_start
FN:7962,native_thread_join
FN:7981,native_thread_sleep
FN:8005,native_string_substring
FN:8032,native_string_substring_range
FN:8059,native_string_indexof
FN:8080,native_string_indexof_from
FN:8101,native_string_last_indexof_from
FN:8124,native_string_contains
FN:8143,native_string_isempty
FN:8165,ordering_to_int
FN:8174,native_string_compareto
FN:8184,native_string_compareto_object
FN:8205,native_string_startswith
FN:8223,native_string_endswith
FN:8241,native_string_trim
FN:8256,native_string_tochararray
FN:8275,native_integer_parseint
FN:8286,native_integer_parseint_radix
FN:8297,native_integer_valueof
FN:8310,native_integer_valueof_string
FN:8323,native_integer_valueof_string_radix
FN:8336,native_integer_decode
FN:8349,native_integer_intvalue
FN:8361,native_integer_tostring_static
FN:8373,native_integer_tohexstring_static
FN:8385,native_integer_tooctalstring_static
FN:8397,native_integer_tobinarystring_static
FN:8409,native_integer_tounsignedlong_static
FN:8420,native_integer_compareunsigned_static
FN:8432,native_integer_compareto
FN:8459,native_integer_bitcount
FN:8471,native_integer_leading_zeros
FN:8483,native_integer_trailing_zeros
FN:8495,native_integer_highest_one_bit
FN:8508,native_integer_lowest_one_bit
FN:8520,native_integer_reverse
FN:8532,native_integer_reverse_bytes
FN:8543,native_integer_signum
FN:8554,native_integer_compare_static
FN:8566,native_integer_sum
FN:8578,native_integer_max_static
FN:8590,native_integer_min_static
FN:8609,native_long_bitcount
FN:8625,native_long_leading_zeros
FN:8641,native_long_trailing_zeros
FN:8653,native_long_highest_one_bit
FN:8665,native_long_lowest_one_bit
FN:8677,native_long_reverse
FN:8689,native_long_reverse_bytes
FN:8700,native_long_signum
FN:8711,native_long_compare_static
FN:8723,native_long_sum
FN:8738,native_objects_is_null
FN:8750,native_objects_non_null
FN:8761,native_objects_require_non_null
FN:8774,native_objects_require_non_null_msg
FN:8788,native_objects_equals
FN:8801,native_objects_tostring
FN:8826,native_objects_tostring_default
FN:8864,native_objects_hashcode
FN:8880,native_collections_empty_list
FN:8893,native_collections_empty_set
FN:8905,native_collections_empty_map
FN:8918,native_collections_unmodifiable_list
FN:8949,native_unmodifiable_list_mutation
FN:8962,native_math_random
FN:8981,native_arrays_stream_int
FN:9000,native_arrays_stream_int_range
FN:9027,native_arrays_stream_object
FN:9047,native_comparator_comparing
FN:9060,native_comparing_comparator_compare
FN:9112,native_collectors_to_set
FN:9123,native_collectors_to_map
FN:9139,native_stream_map_to_int
FN:9186,native_int_stream_reduce_identity
FN:9225,native_int_stream_reduce_optional
FN:9268,native_stream_min_comparator
FN:9279,native_stream_max_comparator
FN:9289,stream_min_max_by_comparator
FN:9342,native_arrays_sort_objects
FN:9369,compare_slots_natural
FN:9400,native_string_init_from_chars
FN:9425,native_string_value_of_char_array
FN:9452,native_collections_singleton_list
FN:9466,native_collections_reverse
FN:9484,native_collections_frequency
FN:9507,native_string_value_of_long
FN:9519,native_string_value_of_double
FN:9531,native_string_value_of_float
FN:9543,native_string_value_of_boolean
FN:9563,native_string_value_of_char
FN:9583,native_string_value_of_object
FN:9609,native_string_concat
FN:9629,apply_format_width
FN:9650,format_arg
FN:9815,format_scientific
FN:9834,native_string_format
FN:9941,native_string_touppercase
FN:9954,native_string_tolowercase
FN:9968,native_string_replace_char
FN:9984,native_string_replace_charsequence
FN:10010,native_string_split
FN:10050,native_string_split_limit
FN:10103,native_string_hashcode
FN:10120,native_string_tostring
FN:10132,native_math_max_int
FN:10144,native_math_min_int
FN:10156,native_math_abs_int
FN:10167,native_math_floor_mod_int
FN:10190,native_math_sqrt
FN:10201,native_math_pow
FN:10213,native_math_floor
FN:10224,native_math_ceil
FN:10236,native_math_round_double
FN:10247,native_math_abs_long
FN:10258,native_math_abs_double
FN:10269,native_math_max_long
FN:10281,native_math_min_long
FN:10293,native_math_max_double
FN:10305,native_math_min_double
FN:10319,native_math_sin
FN:10330,native_math_cos
FN:10341,native_math_tan
FN:10352,native_math_asin
FN:10363,native_math_acos
FN:10374,native_math_atan
FN:10385,native_math_atan2
FN:10397,native_math_log
FN:10408,native_math_log10
FN:10419,native_math_exp
FN:10430,native_math_signum_double
FN:10442,native_math_signum_float
FN:10453,native_math_to_radians
FN:10464,native_math_to_degrees
FN:10475,native_math_cbrt
FN:10486,native_math_hypot
FN:10498,native_math_floor_div_int
FN:10516,native_math_round_float
FN:10531,native_system_arraycopy
FN:10594,native_map_entry_get_key
FN:10611,native_map_entry_get_value
FN:10628,native_hashmap_key_set
FN:10649,native_hashmap_values
FN:10670,native_hashmap_entry_set
FN:10707,native_long_parselong
FN:10718,native_long_parselong_radix
FN:10729,native_long_valueof
FN:10742,native_long_valueof_string
FN:10755,native_long_valueof_string_radix
FN:10768,native_long_decode
FN:10781,native_long_longvalue
FN:10794,native_long_intvalue
FN:10811,native_long_tostring_static
FN:10823,native_long_tohexstring_static
FN:10843,native_long_tooctalstring_static
FN:10863,native_long_tobinarystring_static
FN:10883,native_long_compareunsigned_static
FN:10895,native_long_compareto
FN:10921,native_double_parsedouble
FN:10945,native_double_valueof
FN:10958,native_double_doublevalue
FN:10971,native_float_valueof
FN:10983,native_float_floatvalue
FN:10994,native_float_compareto
FN:11018,native_float_parsefloat
FN:11043,native_boolean_valueof
FN:11055,native_boolean_booleanvalue
FN:11066,native_boolean_compareto
FN:11090,native_boolean_parseboolean
FN:11110,parse_bounded_i32_from_string_arg
FN:11120,parse_bounded_i32_from_string_and_radix_args
FN:11131,parse_bounded_i32_with_radix
FN:11143,parse_i64_from_string_arg
FN:11148,parse_i64_from_string_and_radix_args
FN:11154,parse_i64_with_radix
FN:11160,parse_i32_decode_from_string_arg
FN:11173,parse_i64_decode_from_string_arg
FN:11186,parse_i128_decode
FN:11224,extract_string_arg_value
FN:11229,extract_parse_radix_arg
FN:11239,native_byte_parsebyte
FN:11250,native_byte_parsebyte_radix
FN:11265,native_byte_valueof
FN:11277,native_byte_valueof_string
FN:11290,native_byte_valueof_string_radix
FN:11307,native_byte_bytevalue
FN:11318,native_byte_compareto
FN:11341,native_short_parseshort
FN:11352,native_short_parseshort_radix
FN:11367,native_short_valueof
FN:11379,native_short_valueof_string
FN:11392,native_short_valueof_string_radix
FN:11409,native_short_shortvalue
FN:11420,native_short_compareto
FN:11443,native_char_compareto
FN:11468,native_char_digit
FN:11490,execute_string_concat_recipe
FN:11526,stringify_slot
FN:11561,format_java_float
FN:11573,format_java_double
FN:11606,execute
FN:12773,ensure_initialized
FN:12822,primitive_wrapper_type_descriptor
FN:12837,initialize_primitive_wrapper_type_field
FN:12872,FramePool::new
FN:12878,FramePool::acquire
FN:12885,FramePool::release
FN:12943,callback_invoke_registered_lambda
FN:13041,<impl CallbackOps for InterpreterCallbackOps<'_>>::invoke
FN:13074,<impl CallbackOps for InterpreterCallbackOps<'_>>::ensure_loaded
FN:13089,<impl CallbackOps for InterpreterCallbackOps<'_>>::inspect_class
FN:13093,<impl CallbackOps for InterpreterCallbackOps<'_>>::ensure_class_initialized
FN:13103,<impl CallbackOps for InterpreterCallbackOps<'_>>::code_source_for_class
FN:13110,<impl CallbackOps for InterpreterCallbackOps<'_>>::ensure_loaded_with_runtime_loader
FN:13130,<impl CallbackOps for InterpreterCallbackOps<'_>>::instance_field_slot
FN:13134,<impl CallbackOps for InterpreterCallbackOps<'_>>::read_instance_field
FN:13157,<impl CallbackOps for InterpreterCallbackOps<'_>>::write_instance_field
FN:13182,<impl CallbackOps for InterpreterCallbackOps<'_>>::read_static_field
FN:13190,<impl CallbackOps for InterpreterCallbackOps<'_>>::write_static_field
FN:13199,<impl CallbackOps for InterpreterCallbackOps<'_>>::runtime_loader_for_class
FN:13203,<impl CallbackOps for InterpreterCallbackOps<'_>>::class_key_for_loaded_class
FN:13207,<impl CallbackOps for InterpreterCallbackOps<'_>>::class_key_for_runtime_loader
FN:13223,<impl CallbackOps for InterpreterCallbackOps<'_>>::class_key_from_source
FN:13231,<impl CallbackOps for InterpreterCallbackOps<'_>>::allocate_instance
FN:13242,ExecutionState::new
FNF:555
FNDA:2,extract_slot_arg
FNDA:3,extract_ref_arg
FNDA:1,extract_io_fd
FNDA:2,extract_io_fd_at
FNDA:2,extract_int_arg
FNDA:1,box_primitive_slot
FNDA:1,extract_long_arg
FNDA:1,extract_float_arg
FNDA:1,extract_double_arg
FNDA:1,native_println_string
FNDA:1,native_println_int
FNDA:1,native_println_void
FNDA:1,path_from_string_slot
FNDA:1,string_value_from_ref
FNDA:1,file_path_from_ref
FNDA:1,file_path_from_this
FNDA:1,archive_path_from_slot
FNDA:1,boot_archive_path_from_ref
FNDA:1,launched_class_loader_archive_path
FNDA:1,archive_ref_from_slot
FNDA:1,native_file_init
FNDA:1,native_file_exists
FNDA:1,native_file_is_file
FNDA:1,native_file_is_directory
FNDA:1,file_stream_id_from_this
FNDA:1,native_file_input_stream_init
FNDA:1,native_file_input_stream_read
FNDA:1,native_file_input_stream_read_bytes
FNDA:1,native_file_input_stream_close
FNDA:2,native_file_output_stream_init
FNDA:1,native_file_output_stream_write
FNDA:1,native_file_output_stream_write_bytes
FNDA:1,native_file_output_stream_close
FNDA:1,native_server_socket_init
FNDA:0,native_server_socket_accept
FNDA:1,native_server_socket_get_local_port
FNDA:1,native_server_socket_close
FNDA:1,native_socket_init
FNDA:1,native_socket_get_input_stream
FNDA:1,native_socket_get_output_stream
FNDA:2,native_socket_close
FNDA:1,native_zip_file_init
FNDA:4,native_jar_file_init_from_file
FNDA:0,native_jar_file_init_with_mode_and_version
FNDA:1,native_jar_file_get_manifest
FNDA:0,native_boot_nested_jar_file_get_manifest
FNDA:1,allocate_manifest_from_bytes
FNDA:1,native_boot_jar_file_archive_get_manifest
FNDA:0,native_boot_archive_get_manifest
FNDA:1,native_boot_exploded_archive_get_manifest
FNDA:1,native_zip_file_get_entry
FNDA:1,native_zip_file_get_input_stream
FNDA:1,native_zip_file_close
FNDA:1,native_zip_file_size
FNDA:0,native_zip_entry_get_name
FNDA:0,native_zip_entry_get_compressed_size
FNDA:0,native_zip_entry_get_size
FNDA:0,native_zip_entry_get_method
FNDA:1,native_string_length
FNDA:1,native_string_equals
FNDA:1,native_string_char_at
FNDA:3,native_object_init
FNDA:1,native_object_get_class
FNDA:1,native_object_equals
FNDA:1,native_object_hashcode
FNDA:1,native_object_tostring
FNDA:1,native_object_clone
FNDA:0,native_throwable_add_suppressed
FNDA:1,native_throwable_init_string
FNDA:1,native_throwable_init_string_cause
FNDA:1,native_throwable_get_cause
FNDA:1,native_throwable_get_message
FNDA:1,native_throwable_tostring
FNDA:1,make_list_from_slots
FNDA:1,native_list_of
FNDA:1,make_set_from_slots
FNDA:1,native_set_of_factory
FNDA:1,native_map_of
FNDA:1,native_optional_empty
FNDA:1,native_optional_of
FNDA:1,native_optional_of_nullable
FNDA:1,native_optional_get
FNDA:1,native_optional_is_present
FNDA:1,native_optional_is_empty
FNDA:1,native_optional_or_else
FNDA:0,native_optional_or_else_throw
FNDA:1,native_arraylist_add_all
FNDA:1,native_hashmap_put_all
FNDA:1,native_hashmap_compute_if_absent
FNDA:2,native_linked_list_init
FNDA:1,native_linked_list_init_collection
FNDA:1,native_linked_list_size
FNDA:1,native_linked_list_add
FNDA:0,native_linked_list_get
FNDA:1,native_linked_list_add_first
FNDA:1,native_linked_list_add_last
FNDA:1,native_linked_list_peek_first
FNDA:1,native_linked_list_peek_last
FNDA:1,native_linked_list_remove_first
FNDA:1,native_linked_list_remove_last
FNDA:1,native_linked_list_poll
FNDA:1,native_linked_list_offer
FNDA:0,native_linked_list_is_empty
FNDA:1,native_linked_list_iterator
FNDA:1,native_hashmap_for_each
FNDA:1,native_hashmap_replace_all
FNDA:1,compare_treemap_keys
FNDA:1,treemap_keys_equal
FNDA:1,native_treemap_init
FNDA:1,native_treemap_put
FNDA:1,native_treemap_get
FNDA:1,native_treemap_contains_key
FNDA:1,native_treemap_size
FNDA:1,native_treemap_first_key
FNDA:1,native_treemap_last_key
FNDA:0,native_treemap_remove
FNDA:0,native_treemap_is_empty
FNDA:1,native_treemap_head_map
FNDA:1,native_treemap_tail_map
FNDA:1,native_stack_init
FNDA:1,native_stack_push
FNDA:1,native_stack_pop
FNDA:1,native_stack_peek
FNDA:1,native_stack_empty
FNDA:1,native_stack_size
FNDA:1,native_treeset_init
FNDA:1,treeset_slot_sort_key
FNDA:1,TreeSortKey::less_than
FNDA:1,native_treeset_add
FNDA:1,native_treeset_contains
FNDA:1,native_treeset_size
FNDA:1,native_treeset_first
FNDA:1,native_treeset_last
FNDA:0,native_treeset_is_empty
FNDA:0,native_treeset_iterator
FNDA:1,native_collections_min
FNDA:1,native_collections_max
FNDA:1,native_collections_shuffle
FNDA:1,native_collections_shuffle_random
FNDA:1,native_collections_fill
FNDA:1,native_stream_of
FNDA:1,native_arraylist_stream
FNDA:1,native_stream_count
FNDA:1,native_stream_filter
FNDA:1,native_stream_map
FNDA:1,native_stream_for_each
FNDA:2,native_stream_collect
FNDA:1,native_stream_distinct
FNDA:1,native_stream_sorted
FNDA:1,native_stream_any_match
FNDA:1,native_stream_all_match
FNDA:1,native_stream_none_match
FNDA:1,native_stream_find_first
FNDA:1,native_stream_reduce
FNDA:1,native_stream_reduce_with_identity
FNDA:1,native_stream_to_list
FNDA:1,make_joining_collector
FNDA:1,native_collectors_joining
FNDA:0,native_collectors_joining_no_arg
FNDA:1,native_collectors_joining_full
FNDA:1,native_collectors_to_list
FNDA:1,native_collectors_counting
FNDA:1,native_collectors_grouping_by
FNDA:1,native_stream_peek
FNDA:1,native_stream_to_array
FNDA:1,native_stream_limit
FNDA:1,native_stream_skip
FNDA:1,native_stream_flat_map
FNDA:1,make_int_stream
FNDA:1,make_optional_int
FNDA:2,make_optional
FNDA:1,int_stream_elems
FNDA:2,native_int_stream_range
FNDA:1,native_int_stream_range_closed
FNDA:1,native_int_stream_of
FNDA:1,native_int_stream_iterate
FNDA:1,native_int_stream_count
FNDA:1,native_int_stream_sum
FNDA:1,native_int_stream_min
FNDA:1,native_int_stream_max
FNDA:1,native_int_stream_average
FNDA:1,native_int_stream_to_array
FNDA:1,native_int_stream_filter
FNDA:1,native_int_stream_peek
FNDA:1,native_int_stream_map
FNDA:1,native_int_stream_for_each
FNDA:1,native_int_stream_boxed
FNDA:1,native_int_stream_map_to_obj
FNDA:1,native_int_stream_distinct
FNDA:1,native_string_init_copy
FNDA:1,native_optional_int_get_as_int
FNDA:1,native_optional_int_is_present
FNDA:1,native_optional_int_or_else
FNDA:1,native_optional_int_of
FNDA:1,native_optional_int_empty
FNDA:0,native_optional_long_or_else
FNDA:1,native_optional_double_or_else
FNDA:1,native_optional_double_get_as_double
FNDA:3,native_arraydeque_init
FNDA:1,native_arraydeque_push
FNDA:1,native_arraydeque_pop
FNDA:2,native_arraydeque_offer
FNDA:1,native_arraydeque_add
FNDA:1,native_arraydeque_poll
FNDA:1,native_arraydeque_peek
FNDA:1,native_arraydeque_size
FNDA:1,native_arraydeque_is_empty
FNDA:1,native_priorityqueue_init
FNDA:1,native_priorityqueue_offer
FNDA:1,native_priorityqueue_add
FNDA:1,native_priorityqueue_peek
FNDA:1,native_priorityqueue_poll
FNDA:1,native_priorityqueue_size
FNDA:1,native_priorityqueue_is_empty
FNDA:1,native_comparator_natural_order
FNDA:1,native_comparator_reverse_order
FNDA:1,native_natural_order_compare
FNDA:1,native_reverse_order_compare
FNDA:1,native_comparator_comparing_int
FNDA:1,native_comparing_int_compare
FNDA:1,native_collections_sort_with_comparator
FNDA:2,native_enum_init
FNDA:1,native_enum_ordinal
FNDA:1,native_enum_name
FNDA:1,native_enum_valueof
FNDA:2,native_class_get_name
FNDA:1,native_class_get_package_name
FNDA:1,native_class_desired_assertion_status
FNDA:1,native_false_boolean
FNDA:1,native_zero_long
FNDA:1,native_void_noop
FNDA:1,native_class_for_name
FNDA:1,native_class_for_name_with_loader
FNDA:1,native_class_get_class_loader
FNDA:1,native_class_loader_register_as_parallel_capable
FNDA:1,allocate_string_backed_object
FNDA:2,first_reference_field
FNDA:2,string_backed_object_value
FNDA:2,path_to_file_url
FNDA:0,decode_pct_hex
FNDA:2,percent_decode
FNDA:1,file_url_to_path
FNDA:2,native_class_get_protection_domain
FNDA:2,native_protection_domain_get_code_source
FNDA:1,native_code_source_get_location
FNDA:1,native_url_to_uri
FNDA:1,native_url_set_url_stream_handler_factory
FNDA:2,native_path_of
FNDA:1,native_path_to_file
FNDA:4,native_paths_get
FNDA:3,native_posix_file_permissions_as_file_attribute
FNDA:1,manifest_attribute_value
FNDA:1,native_manifest_get_main_attributes
FNDA:1,native_attributes_get_value
FNDA:1,boot_archive_entry_name
FNDA:2,boot_archive_entry_is_directory_flag
FNDA:2,native_boot_archive_entry_name
FNDA:2,native_boot_archive_entry_is_directory
FNDA:2,boot_archive_hashset_add_url
FNDA:1,allocate_boot_archive_entry
FNDA:1,boot_archive_predicate_accepts
FNDA:1,open_boot_archive_reader
FNDA:1,archive_file_ref_at
FNDA:1,patch_forwarded_slot_if_needed
FNDA:1,patch_forwarded_ref_if_needed
FNDA:1,native_boot_jar_file_archive_get_class_path_urls
FNDA:1,list_directory_children_sorted
FNDA:1,exploded_archive_relative_entry_name
FNDA:1,native_boot_exploded_archive_get_class_path_urls
FNDA:2,native_boot_launched_class_loader_init
FNDA:1,native_class_get_declared_method
FNDA:1,native_class_get_method
FNDA:1,lookup_reflected_constructor
FNDA:3,reflected_constructors
FNDA:1,native_class_get_declared_field
FNDA:1,native_class_get_declared_constructor
FNDA:1,native_class_get_field
FNDA:1,native_class_get_constructor
FNDA:1,native_class_new_instance
FNDA:1,native_class_get_declared_methods
FNDA:1,native_class_get_declared_constructors
FNDA:1,native_class_get_methods
FNDA:1,native_class_get_constructors
FNDA:1,native_class_get_declared_fields
FNDA:1,native_class_get_fields
FNDA:1,native_reflect_method_get_name
FNDA:1,native_reflect_constructor_get_name
FNDA:1,native_reflect_method_get_return_type
FNDA:1,native_reflect_field_get_type
FNDA:1,native_reflection_member_get_declaring_class
FNDA:1,native_reflect_method_get_parameter_count
FNDA:1,native_reflect_executable_get_parameter_types
FNDA:1,native_reflect_field_get_name
FNDA:1,native_reflection_member_set_accessible
FNDA:1,native_reflect_field_get
FNDA:1,native_reflect_field_set
FNDA:1,native_reflect_method_invoke
FNDA:1,native_reflect_constructor_new_instance
FNDA:1,native_string_value_of_int
FNDA:1,native_print_string
FNDA:1,native_print_int
FNDA:1,native_println_long
FNDA:1,native_println_float
FNDA:1,native_println_double
FNDA:1,native_println_boolean
FNDA:1,native_println_char
FNDA:1,heap_object_to_string
FNDA:2,native_println_object
FNDA:1,native_print_long
FNDA:1,native_print_float
FNDA:1,native_print_double
FNDA:1,native_print_boolean
FNDA:1,native_print_char
FNDA:1,native_print_object
FNDA:1,native_system_exit
FNDA:3,system_property_overrides
FNDA:3,system_property_value
FNDA:1,native_system_get_property
FNDA:1,native_system_set_property
FNDA:1,native_system_get_property_with_default
FNDA:1,native_system_line_separator
FNDA:1,native_system_identity_hash_code
FNDA:1,system_time_to_epoch_millis
FNDA:1,native_system_current_time_millis
FNDA:1,monotonic_nano_time_now
FNDA:1,native_system_nano_time
FNDA:1,native_thread_current_thread
FNDA:1,native_thread_init
FNDA:1,native_thread_init_runnable
FNDA:1,native_thread_start
FNDA:1,native_thread_join
FNDA:1,native_thread_sleep
FNDA:1,native_string_substring
FNDA:1,native_string_substring_range
FNDA:1,native_string_indexof
FNDA:1,native_string_indexof_from
FNDA:0,native_string_last_indexof_from
FNDA:1,native_string_contains
FNDA:1,native_string_isempty
FNDA:1,ordering_to_int
FNDA:1,native_string_compareto
FNDA:1,native_string_compareto_object
FNDA:1,native_string_startswith
FNDA:1,native_string_endswith
FNDA:1,native_string_trim
FNDA:1,native_string_tochararray
FNDA:1,native_integer_parseint
FNDA:1,native_integer_parseint_radix
FNDA:2,native_integer_valueof
FNDA:1,native_integer_valueof_string
FNDA:1,native_integer_valueof_string_radix
FNDA:1,native_integer_decode
FNDA:2,native_integer_intvalue
FNDA:1,native_integer_tostring_static
FNDA:1,native_integer_tohexstring_static
FNDA:1,native_integer_tooctalstring_static
FNDA:1,native_integer_tobinarystring_static
FNDA:1,native_integer_tounsignedlong_static
FNDA:1,native_integer_compareunsigned_static
FNDA:1,native_integer_compareto
FNDA:2,native_integer_bitcount
FNDA:1,native_integer_leading_zeros
FNDA:1,native_integer_trailing_zeros
FNDA:1,native_integer_highest_one_bit
FNDA:1,native_integer_lowest_one_bit
FNDA:1,native_integer_reverse
FNDA:0,native_integer_reverse_bytes
FNDA:1,native_integer_signum
FNDA:0,native_integer_compare_static
FNDA:1,native_integer_sum
FNDA:0,native_integer_max_static
FNDA:0,native_integer_min_static
FNDA:1,native_long_bitcount
FNDA:1,native_long_leading_zeros
FNDA:1,native_long_trailing_zeros
FNDA:1,native_long_highest_one_bit
FNDA:1,native_long_lowest_one_bit
FNDA:0,native_long_reverse
FNDA:0,native_long_reverse_bytes
FNDA:1,native_long_signum
FNDA:0,native_long_compare_static
FNDA:1,native_long_sum
FNDA:1,native_objects_is_null
FNDA:1,native_objects_non_null
FNDA:1,native_objects_require_non_null
FNDA:1,native_objects_require_non_null_msg
FNDA:1,native_objects_equals
FNDA:0,native_objects_tostring
FNDA:1,native_objects_tostring_default
FNDA:1,native_objects_hashcode
FNDA:1,native_collections_empty_list
FNDA:1,native_collections_empty_set
FNDA:1,native_collections_empty_map
FNDA:1,native_collections_unmodifiable_list
FNDA:1,native_unmodifiable_list_mutation
FNDA:1,native_math_random
FNDA:1,native_arrays_stream_int
FNDA:1,native_arrays_stream_int_range
FNDA:1,native_arrays_stream_object
FNDA:1,native_comparator_comparing
FNDA:1,native_comparing_comparator_compare
FNDA:1,native_collectors_to_set
FNDA:1,native_collectors_to_map
FNDA:1,native_stream_map_to_int
FNDA:1,native_int_stream_reduce_identity
FNDA:1,native_int_stream_reduce_optional
FNDA:1,native_stream_min_comparator
FNDA:1,native_stream_max_comparator
FNDA:1,stream_min_max_by_comparator
FNDA:1,native_arrays_sort_objects
FNDA:1,compare_slots_natural
FNDA:1,native_string_init_from_chars
FNDA:1,native_string_value_of_char_array
FNDA:1,native_collections_singleton_list
FNDA:1,native_collections_reverse
FNDA:1,native_collections_frequency
FNDA:1,native_string_value_of_long
FNDA:1,native_string_value_of_double
FNDA:0,native_string_value_of_float
FNDA:1,native_string_value_of_boolean
FNDA:1,native_string_value_of_char
FNDA:2,native_string_value_of_object
FNDA:1,native_string_concat
FNDA:1,apply_format_width
FNDA:2,format_arg
FNDA:1,format_scientific
FNDA:2,native_string_format
FNDA:1,native_string_touppercase
FNDA:1,native_string_tolowercase
FNDA:1,native_string_replace_char
FNDA:1,native_string_replace_charsequence
FNDA:1,native_string_split
FNDA:1,native_string_split_limit
FNDA:1,native_string_hashcode
FNDA:1,native_string_tostring
FNDA:1,native_math_max_int
FNDA:1,native_math_min_int
FNDA:1,native_math_abs_int
FNDA:1,native_math_floor_mod_int
FNDA:1,native_math_sqrt
FNDA:1,native_math_pow
FNDA:1,native_math_floor
FNDA:1,native_math_ceil
FNDA:1,native_math_round_double
FNDA:1,native_math_abs_long
FNDA:1,native_math_abs_double
FNDA:1,native_math_max_long
FNDA:1,native_math_min_long
FNDA:1,native_math_max_double
FNDA:1,native_math_min_double
FNDA:1,native_math_sin
FNDA:1,native_math_cos
FNDA:1,native_math_tan
FNDA:0,native_math_asin
FNDA:0,native_math_acos
FNDA:0,native_math_atan
FNDA:1,native_math_atan2
FNDA:1,native_math_log
FNDA:1,native_math_log10
FNDA:1,native_math_exp
FNDA:1,native_math_signum_double
FNDA:0,native_math_signum_float
FNDA:1,native_math_to_radians
FNDA:1,native_math_to_degrees
FNDA:1,native_math_cbrt
FNDA:1,native_math_hypot
FNDA:0,native_math_floor_div_int
FNDA:1,native_math_round_float
FNDA:1,native_system_arraycopy
FNDA:1,native_map_entry_get_key
FNDA:1,native_map_entry_get_value
FNDA:1,native_hashmap_key_set
FNDA:1,native_hashmap_values
FNDA:1,native_hashmap_entry_set
FNDA:1,native_long_parselong
FNDA:1,native_long_parselong_radix
FNDA:1,native_long_valueof
FNDA:1,native_long_valueof_string
FNDA:1,native_long_valueof_string_radix
FNDA:2,native_long_decode
FNDA:1,native_long_longvalue
FNDA:1,native_long_intvalue
FNDA:0,native_long_tostring_static
FNDA:1,native_long_tohexstring_static
FNDA:1,native_long_tooctalstring_static
FNDA:1,native_long_tobinarystring_static
FNDA:1,native_long_compareunsigned_static
FNDA:1,native_long_compareto
FNDA:1,native_double_parsedouble
FNDA:1,native_double_valueof
FNDA:1,native_double_doublevalue
FNDA:1,native_float_valueof
FNDA:1,native_float_floatvalue
FNDA:1,native_float_compareto
FNDA:1,native_float_parsefloat
FNDA:2,native_boolean_valueof
FNDA:1,native_boolean_booleanvalue
FNDA:1,native_boolean_compareto
FNDA:1,native_boolean_parseboolean
FNDA:1,parse_bounded_i32_from_string_arg
FNDA:1,parse_bounded_i32_from_string_and_radix_args
FNDA:1,parse_bounded_i32_with_radix
FNDA:1,parse_i64_from_string_arg
FNDA:1,parse_i64_from_string_and_radix_args
FNDA:1,parse_i64_with_radix
FNDA:1,parse_i32_decode_from_string_arg
FNDA:1,parse_i64_decode_from_string_arg
FNDA:2,parse_i128_decode
FNDA:1,extract_string_arg_value
FNDA:1,extract_parse_radix_arg
FNDA:1,native_byte_parsebyte
FNDA:1,native_byte_parsebyte_radix
FNDA:1,native_byte_valueof
FNDA:2,native_byte_valueof_string
FNDA:1,native_byte_valueof_string_radix
FNDA:1,native_byte_bytevalue
FNDA:1,native_byte_compareto
FNDA:1,native_short_parseshort
FNDA:1,native_short_parseshort_radix
FNDA:1,native_short_valueof
FNDA:1,native_short_valueof_string
FNDA:1,native_short_valueof_string_radix
FNDA:1,native_short_shortvalue
FNDA:1,native_short_compareto
FNDA:1,native_char_compareto
FNDA:1,native_char_digit
FNDA:1,execute_string_concat_recipe
FNDA:1,stringify_slot
FNDA:1,format_java_float
FNDA:1,format_java_double
FNDA:1,execute
FNDA:1,ensure_initialized
FNDA:3,primitive_wrapper_type_descriptor
FNDA:3,initialize_primitive_wrapper_type_field
FNDA:1,FramePool::new
FNDA:1,FramePool::acquire
FNDA:3,FramePool::release
FNDA:2,callback_invoke_registered_lambda
FNDA:2,<impl CallbackOps for InterpreterCallbackOps<'_>>::invoke
FNDA:1,<impl CallbackOps for InterpreterCallbackOps<'_>>::ensure_loaded
FNDA:1,<impl CallbackOps for InterpreterCallbackOps<'_>>::inspect_class
FNDA:1,<impl CallbackOps for InterpreterCallbackOps<'_>>::ensure_class_initialized
FNDA:1,<impl CallbackOps for InterpreterCallbackOps<'_>>::code_source_for_class
FNDA:1,<impl CallbackOps for InterpreterCallbackOps<'_>>::ensure_loaded_with_runtime_loader
FNDA:1,<impl CallbackOps for InterpreterCallbackOps<'_>>::instance_field_slot
FNDA:1,<impl CallbackOps for InterpreterCallbackOps<'_>>::read_instance_field
FNDA:1,<impl CallbackOps for InterpreterCallbackOps<'_>>::write_instance_field
FNDA:1,<impl CallbackOps for InterpreterCallbackOps<'_>>::read_static_field
FNDA:1,<impl CallbackOps for InterpreterCallbackOps<'_>>::write_static_field
FNDA:1,<impl CallbackOps for InterpreterCallbackOps<'_>>::runtime_loader_for_class
FNDA:1,<impl CallbackOps for InterpreterCallbackOps<'_>>::class_key_for_loaded_class
FNDA:1,<impl CallbackOps for InterpreterCallbackOps<'_>>::class_key_for_runtime_loader
FNDA:1,<impl CallbackOps for InterpreterCallbackOps<'_>>::class_key_from_source
FNDA:1,<impl CallbackOps for InterpreterCallbackOps<'_>>::allocate_instance
FNDA:2,ExecutionState::new
DA:47,2
DA:48,2
DA:52,3
DA:53,4
DA:54,1
DA:55,1
DA:60,1
DA:61,1
DA:62,1
DA:63,1
DA:64,1
DA:70,2
DA:71,2
DA:72,1
DA:73,1
DA:74,1
DA:80,2
DA:81,1
DA:82,2
DA:83,2
DA:84,0
DA:85,0
DA:94,1
DA:95,1
DA:96,0
DA:97,0
DA:98,0
DA:99,0
DA:101,0
DA:103,0
DA:104,0
DA:105,0
DA:106,0
DA:108,0
DA:110,0
DA:111,0
DA:112,0
DA:113,0
DA:115,0
DA:117,0
DA:118,0
DA:119,0
DA:120,0
DA:122,0
DA:124,1
DA:129,1
DA:130,1
DA:131,1
DA:132,1
DA:133,0
DA:134,0
DA:140,1
DA:141,1
DA:142,1
DA:143,1
DA:144,0
DA:145,0
DA:151,1
DA:152,1
DA:153,1
DA:154,1
DA:155,0
DA:156,0
DA:163,13
DA:166,2
DA:175,1
DA:181,2
DA:182,1
DA:184,1
DA:185,1
DA:188,0
DA:194,1
DA:195,1
DA:196,1
DA:197,1
DA:200,1
DA:206,1
DA:207,1
DA:208,1
DA:212,1
DA:218,1
DA:219,1
DA:222,1
DA:227,1
DA:228,2
DA:229,1
DA:232,1
DA:233,2
DA:236,1
DA:237,1
DA:240,1
DA:243,1
DA:244,2
DA:245,1
DA:246,0
DA:248,1
DA:253,1
DA:254,1
DA:255,1
DA:258,1
DA:263,1
DA:264,1
DA:266,1
DA:267,1
DA:268,1
DA:269,1
DA:273,1
DA:278,1
DA:279,2
DA:280,1
DA:281,2
DA:282,1
DA:284,2
DA:285,2
DA:286,1
DA:288,1
DA:292,1
DA:297,1
DA:300,1
DA:307,1
DA:308,0
DA:310,1
DA:313,1
DA:318,2
DA:319,1
DA:320,1
DA:321,1
DA:328,1
DA:334,1
DA:335,1
DA:336,1
DA:337,1
DA:338,0
DA:340,1
DA:341,1
DA:344,1
DA:350,1
DA:351,2
DA:354,1
DA:360,1
DA:361,2
DA:364,1
DA:370,1
DA:371,2
DA:374,1
DA:375,1
DA:376,1
DA:377,1
DA:378,1
DA:379,1
DA:384,1
DA:390,1
DA:391,1
DA:392,4
DA:393,2
DA:394,2
DA:395,0
DA:397,2
DA:398,2
DA:401,1
DA:407,1
DA:408,1
DA:411,1
DA:417,1
DA:418,1
DA:419,1
DA:420,1
DA:421,0
DA:424,1
DA:425,3
DA:426,1
DA:427,1
DA:430,1
DA:431,1
DA:434,2
DA:435,0
DA:437,1
DA:441,1
DA:447,1
DA:448,1
DA:449,1
DA:450,1
DA:451,1
DA:452,0
DA:454,1
DA:455,1
DA:458,2
DA:464,1
DA:465,1
DA:466,2
DA:467,1
DA:468,1
DA:469,0
DA:471,1
DA:472,1
DA:475,1
DA:481,1
DA:482,1
DA:483,1
DA:484,1
DA:487,1
DA:493,1
DA:494,1
DA:495,1
DA:496,3
DA:497,2
DA:498,0
DA:503,2
DA:505,1
DA:508,1
DA:514,1
DA:515,1
DA:516,1
DA:517,1
DA:518,1
DA:519,0
DA:521,1
DA:522,1
DA:528,1
DA:534,1
DA:535,1
DA:536,1
DA:537,2
DA:538,1
DA:539,1
DA:540,1
DA:541,0
DA:543,2
DA:544,1
DA:545,1
DA:549,0
DA:555,0
DA:556,0
DA:557,0
DA:559,0
DA:560,0
DA:564,0
DA:566,0
DA:567,0
DA:568,0
DA:569,0
DA:573,1
DA:579,1
DA:580,1
DA:581,1
DA:582,0
DA:583,0
DA:589,1
DA:595,1
DA:596,1
DA:597,2
DA:598,0
DA:600,0
DA:601,0
DA:605,1
DA:606,1
DA:607,1
DA:608,1
DA:609,1
DA:613,1
DA:619,2
DA:620,1
DA:621,2
DA:622,1
DA:625,1
DA:626,2
DA:627,1
DA:628,3
DA:629,1
DA:630,1
DA:631,0
DA:633,2
DA:634,1
DA:635,1
DA:639,1
DA:645,1
DA:646,1
DA:647,1
DA:649,0
DA:650,0
DA:654,1
DA:655,1
DA:656,1
DA:660,1
DA:666,2
DA:667,1
DA:668,2
DA:670,0
DA:671,0
DA:675,2
DA:676,1
DA:677,2
DA:681,2
DA:687,1
DA:688,2
DA:689,2
DA:690,2
DA:691,1
DA:692,2
DA:693,1
DA:694,2
DA:695,1
DA:701,1
DA:707,1
DA:708,1
DA:709,4
DA:710,1
DA:713,2
DA:715,4
DA:716,2
DA:717,1
DA:718,1
DA:722,4
DA:728,1
DA:729,3
DA:730,1
DA:731,4
DA:732,1
DA:733,3
DA:734,1
DA:737,0
DA:744,0
DA:746,0
DA:752,0
DA:755,1
DA:761,1
DA:762,1
DA:763,2
DA:764,0
DA:766,2
DA:767,1
DA:770,0
DA:776,0
DA:783,1
DA:784,1
DA:785,1
DA:786,1
DA:787,1
DA:790,1
DA:796,1
DA:797,3
DA:798,1
DA:800,1
DA:801,1
DA:803,1
DA:804,0
DA:806,0
DA:812,1
DA:815,0
DA:821,0
DA:822,0
DA:823,0
DA:824,0
DA:826,0
DA:827,0
DA:829,0
DA:830,0
DA:831,0
DA:836,1
DA:842,1
DA:843,2
DA:844,1
DA:846,1
DA:849,0
DA:852,3
DA:853,1
DA:855,1
DA:856,1
DA:858,1
DA:859,0
DA:861,0
DA:867,1
DA:868,1
DA:869,1
DA:870,0
DA:871,0
DA:874,0
DA:875,0
DA:879,2
DA:880,1
DA:881,1
DA:882,1
DA:887,1
DA:893,1
DA:894,1
DA:895,1
DA:896,2
DA:897,1
DA:900,1
DA:902,2
DA:903,1
DA:904,0
DA:907,2
DA:908,1
DA:909,1
DA:910,1
DA:911,1
DA:912,1
DA:913,1
DA:914,1
DA:915,1
DA:916,1
DA:920,1
DA:926,1
DA:927,1
DA:928,1
DA:930,2
DA:931,1
DA:932,0
DA:934,2
DA:935,1
DA:938,1
DA:941,2
DA:942,2
DA:943,1
DA:944,1
DA:945,1
DA:946,1
DA:950,1
DA:956,1
DA:957,1
DA:958,1
DA:959,0
DA:961,1
DA:962,1
DA:963,1
DA:964,1
DA:969,1
DA:975,1
DA:976,1
DA:977,1
DA:978,1
DA:982,0
DA:988,0
DA:989,0
DA:993,0
DA:999,0
DA:1000,0
DA:1001,0
DA:1002,0
DA:1003,0
DA:1005,0
DA:1006,0
DA:1007,0
DA:1009,0
DA:1010,0
DA:1014,0
DA:1020,0
DA:1021,0
DA:1022,0
DA:1023,0
DA:1024,0
DA:1026,0
DA:1027,0
DA:1028,0
DA:1030,0
DA:1031,0
DA:1035,0
DA:1041,0
DA:1042,0
DA:1047,1
DA:1053,1
DA:1054,1
DA:1055,1
DA:1056,1
DA:1060,1
DA:1066,1
DA:1067,2
DA:1068,1
DA:1071,1
DA:1072,1
DA:1073,1
DA:1074,1
DA:1075,1
DA:1080,1
DA:1086,1
DA:1087,1
DA:1088,1
DA:1089,1
DA:1090,1
DA:1092,1
DA:1093,1
DA:1095,1
DA:1097,1
DA:1101,3
DA:1107,1
DA:1108,3
DA:1112,1
DA:1118,1
DA:1119,1
DA:1120,2
DA:1121,1
DA:1125,1
DA:1131,1
DA:1132,1
DA:1133,1
DA:1137,1
DA:1143,2
DA:1145,1
DA:1146,0
DA:1152,1
DA:1158,1
DA:1159,2
DA:1160,2
DA:1161,1
DA:1165,1
DA:1171,1
DA:1172,1
DA:1173,1
DA:1174,2
DA:1175,2
DA:1176,2
DA:1177,1
DA:1178,1
DA:1179,1
DA:1180,1
DA:1191,0
DA:1197,0
DA:1201,1
DA:1207,1
DA:1208,2
DA:1209,1
DA:1210,0
DA:1212,1
DA:1213,1
DA:1217,1
DA:1223,1
DA:1224,2
DA:1225,1
DA:1226,0
DA:1228,1
DA:1230,1
DA:1231,2
DA:1232,2
DA:1234,1
DA:1236,1
DA:1241,1
DA:1247,2
DA:1248,1
DA:1249,1
DA:1250,1
DA:1254,1
DA:1255,1
DA:1257,0
DA:1263,1
DA:1269,2
DA:1270,1
DA:1271,2
DA:1272,2
DA:1273,1
DA:1275,1
DA:1277,0
DA:1282,1
DA:1288,1
DA:1289,1
DA:1290,1
DA:1291,1
DA:1292,2
DA:1293,0
DA:1296,2
DA:1297,1
DA:1303,1
DA:1309,2
DA:1310,2
DA:1311,2
DA:1312,1
DA:1314,1
DA:1320,1
DA:1327,1
DA:1328,3
DA:1329,1
DA:1330,1
DA:1331,0
DA:1333,0
DA:1335,1
DA:1338,0
DA:1341,1
DA:1343,2
DA:1344,2
DA:1348,1
DA:1354,1
DA:1355,1
DA:1356,5
DA:1357,1
DA:1359,3
DA:1366,1
DA:1372,1
DA:1373,3
DA:1374,1
DA:1375,2
DA:1376,1
DA:1378,1
DA:1380,1
DA:1383,0
DA:1386,1
DA:1388,2
DA:1389,1
DA:1393,1
DA:1399,1
DA:1400,1
DA:1401,2
DA:1402,4
DA:1403,4
DA:1404,4
DA:1405,2
DA:1406,2
DA:1408,1
DA:1414,1
DA:1420,1
DA:1421,1
DA:1422,1
DA:1426,1
DA:1432,2
DA:1433,1
DA:1434,0
DA:1436,2
DA:1437,1
DA:1438,2
DA:1442,1
DA:1448,1
DA:1449,1
DA:1450,1
DA:1451,1
DA:1455,1
DA:1461,1
DA:1462,1
DA:1463,1
DA:1467,1
DA:1468,1
DA:1469,0
DA:1470,0
DA:1473,1
DA:1478,1
DA:1484,1
DA:1485,3
DA:1486,3
DA:1489,1
DA:1494,1
DA:1500,1
DA:1501,3
DA:1502,3
DA:1505,1
DA:1510,1
DA:1516,1
DA:1517,1
DA:1518,1
DA:1522,1
DA:1523,2
DA:1524,1
DA:1526,1
DA:1528,1
DA:1532,0
DA:1538,0
DA:1544,1
DA:1550,1
DA:1551,1
DA:1552,1
DA:1553,1
DA:1554,0
DA:1556,1
DA:1557,2
DA:1558,3
DA:1559,2
DA:1561,1
DA:1565,1
DA:1571,1
DA:1572,1
DA:1573,1
DA:1575,1
DA:1576,3
DA:1577,2
DA:1578,1
DA:1579,1
DA:1580,1
DA:1582,1
DA:1586,1
DA:1593,1
DA:1594,1
DA:1596,1
DA:1597,1
DA:1598,2
DA:1600,1
DA:1603,1
DA:1604,1
DA:1605,1
DA:1608,1
DA:1611,1
DA:1613,1
DA:1614,2
DA:1617,2
DA:1622,1
DA:1624,0
DA:1630,2
DA:1636,1
DA:1640,1
DA:1646,1
DA:1647,1
DA:1648,1
DA:1649,1
DA:1650,0
DA:1652,1
DA:1653,2
DA:1654,1
DA:1655,2
DA:1656,2
DA:1658,1
DA:1662,1
DA:1668,1
DA:1672,1
DA:1678,2
DA:1682,0
DA:1688,0
DA:1693,1
DA:1699,1
DA:1700,1
DA:1701,1
DA:1702,1
DA:1703,0
DA:1705,1
DA:1707,1
DA:1708,1
DA:1709,1
DA:1713,1
DA:1719,1
DA:1720,1
DA:1724,1
DA:1730,1
DA:1731,1
DA:1732,1
DA:1733,0
DA:1735,1
DA:1736,0
DA:1738,1
DA:1742,1
DA:1748,1
DA:1749,1
DA:1750,1
DA:1751,0
DA:1753,1
DA:1754,0
DA:1756,1
DA:1760,1
DA:1766,1
DA:1767,2
DA:1768,2
DA:1769,0
DA:1771,2
DA:1772,0
DA:1773,0
DA:1776,1
DA:1777,1
DA:1778,2
DA:1779,2
DA:1783,1
DA:1789,1
DA:1790,1
DA:1791,1
DA:1792,0
DA:1794,1
DA:1795,0
DA:1796,0
DA:1799,1
DA:1800,1
DA:1801,1
DA:1802,1
DA:1806,1
DA:1812,1
DA:1813,1
DA:1814,1
DA:1815,0
DA:1817,1
DA:1818,0
DA:1820,1
DA:1821,1
DA:1822,1
DA:1823,1
DA:1827,1
DA:1833,1
DA:1837,0
DA:1843,0
DA:1847,1
DA:1853,1
DA:1859,1
DA:1866,1
DA:1867,1
DA:1868,1
DA:1869,1
DA:1870,0
DA:1873,3
DA:1874,3
DA:1875,2
DA:1876,2
DA:1877,5
DA:1878,1
DA:1879,1
DA:1880,2
DA:1881,6
DA:1882,2
DA:1883,2
DA:1886,3
DA:1887,4
DA:1888,2
DA:1891,1
DA:1894,2
DA:1898,1
DA:1903,1
DA:1910,1
DA:1911,1
DA:1912,1
DA:1913,4
DA:1914,2
DA:1915,0
DA:1918,2
DA:1919,4
DA:1920,1
DA:1921,3
DA:1922,1
DA:1925,4
DA:1926,1
DA:1927,1
DA:1928,6
DA:1929,2
DA:1930,2
DA:1933,2
DA:1936,2
DA:1938,3
DA:1939,2
DA:1943,1
DA:1950,1
DA:1951,2
DA:1952,2
DA:1953,2
DA:1955,1
DA:1956,2
DA:1958,3
DA:1959,1
DA:1960,2
DA:1961,1
DA:1964,0
DA:1965,0
DA:1966,0
DA:1969,0
DA:1970,0
DA:1971,0
DA:1977,0
DA:1979,3
DA:1980,1
DA:1981,0
DA:1982,1
DA:1983,0
DA:1994,1
DA:1995,1
DA:1999,1
DA:2005,1
DA:2006,1
DA:2007,1
DA:2011,1
DA:2017,1
DA:2018,1
DA:2019,1
DA:2020,1
DA:2021,1
DA:2022,0
DA:2025,2
DA:2026,1
DA:2027,1
DA:2028,0
DA:2029,0
DA:2034,1
DA:2035,2
DA:2036,1
DA:2037,1
DA:2038,1
DA:2042,1
DA:2044,1
DA:2045,1
DA:2046,2
DA:2047,2
DA:2048,1
DA:2052,1
DA:2058,1
DA:2059,1
DA:2060,1
DA:2061,1
DA:2062,0
DA:2064,2
DA:2065,1
DA:2066,1
DA:2067,1
DA:2068,1
DA:2071,0
DA:2075,1
DA:2081,3
DA:2082,2
DA:2085,1
DA:2089,1
DA:2095,1
DA:2096,2
DA:2097,1
DA:2098,0
DA:2103,1
DA:2109,1
DA:2110,1
DA:2111,1
DA:2112,0
DA:2114,1
DA:2115,0
DA:2116,0
DA:2119,1
DA:2123,1
DA:2129,1
DA:2130,1
DA:2131,1
DA:2132,0
DA:2134,1
DA:2135,0
DA:2136,0
DA:2139,1
DA:2143,0
DA:2149,0
DA:2150,0
DA:2151,0
DA:2152,0
DA:2153,0
DA:2155,0
DA:2156,0
DA:2157,0
DA:2158,0
DA:2159,0
DA:2160,0
DA:2161,0
DA:2162,0
DA:2165,0
DA:2169,0
DA:2175,0
DA:2176,0
DA:2177,0
DA:2178,0
DA:2183,1
DA:2189,1
DA:2190,1
DA:2191,1
DA:2192,1
DA:2193,0
DA:2195,1
DA:2196,1
DA:2197,1
DA:2198,2
DA:2199,1
DA:2200,1
DA:2201,2
DA:2202,1
DA:2203,1
DA:2204,1
DA:2207,1
DA:2208,1
DA:2212,1
DA:2218,1
DA:2219,1
DA:2220,1
DA:2221,1
DA:2222,0
DA:2224,1
DA:2225,1
DA:2226,1
DA:2227,2
DA:2228,1
DA:2229,1
DA:2230,2
DA:2231,1
DA:2232,1
DA:2233,1
DA:2236,1
DA:2237,1
DA:2243,1
DA:2249,2
DA:2253,1
DA:2259,1
DA:2260,1
DA:2261,1
DA:2265,1
DA:2271,1
DA:2275,1
DA:2281,1
DA:2285,1
DA:2291,1
DA:2295,1
DA:2301,1
DA:2308,1
DA:2314,1
DA:2315,1
DA:2316,1
DA:2323,1
DA:2324,2
DA:2325,0
DA:2326,0
DA:2327,0
DA:2328,0
DA:2329,1
DA:2330,1
DA:2331,1
DA:2332,2
DA:2333,2
DA:2334,1
DA:2335,0
DA:2336,0
DA:2339,1
DA:2340,0
DA:2341,0
DA:2342,0
DA:2344,1
DA:2347,0
DA:2358,1
DA:2359,1
DA:2360,1
DA:2361,1
DA:2362,0
DA:2367,1
DA:2373,1
DA:2374,1
DA:2375,1
DA:2376,2
DA:2377,1
DA:2378,0
DA:2381,1
DA:2382,2
DA:2383,1
DA:2384,2
DA:2385,1
DA:2390,1
DA:2391,1
DA:2392,2
DA:2393,1
DA:2394,2
DA:2395,2
DA:2397,1
DA:2401,1
DA:2403,2
DA:2404,1
DA:2405,1
DA:2406,1
DA:2410,1
DA:2416,1
DA:2417,1
DA:2418,2
DA:2419,1
DA:2420,0
DA:2421,0
DA:2423,2
DA:2424,1
DA:2425,0
DA:2427,1
DA:2428,2
DA:2429,2
DA:2430,3
DA:2431,0
DA:2432,0
DA:2434,2
DA:2435,1
DA:2438,0
DA:2442,1
DA:2448,1
DA:2449,2
DA:2450,1
DA:2451,0
DA:2456,1
DA:2462,1
DA:2463,2
DA:2464,0
DA:2465,0
DA:2467,1
DA:2472,1
DA:2478,1
DA:2479,1
DA:2480,1
DA:2481,0
DA:2483,1
DA:2484,0
DA:2485,0
DA:2488,1
DA:2492,0
DA:2498,0
DA:2499,0
DA:2500,0
DA:2501,0
DA:2506,0
DA:2512,0
DA:2518,1
DA:2525,1
DA:2526,1
DA:2527,1
DA:2528,0
DA:2530,1
DA:2531,0
DA:2532,0
DA:2535,2
DA:2536,0
DA:2538,2
DA:2539,1
DA:2542,1
DA:2543,1
DA:2546,1
DA:2549,2
DA:2550,1
DA:2551,1
DA:2555,3
DA:2556,2
DA:2559,2
DA:2563,1
DA:2570,1
DA:2571,1
DA:2572,1
DA:2573,0
DA:2575,1
DA:2576,0
DA:2577,0
DA:2580,2
DA:2581,0
DA:2583,2
DA:2584,1
DA:2587,1
DA:2588,1
DA:2591,1
DA:2594,2
DA:2595,1
DA:2596,1
DA:2600,2
DA:2601,1
DA:2604,1
DA:2609,1
DA:2615,1
DA:2620,1
DA:2626,1
DA:2630,1
DA:2636,1
DA:2637,1
DA:2638,1
DA:2639,1
DA:2640,0
DA:2642,2
DA:2643,1
DA:2645,1
DA:2652,1
DA:2658,1
DA:2659,1
DA:2660,3
DA:2661,2
DA:2662,2
DA:2663,4
DA:2664,4
DA:2666,3
DA:2670,1
DA:2676,1
DA:2677,1
DA:2678,1
DA:2679,0
DA:2681,1
DA:2683,2
DA:2684,1
DA:2685,2
DA:2686,2
DA:2688,1
DA:2693,1
DA:2699,1
DA:2700,1
DA:2701,1
DA:2702,0
DA:2704,1
DA:2708,1
DA:2715,1
DA:2716,1
DA:2717,2
DA:2718,0
DA:2720,1
DA:2721,1
DA:2722,0
DA:2724,1
DA:2725,2
DA:2726,1
DA:2727,3
DA:2728,1
DA:2731,1
DA:2734,1
DA:2736,1
DA:2737,1
DA:2740,1
DA:2741,1
DA:2742,1
DA:2743,2
DA:2744,2
DA:2746,1
DA:2750,1
DA:2757,1
DA:2758,1
DA:2759,3
DA:2760,0
DA:2762,2
DA:2763,2
DA:2764,0
DA:2766,2
DA:2767,4
DA:2768,4
DA:2769,6
DA:2770,2
DA:2773,2
DA:2776,2
DA:2779,2
DA:2780,2
DA:2782,2
DA:2783,2
DA:2784,3
DA:2785,4
DA:2786,3
DA:2788,2
DA:2792,1
DA:2799,1
DA:2800,1
DA:2801,2
DA:2802,0
DA:2804,1
DA:2805,1
DA:2806,0
DA:2808,1
DA:2809,2
DA:2810,4
DA:2811,1
DA:2814,1
DA:2817,1
DA:2820,1
DA:2825,2
DA:2832,2
DA:2833,2
DA:2834,2
DA:2835,0
DA:2837,2
DA:2841,5
DA:2842,1
DA:2843,2
DA:2846,4
DA:2847,3
DA:2848,1
DA:2849,0
DA:2851,2
DA:2852,2
DA:2853,1
DA:2854,1
DA:2855,3
DA:2857,1
DA:2858,1
DA:2860,3
DA:2862,0
DA:2865,1
DA:2866,1
DA:2867,1
DA:2868,1
DA:2870,3
DA:2871,1
DA:2872,0
DA:2875,2
DA:2876,1
DA:2877,1
DA:2878,4
DA:2880,2
DA:2881,1
DA:2882,1
DA:2883,3
DA:2885,3
DA:2886,1
DA:2887,0
DA:2889,1
DA:2890,1
DA:2894,1
DA:2895,2
DA:2896,0
DA:2898,1
DA:2900,2
DA:2901,1
DA:2902,2
DA:2903,3
DA:2907,1
DA:2910,1
DA:2912,3
DA:2914,1
DA:2915,2
DA:2916,1
DA:2917,0
DA:2919,1
DA:2920,1
DA:2921,4
DA:2922,5
DA:2923,1
DA:2927,4
DA:2929,1
DA:2930,1
DA:2932,1
DA:2934,1
DA:2935,3
DA:2936,1
DA:2937,1
DA:2938,0
DA:2940,1
DA:2941,1
DA:2945,2
DA:2946,1
DA:2947,1
DA:2948,1
DA:2949,2
DA:2951,2
DA:2952,2
DA:2953,2
DA:2956,1
DA:2957,5
DA:2959,2
DA:2960,1
DA:2961,2
DA:2963,2
DA:2964,2
DA:2965,1
DA:2966,0
DA:2968,3
DA:2970,3
DA:2971,2
DA:2972,2
DA:2973,1
DA:2974,0
DA:2976,1
DA:2977,1
DA:2980,1
DA:2981,4
DA:2983,6
DA:2984,2
DA:2985,0
DA:2987,2
DA:2988,2
DA:2992,2
DA:2993,2
DA:2994,2
DA:2998,2
DA:2999,4
DA:3000,0
DA:3002,4
DA:3003,0
DA:3005,2
DA:3006,4
DA:3007,4
DA:3008,2
DA:3009,6
DA:3010,6
DA:3014,2
DA:3017,2
DA:3019,4
DA:3020,5
DA:3024,2
DA:3027,2
DA:3029,2
DA:3031,1
DA:3032,1
DA:3033,1
DA:3034,1
DA:3035,0
DA:3037,1
DA:3038,2
DA:3039,2
DA:3041,2
DA:3042,6
DA:3044,3
DA:3045,2
DA:3046,0
DA:3048,2
DA:3049,1
DA:3053,2
DA:3054,1
DA:3055,1
DA:3059,1
DA:3060,2
DA:3061,0
DA:3063,2
DA:3064,0
DA:3066,1
DA:3067,2
DA:3068,2
DA:3069,1
DA:3070,3
DA:3071,3
DA:3075,1
DA:3078,1
DA:3080,2
DA:3081,3
DA:3085,1
DA:3088,1
DA:3090,2
DA:3091,1
DA:3092,1
DA:3093,1
DA:3094,1
DA:3095,0
DA:3097,1
DA:3098,1
DA:3099,1
DA:3101,1
DA:3102,5
DA:3104,6
DA:3105,1
DA:3106,0
DA:3108,1
DA:3109,1
DA:3113,1
DA:3114,1
DA:3115,1
DA:3119,1
DA:3120,1
DA:3121,1
DA:3125,1
DA:3126,2
DA:3127,0
DA:3129,2
DA:3130,0
DA:3132,2
DA:3133,0
DA:3135,1
DA:3136,2
DA:3137,2
DA:3138,2
DA:3139,1
DA:3140,2
DA:3141,5
DA:3145,1
DA:3148,1
DA:3150,4
DA:3151,6
DA:3155,2
DA:3158,2
DA:3160,2
DA:3161,2
DA:3162,4
DA:3164,3
DA:3165,9
DA:3169,2
DA:3172,3
DA:3174,6
DA:3175,3
DA:3177,3
DA:3178,1
DA:3179,0
DA:3181,2
DA:3182,1
DA:3183,2
DA:3186,3
DA:3187,5
DA:3189,3
DA:3190,1
DA:3191,0
DA:3193,1
DA:3194,1
DA:3198,1
DA:3199,2
DA:3200,0
DA:3202,1
DA:3204,2
DA:3205,1
DA:3206,1
DA:3207,1
DA:3208,3
DA:3209,1
DA:3212,1
DA:3215,1
DA:3217,1
DA:3218,1
DA:3219,1
DA:3220,1
DA:3221,0
DA:3223,1
DA:3224,1
DA:3227,1
DA:3228,1
DA:3229,1
DA:3230,1
DA:3231,1
DA:3232,1
DA:3233,1
DA:3235,1
DA:3236,1
DA:3238,1
DA:3239,1
DA:3241,1
DA:3242,1
DA:3244,1
DA:3245,1
DA:3246,3
DA:3248,3
DA:3249,1
DA:3250,0
DA:3252,1
DA:3253,1
DA:3257,1
DA:3258,1
DA:3259,1
DA:3263,1
DA:3264,2
DA:3265,0
DA:3267,1
DA:3268,1
DA:3269,1
DA:3270,3
DA:3271,1
DA:3274,1
DA:3277,1
DA:3279,1
DA:3280,2
DA:3282,2
DA:3286,1
DA:3290,2
DA:3291,1
DA:3292,1
DA:3293,0
DA:3295,2
DA:3296,2
DA:3298,1
DA:3299,1
DA:3300,1
DA:3303,0
DA:3305,0
DA:3306,0
DA:3307,0
DA:3308,0
DA:3310,0
DA:3311,0
DA:3312,0
DA:3313,0
DA:3314,0
DA:3315,0
DA:3316,0
DA:3318,0
DA:3319,0
DA:3321,0
DA:3323,1
DA:3324,1
DA:3325,1
DA:3326,1
DA:3327,1
DA:3328,1
DA:3329,1
DA:3330,1
DA:3331,1
DA:3333,1
DA:3334,1
DA:3336,1
DA:3337,1
DA:3339,1
DA:3340,1
DA:3342,1
DA:3343,1
DA:3344,3
DA:3346,3
DA:3347,1
DA:3348,0
DA:3350,1
DA:3351,1
DA:3355,1
DA:3356,2
DA:3357,0
DA:3359,1
DA:3360,1
DA:3361,3
DA:3362,1
DA:3365,1
DA:3368,1
DA:3370,2
DA:3371,1
DA:3375,1
DA:3376,1
DA:3377,1
DA:3378,4
DA:3380,3
DA:3381,1
DA:3382,0
DA:3384,1
DA:3385,1
DA:3389,1
DA:3390,2
DA:3391,0
DA:3393,1
DA:3394,1
DA:3395,1
DA:3396,3
DA:3397,1
DA:3400,1
DA:3403,1
DA:3405,2
DA:3406,1
DA:3407,2
DA:3411,2
DA:3412,0
DA:3414,1
DA:3417,1
DA:3418,1
DA:3419,1
DA:3420,4
DA:3422,3
DA:3423,1
DA:3424,0
DA:3426,1
DA:3427,1
DA:3431,1
DA:3432,2
DA:3433,0
DA:3435,1
DA:3436,1
DA:3437,1
DA:3438,1
DA:3439,1
DA:3440,3
DA:3441,1
DA:3444,1
DA:3447,1
DA:3449,2
DA:3450,1
DA:3451,2
DA:3452,1
DA:3454,2
DA:3455,1
DA:3457,2
DA:3460,1
DA:3461,0
DA:3462,0
DA:3465,2
DA:3466,1
DA:3467,1
DA:3468,1
DA:3469,1
DA:3470,1
DA:3471,4
DA:3473,3
DA:3474,1
DA:3475,0
DA:3477,1
DA:3478,1
DA:3482,1
DA:3483,2
DA:3484,0
DA:3486,1
DA:3487,1
DA:3488,3
DA:3489,1
DA:3492,1
DA:3495,1
DA:3497,1
DA:3498,2
DA:3499,0
DA:3504,1
DA:3505,1
DA:3506,1
DA:3507,4
DA:3509,3
DA:3510,1
DA:3511,0
DA:3513,1
DA:3514,1
DA:3518,1
DA:3519,2
DA:3520,0
DA:3522,1
DA:3523,1
DA:3524,1
DA:3525,3
DA:3526,1
DA:3529,1
DA:3532,1
DA:3534,1
DA:3535,1
DA:3536,1
DA:3537,2
DA:3539,0
DA:3540,0
DA:3541,0
DA:3543,0
DA:3544,0
DA:3545,0
DA:3551,1
DA:3553,1
DA:3554,1
DA:3555,1
DA:3556,4
DA:3558,3
DA:3559,2
DA:3560,0
DA:3562,2
DA:3563,2
DA:3567,2
DA:3568,2
DA:3569,2
DA:3573,2
DA:3574,4
DA:3575,0
DA:3577,2
DA:3579,4
DA:3580,6
DA:3581,6
DA:3585,2
DA:3588,2
DA:3590,4
DA:3591,2
DA:3594,2
DA:3595,2
DA:3596,2
DA:3597,4
DA:3598,4
DA:3600,2
DA:3601,4
DA:3602,5
DA:3604,3
DA:3605,1
DA:3606,0
DA:3608,1
DA:3609,1
DA:3613,1
DA:3614,1
DA:3615,1
DA:3619,1
DA:3620,2
DA:3621,0
DA:3623,1
DA:3625,2
DA:3626,1
DA:3627,2
DA:3628,3
DA:3632,1
DA:3635,1
DA:3637,2
DA:3639,1
DA:3640,1
DA:3641,2
DA:3642,1
DA:3643,0
DA:3645,1
DA:3646,1
DA:3647,2
DA:3648,4
DA:3649,1
DA:3653,3
DA:3654,1
DA:3655,1
DA:3657,1
DA:3659,1
DA:3660,3
DA:3661,1
DA:3662,1
DA:3663,0
DA:3665,1
DA:3666,1
DA:3669,2
DA:3670,1
DA:3671,1
DA:3672,1
DA:3673,1
DA:3675,1
DA:3676,1
DA:3677,1
DA:3681,1
DA:3682,1
DA:3683,1
DA:3684,2
DA:3685,1
DA:3686,0
DA:3688,2
DA:3689,1
DA:3690,1
DA:3692,1
DA:3693,1
DA:3694,1
DA:3696,1
DA:3697,1
DA:3700,1
DA:3701,1
DA:3705,1
DA:3706,1
DA:3707,1
DA:3708,0
DA:3710,1
DA:3711,1
DA:3712,1
DA:3714,3
DA:3715,2
DA:3717,1
DA:3718,3
DA:3719,2
DA:3720,1
DA:3721,1
DA:3722,0
DA:3724,1
DA:3725,1
DA:3726,1
DA:3728,1
DA:3729,4
DA:3731,3
DA:3732,1
DA:3733,0
DA:3735,1
DA:3736,1
DA:3740,1
DA:3741,3
DA:3742,0
DA:3743,0
DA:3745,1
DA:3746,1
DA:3747,3
DA:3748,3
DA:3749,5
DA:3753,1
DA:3756,1
DA:3758,2
DA:3759,1
DA:3761,1
DA:3763,2
DA:3764,1
DA:3767,1
DA:3768,1
DA:3769,4
DA:3771,3
DA:3772,1
DA:3773,0
DA:3775,1
DA:3776,1
DA:3780,1
DA:3781,2
DA:3782,0
DA:3783,0
DA:3785,1
DA:3786,1
DA:3787,3
DA:3788,3
DA:3789,5
DA:3793,2
DA:3796,1
DA:3798,4
DA:3799,2
DA:3801,1
DA:3803,2
DA:3804,1
DA:3807,2
DA:3808,2
DA:3809,5
DA:3811,3
DA:3812,1
DA:3813,0
DA:3815,1
DA:3816,1
DA:3820,1
DA:3821,2
DA:3822,0
DA:3824,1
DA:3825,1
DA:3826,3
DA:3827,1
DA:3830,1
DA:3833,1
DA:3835,1
DA:3836,1
DA:3837,0
DA:3838,0
DA:3842,1
DA:3843,1
DA:3844,1
DA:3845,4
DA:3847,3
DA:3848,1
DA:3849,0
DA:3851,1
DA:3852,1
DA:3856,1
DA:3857,2
DA:3858,0
DA:3860,1
DA:3861,1
DA:3862,1
DA:3863,3
DA:3864,1
DA:3867,1
DA:3870,1
DA:3872,1
DA:3873,1
DA:3874,2
DA:3875,1
DA:3877,0
DA:3878,0
DA:3879,0
DA:3885,2
DA:3886,0
DA:3888,1
DA:3890,1
DA:3891,1
DA:3892,1
DA:3893,4
DA:3895,3
DA:3896,1
DA:3897,0
DA:3899,1
DA:3900,1
DA:3904,1
DA:3905,2
DA:3906,0
DA:3908,1
DA:3909,3
DA:3910,1
DA:3912,2
DA:3913,3
DA:3914,4
DA:3915,1
DA:3918,1
DA:3921,1
DA:3923,2
DA:3925,1
DA:3927,2
DA:3928,1
DA:3929,4
DA:3931,3
DA:3932,1
DA:3933,0
DA:3935,1
DA:3936,1
DA:3940,1
DA:3941,1
DA:3942,1
DA:3946,1
DA:3947,2
DA:3948,0
DA:3950,1
DA:3951,1
DA:3952,4
DA:3953,4
DA:3954,1
DA:3957,1
DA:3960,1
DA:3962,2
DA:3964,1
DA:3965,4
DA:3967,3
DA:3968,1
DA:3969,0
DA:3971,1
DA:3972,1
DA:3976,1
DA:3977,1
DA:3978,1
DA:3982,1
DA:3983,1
DA:3984,1
DA:3988,1
DA:3989,2
DA:3990,0
DA:3992,2
DA:3993,0
DA:3995,1
DA:3996,2
DA:3997,1
DA:3998,4
DA:3999,3
DA:4003,1
DA:4006,1
DA:4008,2
DA:4009,4
DA:4010,1
DA:4013,1
DA:4016,1
DA:4018,2
DA:4020,1
DA:4021,4
DA:4023,3
DA:4024,1
DA:4025,0
DA:4027,1
DA:4028,1
DA:4032,1
DA:4033,1
DA:4034,1
DA:4038,1
DA:4039,2
DA:4040,0
DA:4042,1
DA:4044,2
DA:4045,3
DA:4046,2
DA:4048,1
DA:4051,1
DA:4054,2
DA:4056,2
DA:4057,7
DA:4059,4
DA:4060,2
DA:4061,2
DA:4062,2
DA:4064,1
DA:4067,4
DA:4068,3
DA:4069,6
DA:4070,6
DA:4072,3
DA:4077,1
DA:4083,1
DA:4084,1
DA:4085,1
DA:4086,0
DA:4088,1
DA:4089,1
DA:4090,3
DA:4091,4
DA:4092,1
DA:4095,1
DA:4096,1
DA:4097,1
DA:4098,2
DA:4099,2
DA:4101,1
DA:4105,1
DA:4112,1
DA:4113,1
DA:4114,1
DA:4115,0
DA:4117,1
DA:4119,2
DA:4120,1
DA:4121,2
DA:4122,1
DA:4125,1
DA:4128,1
DA:4129,1
DA:4132,1
DA:4135,1
DA:4137,1
DA:4138,1
DA:4139,1
DA:4145,1
DA:4146,1
DA:4147,1
DA:4148,2
DA:4149,2
DA:4151,1
DA:4155,1
DA:4162,1
DA:4163,1
DA:4164,2
DA:4165,0
DA:4167,1
DA:4168,1
DA:4169,0
DA:4171,1
DA:4172,2
DA:4173,3
DA:4174,1
DA:4177,1
DA:4180,1
DA:4182,1
DA:4183,1
DA:4186,1
DA:4190,1
DA:4197,1
DA:4198,1
DA:4199,2
DA:4200,0
DA:4202,1
DA:4203,1
DA:4204,0
DA:4206,1
DA:4207,2
DA:4208,3
DA:4209,1
DA:4212,1
DA:4215,1
DA:4217,1
DA:4218,1
DA:4221,1
DA:4225,1
DA:4232,1
DA:4233,1
DA:4234,2
DA:4235,0
DA:4237,1
DA:4238,1
DA:4239,0
DA:4241,1
DA:4242,2
DA:4243,3
DA:4244,1
DA:4247,1
DA:4250,1
DA:4252,1
DA:4253,1
DA:4256,1
DA:4261,1
DA:4267,1
DA:4268,1
DA:4269,1
DA:4270,0
DA:4272,1
DA:4273,3
DA:4274,1
DA:4275,2
DA:4277,1
DA:4279,2
DA:4283,1
DA:4290,1
DA:4291,1
DA:4292,2
DA:4293,0
DA:4295,1
DA:4296,1
DA:4297,0
DA:4299,1
DA:4300,2
DA:4301,2
DA:4302,1
DA:4303,0
DA:4304,0
DA:4306,2
DA:4307,3
DA:4308,1
DA:4311,1
DA:4314,1
DA:4316,1
DA:4319,1
DA:4320,1
DA:4321,1
DA:4325,1
DA:4332,1
DA:4333,1
DA:4334,1
DA:4335,2
DA:4336,0
DA:4338,1
DA:4339,2
DA:4340,1
DA:4341,0
DA:4343,1
DA:4344,1
DA:4345,4
DA:4346,4
DA:4347,1
DA:4350,1
DA:4353,1
DA:4355,2
DA:4360,1
DA:4361,0
DA:4362,0
DA:4363,0
DA:4364,0
DA:4366,0
DA:4367,0
DA:4368,0
DA:4369,0
DA:4371,0
DA:4372,0
DA:4373,0
DA:4374,0
DA:4376,1
DA:4378,1
DA:4382,1
DA:4389,1
DA:4393,1
DA:4399,1
DA:4400,1
DA:4401,1
DA:4402,1
DA:4403,1
DA:4404,1
DA:4405,1
DA:4406,1
DA:4412,1
DA:4418,2
DA:4419,1
DA:4420,1
DA:4422,3
DA:4424,0
DA:4426,2
DA:4427,1
DA:4432,0
DA:4438,0
DA:4439,0
DA:4444,1
DA:4450,2
DA:4451,2
DA:4452,1
DA:4453,1
DA:4455,3
DA:4457,0
DA:4460,1
DA:4461,1
DA:4462,1
DA:4463,2
DA:4464,1
DA:4469,1
DA:4475,1
DA:4476,1
DA:4481,1
DA:4487,1
DA:4488,1
DA:4494,1
DA:4500,1
DA:4501,1
DA:4502,1
DA:4503,1
DA:4507,1
DA:4514,1
DA:4515,1
DA:4516,2
DA:4517,0
DA:4519,1
DA:4520,1
DA:4521,0
DA:4523,1
DA:4524,2
DA:4525,3
DA:4526,1
DA:4529,1
DA:4532,1
DA:4536,1
DA:4537,1
DA:4538,2
DA:4539,2
DA:4541,1
DA:4545,1
DA:4551,1
DA:4552,1
DA:4553,1
DA:4554,0
DA:4556,1
DA:4558,2
DA:4559,2
DA:4560,2
DA:4562,1
DA:4570,1
DA:4577,1
DA:4578,1
DA:4579,1
DA:4580,0
DA:4581,0
DA:4583,1
DA:4586,2
DA:4587,1
DA:4588,1
DA:4592,1
DA:4593,2
DA:4594,0
DA:4596,1
DA:4597,2
DA:4598,1
DA:4599,1
DA:4600,3
DA:4604,1
DA:4607,1
DA:4609,2
DA:4610,1
DA:4612,1
DA:4615,2
DA:4617,1
DA:4618,1
DA:4622,1
DA:4623,1
DA:4624,1
DA:4628,1
DA:4629,2
DA:4630,0
DA:4632,1
DA:4633,2
DA:4634,1
DA:4635,1
DA:4636,2
DA:4637,2
DA:4638,4
DA:4639,1
DA:4642,1
DA:4645,1
DA:4647,2
DA:4649,1
DA:4652,2
DA:4653,1
DA:4654,0
DA:4656,1
DA:4657,1
DA:4658,2
DA:4659,1
DA:4660,2
DA:4661,2
DA:4663,1
DA:4667,1
DA:4673,1
DA:4674,1
DA:4675,1
DA:4676,0
DA:4677,0
DA:4679,1
DA:4680,1
DA:4681,0
DA:4683,1
DA:4684,2
DA:4685,2
DA:4686,1
DA:4687,1
DA:4688,2
DA:4689,2
DA:4691,1
DA:4695,1
DA:4702,1
DA:4703,1
DA:4704,2
DA:4705,0
DA:4707,1
DA:4708,1
DA:4709,0
DA:4711,1
DA:4712,2
DA:4713,1
DA:4714,3
DA:4715,1
DA:4718,1
DA:4721,1
DA:4723,2
DA:4725,1
DA:4726,1
DA:4727,0
DA:4729,1
DA:4730,1
DA:4733,1
DA:4734,1
DA:4735,1
DA:4736,2
DA:4737,2
DA:4739,1
DA:4748,1
DA:4749,3
DA:4750,2
DA:4751,1
DA:4752,3
DA:4753,3
DA:4759,1
DA:4760,1
DA:4761,2
DA:4762,1
DA:4763,1
DA:4765,1
DA:4771,2
DA:4772,2
DA:4773,2
DA:4778,1
DA:4779,3
DA:4780,1
DA:4781,0
DA:4783,1
DA:4785,2
DA:4786,1
DA:4787,2
DA:4788,4
DA:4789,2
DA:4796,2
DA:4802,1
DA:4803,1
DA:4804,0
DA:4806,1
DA:4807,2
DA:4808,0
DA:4810,2
DA:4811,2
DA:4816,1
DA:4822,1
DA:4823,1
DA:4824,0
DA:4826,1
DA:4827,1
DA:4828,0
DA:4830,1
DA:4831,1
DA:4836,1
DA:4843,1
DA:4844,2
DA:4845,1
DA:4848,3
DA:4850,2
DA:4854,1
DA:4862,1
DA:4863,1
DA:4864,0
DA:4866,1
DA:4867,2
DA:4868,0
DA:4870,0
DA:4873,1
DA:4874,1
DA:4875,1
DA:4876,3
DA:4877,1
DA:4878,3
DA:4882,1
DA:4885,1
DA:4887,2
DA:4888,1
DA:4889,1
DA:4893,2
DA:4898,1
DA:4904,1
DA:4905,1
DA:4906,1
DA:4907,0
DA:4909,1
DA:4914,1
DA:4920,1
DA:4921,2
DA:4924,2
DA:4925,2
DA:4929,1
DA:4935,1
DA:4936,1
DA:4938,2
DA:4939,1
DA:4940,2
DA:4941,1
DA:4943,0
DA:4945,1
DA:4949,1
DA:4955,1
DA:4956,1
DA:4957,2
DA:4958,1
DA:4959,2
DA:4960,1
DA:4962,0
DA:4964,1
DA:4968,1
DA:4974,1
DA:4975,1
DA:4977,2
DA:4978,1
DA:4979,0
DA:4981,4
DA:4983,1
DA:4984,1
DA:4985,1
DA:4987,1
DA:4991,1
DA:4997,1
DA:4998,2
DA:4999,3
DA:5000,6
DA:5001,2
DA:5003,1
DA:5007,1
DA:5014,1
DA:5015,1
DA:5016,2
DA:5017,0
DA:5019,1
DA:5020,2
DA:5021,1
DA:5022,3
DA:5023,1
DA:5026,1
DA:5029,1
DA:5031,1
DA:5032,1
DA:5035,1
DA:5039,1
DA:5046,1
DA:5047,1
DA:5048,1
DA:5049,2
DA:5050,2
DA:5051,3
DA:5052,1
DA:5055,1
DA:5058,1
DA:5062,2
DA:5066,1
DA:5073,1
DA:5074,1
DA:5075,2
DA:5076,0
DA:5078,1
DA:5079,2
DA:5080,1
DA:5081,3
DA:5082,1
DA:5085,1
DA:5088,1
DA:5090,2
DA:5091,1
DA:5092,0
DA:5095,1
DA:5099,1
DA:5106,1
DA:5107,1
DA:5108,2
DA:5109,0
DA:5111,1
DA:5112,2
DA:5113,4
DA:5114,1
DA:5117,1
DA:5120,1
DA:5123,1
DA:5127,1
DA:5133,1
DA:5134,1
DA:5135,2
DA:5136,1
DA:5137,1
DA:5138,2
DA:5139,2
DA:5140,1
DA:5141,2
DA:5143,1
DA:5145,1
DA:5149,1
DA:5156,1
DA:5157,1
DA:5158,2
DA:5159,0
DA:5161,1
DA:5162,2
DA:5163,1
DA:5164,3
DA:5165,1
DA:5168,1
DA:5171,1
DA:5173,1
DA:5175,1
DA:5176,1
DA:5177,1
DA:5178,2
DA:5179,2
DA:5181,1
DA:5186,1
DA:5192,1
DA:5193,1
DA:5194,1
DA:5195,3
DA:5196,2
DA:5197,1
DA:5200,1
DA:5204,1
DA:5210,1
[...]
FNDA:1,ThreadRuntime::records
FNDA:1,ThreadRuntime::allocate_thread_id
FNDA:1,ThreadRuntime::register
FNDA:1,ThreadRuntime::mark_finished
FNDA:1,ThreadRuntime::mark_finished_by_java_ref
DA:23,0
DA:24,0
DA:28,0
DA:33,0
DA:34,0
DA:49,1
DA:59,1
DA:60,1
DA:61,1
DA:63,1
DA:64,1
DA:77,1
DA:78,1
DA:82,1
DA:83,1
DA:87,1
DA:88,1
DA:90,3
DA:95,1
DA:96,1
DA:100,1
DA:101,1
DA:102,1
DA:106,1
DA:107,1
DA:112,1
DA:113,2
DA:116,3
DA:118,0
DA:120,1
DA:125,1
DA:126,2
DA:129,3
DA:131,1
DA:133,1
LF:35
LH:29
end_of_record
TN:
SF:/app/crates/duke-loader/src/bootstrap.rs
FN:16,<impl ClassLoader for ClasspathEntry>::find_class
FN:36,BootstrapLoader::new_for_test
FN:69,BootstrapLoader::new
FN:80,<impl ClassLoader for BootstrapLoader>::find_class
FN:99,classpath_entry_for
FNF:5
FNDA:1,<impl ClassLoader for ClasspathEntry>::find_class
FNDA:1,BootstrapLoader::new_for_test
FNDA:1,BootstrapLoader::new
FNDA:1,<impl ClassLoader for BootstrapLoader>::find_class
FNDA:3,classpath_entry_for
DA:16,1
DA:17,1
DA:18,1
DA:19,1
DA:36,1
DA:38,1
DA:69,1
DA:70,3
DA:71,0
DA:72,0
DA:73,0
DA:75,0
DA:80,1
DA:82,1
DA:83,0
DA:86,2
DA:87,2
DA:88,1
DA:91,1
DA:92,1
DA:99,3
DA:102,5
DA:103,5
DA:104,1
DA:106,2
LF:25
LH:20
end_of_record
TN:
SF:/app/crates/duke-loader/src/directory.rs
FN:33,DirectoryLoader::new
FN:41,<impl ClassLoader for DirectoryLoader>::find_class
FNF:2
FNDA:10,DirectoryLoader::new
FNDA:3,<impl ClassLoader for DirectoryLoader>::find_class
DA:33,10
DA:35,20
DA:41,3
DA:42,3
DA:46,6
DA:47,6
DA:48,3
DA:49,3
DA:50,3
DA:52,2
DA:53,2
DA:57,3
DA:58,6
DA:59,1
DA:60,1
DA:63,6
DA:65,3
DA:67,9
DA:68,3
LF:19
LH:19
end_of_record
TN:
SF:/app/crates/duke-loader/src/jimage.rs
FN:92,JImageReader::empty_for_test
FN:121,JImageReader::open
FN:169,JImageReader::resource_count
FN:178,JImageReader::find_resource
FN:189,JImageReader::read_resource
FN:255,<impl ClassLoader for JImageReader>::find_class
FN:276,parse_header
FN:315,build_index
FN:413,build_jimage_path
FN:447,split_class_name
FN:453,read_str
FN:471,read_be_u64
FN:478,read_u32_le
FNF:13
FNDA:1,JImageReader::empty_for_test
FNDA:2,JImageReader::open
FNDA:1,JImageReader::resource_count
FNDA:0,JImageReader::find_resource
FNDA:1,JImageReader::read_resource
FNDA:1,<impl ClassLoader for JImageReader>::find_class
FNDA:2,parse_header
FNDA:2,build_index
FNDA:1,build_jimage_path
FNDA:1,split_class_name
FNDA:1,read_str
FNDA:3,read_be_u64
FNDA:2,read_u32_le
DA:92,1
DA:94,1
DA:97,1
DA:121,2
DA:122,5
DA:123,2
DA:124,1
DA:127,5
DA:129,2
DA:130,2
DA:131,2
DA:137,2
DA:138,5
DA:139,4
DA:141,6
DA:142,0
DA:143,0
DA:145,0
DA:152,3
DA:156,3
DA:159,3
DA:160,3
DA:169,1
DA:170,1
DA:178,0
DA:179,0
DA:189,1
DA:190,1
DA:191,0
DA:194,1
DA:195,1
DA:197,1
DA:199,1
DA:200,2
DA:202,1
DA:203,1
DA:204,0
DA:207,1
DA:208,1
DA:209,3
DA:211,1
DA:212,1
DA:216,2
DA:218,4
DA:220,2
DA:221,2
DA:222,4
DA:223,3
DA:224,1
DA:225,4
DA:226,2
DA:228,0
DA:230,1
DA:255,1
DA:256,1
DA:257,1
DA:258,2
DA:259,1
DA:260,1
DA:261,1
DA:262,0
DA:265,1
DA:266,1
DA:276,2
DA:277,2
DA:278,1
DA:279,1
DA:283,2
DA:284,2
DA:285,1
DA:286,1
DA:290,2
DA:291,2
DA:292,0
DA:293,0
DA:297,2
DA:298,2
DA:299,2
DA:300,2
DA:301,2
DA:315,2
DA:326,2
DA:327,2
DA:328,2
DA:329,2
DA:331,4
DA:332,2
DA:334,2
DA:335,3
DA:336,2
DA:337,3
DA:338,2
DA:339,3
DA:340,2
DA:342,3
DA:343,2
DA:346,5
DA:347,5
DA:349,5
DA:350,3
DA:352,2
DA:355,3
DA:359,2
DA:360,2
DA:362,3
DA:363,2
DA:364,0
DA:365,3
DA:366,0
DA:367,1
DA:368,1
DA:369,2
DA:375,5
DA:379,1
DA:380,1
DA:381,1
DA:382,2
DA:384,1
DA:385,1
DA:386,1
DA:387,1
DA:388,1
DA:389,1
DA:390,3
DA:391,1
DA:392,2
DA:398,2
DA:413,1
DA:414,1
DA:418,3
DA:419,2
DA:421,2
DA:423,4
DA:424,1
DA:426,2
DA:428,1
DA:430,1
DA:431,1
DA:432,1
DA:433,1
DA:434,1
DA:435,1
DA:436,1
DA:438,1
DA:439,1
DA:440,1
DA:441,1
DA:447,1
DA:448,1
DA:449,3
DA:453,1
DA:454,3
DA:455,0
DA:457,2
DA:458,1
DA:460,1
DA:461,0
DA:463,2
DA:465,4
DA:466,3
DA:467,2
DA:471,3
DA:472,2
DA:473,2
DA:474,3
DA:475,2
DA:478,2
DA:479,2
LF:168
LH:153
end_of_record
TN:
SF:/app/crates/duke-loader/src/manifest.rs
FN:8,parse_main_class
FNF:1
FNDA:1,parse_main_class
DA:8,1
DA:9,1
DA:10,2
DA:11,2
DA:12,1
DA:15,1
LF:6
LH:6
end_of_record
TN:
SF:/app/crates/duke-loader/src/proptest_open.rs
FNF:0
DA:9,1
DA:11,3
DA:12,1
DA:13,2
DA:14,1
DA:15,2
DA:16,1
DA:17,1
LF:8
LH:8
end_of_record
TN:
SF:/app/crates/duke-loader/src/zip.rs
FN:56,crc32_checksum
FN:102,ZipReader::open
FN:114,ZipReader::from_bytes
FN:122,ZipReader::get_entry
FN:134,ZipReader::read_entry
FN:147,ZipReader::read_entry_info
FN:215,ZipReader::entry_count
FN:220,ZipReader::entry_names
FN:268,ZipLoader::open
FN:288,ZipLoader::reader
FN:292,ZipLoader::from_reader
FN:302,<impl ClassLoader for ZipLoader>::find_class
FN:340,nested_boot_inf_lib_loaders
FN:358,is_nested_boot_inf_lib_archive
FN:373,read_u16_le
FN:378,read_u32_le
FN:388,find_eocd
FN:412,parse_eocd_and_central_directory
FN:439,parse_central_directory
FNF:19
FNDA:2,crc32_checksum
FNDA:3,ZipReader::open
FNDA:4,ZipReader::from_bytes
FNDA:2,ZipReader::get_entry
FNDA:2,ZipReader::read_entry
FNDA:2,ZipReader::read_entry_info
FNDA:2,ZipReader::entry_count
FNDA:3,ZipReader::entry_names
FNDA:2,ZipLoader::open
FNDA:1,ZipLoader::reader
FNDA:3,ZipLoader::from_reader
FNDA:2,<impl ClassLoader for ZipLoader>::find_class
FNDA:3,nested_boot_inf_lib_loaders
FNDA:2,is_nested_boot_inf_lib_archive
FNDA:3,read_u16_le
FNDA:4,read_u32_le
FNDA:5,find_eocd
FNDA:4,parse_eocd_and_central_directory
FNDA:2,parse_central_directory
DA:56,2
DA:57,2
DA:58,4
DA:59,2
DA:60,4
DA:62,2
DA:102,3
DA:103,9
DA:104,2
DA:105,1
DA:107,3
DA:114,4
DA:115,11
DA:116,4
DA:117,3
DA:122,2
DA:123,2
DA:134,2
DA:135,8
DA:136,2
DA:138,2
DA:147,2
DA:148,2
DA:151,2
DA:152,1
DA:153,1
DA:156,2
DA:157,2
DA:158,1
DA:159,1
DA:164,4
DA:165,4
DA:166,4
DA:167,2
DA:169,4
DA:170,1
DA:171,1
DA:175,4
DA:177,2
DA:178,2
DA:180,2
DA:181,2
DA:182,6
DA:183,3
DA:184,2
DA:185,4
DA:186,2
DA:188,2
DA:190,1
DA:191,1
DA:192,1
DA:201,4
DA:202,2
DA:203,1
DA:204,1
DA:205,1
DA:210,2
DA:215,2
DA:216,2
DA:220,3
DA:221,2
DA:268,2
DA:269,2
DA:288,1
DA:292,3
DA:293,6
DA:294,2
DA:295,3
DA:302,2
DA:305,2
DA:308,2
DA:309,2
DA:310,2
DA:311,2
DA:313,1
DA:317,2
DA:318,2
DA:319,2
DA:320,2
DA:321,2
DA:322,2
DA:324,1
DA:327,2
DA:328,4
DA:329,2
DA:331,1
DA:334,2
DA:335,2
DA:340,3
DA:341,3
DA:343,7
DA:344,3
DA:346,6
DA:348,3
DA:349,9
DA:350,4
DA:351,4
DA:352,2
DA:355,3
DA:358,2
DA:359,2
DA:360,2
DA:362,2
DA:364,6
DA:365,6
DA:373,3
DA:374,3
DA:378,4
DA:379,4
DA:380,4
DA:381,9
DA:382,8
DA:383,8
DA:388,5
DA:389,5
DA:390,1
DA:391,1
DA:394,5
DA:396,10
DA:397,7
DA:398,4
DA:399,3
DA:401,3
DA:404,4
DA:406,2
DA:407,2
DA:412,4
DA:425,3
DA:426,6
DA:427,6
DA:429,6
DA:430,1
DA:431,1
DA:435,2
DA:439,2
DA:445,2
DA:446,2
DA:447,2
DA:448,2
DA:450,6
DA:452,4
DA:453,0
DA:454,0
DA:457,4
DA:458,2
DA:459,0
DA:460,0
DA:466,4
DA:467,2
DA:468,2
DA:469,2
DA:470,2
DA:471,2
DA:472,2
DA:473,2
DA:475,2
DA:476,4
DA:477,0
DA:478,0
DA:482,4
DA:485,2
DA:486,2
DA:487,2
DA:488,2
DA:497,2
DA:500,3
LF:166
LH:160
end_of_record
TN:
SF:/app/crates/duke-loader/tests/havoc_directory_loader_fuzz.rs
FNF:0
DA:1,1
DA:6,1
DA:9,1
DA:10,2
DA:11,1
DA:13,1
DA:14,2
DA:16,2
DA:18,1
DA:19,1
DA:22,2
DA:23,1
LF:12
LH:12
end_of_record
TN:
SF:/app/crates/duke-loader/tests/havoc_jimage_oom_crash.rs
FNF:0
DA:1,1
DA:9,3
DA:10,1
DA:20,1
DA:22,1
DA:25,1
DA:26,1
DA:27,1
DA:28,1
DA:29,1
DA:30,1
DA:31,1
DA:32,1
DA:35,1
DA:36,1
DA:38,1
DA:39,1
DA:40,1
DA:41,2
DA:42,2
LF:20
LH:20
end_of_record
TN:
SF:/app/crates/duke-loader/tests/havoc_zip_capacity.rs
FNF:0
DA:1,1
DA:2,3
DA:3,1
DA:10,1
DA:11,2
DA:12,2
LF:6
LH:6
end_of_record
TN:
SF:/app/crates/duke-runtime/src/frame.rs
FN:54,Frame::new
FN:95,Frame::from_pool_bufs
FN:122,Frame::into_pool_bufs
FN:142,Frame::push
FN:166,Frame::pop
FN:184,Frame::pop_int
FN:202,Frame::pop_long
FN:220,Frame::pop_float
FN:238,Frame::pop_double
FN:257,Frame::pop_ref
FN:281,Frame::peek
FN:300,Frame::load_local
FN:325,Frame::store_local
FN:349,Frame::clear_stack
FN:366,Frame::stack_depth
FN:387,Frame::peek_at
FN:405,Frame::stack_len
FN:421,Frame::slots
FN:439,Frame::slots_mut
FNF:19
FNDA:2,Frame::new
FNDA:4,Frame::from_pool_bufs
FNDA:4,Frame::into_pool_bufs
FNDA:2,Frame::push
FNDA:2,Frame::pop
FNDA:3,Frame::pop_int
FNDA:2,Frame::pop_long
FNDA:2,Frame::pop_float
FNDA:2,Frame::pop_double
FNDA:2,Frame::pop_ref
FNDA:1,Frame::peek
FNDA:2,Frame::load_local
FNDA:3,Frame::store_local
FNDA:2,Frame::clear_stack
FNDA:1,Frame::stack_depth
FNDA:2,Frame::peek_at
FNDA:2,Frame::stack_len
FNDA:3,Frame::slots
FNDA:2,Frame::slots_mut
DA:54,2
DA:55,4
DA:56,1
DA:57,1
DA:63,2
DA:64,2
DA:65,3
DA:66,2
DA:68,2
DA:95,4
DA:96,8
DA:122,4
DA:123,2
DA:124,4
DA:142,2
DA:143,2
DA:144,1
DA:146,2
DA:147,2
DA:166,2
DA:167,2
DA:184,3
DA:185,3
DA:202,2
DA:203,2
DA:220,2
DA:221,2
DA:238,2
DA:239,2
DA:257,2
DA:258,2
DA:259,2
DA:260,1
DA:261,2
DA:263,1
DA:281,1
DA:282,2
DA:300,2
DA:301,3
DA:302,3
DA:304,3
DA:306,4
DA:325,3
DA:326,7
DA:327,3
DA:328,4
DA:330,1
DA:332,1
DA:349,2
DA:350,2
DA:366,1
DA:367,1
DA:387,2
DA:388,2
DA:389,2
DA:391,2
DA:405,2
DA:406,2
DA:421,3
DA:422,3
DA:439,2
DA:440,2
LF:62
LH:62
end_of_record
TN:
SF:/app/crates/duke-runtime/src/slot.rs
FN:62,Slot::as_int
FN:89,Slot::as_long
FN:116,Slot::as_float
FN:143,Slot::as_double
FN:171,Slot::as_reference
FN:190,Slot::type_name
FNF:6
FNDA:4,Slot::as_int
FNDA:2,Slot::as_long
FNDA:2,Slot::as_float
FNDA:2,Slot::as_double
FNDA:3,Slot::as_reference
FNDA:1,Slot::type_name
DA:62,4
DA:63,5
DA:64,3
DA:66,1
DA:68,1
DA:89,2
DA:90,4
DA:91,2
DA:93,1
DA:95,1
DA:116,2
DA:117,4
DA:118,2
DA:120,1
DA:122,1
DA:143,2
DA:144,6
DA:145,2
DA:147,1
DA:149,2
DA:171,3
DA:172,6
DA:173,3
DA:175,3
DA:190,1
DA:191,1
DA:192,1
DA:193,1
DA:194,1
DA:195,1
DA:196,1
DA:197,1
LF:32
LH:32
end_of_record
TN:
SF:/app/crates/duke-telemetry/src/lib.rs
FN:58,ser_helpers::keyed_map
FN:67,ser_helpers::site3
FN:75,ser_helpers::site2_u16
FN:83,ser_helpers::pair_str
FN:91,ser_helpers::sorted_set
FN:161,BytecodeCostStore::record
FN:240,ObjectLineageStore::record
FN:317,ClassInitDagStore::record
FN:327,ClassInitDagStore::to_dot
FN:350,ClassInitDagStore::to_mermaid
FN:434,ExceptionFlowStore::record_throw
FN:456,ExceptionFlowStore::record_catch
FN:542,DispatchResolutionStore::record
FN:624,NativeBoundaryStore::record_call
FNF:14
FNDA:0,ser_helpers::keyed_map
FNDA:0,ser_helpers::site3
FNDA:0,ser_helpers::site2_u16
FNDA:0,ser_helpers::pair_str
FNDA:0,ser_helpers::sorted_set
FNDA:1,BytecodeCostStore::record
FNDA:1,ObjectLineageStore::record
FNDA:2,ClassInitDagStore::record
FNDA:1,ClassInitDagStore::to_dot
FNDA:1,ClassInitDagStore::to_mermaid
FNDA:1,ExceptionFlowStore::record_throw
FNDA:1,ExceptionFlowStore::record_catch
FNDA:1,DispatchResolutionStore::record
FNDA:1,NativeBoundaryStore::record_call
DA:58,0
DA:59,0
DA:67,0
DA:75,0
DA:83,0
DA:91,0
DA:92,0
DA:93,0
DA:161,1
DA:169,1
DA:170,1
DA:171,2
DA:172,1
DA:174,1
DA:176,1
DA:177,2
DA:240,1
DA:249,1
DA:250,3
DA:251,1
DA:254,1
DA:317,2
DA:318,1
DA:319,1
DA:320,1
DA:327,1
DA:329,1
DA:330,2
DA:331,1
DA:332,3
DA:333,1
DA:335,2
DA:337,2
DA:344,1
DA:345,1
DA:350,1
DA:352,1
DA:353,2
DA:354,1
DA:355,3
DA:356,1
DA:358,2
DA:360,2
DA:367,1
DA:434,1
DA:441,1
DA:442,1
DA:443,2
DA:444,1
DA:447,1
DA:456,1
DA:463,2
DA:464,1
DA:465,1
DA:466,1
DA:542,1
DA:551,1
DA:553,1
DA:554,1
DA:555,1
DA:557,2
DA:558,1
DA:624,1
DA:627,1
DA:629,1
DA:630,2
DA:631,2
DA:632,1
LF:68
LH:60
end_of_record
TN:
SF:/app/duke/src/analyze.rs
FN:8,cp_str
FN:21,resolve_class_name
FN:39,generate_analysis_report
FNF:3
FNDA:2,cp_str
FNDA:4,resolve_class_name
FNDA:3,generate_analysis_report
DA:8,2
DA:9,1
DA:10,1
DA:11,3
DA:12,4
DA:13,3
DA:14,1
DA:16,1
DA:21,4
DA:22,4
DA:23,1
DA:25,3
DA:27,3
DA:28,7
DA:29,4
DA:30,2
DA:32,1
DA:39,3
DA:40,3
DA:41,5
DA:43,1
DA:44,1
DA:49,1
DA:51,1
DA:52,2
DA:53,1
DA:54,1
DA:56,1
DA:57,2
DA:58,2
DA:59,1
DA:60,1
DA:61,1
DA:62,1
DA:63,2
DA:64,1
DA:70,2
DA:80,1
DA:81,2
DA:85,2
LF:40
LH:40
end_of_record
TN:
SF:/app/duke/src/html.rs
FN:8,escape_html
FN:14,cp_str
FN:27,resolve_class_name
FN:42,write_html_header
FN:105,write_class_summary
FN:140,write_fields
FN:167,write_methods
FN:253,generate_html_report
FNF:8
FNDA:1,escape_html
FNDA:1,cp_str
FNDA:1,resolve_class_name
FNDA:1,write_html_header
FNDA:1,write_class_summary
FNDA:1,write_fields
FNDA:1,write_methods
FNDA:1,generate_html_report
DA:8,1
DA:9,2
DA:14,1
DA:15,1
DA:16,1
DA:17,3
DA:18,2
DA:19,2
DA:20,1
DA:22,0
DA:27,1
DA:28,1
DA:29,1
DA:31,1
DA:33,1
DA:34,3
DA:35,2
DA:36,1
DA:38,0
DA:42,1
DA:43,1
DA:44,1
DA:45,1
DA:46,1
DA:47,1
DA:51,1
DA:52,1
DA:53,1
DA:57,1
DA:61,1
DA:65,1
DA:69,1
DA:73,1
DA:77,1
DA:81,1
DA:85,2
DA:86,1
DA:90,1
DA:91,1
DA:92,1
DA:96,1
DA:100,1
DA:101,1
DA:102,1
DA:105,1
DA:106,1
DA:107,2
DA:109,2
DA:113,1
DA:114,1
DA:118,1
DA:123,1
DA:128,1
DA:129,2
DA:130,1
DA:131,1
DA:132,2
DA:133,2
DA:135,1
DA:137,2
DA:140,1
DA:141,1
DA:145,1
DA:146,1
DA:147,1
DA:148,1
DA:152,1
DA:153,2
DA:154,1
DA:155,2
DA:156,2
DA:157,1
DA:158,1
DA:159,1
DA:160,1
DA:162,1
DA:163,1
DA:164,1
DA:167,1
DA:168,1
DA:169,2
DA:170,1
DA:171,1
DA:173,2
DA:174,1
DA:175,3
DA:176,1
DA:178,1
DA:181,1
DA:182,1
DA:184,2
DA:185,1
DA:186,1
DA:192,1
DA:193,1
DA:194,2
DA:195,1
DA:196,1
DA:197,1
DA:200,1
DA:205,1
DA:206,1
DA:208,2
DA:209,2
DA:210,1
DA:211,1
DA:212,1
DA:215,2
DA:216,2
DA:220,1
DA:221,2
DA:222,4
DA:223,2
DA:225,2
DA:226,2
DA:228,1
DA:229,2
DA:235,4
DA:239,2
DA:240,2
DA:246,4
DA:253,1
DA:254,1
DA:255,2
DA:257,2
DA:258,1
DA:259,1
DA:260,1
DA:262,1
DA:263,1
DA:265,1
LF:131
LH:129
end_of_record
TN:
SF:/app/duke/src/main.rs
FN:38,extract_jdk_flag
FN:61,extract_jar_flag
FN:84,<impl ClassLoader for CliLoader>::find_class
FN:89,make_loader
FN:144,<impl ClassLoader for ChainLoader>::find_class
FN:165,extract_mermaid_heap_flag
FN:182,extract_telemetry_flag
FN:205,main
FN:326,emit_mermaid_heap
FN:367,emit_telemetry
FN:380,load_and_dump
FN:400,exec_method
FN:504,run_main
FN:585,run_jar
FN:675,dump_analyze
FN:689,dump_uml
FN:703,dump_html
FN:725,dump_cfg
FN:763,dump_cg
FN:864,generate_stubs
FN:876,generate_native_stubs_code
FN:938,dump_class_file
FN:1017,cp_str
FN:1030,resolve_class_name
FN:1045,format_cp_entry
FNF:25
FNDA:0,extract_jdk_flag
FNDA:0,extract_jar_flag
FNDA:0,<impl ClassLoader for CliLoader>::find_class
FNDA:0,make_loader
FNDA:0,<impl ClassLoader for ChainLoader>::find_class
FNDA:1,extract_mermaid_heap_flag
FNDA:1,extract_telemetry_flag
FNDA:0,main
FNDA:1,emit_mermaid_heap
FNDA:0,emit_telemetry
FNDA:0,load_and_dump
FNDA:0,exec_method
FNDA:0,run_main
FNDA:0,run_jar
FNDA:0,dump_analyze
FNDA:0,dump_uml
FNDA:1,dump_html
FNDA:0,dump_cfg
FNDA:0,dump_cg
FNDA:0,generate_stubs
FNDA:1,generate_native_stubs_code
FNDA:0,dump_class_file
FNDA:1,cp_str
FNDA:1,resolve_class_name
FNDA:0,format_cp_entry
DA:38,0
DA:39,0
DA:40,0
DA:41,0
DA:42,0
DA:43,0
DA:44,0
DA:45,0
DA:47,0
DA:48,0
DA:49,0
DA:51,0
DA:52,0
DA:53,0
DA:55,0
DA:57,0
DA:61,0
DA:62,0
DA:63,0
DA:64,0
DA:65,0
DA:66,0
DA:67,0
DA:68,0
DA:70,0
DA:71,0
DA:72,0
DA:74,0
DA:76,0
DA:84,0
DA:85,0
DA:89,0
DA:90,0
DA:91,0
DA:92,0
DA:93,0
DA:94,0
DA:95,0
DA:100,0
DA:107,0
DA:108,0
DA:109,0
DA:111,0
DA:112,0
DA:113,0
DA:114,0
DA:115,0
DA:116,0
DA:120,0
DA:123,0
DA:124,0
DA:125,0
DA:127,0
DA:128,0
DA:129,0
DA:130,0
DA:131,0
DA:134,0
DA:137,0
DA:144,0
DA:145,0
DA:146,0
DA:147,0
DA:150,0
DA:151,0
DA:165,1
DA:166,1
DA:167,2
DA:168,2
DA:169,1
DA:170,1
DA:171,3
DA:172,1
DA:173,1
DA:175,1
DA:178,1
DA:182,1
DA:183,1
DA:184,2
DA:185,2
DA:186,1
DA:187,1
DA:188,2
DA:190,1
DA:191,1
DA:192,1
DA:193,0
DA:194,0
DA:195,4
DA:196,1
DA:197,1
DA:199,1
DA:202,1
DA:205,0
DA:206,0
DA:207,0
DA:208,0
DA:209,0
DA:210,0
DA:212,0
DA:213,0
DA:214,0
DA:215,0
DA:216,0
DA:217,0
DA:218,0
DA:219,0
DA:220,0
DA:221,0
DA:222,0
DA:223,0
DA:224,0
DA:225,0
DA:226,0
DA:227,0
DA:228,0
DA:229,0
DA:233,0
DA:234,0
DA:236,0
DA:237,0
DA:238,0
DA:239,0
DA:240,0
DA:246,0
DA:247,0
DA:252,0
DA:253,0
DA:254,0
DA:256,0
DA:258,0
DA:263,0
DA:264,0
DA:269,0
DA:270,0
DA:275,0
DA:276,0
DA:281,0
DA:282,0
DA:287,0
DA:288,0
DA:293,0
DA:294,0
DA:299,0
DA:300,0
DA:302,0
DA:305,0
DA:306,0
DA:307,0
DA:310,0
DA:311,0
DA:312,0
DA:316,0
DA:317,0
DA:318,0
DA:319,0
DA:320,0
DA:326,1
DA:327,1
DA:328,1
DA:329,1
DA:330,2
DA:331,1
DA:332,2
DA:333,2
DA:367,0
DA:368,0
DA:369,0
DA:380,0
DA:381,0
DA:382,0
DA:383,0
DA:384,0
DA:386,0
DA:387,0
DA:388,0
DA:390,0
DA:400,0
DA:406,0
DA:407,0
DA:408,0
DA:410,0
DA:411,0
DA:412,0
DA:414,0
DA:415,0
DA:416,0
DA:417,0
DA:422,0
DA:423,0
DA:424,0
DA:426,0
DA:427,0
DA:428,0
DA:432,0
DA:435,0
DA:436,0
DA:437,0
DA:439,0
DA:441,0
DA:442,0
DA:443,0
DA:445,0
DA:449,0
DA:450,0
DA:451,0
DA:452,0
DA:456,0
DA:458,0
DA:459,0
DA:460,0
DA:461,0
DA:463,0
DA:464,0
DA:466,0
DA:469,0
DA:470,0
DA:471,0
DA:472,0
DA:474,0
DA:475,0
DA:476,0
DA:479,0
DA:480,0
DA:482,0
DA:483,0
DA:484,0
DA:485,0
DA:486,0
DA:487,0
DA:490,0
DA:491,0
DA:492,0
DA:493,0
DA:504,0
DA:510,0
DA:511,0
DA:512,0
DA:514,0
DA:515,0
DA:517,0
DA:518,0
DA:519,0
DA:521,0
DA:522,0
DA:523,0
DA:526,0
DA:527,0
DA:528,0
DA:529,0
DA:531,0
DA:533,0
DA:534,0
DA:535,0
DA:536,0
DA:539,0
DA:540,0
DA:541,0
DA:542,0
DA:544,0
DA:545,0
DA:546,0
DA:549,0
DA:551,0
DA:552,0
DA:554,0
DA:557,0
DA:560,0
DA:562,0
DA:563,0
DA:564,0
DA:565,0
DA:566,0
DA:567,0
DA:568,0
DA:571,0
DA:572,0
DA:573,0
DA:574,0
DA:585,0
DA:592,0
DA:593,0
DA:594,0
DA:595,0
DA:599,0
DA:600,0
DA:601,0
DA:603,0
DA:604,0
DA:605,0
DA:609,0
DA:612,0
DA:614,0
DA:615,0
DA:617,0
DA:618,0
DA:619,0
DA:620,0
DA:621,0
DA:624,0
DA:625,0
DA:626,0
DA:628,0
DA:629,0
DA:633,0
DA:634,0
DA:635,0
DA:636,0
DA:638,0
DA:639,0
DA:640,0
DA:642,0
DA:644,0
DA:645,0
DA:647,0
DA:650,0
DA:653,0
DA:655,0
DA:656,0
DA:657,0
DA:658,0
DA:659,0
DA:660,0
DA:661,0
DA:664,0
DA:665,0
DA:666,0
DA:667,0
DA:675,0
DA:676,0
DA:677,0
DA:678,0
DA:680,0
DA:681,0
DA:682,0
DA:685,0
DA:686,0
DA:689,0
DA:690,0
DA:691,0
DA:692,0
DA:694,0
DA:695,0
DA:696,0
DA:699,0
DA:700,0
DA:703,1
DA:704,1
DA:705,0
DA:706,0
DA:708,2
DA:709,0
DA:710,0
DA:713,2
DA:714,1
DA:715,2
DA:716,0
DA:717,0
DA:719,1
DA:721,2
DA:725,0
DA:726,0
DA:727,0
DA:728,0
DA:730,0
DA:731,0
DA:732,0
DA:735,0
DA:738,0
DA:739,0
DA:740,0
DA:742,0
DA:744,0
DA:745,0
DA:746,0
DA:749,0
DA:750,0
DA:751,0
DA:752,0
DA:753,0
DA:755,0
DA:759,0
DA:760,0
DA:763,0
DA:764,0
DA:765,0
DA:766,0
DA:768,0
DA:769,0
DA:770,0
DA:773,0
DA:864,0
DA:865,0
DA:876,1
DA:877,1
DA:878,2
DA:880,1
DA:881,2
DA:882,3
DA:883,1
DA:886,1
DA:889,1
DA:893,1
DA:894,2
DA:897,2
DA:900,1
DA:901,1
DA:902,1
DA:904,1
DA:905,2
DA:907,2
DA:912,1
DA:915,1
DA:916,1
DA:918,1
DA:919,2
DA:921,2
DA:925,1
DA:929,1
DA:932,1
DA:935,1
DA:938,0
DA:939,0
DA:940,0
DA:942,0
DA:943,0
DA:944,0
DA:945,0
DA:946,0
DA:949,0
DA:953,0
DA:954,0
DA:957,0
DA:958,0
DA:959,0
DA:962,0
DA:965,0
DA:966,0
DA:967,0
DA:968,0
DA:970,0
DA:974,0
DA:975,0
DA:976,0
DA:977,0
DA:978,0
DA:979,0
DA:981,0
DA:985,0
DA:986,0
DA:987,0
DA:988,0
DA:989,0
DA:991,0
DA:992,0
DA:993,0
DA:1000,0
DA:1001,0
DA:1002,0
DA:1003,0
DA:1006,0
DA:1017,1
DA:1018,1
DA:1019,1
DA:1020,3
DA:1021,2
DA:1022,2
DA:1023,1
DA:1025,0
DA:1030,1
DA:1031,1
DA:1032,0
DA:1034,1
DA:1036,1
DA:1037,3
DA:1038,2
DA:1039,1
DA:1041,0
DA:1045,0
DA:1046,0
DA:1047,0
DA:1048,0
DA:1049,0
DA:1050,0
DA:1051,0
DA:1052,0
DA:1053,0
DA:1054,0
DA:1056,0
DA:1057,0
DA:1058,0
DA:1060,0
DA:1064,0
DA:1069,0
DA:1073,0
DA:1078,0
DA:1082,0
DA:1087,0
DA:1091,0
DA:1092,0
DA:1093,0
DA:1098,0
DA:1102,0
DA:1107,0
DA:1108,0
DA:1109,0
DA:1111,0
DA:1115,0
DA:1120,0
DA:1124,0
DA:1129,0
DA:1130,0
DA:1131,0
DA:1133,0
DA:1134,0
DA:1135,0
LF:516
LH:84
end_of_record
TN:
SF:/app/duke/src/uml.rs
FN:13,cp_str
FN:26,resolve_class_name
FN:41,field_visibility
FN:53,method_visibility
FN:67,generate_mermaid_uml
FNF:5
FNDA:1,cp_str
FNDA:1,resolve_class_name
FNDA:2,field_visibility
FNDA:1,method_visibility
FNDA:1,generate_mermaid_uml
DA:13,1
DA:14,1
DA:15,1
DA:16,3
DA:17,2
DA:18,2
DA:19,1
DA:21,1
DA:26,1
DA:27,1
DA:28,1
DA:30,1
DA:32,1
DA:33,3
DA:34,3
DA:35,1
DA:37,1
DA:41,2
DA:42,3
DA:43,1
DA:44,3
DA:45,1
DA:46,2
DA:47,1
DA:49,1
DA:53,1
DA:54,2
DA:55,1
DA:56,2
DA:57,1
DA:58,2
DA:59,1
DA:61,1
DA:67,1
DA:68,1
DA:70,2
DA:71,1
DA:73,3
DA:75,2
DA:76,4
DA:77,2
DA:78,2
DA:80,2
DA:83,1
DA:84,2
DA:85,1
DA:86,2
DA:88,2
DA:91,1
DA:93,1
DA:94,1
DA:95,1
DA:96,1
DA:97,2
DA:101,3
DA:102,3
DA:103,1
DA:104,2
DA:107,1
LF:59
LH:59
end_of_record
