TN:
SF:/app/crates/duke-bytecode/src/call_graph.rs
FN:16,cp_str
FN:29,resolve_class_name
FN:44,extract_method_ref
FN:78,generate_mermaid_call_graph
FNF:4
FNDA:3,cp_str
FNDA:3,resolve_class_name
FNDA:1,extract_method_ref
FNDA:3,generate_mermaid_call_graph
DA:16,3
DA:17,3
DA:18,1
DA:19,11
DA:20,4
DA:21,4
DA:22,1
DA:24,2
DA:29,3
DA:30,3
DA:31,1
DA:33,2
DA:35,2
DA:36,6
DA:37,5
DA:38,2
DA:40,1
DA:44,1
DA:45,1
DA:47,1
DA:48,1
DA:49,1
DA:52,1
DA:53,1
DA:56,1
DA:59,1
DA:61,2
DA:62,1
DA:63,1
DA:64,1
DA:67,3
DA:68,2
DA:69,1
DA:71,1
DA:78,3
DA:79,3
DA:80,3
DA:82,4
DA:84,1
DA:85,2
DA:86,1
DA:88,1
DA:90,3
DA:91,4
DA:92,2
DA:94,2
DA:95,2
DA:96,1
DA:101,1
DA:104,2
DA:105,1
DA:106,3
DA:108,2
DA:110,2
DA:118,1
DA:119,2
DA:121,2
DA:122,2
DA:125,1
LF:59
LH:59
end_of_record
TN:
SF:/app/crates/duke-bytecode/src/cfg.rs
FN:40,generate_mermaid_cfg
FN:321,cyclomatic_complexity
FNF:2
FNDA:2,generate_mermaid_cfg
FNDA:2,cyclomatic_complexity
DA:40,2
DA:41,3
DA:43,6
DA:44,6
DA:46,3
DA:49,20
DA:62,1
DA:63,2
DA:64,2
DA:66,1
DA:67,2
DA:68,2
DA:70,1
DA:73,2
DA:74,2
DA:75,1
DA:76,1
DA:77,2
DA:80,1
DA:81,2
DA:82,2
DA:83,1
DA:84,1
DA:85,2
DA:89,1
DA:106,2
DA:107,2
DA:108,1
DA:109,1
DA:110,2
DA:113,1
DA:114,2
DA:115,2
DA:116,1
DA:117,1
DA:118,2
DA:123,4
DA:124,3
DA:125,5
DA:131,2
DA:321,2
DA:322,2
DA:324,4
DA:325,2
DA:327,1
DA:345,2
DA:348,1
DA:351,2
DA:353,1
DA:355,2
DA:361,3
LF:51
LH:51
end_of_record
TN:
SF:/app/crates/duke-bytecode/src/decoder.rs
FN:38,decode
FN:65,Cursor<'a>::new
FN:69,Cursor<'a>::has_remaining
FN:73,Cursor<'a>::read_u8
FN:82,Cursor<'a>::read_i8
FN:86,Cursor<'a>::read_u16
FN:92,Cursor<'a>::read_i16
FN:96,Cursor<'a>::read_u32
FN:104,Cursor<'a>::read_i32
FN:108,Cursor<'a>::read_cp
FN:113,Cursor<'a>::align4
FN:126,decode_one
FN:399,decode_tableswitch
FN:429,decode_lookupswitch
FN:454,decode_wide
FNF:15
FNDA:4,decode
FNDA:4,Cursor<'a>::new
FNDA:5,Cursor<'a>::has_remaining
FNDA:4,Cursor<'a>::read_u8
FNDA:2,Cursor<'a>::read_i8
FNDA:4,Cursor<'a>::read_u16
FNDA:3,Cursor<'a>::read_i16
FNDA:3,Cursor<'a>::read_u32
FNDA:3,Cursor<'a>::read_i32
FNDA:3,Cursor<'a>::read_cp
FNDA:2,Cursor<'a>::align4
FNDA:5,decode_one
FNDA:2,decode_tableswitch
FNDA:2,decode_lookupswitch
FNDA:1,decode_wide
DA:38,4
DA:39,5
DA:43,5
DA:45,12
DA:46,4
DA:47,15
DA:48,8
DA:49,4
DA:52,4
DA:65,4
DA:69,5
DA:70,4
DA:73,4
DA:74,5
DA:75,1
DA:77,9
DA:78,9
DA:79,4
DA:82,2
DA:83,3
DA:86,4
DA:87,4
DA:88,5
DA:89,5
DA:92,3
DA:93,3
DA:96,3
DA:97,2
DA:98,3
DA:99,2
DA:100,4
DA:101,2
DA:104,3
DA:105,2
DA:108,3
DA:109,5
DA:113,2
DA:114,2
DA:115,6
DA:116,3
DA:126,5
DA:127,4
DA:129,1
DA:130,2
DA:131,3
DA:132,3
DA:133,3
DA:134,2
DA:135,2
DA:136,2
DA:137,3
DA:138,3
DA:139,2
DA:140,1
DA:141,1
DA:142,1
DA:143,1
DA:144,1
DA:145,4
DA:146,3
DA:147,3
DA:148,2
DA:149,2
DA:152,2
DA:153,2
DA:154,1
DA:155,1
DA:156,3
DA:157,2
DA:158,3
DA:159,3
DA:160,2
DA:161,2
DA:162,2
DA:163,3
DA:164,1
DA:165,3
DA:166,1
DA:167,1
DA:168,1
DA:169,4
DA:170,1
DA:171,2
DA:172,1
DA:173,4
DA:174,2
DA:175,3
DA:176,3
DA:177,2
DA:178,2
DA:179,1
DA:180,3
DA:181,2
DA:182,1
DA:183,2
DA:184,1
DA:187,3
DA:188,2
DA:189,2
DA:190,1
DA:191,2
DA:192,2
DA:193,3
DA:194,2
DA:195,3
DA:196,3
DA:197,3
DA:198,2
DA:199,1
DA:200,3
DA:201,1
DA:202,1
DA:203,1
DA:204,2
DA:205,1
DA:206,2
DA:207,1
DA:208,3
DA:209,2
DA:210,3
DA:211,3
DA:212,3
DA:213,2
DA:214,1
DA:215,2
DA:216,3
DA:217,1
DA:218,1
DA:219,1
DA:222,3
DA:223,2
DA:224,3
DA:225,1
DA:226,1
DA:227,1
DA:228,1
DA:229,1
DA:230,1
DA:233,2
DA:234,3
DA:235,1
DA:236,2
DA:237,2
DA:238,2
DA:239,1
DA:240,1
DA:241,3
DA:242,3
DA:243,1
DA:244,3
DA:245,2
DA:246,2
DA:247,1
DA:248,1
DA:249,2
DA:250,1
DA:251,1
DA:252,1
DA:253,2
DA:254,1
DA:255,1
DA:256,1
DA:257,2
DA:258,1
DA:259,1
DA:260,1
DA:261,1
DA:262,1
DA:263,2
DA:264,1
DA:265,2
DA:266,1
DA:267,2
DA:268,1
DA:270,2
DA:271,3
DA:275,3
DA:276,1
DA:277,4
DA:278,1
DA:279,1
DA:280,1
DA:281,1
DA:282,1
DA:283,1
DA:284,1
DA:285,1
DA:286,1
DA:287,1
DA:288,1
DA:289,1
DA:292,2
DA:293,3
DA:294,1
DA:295,2
DA:296,3
DA:299,3
DA:300,2
DA:301,2
DA:302,2
DA:303,2
DA:304,2
DA:305,2
DA:306,3
DA:307,1
DA:308,2
DA:309,3
DA:310,2
DA:311,2
DA:312,2
DA:313,2
DA:314,1
DA:315,1
DA:318,3
DA:321,3
DA:324,3
DA:325,2
DA:326,1
DA:327,2
DA:328,3
DA:329,3
DA:332,3
DA:333,2
DA:334,2
DA:335,2
DA:336,3
DA:337,4
DA:338,3
DA:340,3
DA:341,3
DA:342,3
DA:343,3
DA:344,1
DA:349,2
DA:350,2
DA:351,2
DA:352,2
DA:353,1
DA:359,3
DA:363,3
DA:365,3
DA:366,6
DA:367,3
DA:368,2
DA:370,2
DA:371,3
DA:372,2
DA:373,3
DA:374,2
DA:375,2
DA:376,2
DA:379,2
DA:383,3
DA:384,3
DA:387,2
DA:388,3
DA:389,1
DA:390,1
DA:393,2
DA:395,3
DA:399,2
DA:403,2
DA:404,2
DA:405,2
DA:406,2
DA:407,3
DA:408,1
DA:411,6
DA:413,2
DA:414,4
DA:415,1
DA:417,2
DA:418,2
DA:419,6
DA:421,2
DA:429,2
DA:430,2
DA:431,2
DA:432,3
DA:433,3
DA:434,1
DA:436,3
DA:437,3
DA:438,1
DA:440,3
DA:441,3
DA:442,4
DA:443,2
DA:444,2
DA:445,2
DA:448,3
DA:454,1
DA:455,1
DA:456,1
DA:457,1
DA:458,1
DA:459,1
DA:460,1
DA:461,1
DA:462,1
DA:463,1
DA:464,1
DA:465,1
DA:466,1
DA:467,1
DA:469,1
DA:470,1
DA:472,1
DA:474,1
LF:309
LH:309
end_of_record
TN:
SF:/app/crates/duke-bytecode/src/instruction.rs
FN:26,ArrayType::from_u8
FN:343,Instruction::mnemonic
FNF:2
FNDA:3,ArrayType::from_u8
FNDA:3,Instruction::mnemonic
DA:26,3
DA:27,5
DA:28,1
DA:29,1
DA:30,1
DA:31,3
DA:32,3
DA:33,1
DA:34,3
DA:35,2
DA:36,1
DA:343,3
DA:344,3
DA:345,1
DA:346,1
DA:347,1
DA:348,1
DA:349,1
DA:350,1
DA:351,1
DA:352,1
DA:353,1
DA:354,1
DA:355,1
DA:356,1
DA:357,1
DA:358,1
DA:359,1
DA:360,1
DA:361,1
DA:362,1
DA:363,2
DA:364,1
DA:365,1
DA:366,1
DA:367,1
DA:368,1
DA:369,1
DA:370,1
DA:371,1
DA:372,1
DA:373,1
DA:374,1
DA:375,1
DA:376,1
DA:377,1
DA:378,1
DA:379,1
DA:380,1
DA:381,1
DA:382,1
DA:383,1
DA:384,1
DA:385,1
DA:386,1
DA:387,2
DA:388,1
DA:389,1
DA:390,1
DA:391,1
DA:392,1
DA:393,1
DA:394,1
DA:395,1
DA:396,1
DA:397,1
DA:398,1
DA:399,1
DA:400,1
DA:401,1
DA:402,1
DA:403,1
DA:404,1
DA:405,1
DA:406,1
DA:407,1
DA:408,1
DA:409,1
DA:410,1
DA:411,1
DA:412,1
DA:413,1
DA:414,1
DA:415,1
DA:416,1
DA:417,1
DA:418,1
DA:419,1
DA:420,1
DA:421,1
DA:422,1
DA:423,1
DA:424,1
DA:425,1
DA:426,1
DA:427,1
DA:428,1
DA:429,1
DA:430,1
DA:431,1
DA:432,1
DA:433,1
DA:434,1
DA:435,1
DA:436,1
DA:437,1
DA:438,1
DA:439,1
DA:440,1
DA:441,1
DA:442,1
DA:443,1
DA:444,1
DA:445,1
DA:446,1
DA:447,1
DA:448,1
DA:449,1
DA:450,1
DA:451,1
DA:452,1
DA:453,1
DA:454,1
DA:455,1
DA:456,1
DA:457,1
DA:458,1
DA:459,1
DA:460,1
DA:461,1
DA:462,1
DA:463,1
DA:464,1
DA:465,1
DA:466,1
DA:467,1
DA:468,1
DA:469,1
DA:470,1
DA:471,1
DA:472,1
DA:473,1
DA:474,1
DA:475,1
DA:476,1
DA:477,1
DA:478,1
DA:479,1
DA:480,1
DA:481,1
DA:482,1
DA:483,1
DA:484,1
DA:485,1
DA:486,1
DA:487,1
DA:488,1
DA:489,1
DA:490,1
DA:491,1
DA:492,1
DA:493,1
DA:494,1
DA:495,1
DA:496,1
DA:497,1
DA:498,1
DA:499,1
DA:500,1
DA:501,1
DA:502,1
DA:503,1
DA:504,1
DA:505,1
DA:506,1
DA:507,1
DA:508,1
DA:509,1
DA:510,1
DA:511,1
DA:512,1
DA:513,1
DA:514,1
DA:515,1
DA:516,1
DA:517,1
DA:518,1
DA:519,1
DA:520,1
DA:521,1
DA:522,2
DA:523,2
DA:524,1
DA:525,1
DA:526,1
DA:527,2
DA:528,2
DA:529,1
DA:530,1
DA:531,1
DA:532,1
DA:533,1
DA:534,1
DA:535,1
DA:536,1
DA:537,1
DA:538,1
DA:539,1
DA:540,1
DA:541,1
DA:542,1
DA:543,1
DA:544,1
DA:545,1
DA:546,1
DA:547,1
DA:548,1
DA:549,1
DA:550,1
DA:551,1
DA:552,1
DA:553,1
DA:554,1
DA:555,1
DA:556,1
DA:557,1
LF:226
LH:226
end_of_record
TN:
SF:/app/crates/duke-bytecode/src/verifier.rs
FN:51,verify
FN:108,stack_effect
FN:359,is_return
FN:372,check_locals
FNF:4
FNDA:1,verify
FNDA:1,stack_effect
FNDA:1,is_return
FNDA:1,check_locals
DA:51,1
DA:56,2
DA:57,2
DA:58,2
DA:60,3
DA:61,1
DA:63,1
DA:66,2
DA:69,1
DA:70,1
DA:72,2
DA:75,2
DA:76,1
DA:77,1
DA:79,1
DA:85,2
DA:86,1
DA:91,2
DA:92,1
DA:96,1
DA:108,1
DA:109,1
DA:111,1
DA:112,1
DA:134,1
DA:166,1
DA:176,1
DA:208,1
DA:218,1
DA:219,1
DA:220,1
DA:221,1
DA:222,1
DA:223,1
DA:224,1
DA:225,1
DA:226,1
DA:229,2
DA:263,1
DA:266,1
DA:269,1
DA:286,1
DA:293,1
DA:302,1
DA:312,1
DA:315,1
DA:316,1
DA:319,1
DA:322,1
DA:323,1
DA:330,1
DA:331,1
DA:332,1
DA:333,1
DA:337,1
DA:338,1
DA:339,1
DA:340,1
DA:343,1
DA:344,1
DA:345,1
DA:346,1
DA:349,1
DA:352,1
DA:353,1
DA:355,1
DA:359,1
DA:360,2
DA:361,1
DA:372,1
DA:373,6
DA:374,0
DA:386,1
DA:388,1
DA:400,1
DA:403,1
DA:414,1
DA:425,1
DA:436,1
DA:447,1
DA:450,2
DA:451,1
DA:453,1
DA:459,1
LF:84
LH:83
end_of_record
TN:
SF:/app/crates/duke-classfile/src/access_flags.rs
FNF:0
DA:5,32
DA:23,2
DA:46,30
DA:64,2
DA:87,46
DA:105,2
LF:6
LH:6
end_of_record
TN:
SF:/app/crates/duke-classfile/src/parser.rs
FN:32,Cursor<'a>::new
FN:37,Cursor<'a>::position
FN:42,Cursor<'a>::remaining
FN:46,Cursor<'a>::read_u8
FN:55,Cursor<'a>::read_u16
FN:62,Cursor<'a>::read_i16
FN:66,Cursor<'a>::read_u32
FN:72,Cursor<'a>::read_i32
FN:76,Cursor<'a>::read_u64
FN:82,Cursor<'a>::read_i64
FN:86,Cursor<'a>::read_f32
FN:90,Cursor<'a>::read_f64
FN:94,Cursor<'a>::read_bytes
FN:103,Cursor<'a>::read_cp_index
FN:132,parse
FN:163,parse_class_file
FN:225,parse_constant_pool
FN:328,parse_field
FN:341,parse_method
FN:358,parse_attributes
FN:365,parse_attribute
FN:393,resolve_attributes
FN:408,decode_known_attribute
FN:482,parse_code_attribute
FN:529,cp_utf8
FNF:25
FNDA:5,Cursor<'a>::new
FNDA:5,Cursor<'a>::position
FNDA:1,Cursor<'a>::remaining
FNDA:7,Cursor<'a>::read_u8
FNDA:7,Cursor<'a>::read_u16
FNDA:1,Cursor<'a>::read_i16
FNDA:7,Cursor<'a>::read_u32
FNDA:2,Cursor<'a>::read_i32
FNDA:2,Cursor<'a>::read_u64
FNDA:2,Cursor<'a>::read_i64
FNDA:2,Cursor<'a>::read_f32
FNDA:3,Cursor<'a>::read_f64
FNDA:7,Cursor<'a>::read_bytes
FNDA:5,Cursor<'a>::read_cp_index
FNDA:5,parse
FNDA:6,parse_class_file
FNDA:7,parse_constant_pool
FNDA:3,parse_field
FNDA:7,parse_method
FNDA:8,parse_attributes
FNDA:7,parse_attribute
FNDA:9,resolve_attributes
FNDA:9,decode_known_attribute
FNDA:8,parse_code_attribute
FNDA:7,cp_utf8
DA:32,5
DA:37,5
DA:38,6
DA:42,1
DA:43,1
DA:46,7
DA:47,6
DA:48,1
DA:50,13
DA:51,13
DA:52,7
DA:55,7
DA:56,6
DA:57,6
DA:58,8
DA:62,1
DA:63,1
DA:66,7
DA:67,6
DA:68,7
DA:69,7
DA:72,2
DA:73,2
DA:76,2
DA:77,3
DA:78,2
DA:79,3
DA:82,2
DA:83,3
DA:86,2
DA:87,2
DA:90,3
DA:91,2
DA:94,7
DA:95,7
DA:96,1
DA:98,14
DA:99,14
DA:100,7
DA:103,5
DA:104,6
DA:132,5
DA:133,5
DA:134,5
DA:141,7
DA:142,17
DA:143,8
DA:144,6
DA:146,6
DA:147,13
DA:149,6
DA:150,7
DA:151,7
DA:156,8
DA:163,6
DA:165,6
DA:166,8
DA:167,1
DA:170,9
DA:171,7
DA:172,8
DA:173,1
DA:179,8
DA:180,11
DA:182,6
DA:183,5
DA:184,7
DA:187,11
DA:188,6
DA:189,13
DA:193,17
DA:194,7
DA:195,16
DA:199,20
DA:200,6
DA:201,25
DA:205,11
DA:207,8
DA:210,5
DA:214,6
DA:215,6
DA:216,7
DA:225,7
DA:226,9
DA:229,8
DA:230,9
DA:232,8
DA:233,17
DA:234,16
DA:236,7
DA:238,14
DA:239,8
DA:240,7
DA:241,7
DA:243,4
DA:244,4
DA:246,5
DA:247,3
DA:248,2
DA:249,3
DA:253,5
DA:254,2
DA:255,4
DA:256,4
DA:260,15
DA:263,11
DA:266,10
DA:267,5
DA:270,11
DA:271,6
DA:274,4
DA:275,3
DA:278,14
DA:279,7
DA:282,4
DA:283,2
DA:284,1
DA:290,2
DA:294,4
DA:297,2
DA:298,1
DA:301,4
DA:302,2
DA:305,2
DA:308,2
DA:311,1
DA:313,2
DA:317,8
DA:318,9
DA:321,7
DA:328,3
DA:329,5
DA:330,5
DA:331,4
DA:332,4
DA:333,5
DA:341,7
DA:342,6
DA:343,6
DA:344,6
DA:345,5
DA:346,5
DA:358,8
DA:359,7
DA:361,22
DA:365,7
DA:366,8
DA:367,6
DA:370,7
DA:376,5
DA:377,12
DA:378,7
DA:380,7
DA:382,6
DA:393,9
DA:397,17
DA:398,6
DA:399,6
DA:400,7
DA:403,15
DA:405,7
DA:408,9
DA:409,8
DA:411,8
DA:412,2
DA:417,8
DA:418,6
DA:423,14
DA:424,8
DA:425,7
DA:426,7
DA:427,16
DA:428,8
DA:429,9
DA:430,8
DA:434,8
DA:436,6
DA:437,6
DA:438,6
DA:439,12
DA:440,6
DA:441,7
DA:442,7
DA:443,6
DA:444,6
DA:445,6
DA:449,6
DA:451,3
DA:452,2
DA:453,3
DA:454,7
DA:460,3
DA:461,2
DA:462,2
DA:463,5
DA:464,3
DA:465,2
DA:466,2
DA:467,8
DA:468,2
DA:469,3
DA:475,3
DA:477,2
DA:479,7
DA:482,8
DA:483,9
DA:484,7
DA:485,8
DA:486,7
DA:488,21
DA:489,7
DA:490,16
DA:491,2
DA:492,2
DA:493,1
DA:494,2
DA:495,1
DA:502,19
DA:503,7
DA:504,21
DA:505,9
DA:506,7
DA:507,8
DA:508,8
DA:510,7
DA:515,7
DA:518,8
DA:519,7
DA:529,7
DA:530,6
DA:531,8
DA:532,1
DA:534,21
DA:535,1
DA:536,7
DA:537,1
LF:236
LH:236
end_of_record
TN:
SF:/app/crates/duke-gc/src/lib.rs
FN:202,Heap::new
FN:224,Heap::make_obj
FN:250,Heap::allocate
FN:271,Heap::allocate_string
FN:285,Heap::open_host_input_file
FN:304,Heap::open_host_output_file
FN:318,Heap::read_host_file_byte
FN:351,Heap::write_host_file_byte
FN:377,Heap::close_host_file
FN:383,Heap::next_host_handle_id
FN:394,Heap::spawn_host_process
FNF:11
FNDA:6,Heap::new
FNDA:4,Heap::make_obj
FNDA:4,Heap::allocate
FNDA:4,Heap::allocate_string
FNDA:4,Heap::open_host_input_file
FNDA:2,Heap::open_host_output_file
FNDA:2,Heap::read_host_file_byte
FNDA:2,Heap::write_host_file_byte
FNDA:2,Heap::close_host_file
FNDA:3,Heap::next_host_handle_id
FNDA:4,Heap::spawn_host_process
DA:202,6
DA:204,7
DA:206,6
DA:207,7
DA:208,6
DA:211,7
DA:216,8
DA:217,8
DA:224,4
DA:250,4
DA:251,4
DA:252,8
DA:253,4
DA:254,4
DA:255,4
DA:256,4
DA:271,4
DA:272,4
DA:273,8
DA:274,4
DA:275,5
DA:276,3
DA:277,2
DA:285,4
DA:286,14
DA:287,2
DA:288,2
DA:290,0
DA:291,0
DA:294,3
DA:295,4
DA:296,2
DA:297,2
DA:304,2
DA:305,4
DA:306,0
DA:308,2
DA:309,4
DA:310,2
DA:311,2
DA:318,2
DA:319,2
DA:320,1
DA:321,1
DA:324,4
DA:325,2
DA:326,2
DA:327,1
DA:328,1
DA:329,1
DA:331,1
DA:332,1
DA:336,2
DA:337,6
DA:338,2
DA:339,9
DA:340,0
DA:341,0
DA:351,2
DA:352,2
DA:353,1
DA:354,1
DA:357,4
DA:358,2
DA:359,2
DA:360,1
DA:362,1
DA:363,1
DA:368,2
DA:369,2
DA:370,0
DA:377,2
DA:378,2
DA:379,2
DA:383,3
DA:384,3
DA:385,2
DA:394,4
DA:399,2
DA:400,1
DA:401,1
DA:405,5
DA:406,5
DA:407,3
DA:408,2
DA:409,4
DA:410,3
DA:411,2
DA:414,13
DA:415,2
DA:417,6
DA:418,0
DA:419,0
DA:422,5
DA:423,0
DA:424,0
DA:427,6
DA:428,0
DA:429,0
DA:433,5
DA:434,3
DA:435,2
DA:436,3
DA:438,5
DA:440,2
DA:441,3
DA:445,2
DA:446,3
DA:447,2
DA:448,3
DA:449,3
DA:450,2
DA:452,2
DA:461,2
DA:466,6
DA:474,2
DA:475,2
DA:476,2
DA:477,1
DA:478,1
DA:487,2
DA:488,2
DA:489,2
DA:490,1
DA:492,2
DA:493,0
DA:495,2
DA:496,2
DA:497,2
DA:504,2
DA:505,2
DA:506,2
DA:507,2
DA:509,1
DA:512,1
DA:513,0
DA:515,1
DA:516,1
DA:518,0
DA:519,0
DA:520,0
DA:527,2
DA:528,2
DA:529,2
DA:530,1
DA:532,1
DA:535,1
DA:536,0
DA:539,0
DA:540,0
DA:542,1
DA:543,0
DA:552,2
DA:553,8
DA:554,0
DA:555,0
DA:557,1
DA:558,1
DA:561,3
DA:562,4
DA:563,1
DA:564,3
DA:565,1
DA:572,2
DA:573,2
DA:574,1
DA:575,1
DA:576,1
DA:585,2
DA:590,2
DA:591,1
DA:592,1
DA:593,1
DA:602,2
DA:603,2
DA:604,1
DA:605,1
DA:606,0
DA:609,1
DA:610,1
DA:617,1
DA:618,1
DA:619,2
DA:620,1
DA:621,1
DA:629,2
DA:630,8
DA:631,1
DA:632,1
DA:634,1
DA:635,1
DA:638,2
DA:639,6
DA:640,3
DA:641,3
DA:642,3
DA:654,1
DA:656,3
DA:657,2
DA:660,1
DA:661,1
DA:668,2
DA:669,2
DA:670,3
DA:671,1
DA:672,0
DA:674,2
DA:675,0
DA:677,1
DA:678,3
DA:679,1
DA:680,1
DA:681,1
DA:682,1
DA:683,1
DA:684,1
DA:685,1
DA:697,2
DA:698,10
DA:699,2
DA:700,2
DA:702,1
DA:703,1
DA:706,4
DA:707,0
DA:709,2
DA:710,4
DA:711,2
DA:712,2
DA:713,2
DA:714,2
DA:715,2
DA:716,2
DA:717,2
DA:724,3
DA:725,3
DA:726,3
DA:728,9
DA:729,3
DA:730,0
DA:732,0
DA:733,0
DA:739,2
DA:740,2
DA:741,2
DA:742,6
DA:743,1
DA:744,1
DA:746,4
DA:747,2
DA:748,2
DA:772,2
DA:773,2
DA:774,2
DA:775,1
DA:776,1
DA:777,9
DA:778,3
DA:780,2
DA:781,2
DA:782,2
DA:783,6
DA:784,2
DA:807,3
DA:808,3
DA:809,1
DA:810,2
DA:811,2
DA:812,6
DA:813,2
DA:815,3
DA:816,3
DA:817,2
DA:818,7
DA:819,2
DA:838,2
DA:839,2
DA:853,2
DA:854,2
DA:859,1
DA:860,3
DA:867,1
DA:868,1
DA:874,2
DA:875,2
DA:876,2
DA:884,3
DA:885,2
DA:890,2
DA:891,2
DA:916,3
DA:917,8
DA:918,2
DA:920,3
DA:921,2
DA:935,3
DA:936,3
DA:937,3
DA:940,2
DA:942,4
DA:943,4
DA:944,2
DA:946,2
DA:952,2
DA:953,4
DA:954,1
DA:955,2
DA:956,2
DA:957,2
DA:958,4
DA:959,3
DA:965,4
DA:966,4
DA:969,2
DA:973,2
DA:974,2
DA:976,4
DA:979,4
DA:980,4
DA:981,2
DA:982,2
DA:986,6
DA:987,2
DA:988,2
DA:991,2
DA:992,2
DA:994,2
DA:995,2
DA:996,6
DA:997,6
DA:1002,2
DA:1006,2
DA:1007,4
DA:1008,4
DA:1013,2
DA:1014,2
DA:1015,4
DA:1016,4
DA:1019,2
DA:1020,1
DA:1023,2
DA:1035,2
DA:1036,2
DA:1037,2
DA:1041,2
DA:1042,0
DA:1043,0
DA:1044,0
DA:1045,0
DA:1047,4
DA:1048,2
DA:1054,2
DA:1056,9
DA:1057,7
DA:1060,11
DA:1063,4
DA:1066,9
DA:1067,9
DA:1069,2
DA:1071,6
DA:1072,3
DA:1073,2
DA:1080,2
DA:1081,3
DA:1082,3
DA:1085,3
DA:1088,3
DA:1089,8
DA:1092,5
DA:1093,3
DA:1094,6
DA:1097,3
DA:1100,3
DA:1101,2
DA:1104,2
DA:1105,4
DA:1107,2
DA:1111,3
DA:1112,3
DA:1113,7
DA:1114,2
DA:1115,2
DA:1116,2
DA:1117,4
DA:1120,2
DA:1121,3
DA:1126,3
DA:1127,3
DA:1128,9
DA:1129,2
DA:1139,3
DA:1141,3
DA:1144,2
DA:1145,4
DA:1146,4
DA:1149,2
DA:1152,4
DA:1162,2
DA:1163,2
DA:1168,1
DA:1169,1
DA:1173,2
DA:1174,4
DA:1175,2
DA:1176,2
DA:1178,2
DA:1182,2
DA:1183,2
DA:1184,4
DA:1185,2
DA:1186,8
DA:1187,2
DA:1190,2
LF:413
LH:379
end_of_record
TN:
SF:/app/crates/duke-gc/src/mermaid.rs
FN:36,dump_mermaid
FNF:1
FNDA:2,dump_mermaid
DA:36,2
DA:37,2
DA:38,2
DA:41,2
DA:44,2
DA:45,2
DA:46,1
DA:47,1
DA:48,1
DA:49,2
DA:50,2
DA:53,1
DA:58,2
DA:61,2
DA:62,1
DA:63,1
DA:70,2
DA:71,2
DA:72,1
DA:73,1
DA:74,1
DA:75,2
DA:76,2
DA:79,1
DA:84,2
DA:87,2
DA:88,1
DA:89,1
DA:95,2
LF:29
LH:29
end_of_record
TN:
SF:/app/crates/duke-interpreter/src/lib.rs
FN:42,bootstrap_stdlib
FN:3663,extract_slot_arg
FN:3668,extract_ref_arg
FN:3676,extract_io_fd
FN:3686,extract_io_fd_at
FN:3696,extract_int_arg
FN:3707,extract_long_arg
FN:3718,extract_float_arg
FN:3729,extract_double_arg
FN:3753,native_println_string
FN:3778,native_println_int
FN:3790,native_println_void
FN:3800,path_from_string_slot
FN:3814,string_value_from_ref
FN:3821,file_path_from_ref
FN:3831,file_path_from_this
FN:3836,archive_path_from_slot
FN:3851,boot_archive_path_from_ref
FN:3870,launched_class_loader_archive_path
FN:3891,archive_ref_from_slot
FN:3906,native_file_init
FN:3922,native_file_exists
FN:3932,native_file_is_file
FN:3942,native_file_is_directory
FN:3952,file_stream_id_from_this
FN:3962,native_file_input_stream_init
FN:3979,native_file_input_stream_read
FN:3989,native_file_input_stream_read_bytes
FN:4019,native_file_input_stream_close
FN:4036,native_file_output_stream_init
FN:4053,native_file_output_stream_write
FN:4065,native_file_output_stream_write_bytes
FN:4086,native_file_output_stream_close
FN:4106,native_server_socket_init
FN:4127,native_server_socket_accept
FN:4151,native_server_socket_get_local_port
FN:4167,native_server_socket_close
FN:4191,native_socket_init
FN:4217,native_socket_get_input_stream
FN:4238,native_socket_get_output_stream
FN:4259,native_socket_close
FN:4279,native_zip_file_init
FN:4300,native_jar_file_init_from_file
FN:4315,native_jar_file_init_with_mode_and_version
FN:4333,native_jar_file_get_manifest
FN:4348,native_boot_nested_jar_file_get_manifest
FN:4361,allocate_manifest_from_bytes
FN:4368,native_boot_jar_file_archive_get_manifest
FN:4393,native_boot_archive_get_manifest
FN:4414,native_boot_exploded_archive_get_manifest
FN:4465,native_zip_file_get_entry
FN:4498,native_zip_file_get_input_stream
FN:4528,native_zip_file_close
FN:4547,native_zip_file_size
FN:4560,native_zip_entry_get_name
FN:4571,native_zip_entry_get_compressed_size
FN:4592,native_zip_entry_get_size
FN:4613,native_zip_entry_get_method
FN:4625,native_string_length
FN:4638,native_string_equals
FN:4658,native_string_char_at
FN:4679,native_object_init
FN:4690,native_object_get_class
FN:4703,native_object_equals
FN:4715,native_object_hashcode
FN:4730,native_object_tostring
FN:4743,native_object_clone
FN:4769,native_throwable_add_suppressed
FN:4780,native_enum_init
FN:4801,native_enum_ordinal
FN:4816,native_enum_name
FN:4833,native_enum_valueof
FN:4870,native_class_get_name
FN:4882,native_class_get_package_name
FN:4902,native_class_desired_assertion_status
FN:4913,native_false_boolean
FN:4923,native_zero_long
FN:4933,native_void_noop
FN:4942,native_class_for_name
FN:4969,native_class_for_name_with_loader
FN:5011,native_class_get_class_loader
FN:5026,native_class_loader_register_as_parallel_capable
FN:5035,allocate_string_backed_object
FN:5046,first_reference_field
FN:5054,string_backed_object_value
FN:5061,path_to_file_url
FN:5076,decode_pct_hex
FN:5085,percent_decode
FN:5105,file_url_to_path
FN:5120,native_class_get_protection_domain
FN:5146,native_protection_domain_get_code_source
FN:5159,native_code_source_get_location
FN:5172,native_url_to_uri
FN:5185,native_url_set_url_stream_handler_factory
FN:5194,native_path_of
FN:5211,native_path_to_file
FN:5229,native_paths_get
FN:5265,native_posix_file_permissions_as_file_attribute
FN:5275,manifest_attribute_value
FN:5287,native_manifest_get_main_attributes
FN:5303,native_attributes_get_value
FN:5328,boot_archive_entry_name
FN:5340,boot_archive_entry_is_directory_flag
FN:5355,native_boot_archive_entry_name
FN:5373,native_boot_archive_entry_is_directory
FN:5385,boot_archive_hashset_add_url
FN:5405,allocate_boot_archive_entry
FN:5418,boot_archive_predicate_accepts
FN:5455,open_boot_archive_reader
FN:5466,archive_file_ref_at
FN:5477,patch_forwarded_slot_if_needed
FN:5483,patch_forwarded_ref_if_needed
FN:5491,native_boot_jar_file_archive_get_class_path_urls
FN:5528,list_directory_children_sorted
FN:5547,exploded_archive_relative_entry_name
FN:5563,native_boot_exploded_archive_get_class_path_urls
FN:5623,native_boot_launched_class_loader_init
FN:5656,native_class_get_declared_method
FN:5692,native_class_get_method
FN:5726,lookup_reflected_constructor
FN:5738,reflected_constructors
FN:5749,native_class_get_declared_field
FN:5784,native_class_get_declared_constructor
FN:5816,native_class_get_field
FN:5848,native_class_get_constructor
FN:5880,native_class_new_instance
FN:5920,native_class_get_declared_methods
FN:5950,native_class_get_declared_constructors
FN:5979,native_class_get_methods
FN:6006,native_class_get_constructors
FN:6035,native_class_get_declared_fields
FN:6064,native_class_get_fields
FN:6091,native_reflect_method_get_name
FN:6101,native_reflect_constructor_get_name
FN:6114,native_reflect_method_get_return_type
FN:6131,native_reflect_field_get_type
FN:6148,native_reflection_member_get_declaring_class
FN:6160,native_reflect_method_get_parameter_count
FN:6172,native_reflect_executable_get_parameter_types
FN:6202,native_reflect_field_get_name
FN:6212,native_reflection_member_set_accessible
FN:6228,native_reflect_field_get
FN:6268,native_reflect_field_set
FN:6308,native_reflect_method_invoke
FN:6355,native_reflect_constructor_new_instance
FN:6398,native_string_value_of_int
FN:6411,native_print_string
FN:6438,native_print_int
FN:6453,native_println_long
FN:6464,native_println_float
FN:6475,native_println_double
FN:6486,native_println_boolean
FN:6497,native_println_char
FN:6514,heap_object_to_string
FN:6557,native_println_object
FN:6582,native_print_long
FN:6593,native_print_float
FN:6604,native_print_double
FN:6615,native_print_boolean
FN:6626,native_print_char
FN:6638,native_print_object
FN:6663,native_system_exit
FN:6679,system_property_overrides
FN:6683,system_property_value
FN:6721,native_system_get_property
FN:6735,native_system_set_property
FN:6756,native_system_get_property_with_default
FN:6771,system_time_to_epoch_millis
FN:6779,native_system_current_time_millis
FN:6792,monotonic_nano_time_now
FN:6798,native_system_nano_time
FN:6810,native_thread_current_thread
FN:6823,native_thread_init
FN:6836,native_thread_init_runnable
FN:6850,native_thread_start
FN:6861,native_thread_join
FN:6880,native_thread_sleep
FN:6904,native_string_substring
FN:6931,native_string_substring_range
FN:6958,native_string_indexof
FN:6979,native_string_contains
FN:6998,native_string_isempty
FN:7020,ordering_to_int
FN:7029,native_string_compareto
FN:7039,native_string_compareto_object
FN:7060,native_string_startswith
FN:7078,native_string_endswith
FN:7096,native_string_trim
FN:7111,native_string_tochararray
FN:7130,native_integer_parseint
FN:7141,native_integer_parseint_radix
FN:7152,native_integer_valueof
FN:7165,native_integer_valueof_string
FN:7178,native_integer_valueof_string_radix
FN:7191,native_integer_decode
FN:7204,native_integer_intvalue
FN:7216,native_integer_tostring_static
FN:7228,native_integer_tohexstring_static
FN:7240,native_integer_tooctalstring_static
FN:7252,native_integer_tobinarystring_static
FN:7264,native_integer_tounsignedlong_static
FN:7275,native_integer_compareunsigned_static
FN:7287,native_integer_compareto
FN:7313,native_string_value_of_long
FN:7325,native_string_value_of_double
FN:7337,native_string_value_of_float
FN:7349,native_string_value_of_boolean
FN:7369,native_string_value_of_char
FN:7389,native_string_value_of_object
FN:7415,native_string_concat
FN:7434,format_arg
FN:7477,native_string_format
FN:7566,native_string_touppercase
FN:7579,native_string_tolowercase
FN:7593,native_string_replace_char
FN:7609,native_string_replace_charsequence
FN:7635,native_string_split
FN:7660,native_string_hashcode
FN:7677,native_string_tostring
FN:7689,native_math_max_int
FN:7701,native_math_min_int
FN:7713,native_math_abs_int
FN:7724,native_math_floor_mod_int
FN:7747,native_math_sqrt
FN:7758,native_math_pow
FN:7770,native_math_floor
FN:7781,native_math_ceil
FN:7793,native_math_round_double
FN:7804,native_math_abs_long
FN:7815,native_math_abs_double
FN:7826,native_math_max_long
FN:7838,native_math_min_long
FN:7850,native_math_max_double
FN:7862,native_math_min_double
FN:7876,native_long_parselong
FN:7887,native_long_parselong_radix
FN:7898,native_long_valueof
FN:7911,native_long_valueof_string
FN:7924,native_long_valueof_string_radix
FN:7937,native_long_decode
FN:7950,native_long_longvalue
FN:7962,native_long_tostring_static
FN:7974,native_long_tohexstring_static
FN:7994,native_long_tooctalstring_static
FN:8014,native_long_tobinarystring_static
FN:8034,native_long_compareunsigned_static
FN:8046,native_long_compareto
FN:8072,native_double_parsedouble
FN:8096,native_double_valueof
FN:8109,native_double_doublevalue
FN:8122,native_float_valueof
FN:8134,native_float_floatvalue
FN:8145,native_float_compareto
FN:8169,native_float_parsefloat
FN:8194,native_boolean_valueof
FN:8206,native_boolean_booleanvalue
FN:8217,native_boolean_compareto
FN:8241,native_boolean_parseboolean
FN:8261,parse_bounded_i32_from_string_arg
FN:8271,parse_bounded_i32_from_string_and_radix_args
FN:8282,parse_bounded_i32_with_radix
FN:8294,parse_i64_from_string_arg
FN:8299,parse_i64_from_string_and_radix_args
FN:8305,parse_i64_with_radix
FN:8311,parse_i32_decode_from_string_arg
FN:8324,parse_i64_decode_from_string_arg
FN:8337,parse_i128_decode
FN:8375,extract_string_arg_value
FN:8380,extract_parse_radix_arg
FN:8390,native_byte_parsebyte
FN:8401,native_byte_parsebyte_radix
FN:8416,native_byte_valueof
FN:8428,native_byte_valueof_string
FN:8441,native_byte_valueof_string_radix
FN:8458,native_byte_bytevalue
FN:8469,native_byte_compareto
FN:8492,native_short_parseshort
FN:8503,native_short_parseshort_radix
FN:8518,native_short_valueof
FN:8530,native_short_valueof_string
FN:8543,native_short_valueof_string_radix
FN:8560,native_short_shortvalue
FN:8571,native_short_compareto
FN:8594,native_char_compareto
FN:8619,execute_string_concat_recipe
FN:8655,stringify_slot
FN:8690,format_java_float
FN:8702,format_java_double
FN:8735,execute
FN:9902,ensure_initialized
FN:9951,primitive_wrapper_type_descriptor
FN:9966,initialize_primitive_wrapper_type_field
FN:10001,FramePool::new
FN:10007,FramePool::acquire
FN:10014,FramePool::release
FN:10044,callback_invoke_registered_lambda
FN:10139,<impl CallbackOps for InterpreterCallbackOps<'_>>::invoke
FN:10172,<impl CallbackOps for InterpreterCallbackOps<'_>>::ensure_loaded
FN:10187,<impl CallbackOps for InterpreterCallbackOps<'_>>::inspect_class
FN:10191,<impl CallbackOps for InterpreterCallbackOps<'_>>::ensure_class_initialized
FN:10201,<impl CallbackOps for InterpreterCallbackOps<'_>>::code_source_for_class
FN:10208,<impl CallbackOps for InterpreterCallbackOps<'_>>::ensure_loaded_with_runtime_loader
FN:10228,<impl CallbackOps for InterpreterCallbackOps<'_>>::instance_field_slot
FN:10232,<impl CallbackOps for InterpreterCallbackOps<'_>>::read_instance_field
FN:10255,<impl CallbackOps for InterpreterCallbackOps<'_>>::write_instance_field
FN:10280,<impl CallbackOps for InterpreterCallbackOps<'_>>::read_static_field
FN:10288,<impl CallbackOps for InterpreterCallbackOps<'_>>::write_static_field
FN:10297,<impl CallbackOps for InterpreterCallbackOps<'_>>::runtime_loader_for_class
FN:10301,<impl CallbackOps for InterpreterCallbackOps<'_>>::class_key_for_loaded_class
FN:10305,<impl CallbackOps for InterpreterCallbackOps<'_>>::class_key_for_runtime_loader
FN:10321,<impl CallbackOps for InterpreterCallbackOps<'_>>::class_key_from_source
FN:10329,<impl CallbackOps for InterpreterCallbackOps<'_>>::allocate_instance
FN:10340,ExecutionState::new
FNF:313
FNDA:1,bootstrap_stdlib
FNDA:2,extract_slot_arg
FNDA:3,extract_ref_arg
FNDA:1,extract_io_fd
FNDA:2,extract_io_fd_at
FNDA:1,extract_int_arg
FNDA:1,extract_long_arg
FNDA:1,extract_float_arg
FNDA:1,extract_double_arg
FNDA:1,native_println_string
FNDA:1,native_println_int
FNDA:1,native_println_void
FNDA:1,path_from_string_slot
FNDA:1,string_value_from_ref
FNDA:1,file_path_from_ref
FNDA:1,file_path_from_this
FNDA:1,archive_path_from_slot
FNDA:1,boot_archive_path_from_ref
FNDA:1,launched_class_loader_archive_path
FNDA:1,archive_ref_from_slot
FNDA:1,native_file_init
FNDA:1,native_file_exists
FNDA:1,native_file_is_file
FNDA:1,native_file_is_directory
FNDA:1,file_stream_id_from_this
FNDA:1,native_file_input_stream_init
FNDA:1,native_file_input_stream_read
FNDA:1,native_file_input_stream_read_bytes
FNDA:1,native_file_input_stream_close
FNDA:1,native_file_output_stream_init
FNDA:1,native_file_output_stream_write
FNDA:1,native_file_output_stream_write_bytes
FNDA:1,native_file_output_stream_close
FNDA:1,native_server_socket_init
FNDA:0,native_server_socket_accept
FNDA:1,native_server_socket_get_local_port
FNDA:1,native_server_socket_close
FNDA:1,native_socket_init
FNDA:1,native_socket_get_input_stream
FNDA:1,native_socket_get_output_stream
FNDA:1,native_socket_close
FNDA:1,native_zip_file_init
FNDA:1,native_jar_file_init_from_file
FNDA:0,native_jar_file_init_with_mode_and_version
FNDA:1,native_jar_file_get_manifest
FNDA:0,native_boot_nested_jar_file_get_manifest
FNDA:1,allocate_manifest_from_bytes
FNDA:1,native_boot_jar_file_archive_get_manifest
FNDA:0,native_boot_archive_get_manifest
FNDA:1,native_boot_exploded_archive_get_manifest
FNDA:1,native_zip_file_get_entry
FNDA:1,native_zip_file_get_input_stream
FNDA:1,native_zip_file_close
FNDA:1,native_zip_file_size
FNDA:0,native_zip_entry_get_name
FNDA:0,native_zip_entry_get_compressed_size
FNDA:0,native_zip_entry_get_size
FNDA:0,native_zip_entry_get_method
FNDA:2,native_string_length
FNDA:1,native_string_equals
FNDA:1,native_string_char_at
FNDA:1,native_object_init
FNDA:1,native_object_get_class
FNDA:1,native_object_equals
FNDA:1,native_object_hashcode
FNDA:1,native_object_tostring
FNDA:1,native_object_clone
FNDA:0,native_throwable_add_suppressed
FNDA:2,native_enum_init
FNDA:2,native_enum_ordinal
FNDA:1,native_enum_name
FNDA:1,native_enum_valueof
FNDA:2,native_class_get_name
FNDA:1,native_class_get_package_name
FNDA:1,native_class_desired_assertion_status
FNDA:1,native_false_boolean
FNDA:1,native_zero_long
FNDA:1,native_void_noop
FNDA:1,native_class_for_name
FNDA:1,native_class_for_name_with_loader
FNDA:1,native_class_get_class_loader
FNDA:1,native_class_loader_register_as_parallel_capable
FNDA:2,allocate_string_backed_object
FNDA:1,first_reference_field
FNDA:1,string_backed_object_value
FNDA:1,path_to_file_url
FNDA:0,decode_pct_hex
FNDA:1,percent_decode
FNDA:2,file_url_to_path
FNDA:3,native_class_get_protection_domain
FNDA:1,native_protection_domain_get_code_source
FNDA:2,native_code_source_get_location
FNDA:2,native_url_to_uri
FNDA:1,native_url_set_url_stream_handler_factory
FNDA:1,native_path_of
FNDA:1,native_path_to_file
FNDA:2,native_paths_get
FNDA:4,native_posix_file_permissions_as_file_attribute
FNDA:1,manifest_attribute_value
FNDA:1,native_manifest_get_main_attributes
FNDA:1,native_attributes_get_value
FNDA:1,boot_archive_entry_name
FNDA:2,boot_archive_entry_is_directory_flag
FNDA:1,native_boot_archive_entry_name
FNDA:2,native_boot_archive_entry_is_directory
FNDA:1,boot_archive_hashset_add_url
FNDA:1,allocate_boot_archive_entry
FNDA:1,boot_archive_predicate_accepts
FNDA:1,open_boot_archive_reader
FNDA:1,archive_file_ref_at
FNDA:1,patch_forwarded_slot_if_needed
FNDA:1,patch_forwarded_ref_if_needed
FNDA:1,native_boot_jar_file_archive_get_class_path_urls
FNDA:1,list_directory_children_sorted
FNDA:1,exploded_archive_relative_entry_name
FNDA:1,native_boot_exploded_archive_get_class_path_urls
FNDA:1,native_boot_launched_class_loader_init
FNDA:1,native_class_get_declared_method
FNDA:1,native_class_get_method
FNDA:1,lookup_reflected_constructor
FNDA:1,reflected_constructors
FNDA:1,native_class_get_declared_field
FNDA:1,native_class_get_declared_constructor
FNDA:1,native_class_get_field
FNDA:1,native_class_get_constructor
FNDA:1,native_class_new_instance
FNDA:1,native_class_get_declared_methods
FNDA:1,native_class_get_declared_constructors
FNDA:1,native_class_get_methods
FNDA:1,native_class_get_constructors
FNDA:1,native_class_get_declared_fields
FNDA:1,native_class_get_fields
FNDA:1,native_reflect_method_get_name
FNDA:1,native_reflect_constructor_get_name
FNDA:1,native_reflect_method_get_return_type
FNDA:1,native_reflect_field_get_type
FNDA:1,native_reflection_member_get_declaring_class
FNDA:1,native_reflect_method_get_parameter_count
FNDA:1,native_reflect_executable_get_parameter_types
FNDA:1,native_reflect_field_get_name
FNDA:1,native_reflection_member_set_accessible
FNDA:1,native_reflect_field_get
FNDA:1,native_reflect_field_set
FNDA:1,native_reflect_method_invoke
FNDA:1,native_reflect_constructor_new_instance
FNDA:1,native_string_value_of_int
FNDA:1,native_print_string
FNDA:1,native_print_int
FNDA:1,native_println_long
FNDA:1,native_println_float
FNDA:1,native_println_double
FNDA:1,native_println_boolean
FNDA:1,native_println_char
FNDA:1,heap_object_to_string
FNDA:1,native_println_object
FNDA:1,native_print_long
FNDA:1,native_print_float
FNDA:1,native_print_double
FNDA:2,native_print_boolean
FNDA:1,native_print_char
FNDA:1,native_print_object
FNDA:1,native_system_exit
FNDA:2,system_property_overrides
FNDA:1,system_property_value
FNDA:2,native_system_get_property
FNDA:1,native_system_set_property
FNDA:1,native_system_get_property_with_default
FNDA:1,system_time_to_epoch_millis
FNDA:1,native_system_current_time_millis
FNDA:1,monotonic_nano_time_now
FNDA:1,native_system_nano_time
FNDA:1,native_thread_current_thread
FNDA:1,native_thread_init
FNDA:1,native_thread_init_runnable
FNDA:1,native_thread_start
FNDA:1,native_thread_join
FNDA:1,native_thread_sleep
FNDA:1,native_string_substring
FNDA:1,native_string_substring_range
FNDA:1,native_string_indexof
FNDA:1,native_string_contains
FNDA:1,native_string_isempty
FNDA:1,ordering_to_int
FNDA:1,native_string_compareto
FNDA:1,native_string_compareto_object
FNDA:2,native_string_startswith
FNDA:1,native_string_endswith
FNDA:1,native_string_trim
FNDA:1,native_string_tochararray
FNDA:1,native_integer_parseint
FNDA:1,native_integer_parseint_radix
FNDA:1,native_integer_valueof
FNDA:1,native_integer_valueof_string
FNDA:1,native_integer_valueof_string_radix
FNDA:1,native_integer_decode
FNDA:1,native_integer_intvalue
FNDA:0,native_integer_tostring_static
FNDA:2,native_integer_tohexstring_static
FNDA:1,native_integer_tooctalstring_static
FNDA:1,native_integer_tobinarystring_static
FNDA:1,native_integer_tounsignedlong_static
FNDA:1,native_integer_compareunsigned_static
FNDA:1,native_integer_compareto
FNDA:1,native_string_value_of_long
FNDA:1,native_string_value_of_double
FNDA:0,native_string_value_of_float
FNDA:1,native_string_value_of_boolean
FNDA:1,native_string_value_of_char
FNDA:1,native_string_value_of_object
FNDA:1,native_string_concat
FNDA:1,format_arg
FNDA:1,native_string_format
FNDA:1,native_string_touppercase
FNDA:1,native_string_tolowercase
FNDA:1,native_string_replace_char
FNDA:1,native_string_replace_charsequence
FNDA:1,native_string_split
FNDA:1,native_string_hashcode
FNDA:1,native_string_tostring
FNDA:1,native_math_max_int
FNDA:1,native_math_min_int
FNDA:1,native_math_abs_int
FNDA:1,native_math_floor_mod_int
FNDA:1,native_math_sqrt
FNDA:1,native_math_pow
FNDA:1,native_math_floor
FNDA:1,native_math_ceil
FNDA:1,native_math_round_double
FNDA:1,native_math_abs_long
FNDA:1,native_math_abs_double
FNDA:1,native_math_max_long
FNDA:1,native_math_min_long
FNDA:1,native_math_max_double
FNDA:1,native_math_min_double
FNDA:1,native_long_parselong
FNDA:1,native_long_parselong_radix
FNDA:1,native_long_valueof
FNDA:1,native_long_valueof_string
FNDA:1,native_long_valueof_string_radix
FNDA:1,native_long_decode
FNDA:1,native_long_longvalue
FNDA:0,native_long_tostring_static
FNDA:1,native_long_tohexstring_static
FNDA:1,native_long_tooctalstring_static
FNDA:1,native_long_tobinarystring_static
FNDA:1,native_long_compareunsigned_static
FNDA:1,native_long_compareto
FNDA:1,native_double_parsedouble
FNDA:1,native_double_valueof
FNDA:1,native_double_doublevalue
FNDA:1,native_float_valueof
FNDA:1,native_float_floatvalue
FNDA:1,native_float_compareto
FNDA:1,native_float_parsefloat
FNDA:1,native_boolean_valueof
FNDA:1,native_boolean_booleanvalue
FNDA:1,native_boolean_compareto
FNDA:1,native_boolean_parseboolean
FNDA:1,parse_bounded_i32_from_string_arg
FNDA:1,parse_bounded_i32_from_string_and_radix_args
FNDA:1,parse_bounded_i32_with_radix
FNDA:1,parse_i64_from_string_arg
FNDA:1,parse_i64_from_string_and_radix_args
FNDA:1,parse_i64_with_radix
FNDA:1,parse_i32_decode_from_string_arg
FNDA:2,parse_i64_decode_from_string_arg
FNDA:2,parse_i128_decode
FNDA:1,extract_string_arg_value
FNDA:1,extract_parse_radix_arg
FNDA:2,native_byte_parsebyte
FNDA:1,native_byte_parsebyte_radix
FNDA:1,native_byte_valueof
FNDA:1,native_byte_valueof_string
FNDA:1,native_byte_valueof_string_radix
FNDA:1,native_byte_bytevalue
FNDA:1,native_byte_compareto
FNDA:1,native_short_parseshort
FNDA:1,native_short_parseshort_radix
FNDA:1,native_short_valueof
FNDA:1,native_short_valueof_string
FNDA:1,native_short_valueof_string_radix
FNDA:1,native_short_shortvalue
FNDA:1,native_short_compareto
FNDA:1,native_char_compareto
FNDA:1,execute_string_concat_recipe
FNDA:1,stringify_slot
FNDA:1,format_java_float
FNDA:1,format_java_double
FNDA:1,execute
FNDA:1,ensure_initialized
FNDA:1,primitive_wrapper_type_descriptor
FNDA:1,initialize_primitive_wrapper_type_field
FNDA:2,FramePool::new
FNDA:2,FramePool::acquire
FNDA:2,FramePool::release
FNDA:1,callback_invoke_registered_lambda
FNDA:1,<impl CallbackOps for InterpreterCallbackOps<'_>>::invoke
FNDA:1,<impl CallbackOps for InterpreterCallbackOps<'_>>::ensure_loaded
FNDA:1,<impl CallbackOps for InterpreterCallbackOps<'_>>::inspect_class
FNDA:1,<impl CallbackOps for InterpreterCallbackOps<'_>>::ensure_class_initialized
FNDA:3,<impl CallbackOps for InterpreterCallbackOps<'_>>::code_source_for_class
FNDA:1,<impl CallbackOps for InterpreterCallbackOps<'_>>::ensure_loaded_with_runtime_loader
FNDA:1,<impl CallbackOps for InterpreterCallbackOps<'_>>::instance_field_slot
FNDA:1,<impl CallbackOps for InterpreterCallbackOps<'_>>::read_instance_field
FNDA:1,<impl CallbackOps for InterpreterCallbackOps<'_>>::write_instance_field
FNDA:1,<impl CallbackOps for InterpreterCallbackOps<'_>>::read_static_field
FNDA:1,<impl CallbackOps for InterpreterCallbackOps<'_>>::write_static_field
FNDA:1,<impl CallbackOps for InterpreterCallbackOps<'_>>::runtime_loader_for_class
FNDA:1,<impl CallbackOps for InterpreterCallbackOps<'_>>::class_key_for_loaded_class
FNDA:1,<impl CallbackOps for InterpreterCallbackOps<'_>>::class_key_for_runtime_loader
FNDA:1,<impl CallbackOps for InterpreterCallbackOps<'_>>::class_key_from_source
FNDA:1,<impl CallbackOps for InterpreterCallbackOps<'_>>::allocate_instance
FNDA:3,ExecutionState::new
DA:42,1
DA:44,1
DA:48,1
DA:49,2
DA:50,1
DA:51,1
DA:52,3
DA:57,2
DA:59,1
DA:60,1
DA:62,1
DA:66,1
DA:67,2
DA:68,1
DA:69,1
DA:70,1
DA:71,1
DA:73,1
DA:74,1
DA:76,1
DA:79,1
DA:87,1
DA:90,1
DA:93,1
DA:94,2
DA:95,1
DA:96,1
DA:97,3
DA:102,1
DA:104,1
DA:105,1
DA:107,1
DA:108,1
DA:116,1
DA:119,1
DA:120,1
DA:128,1
DA:129,2
DA:130,1
DA:131,1
DA:132,1
DA:133,1
DA:135,1
DA:136,1
DA:138,1
DA:141,1
DA:142,2
DA:143,1
DA:144,1
DA:145,1
DA:146,1
DA:148,1
DA:149,1
DA:151,1
DA:154,1
DA:155,2
DA:156,1
DA:157,1
DA:158,1
DA:159,1
DA:161,1
DA:162,1
DA:164,1
DA:167,1
DA:168,2
DA:169,2
DA:170,2
DA:171,1
DA:172,2
DA:174,1
DA:175,2
DA:177,1
DA:180,2
DA:181,3
DA:182,1
DA:183,2
DA:184,1
DA:185,2
DA:187,1
DA:188,2
DA:190,1
DA:193,2
DA:194,3
DA:195,1
DA:196,2
DA:197,3
DA:198,3
DA:200,5
DA:201,1
DA:203,2
DA:206,1
DA:207,3
DA:208,2
DA:209,1
DA:210,1
DA:211,2
DA:213,3
DA:214,1
DA:216,3
DA:219,3
DA:220,3
DA:221,2
DA:222,1
DA:223,2
DA:224,1
DA:226,2
DA:227,1
DA:229,1
DA:232,2
DA:233,3
DA:234,1
DA:235,2
DA:236,4
DA:258,2
DA:260,1
DA:261,1
DA:263,2
DA:264,1
DA:270,2
DA:276,1
DA:282,2
DA:288,1
DA:294,2
DA:302,2
DA:303,2
DA:304,2
DA:305,1
DA:306,5
DA:318,1
DA:320,1
DA:321,2
DA:323,1
DA:324,2
DA:330,1
DA:336,1
DA:344,2
DA:345,6
DA:346,3
DA:347,3
DA:348,3
DA:349,3
DA:351,3
DA:352,3
DA:354,3
DA:355,3
DA:361,3
DA:367,3
DA:375,3
DA:376,6
DA:377,3
DA:378,3
DA:379,9
DA:384,3
DA:386,8
DA:387,4
DA:389,4
DA:390,4
DA:396,4
DA:402,4
DA:410,4
DA:411,8
DA:412,4
DA:413,3
DA:414,5
DA:419,3
DA:421,4
DA:422,1
DA:424,3
DA:425,1
DA:431,3
DA:437,1
DA:445,3
DA:446,3
DA:447,1
DA:448,3
DA:449,5
DA:454,3
DA:456,3
DA:457,2
DA:459,2
DA:460,2
DA:466,2
DA:472,2
DA:480,2
DA:481,4
DA:482,1
DA:483,3
DA:484,5
DA:489,2
DA:491,4
DA:492,2
DA:494,2
DA:495,2
DA:501,2
DA:507,1
DA:513,3
DA:521,1
DA:522,4
DA:523,1
DA:524,2
DA:525,5
DA:530,3
DA:532,4
DA:533,1
DA:535,1
DA:536,3
DA:542,1
DA:548,3
DA:554,1
DA:562,3
DA:563,4
DA:564,3
DA:565,1
DA:566,7
DA:578,1
DA:580,4
DA:581,2
DA:583,2
DA:584,2
DA:590,2
DA:596,2
DA:602,2
DA:610,2
DA:611,4
DA:612,1
DA:613,3
DA:614,5
DA:626,2
DA:628,4
DA:629,2
DA:631,2
DA:632,2
DA:638,2
DA:644,2
DA:652,2
DA:655,2
DA:656,4
DA:657,2
DA:658,2
DA:659,6
DA:664,2
DA:666,4
DA:667,2
DA:669,2
DA:670,2
DA:676,2
DA:682,2
DA:690,2
DA:691,4
DA:692,2
DA:693,2
DA:694,6
DA:699,2
DA:701,4
DA:702,2
DA:704,1
DA:705,3
DA:711,1
DA:717,3
DA:726,1
DA:727,4
DA:728,3
DA:729,1
DA:730,3
DA:731,1
DA:733,5
DA:738,3
DA:740,1
DA:745,1
DA:746,2
DA:754,2
DA:755,2
DA:761,2
DA:767,2
DA:773,2
DA:781,2
DA:782,2
DA:788,2
DA:794,2
DA:800,2
DA:806,2
DA:812,2
DA:818,2
DA:824,2
DA:830,2
DA:836,2
DA:842,2
DA:848,2
DA:854,2
DA:862,2
DA:870,2
DA:878,2
DA:881,2
DA:887,2
DA:893,2
DA:899,2
DA:905,2
DA:911,2
DA:921,2
DA:924,2
DA:927,2
DA:930,2
DA:933,2
DA:934,2
DA:944,2
DA:945,2
DA:951,2
DA:957,2
DA:963,2
DA:969,2
DA:979,2
DA:981,2
DA:982,2
DA:983,2
DA:984,2
DA:986,2
DA:987,2
DA:989,2
DA:994,2
DA:995,2
DA:1001,2
DA:1007,2
DA:1013,2
DA:1019,2
DA:1028,2
DA:1029,4
DA:1030,2
DA:1031,2
DA:1032,2
DA:1033,2
DA:1035,2
DA:1036,2
DA:1038,2
DA:1039,2
DA:1045,1
DA:1051,3
DA:1057,1
DA:1063,3
DA:1069,1
DA:1075,1
DA:1081,3
DA:1087,1
DA:1093,3
DA:1099,1
DA:1105,3
DA:1111,1
DA:1117,3
DA:1123,1
DA:1129,1
DA:1135,3
DA:1141,1
DA:1147,1
DA:1153,3
DA:1159,1
DA:1165,3
DA:1171,1
DA:1177,3
DA:1183,1
DA:1189,1
DA:1195,3
DA:1203,1
DA:1204,4
DA:1205,2
DA:1206,2
DA:1207,6
DA:1212,2
DA:1214,2
DA:1215,2
DA:1217,2
DA:1218,2
DA:1226,2
DA:1227,3
DA:1228,3
DA:1229,1
DA:1230,6
DA:1235,2
DA:1237,1
DA:1238,3
DA:1240,3
DA:1241,1
DA:1249,3
DA:1250,4
DA:1251,1
DA:1252,2
DA:1253,6
DA:1258,2
DA:1260,2
DA:1261,2
DA:1263,1
DA:1264,3
DA:1270,1
DA:1278,3
DA:1279,8
DA:1280,4
DA:1281,4
DA:1282,12
DA:1287,4
DA:1289,4
DA:1290,4
DA:1292,4
DA:1295,4
DA:1296,8
DA:1297,4
DA:1298,4
DA:1299,12
DA:1304,4
DA:1306,4
DA:1307,4
DA:1309,4
DA:1310,4
DA:1316,4
DA:1323,4
DA:1324,8
DA:1325,4
DA:1326,4
DA:1327,4
DA:1328,4
DA:1330,4
DA:1331,4
DA:1333,4
DA:1334,4
DA:1342,3
DA:1343,4
DA:1344,1
DA:1345,3
DA:1346,1
DA:1347,3
DA:1349,1
DA:1350,2
DA:1352,2
DA:1354,2
DA:1356,2
DA:1358,2
DA:1361,2
DA:1362,3
DA:1363,3
DA:1364,1
DA:1365,6
DA:1382,4
DA:1388,1
DA:1389,3
DA:1391,1
DA:1394,1
DA:1395,4
DA:1396,2
DA:1397,2
DA:1398,2
DA:1399,2
DA:1401,1
DA:1402,3
DA:1404,1
DA:1405,3
DA:1412,1
DA:1413,4
DA:1414,2
DA:1415,2
DA:1416,6
DA:1428,2
DA:1430,4
DA:1431,1
DA:1433,3
DA:1434,1
DA:1440,3
DA:1446,1
DA:1452,1
DA:1458,3
DA:1464,1
DA:1470,3
DA:1476,1
DA:1484,2
DA:1485,4
DA:1486,2
DA:1487,1
DA:1488,7
DA:1520,1
DA:1522,3
DA:1523,1
DA:1525,3
DA:1526,2
DA:1532,2
DA:1538,2
DA:1544,2
DA:1550,2
DA:1556,2
DA:1562,2
DA:1570,2
DA:1571,4
DA:1572,2
DA:1573,2
DA:1574,6
DA:1606,2
DA:1608,2
DA:1609,2
DA:1611,2
DA:1612,2
DA:1618,2
DA:1624,2
DA:1630,2
DA:1636,2
DA:1642,2
DA:1650,2
DA:1651,4
DA:1652,2
DA:1653,2
DA:1654,6
DA:1686,2
DA:1688,2
DA:1689,2
DA:1691,2
DA:1692,1
DA:1698,3
DA:1704,1
DA:1710,3
DA:1716,1
DA:1722,3
DA:1730,1
DA:1732,3
DA:1733,1
DA:1734,3
DA:1735,1
DA:1737,2
DA:1738,1
DA:1740,3
DA:1743,1
DA:1744,4
DA:1745,2
DA:1746,2
DA:1747,2
DA:1748,2
DA:1750,2
DA:1751,2
DA:1753,2
DA:1754,2
DA:1762,1
DA:1763,4
DA:1764,3
DA:1765,1
DA:1766,5
DA:1778,3
DA:1780,1
DA:1781,2
DA:1783,2
DA:1786,1
DA:1787,3
DA:1793,1
DA:1801,3
DA:1804,1
DA:1807,1
DA:1808,3
DA:1817,1
DA:1818,6
DA:1819,1
DA:1820,3
DA:1821,1
DA:1822,3
DA:1824,1
DA:1825,3
DA:1827,1
DA:1828,3
DA:1836,1
DA:1837,3
DA:1846,1
DA:1847,4
DA:1848,3
DA:1849,1
DA:1850,3
DA:1851,1
DA:1853,3
DA:1854,1
DA:1856,3
DA:1859,1
DA:1860,3
DA:1869,1
DA:1870,4
DA:1871,3
DA:1872,1
DA:1873,3
DA:1874,1
DA:1876,3
DA:1877,1
DA:1879,3
DA:1880,1
DA:1886,3
DA:1894,1
DA:1895,4
DA:1896,3
DA:1897,1
DA:1898,3
DA:1899,3
DA:1901,1
DA:1902,3
DA:1904,1
DA:1907,3
DA:1908,4
DA:1909,1
DA:1910,2
DA:1911,2
DA:1912,2
DA:1914,2
DA:1915,2
DA:1917,2
DA:1920,2
DA:1921,3
DA:1922,3
DA:1923,1
DA:1924,2
DA:1925,2
DA:1927,2
DA:1928,2
DA:1930,2
DA:1933,2
DA:1934,4
DA:1935,2
DA:1936,2
DA:1937,2
DA:1938,2
DA:1940,2
DA:1941,2
DA:1943,2
DA:1946,2
DA:1947,4
DA:1948,2
DA:1949,2
DA:1950,2
DA:1951,2
DA:1953,2
DA:1954,2
DA:1956,2
DA:1959,2
DA:1960,4
DA:1961,2
DA:1962,2
DA:1963,2
DA:1964,2
DA:1966,2
DA:1967,2
DA:1969,2
DA:1972,2
DA:1973,4
DA:1974,2
DA:1975,2
DA:1976,2
DA:1977,2
DA:1979,2
DA:1980,2
DA:1982,2
DA:1985,2
DA:1986,4
DA:1987,2
DA:1988,2
DA:1989,2
DA:1990,2
DA:1992,2
DA:1993,2
DA:1995,2
DA:1998,2
DA:1999,4
DA:2000,2
DA:2001,2
DA:2002,2
DA:2003,2
DA:2005,2
DA:2006,1
DA:2008,3
DA:2015,1
DA:2017,2
DA:2018,2
DA:2019,2
DA:2020,2
DA:2022,2
DA:2023,2
DA:2025,1
DA:2030,3
DA:2031,4
DA:2032,1
DA:2033,3
DA:2034,5
DA:2046,2
DA:2048,2
DA:2049,2
DA:2051,2
DA:2052,1
DA:2060,3
DA:2061,1
DA:2067,3
DA:2076,1
DA:2077,4
DA:2078,1
DA:2079,3
DA:2080,5
DA:2102,5
DA:2108,4
DA:2109,2
DA:2111,2
DA:2112,2
DA:2118,2
DA:2124,1
DA:2130,2
DA:2136,2
DA:2142,2
DA:2148,2
DA:2154,2
DA:2160,2
DA:2166,2
DA:2172,2
DA:2178,2
DA:2184,2
DA:2190,2
DA:2196,2
DA:2205,2
DA:2206,4
DA:2207,2
DA:2208,2
DA:2209,5
DA:2231,4
DA:2237,4
DA:2238,3
DA:2240,1
DA:2241,1
DA:2247,3
DA:2253,1
DA:2259,3
DA:2265,1
DA:2271,2
DA:2279,2
DA:2280,2
DA:2286,2
DA:2292,2
DA:2298,2
DA:2304,2
DA:2310,2
DA:2316,2
DA:2325,2
DA:2326,4
DA:2327,2
DA:2328,2
DA:2329,5
DA:2366,4
DA:2375,4
DA:2376,2
DA:2378,1
DA:2379,3
DA:2385,1
DA:2391,3
DA:2399,1
DA:2400,3
DA:2406,1
DA:2415,3
DA:2416,4
DA:2417,1
DA:2418,3
DA:2419,5
DA:2431,4
DA:2433,4
DA:2434,3
DA:2436,1
DA:2437,3
DA:2443,1
DA:2449,3
DA:2455,1
DA:2461,3
DA:2470,1
DA:2471,4
DA:2472,3
DA:2473,1
DA:2474,7
DA:2486,4
DA:2488,4
DA:2489,1
DA:2491,3
DA:2492,1
DA:2498,3
DA:2504,1
DA:2510,3
DA:2516,1
DA:2524,3
DA:2525,4
DA:2526,1
DA:2527,3
DA:2528,5
DA:2540,4
DA:2542,4
DA:2543,3
DA:2545,1
DA:2546,2
DA:2552,2
DA:2558,2
DA:2564,1
DA:2570,3
DA:2578,1
DA:2579,3
DA:2585,4
DA:2593,3
DA:2594,4
DA:2595,1
DA:2596,3
DA:2597,5
DA:2609,4
DA:2611,4
DA:2612,3
DA:2614,1
DA:2615,1
DA:2621,3
DA:2627,1
DA:2633,2
DA:2639,2
DA:2645,1
DA:2651,3
DA:2657,1
DA:2665,2
DA:2666,4
DA:2667,2
DA:2668,1
DA:2669,7
DA:2674,4
DA:2676,1
DA:2677,2
DA:2679,2
DA:2683,2
DA:2684,4
DA:2685,2
DA:2686,2
DA:2687,6
DA:2699,4
DA:2704,1
DA:2705,2
DA:2707,2
DA:2710,2
DA:2713,3
DA:2716,1
DA:2717,3
DA:2725,1
DA:2728,3
DA:2731,1
DA:2734,3
DA:2737,1
DA:2740,3
DA:2743,1
DA:2746,3
DA:2749,1
DA:2752,3
DA:2755,1
DA:2758,3
DA:2764,1
DA:2770,3
DA:2776,1
DA:2782,3
DA:2788,1
DA:2796,3
DA:2804,1
DA:2813,3
DA:2814,4
DA:2815,1
DA:2816,3
DA:2817,1
DA:2818,3
DA:2820,4
DA:2821,4
DA:2823,3
DA:2828,1
DA:2830,3
DA:2837,1
DA:2844,3
DA:2851,1
DA:2858,3
DA:2865,1
DA:2872,3
DA:2879,1
DA:2886,2
DA:2895,2
DA:2899,2
DA:2900,4
DA:2901,2
DA:2902,2
DA:2903,5
DA:2915,4
DA:2917,4
DA:2918,2
DA:2920,2
DA:2923,2
DA:2930,2
DA:2937,1
DA:2944,2
DA:2951,2
DA:2958,2
DA:2965,2
DA:2972,1
DA:2979,2
DA:2986,2
DA:2992,2
DA:2998,2
DA:3006,2
DA:3007,4
DA:3008,2
DA:3009,2
DA:3010,2
DA:3011,2
DA:3013,2
DA:3014,2
DA:3016,2
DA:3017,2
DA:3023,2
DA:3033,2
DA:3034,4
DA:3035,2
DA:3036,2
DA:3037,6
DA:3042,2
DA:3044,6
DA:3049,2
DA:3051,2
DA:3052,2
DA:3058,2
DA:3064,2
DA:3072,2
DA:3073,2
DA:3079,2
DA:3085,2
DA:3091,2
DA:3101,2
DA:3102,4
DA:3103,2
DA:3104,2
DA:3105,6
DA:3117,2
DA:3119,2
DA:3120,2
DA:3122,1
DA:3123,3
DA:3129,1
DA:3135,3
DA:3144,1
DA:3145,4
DA:3146,3
DA:3147,1
DA:3148,1
DA:3149,3
DA:3151,1
DA:3152,3
DA:3154,1
DA:3157,1
DA:3158,3
DA:3164,1
DA:3170,3
DA:3178,1
DA:3183,3
DA:3184,3
DA:3185,2
DA:3186,1
DA:3187,6
DA:3192,2
DA:3194,2
DA:3195,2
DA:3197,2
DA:3200,2
DA:3201,2
DA:3207,2
DA:3213,2
DA:3221,2
DA:3222,1
DA:3228,3
DA:3234,1
DA:3244,3
DA:3245,4
DA:3246,1
DA:3247,3
DA:3248,4
DA:3253,2
DA:3255,6
DA:3260,2
DA:3263,2
DA:3264,4
DA:3265,2
DA:3266,2
DA:3267,2
DA:3268,2
DA:3270,2
DA:3271,2
DA:3273,2
DA:3274,2
DA:3280,2
DA:3283,2
DA:3284,2
DA:3290,2
DA:3296,2
DA:3302,2
DA:3310,2
DA:3311,2
DA:3317,2
DA:3323,2
DA:3329,2
DA:3337,2
DA:3338,4
DA:3339,2
DA:3340,2
DA:3341,6
DA:3353,2
DA:3355,4
DA:3356,2
DA:3358,2
DA:3359,2
DA:3365,2
DA:3371,2
DA:3381,2
DA:3382,4
DA:3383,2
DA:3384,2
DA:3385,2
DA:3386,2
DA:3388,2
DA:3389,2
DA:3391,2
DA:3392,2
DA:3402,2
DA:3403,4
DA:3404,2
DA:3405,2
DA:3406,2
DA:3407,2
DA:3409,1
DA:3410,3
DA:3412,1
DA:3417,3
DA:3418,4
DA:3419,1
DA:3420,3
DA:3421,5
DA:3453,2
DA:3455,2
DA:3456,2
DA:3458,2
DA:3459,2
DA:3465,2
DA:3471,1
DA:3477,3
DA:3486,1
DA:3487,4
DA:3488,2
DA:3489,2
DA:3490,5
DA:3495,3
DA:3497,4
DA:3498,1
DA:3500,3
DA:3501,1
DA:3507,3
DA:3513,1
DA:3519,3
DA:3527,1
DA:3531,3
DA:3532,2
DA:3533,3
DA:3534,1
DA:3535,3
DA:3536,1
DA:3538,2
DA:3539,2
DA:3541,1
DA:3542,3
DA:3548,4
DA:3554,4
DA:3560,4
DA:3566,3
DA:3572,2
DA:3580,2
DA:3581,4
DA:3582,2
DA:3583,2
DA:3584,6
DA:3589,2
DA:3591,2
DA:3592,2
DA:3594,2
DA:3595,2
DA:3603,2
DA:3604,4
DA:3605,2
DA:3606,2
DA:3607,6
DA:3612,2
DA:3614,2
DA:3615,2
DA:3617,2
DA:3618,2
DA:3627,2
DA:3628,4
DA:3629,2
DA:3630,1
DA:3631,7
DA:3636,1
DA:3638,4
DA:3639,3
DA:3641,4
DA:3642,1
DA:3648,1
DA:3654,3
DA:3663,2
DA:3664,1
DA:3668,3
DA:3669,4
DA:3670,1
DA:3671,1
DA:3676,1
DA:3677,1
DA:3678,1
DA:3679,1
DA:3680,1
DA:3686,2
DA:3687,2
DA:3688,2
DA:3689,1
DA:3690,1
DA:3696,1
DA:3697,1
DA:3698,1
DA:3699,1
DA:3700,0
DA:3701,0
DA:3707,1
DA:3708,1
DA:3709,1
DA:3710,1
DA:3711,0
DA:3712,0
DA:3718,1
DA:3719,1
DA:3720,1
DA:3721,1
DA:3722,0
DA:3723,0
DA:3729,1
DA:3730,1
DA:3731,1
DA:3732,1
DA:3733,0
DA:3734,0
DA:3741,13
DA:3744,2
DA:3753,1
DA:3759,2
DA:3760,1
DA:3762,1
DA:3763,1
DA:3766,0
DA:3772,1
DA:3773,1
DA:3774,1
DA:3775,1
DA:3778,1
DA:3784,1
DA:3785,1
DA:3786,1
DA:3790,1
DA:3796,1
DA:3797,1
DA:3800,1
DA:3805,1
DA:3806,4
DA:3807,2
DA:3810,2
DA:3811,2
DA:3814,1
DA:3815,1
DA:3818,1
DA:3821,1
DA:3822,2
DA:3823,1
DA:3824,0
DA:3826,1
DA:3831,1
DA:3832,1
DA:3833,1
DA:3836,1
DA:3841,1
DA:3842,1
DA:3844,1
DA:3845,1
DA:3846,1
DA:3847,1
DA:3851,1
DA:3856,1
DA:3857,2
DA:3858,1
DA:3859,2
DA:3860,1
DA:3862,0
DA:3863,0
DA:3864,0
DA:3866,0
DA:3870,1
DA:3875,1
DA:3878,0
DA:3885,1
DA:3886,0
DA:3888,1
DA:3891,1
DA:3896,2
DA:3897,1
DA:3898,1
DA:3899,1
DA:3906,1
DA:3912,1
DA:3913,1
DA:3914,1
DA:3915,1
DA:3916,0
DA:3918,1
DA:3919,1
DA:3922,1
DA:3928,1
DA:3929,2
DA:3932,1
DA:3938,1
DA:3939,2
DA:3942,1
DA:3948,1
DA:3949,2
DA:3952,1
DA:3953,1
DA:3954,1
DA:3955,1
DA:3956,1
DA:3957,1
DA:3962,1
DA:3968,2
DA:3969,2
DA:3970,3
DA:3971,1
DA:3972,1
DA:3973,0
DA:3975,1
DA:3976,1
DA:3979,1
DA:3985,1
DA:3986,1
DA:3989,1
DA:3995,1
DA:3996,1
DA:3997,1
DA:3998,1
DA:3999,0
DA:4002,1
DA:4003,3
DA:4004,1
DA:4005,1
DA:4008,1
DA:4009,1
DA:4012,2
DA:4013,0
DA:4015,1
DA:4019,1
DA:4025,1
DA:4026,1
DA:4027,1
DA:4028,1
DA:4029,1
DA:4030,0
DA:4032,1
DA:4033,1
DA:4036,1
DA:4042,1
DA:4043,1
DA:4044,2
DA:4045,1
DA:4046,1
DA:4047,0
DA:4049,1
DA:4050,1
DA:4053,1
DA:4059,1
DA:4060,1
DA:4061,1
DA:4062,1
DA:4065,1
DA:4071,1
DA:4072,1
DA:4073,1
DA:4074,3
DA:4075,2
DA:4076,0
DA:4081,2
DA:4083,1
DA:4086,1
DA:4092,1
DA:4093,1
DA:4094,1
DA:4095,1
DA:4096,1
DA:4097,0
DA:4099,1
DA:4100,1
DA:4106,1
DA:4112,1
DA:4113,1
DA:4114,1
DA:4115,2
DA:4116,1
DA:4117,1
DA:4118,1
DA:4119,0
DA:4121,2
DA:4122,1
DA:4123,1
DA:4127,0
DA:4133,0
DA:4134,0
DA:4135,0
DA:4137,0
DA:4138,0
DA:4142,0
DA:4144,0
DA:4145,0
DA:4146,0
DA:4147,0
DA:4151,1
DA:4157,1
DA:4158,1
DA:4159,1
DA:4160,0
DA:4161,0
DA:4167,1
DA:4173,1
DA:4174,1
DA:4175,2
DA:4176,0
DA:4178,0
DA:4179,0
DA:4183,1
DA:4184,1
DA:4185,1
DA:4186,1
DA:4187,1
DA:4191,1
DA:4197,1
DA:4198,1
DA:4199,2
DA:4200,1
DA:4203,1
DA:4204,2
DA:4205,1
DA:4206,3
DA:4207,1
DA:4208,1
DA:4209,0
DA:4211,2
DA:4212,1
DA:4213,1
DA:4217,1
DA:4223,1
DA:4224,1
DA:4225,1
DA:4227,0
DA:4228,0
DA:4232,1
DA:4233,1
DA:4234,1
DA:4238,1
DA:4244,1
DA:4245,1
DA:4246,1
DA:4248,0
DA:4249,0
DA:4253,1
DA:4254,1
DA:4255,1
DA:4259,1
DA:4265,2
DA:4266,1
DA:4267,2
DA:4268,2
DA:4269,2
DA:4270,2
DA:4271,2
DA:4272,2
DA:4273,2
DA:4279,1
DA:4285,1
DA:4286,2
DA:4287,4
DA:4288,2
DA:4291,2
DA:4293,4
DA:4294,2
DA:4295,2
DA:4296,2
DA:4300,1
DA:4306,3
DA:4307,1
DA:4308,3
DA:4309,4
DA:4310,3
DA:4311,1
DA:4312,3
DA:4315,0
DA:4322,0
DA:4324,0
DA:4330,0
DA:4333,1
DA:4339,1
DA:4340,1
DA:4341,2
DA:4342,0
DA:4344,2
DA:4345,1
DA:4348,0
DA:4354,0
DA:4361,1
DA:4362,1
DA:4363,1
DA:4364,1
DA:4365,1
DA:4368,1
DA:4374,1
DA:4375,3
DA:4376,1
DA:4378,1
DA:4379,1
DA:4381,1
DA:4382,0
DA:4384,0
DA:4390,1
DA:4393,0
DA:4399,0
DA:4400,0
DA:4401,0
DA:4402,0
DA:4404,0
DA:4405,0
DA:4407,0
DA:4408,0
DA:4409,0
DA:4414,1
DA:4420,1
DA:4421,2
DA:4422,1
DA:4424,1
DA:4427,0
DA:4430,3
DA:4431,1
DA:4433,1
DA:4434,1
DA:4436,1
DA:4437,0
DA:4439,0
DA:4445,1
DA:4446,1
DA:4447,1
DA:4448,0
DA:4449,0
DA:4452,0
DA:4453,0
DA:4457,2
DA:4458,1
DA:4459,1
DA:4460,1
DA:4465,1
DA:4471,1
DA:4472,1
DA:4473,1
DA:4474,2
DA:4475,1
DA:4478,1
DA:4480,2
DA:4481,1
DA:4482,0
DA:4485,2
DA:4486,1
DA:4487,1
DA:4488,1
DA:4489,1
DA:4490,1
DA:4491,1
DA:4492,1
DA:4493,1
DA:4494,1
DA:4498,1
DA:4504,1
DA:4505,1
DA:4506,1
DA:4508,2
DA:4509,1
DA:4510,0
DA:4512,2
DA:4513,1
DA:4516,1
DA:4519,2
DA:4520,2
DA:4521,1
DA:4522,1
DA:4523,1
DA:4524,1
DA:4528,1
DA:4534,1
DA:4535,1
DA:4536,1
DA:4537,0
DA:4539,1
DA:4540,1
DA:4541,1
DA:4542,1
DA:4547,1
DA:4553,1
DA:4554,1
DA:4555,1
DA:4556,1
DA:4560,0
DA:4566,0
DA:4567,0
DA:4571,0
DA:4577,0
DA:4578,0
DA:4579,0
DA:4580,0
DA:4581,0
DA:4583,0
DA:4584,0
DA:4585,0
DA:4587,0
DA:4588,0
DA:4592,0
DA:4598,0
DA:4599,0
DA:4600,0
DA:4601,0
DA:4602,0
DA:4604,0
DA:4605,0
DA:4606,0
DA:4608,0
DA:4609,0
DA:4613,0
DA:4619,0
DA:4620,0
DA:4625,2
DA:4631,1
DA:4632,2
DA:4633,1
DA:4634,2
DA:4638,1
DA:4644,1
DA:4645,2
DA:4646,1
DA:4649,1
DA:4650,1
DA:4651,1
DA:4652,1
DA:4653,1
DA:4658,1
DA:4664,1
DA:4665,1
DA:4666,1
DA:4667,1
DA:4668,1
DA:4670,1
DA:4671,1
DA:4673,1
DA:4675,1
DA:4679,1
DA:4685,3
DA:4686,1
DA:4690,1
DA:4696,1
DA:4697,1
DA:4698,2
DA:4699,1
DA:4703,1
DA:4709,1
DA:4710,1
DA:4711,1
DA:4715,1
DA:4721,2
DA:4723,1
DA:4724,0
DA:4730,1
DA:4736,1
DA:4737,2
DA:4738,2
DA:4739,1
DA:4743,1
DA:4749,1
DA:4750,1
DA:4751,1
DA:4752,2
DA:4753,2
DA:4754,2
DA:4755,1
DA:4756,1
DA:4757,1
DA:4758,1
DA:4769,0
DA:4775,0
DA:4780,2
DA:4786,1
DA:4787,1
DA:4788,1
DA:4789,1
DA:4790,0
DA:4792,1
DA:4793,3
DA:4794,2
DA:4795,2
DA:4797,2
DA:4801,2
DA:4807,2
DA:4808,2
DA:4809,2
DA:4810,1
DA:4811,0
DA:4816,1
DA:4822,1
DA:4823,1
DA:4824,1
DA:4825,1
DA:4826,0
DA:4833,1
DA:4839,1
DA:4840,1
DA:4841,1
DA:4842,1
DA:4843,1
DA:4848,2
DA:4849,1
DA:4850,2
DA:4851,1
DA:4852,1
DA:4853,1
DA:4854,2
DA:4855,2
DA:4857,1
DA:4861,0
DA:4862,0
DA:4870,2
DA:4876,2
DA:4877,2
DA:4878,4
DA:4879,2
DA:4882,1
DA:4888,1
DA:4889,1
DA:4890,2
DA:4891,0
DA:4893,2
DA:4895,3
DA:4897,2
DA:4898,1
DA:4902,1
DA:4908,1
DA:4909,1
DA:4913,1
DA:4919,1
DA:4923,1
DA:4929,1
DA:4933,1
DA:4939,1
DA:4942,1
DA:4949,1
DA:4950,2
DA:4951,1
DA:4954,1
DA:4955,2
DA:4956,2
DA:4958,2
DA:4959,2
DA:4960,1
DA:4962,1
DA:4963,1
DA:4965,1
DA:4969,1
DA:4976,1
DA:4977,2
DA:4978,1
DA:4981,1
DA:4982,2
DA:4983,4
DA:4984,2
DA:4985,2
DA:4986,2
DA:4988,1
DA:4989,2
DA:4990,2
DA:4993,0
DA:4999,2
DA:5001,2
DA:5002,1
DA:5004,1
DA:5005,1
DA:5007,0
DA:5011,1
DA:5018,1
DA:5019,1
DA:5020,1
DA:5021,2
DA:5026,1
DA:5032,1
DA:5035,2
DA:5040,3
DA:5041,1
DA:5042,2
DA:5043,1
DA:5046,1
DA:5047,3
DA:5048,2
DA:5049,0
DA:5050,0
DA:5054,1
DA:5055,2
DA:5056,0
DA:5058,1
DA:5061,1
DA:5062,2
DA:5073,1
DA:5076,0
DA:5078,0
DA:5079,0
DA:5080,0
DA:5081,0
DA:5085,1
DA:5086,2
DA:5087,1
DA:5088,2
DA:5089,3
DA:5090,2
DA:5091,0
DA:5092,0
DA:5093,0
DA:5095,0
DA:5096,0
DA:5099,3
DA:5100,1
DA:5102,1
DA:5105,2
DA:5106,1
DA:5107,0
DA:5108,0
DA:5111,2
DA:5116,3
DA:5120,3
DA:5127,3
DA:5128,3
DA:5129,6
DA:5130,3
DA:5134,3
DA:5136,2
DA:5137,1
DA:5138,2
DA:5140,0
DA:5142,3
DA:5143,1
DA:5146,1
DA:5152,2
DA:5153,1
DA:5154,2
DA:5155,0
DA:5159,2
DA:5165,1
DA:5166,2
DA:5167,1
DA:5168,0
DA:5172,2
DA:5178,1
DA:5179,2
DA:5180,3
DA:5181,2
DA:5185,1
DA:5191,1
DA:5194,1
DA:5200,2
DA:5201,1
DA:5202,3
DA:5206,3
DA:5208,2
DA:5211,1
DA:5217,2
DA:5218,4
DA:5219,1
DA:5223,1
DA:5224,1
DA:5225,1
DA:5226,2
DA:5229,2
DA:5235,2
DA:5236,2
DA:5237,1
DA:5238,3
DA:5239,1
DA:5240,4
DA:5241,7
DA:5242,3
DA:5243,0
DA:5245,1
DA:5250,0
DA:5259,4
DA:5261,1
DA:5265,4
DA:5271,2
DA:5272,1
DA:5275,1
DA:5276,1
DA:5277,2
DA:5278,2
DA:5279,1
DA:5281,1
DA:5284,0
DA:5287,1
DA:5293,1
DA:5294,2
DA:5296,0
DA:5298,1
DA:5299,1
DA:5300,1
DA:5303,1
DA:5309,1
DA:5310,1
DA:5311,2
DA:5313,0
DA:5315,1
DA:5316,2
DA:5317,2
DA:5318,2
DA:5319,1
DA:5321,1
DA:5328,1
DA:5329,3
DA:5330,1
DA:5332,1
DA:5335,0
DA:5337,1
DA:5340,2
DA:5341,3
DA:5342,2
DA:5344,1
DA:5345,3
DA:5347,3
DA:5348,0
DA:5355,1
DA:5361,3
DA:5362,6
DA:5363,1
DA:5365,2
DA:5368,0
DA:5370,2
DA:5373,2
DA:5379,2
DA:5380,1
DA:5381,2
DA:5385,1
DA:5392,2
DA:5394,1
DA:5395,1
DA:5396,2
DA:5402,2
DA:5405,1
DA:5410,1
DA:5411,1
DA:5412,1
DA:5413,1
DA:5414,1
DA:5415,1
DA:5418,1
DA:5426,1
DA:5427,2
DA:5428,1
DA:5431,1
DA:5434,2
DA:5435,1
DA:5436,1
DA:5439,2
DA:5440,0
DA:5442,0
DA:5443,0
DA:5444,0
DA:5445,0
DA:5446,0
DA:5447,0
DA:5448,0
DA:5451,0
DA:5455,1
DA:5456,1
DA:5457,0
DA:5458,0
DA:5460,0
DA:5461,0
DA:5466,1
DA:5467,2
DA:5468,1
DA:5469,0
DA:5470,0
DA:5477,1
DA:5478,1
DA:5479,1
DA:5483,1
DA:5484,1
DA:5485,1
DA:5486,3
DA:5487,1
DA:5491,1
DA:5498,1
DA:5499,1
DA:5500,1
DA:5501,1
DA:5502,1
DA:5503,2
DA:5504,2
DA:5505,2
DA:5507,1
DA:5508,1
DA:5510,2
DA:5511,2
DA:5514,1
DA:5520,1
DA:5521,2
DA:5525,1
DA:5528,1
DA:5529,1
DA:5530,0
DA:5532,1
DA:5533,3
DA:5534,2
DA:5535,0
DA:5537,2
DA:5539,2
DA:5540,1
DA:5541,1
DA:5542,1
DA:5544,1
DA:5547,1
DA:5552,1
DA:5553,1
DA:5554,1
DA:5557,2
DA:5558,1
DA:5560,1
DA:5563,1
DA:5570,1
DA:5571,1
DA:5572,1
DA:5573,1
DA:5574,1
DA:5576,2
DA:5577,1
DA:5579,2
DA:5582,2
DA:5583,2
DA:5584,1
DA:5586,2
DA:5587,1
DA:5589,1
DA:5596,1
DA:5597,3
DA:5598,2
DA:5604,1
DA:5612,1
DA:5620,1
DA:5623,1
DA:5630,1
DA:5631,1
DA:5632,1
DA:5633,1
DA:5634,1
DA:5636,1
DA:5640,1
DA:5644,1
DA:5645,1
DA:5646,2
DA:5647,2
DA:5649,0
DA:5656,1
DA:5663,1
DA:5664,1
DA:5665,1
DA:5666,2
DA:5667,2
DA:5668,2
DA:5671,4
DA:5672,1
DA:5673,1
DA:5674,1
DA:5675,0
DA:5676,0
DA:5683,1
DA:5684,1
DA:5685,1
DA:5686,1
DA:5687,1
DA:5689,1
DA:5692,1
DA:5699,1
DA:5700,1
DA:5701,1
DA:5702,2
DA:5703,3
DA:5706,4
DA:5709,1
DA:5710,1
DA:5717,1
DA:5718,1
DA:5719,1
DA:5720,1
DA:5721,1
DA:5723,1
DA:5726,1
DA:5731,3
DA:5732,2
DA:5733,3
DA:5734,1
DA:5738,1
DA:5742,1
DA:5745,5
DA:5749,1
DA:5756,1
DA:5757,1
DA:5758,1
DA:5759,2
DA:5760,2
DA:5762,2
DA:5765,3
DA:5767,1
DA:5768,1
DA:5775,1
DA:5776,1
DA:5777,1
DA:5778,1
DA:5779,1
DA:5781,1
DA:5784,1
DA:5791,1
DA:5792,1
DA:5793,2
DA:5794,2
DA:5797,1
DA:5799,0
DA:5800,0
DA:5807,1
DA:5808,1
DA:5809,1
DA:5810,1
DA:5811,1
DA:5813,1
DA:5816,1
DA:5823,1
DA:5824,1
DA:5825,1
DA:5826,2
DA:5828,1
DA:5831,1
DA:5832,1
DA:5839,1
DA:5840,1
DA:5841,1
DA:5842,1
DA:5843,1
DA:5845,1
DA:5848,1
DA:5855,1
DA:5856,2
DA:5857,3
DA:5858,4
DA:5861,1
DA:5863,1
DA:5864,1
DA:5871,1
DA:5872,1
DA:5873,1
DA:5874,1
DA:5875,1
DA:5877,1
DA:5880,1
DA:5887,1
DA:5888,1
DA:5889,3
DA:5890,1
DA:5891,3
DA:5893,3
DA:5896,1
DA:5897,1
DA:5900,2
DA:5901,1
DA:5902,1
DA:5906,2
DA:5907,1
DA:5910,1
DA:5912,1
DA:5913,1
DA:5915,1
DA:5916,0
DA:5920,1
DA:5927,1
DA:5928,1
DA:5929,2
DA:5930,2
DA:5933,3
DA:5934,2
DA:5935,1
DA:5936,1
DA:5938,1
DA:5939,1
DA:5940,1
DA:5941,1
DA:5942,1
DA:5946,2
DA:5947,1
DA:5950,1
DA:5957,1
DA:5958,1
DA:5959,2
DA:5960,2
DA:5962,2
DA:5963,1
DA:5964,1
DA:5966,1
DA:5967,1
DA:5968,1
DA:5969,1
DA:5970,1
DA:5974,2
DA:5976,1
DA:5979,1
DA:5986,1
DA:5987,1
DA:5988,3
DA:5990,3
DA:5991,1
DA:5992,1
DA:5994,1
DA:5995,1
DA:5996,1
DA:5997,1
DA:5998,1
DA:6002,2
DA:6003,1
DA:6006,1
DA:6013,1
DA:6014,1
DA:6015,2
DA:6016,2
DA:6018,2
DA:6019,1
DA:6020,1
DA:6022,1
DA:6023,1
DA:6024,1
DA:6025,1
DA:6026,1
DA:6030,2
DA:6032,1
DA:6035,1
DA:6042,1
DA:6043,1
DA:6044,2
DA:6045,2
DA:6048,2
DA:6049,1
DA:6050,1
DA:6052,1
DA:6053,1
DA:6054,1
DA:6055,1
DA:6056,1
DA:6060,2
DA:6061,1
DA:6064,1
DA:6071,1
DA:6072,1
DA:6073,3
DA:6075,3
DA:6076,1
DA:6077,1
DA:6079,1
DA:6080,1
DA:6081,1
DA:6082,1
DA:6083,1
DA:6087,2
DA:6088,1
DA:6091,1
DA:6097,1
DA:6098,1
DA:6101,1
DA:6107,1
DA:6108,1
DA:6114,1
DA:6121,1
DA:6122,1
DA:6123,1
DA:6126,2
DA:6127,1
DA:6131,1
DA:6138,1
DA:6139,1
DA:6140,1
DA:6143,1
DA:6144,1
DA:6148,1
DA:6154,1
DA:6155,1
DA:6160,1
DA:6166,1
DA:6167,1
DA:6168,2
DA:6169,1
DA:6172,1
DA:6179,1
DA:6180,1
DA:6181,2
DA:6182,2
DA:6183,3
DA:6187,1
DA:6188,1
DA:6191,0
DA:6196,1
DA:6198,1
DA:6199,1
DA:6202,1
DA:6208,1
DA:6209,1
DA:6212,1
DA:6218,1
DA:6219,1
DA:6220,1
DA:6223,1
DA:6225,1
DA:6228,1
DA:6235,1
DA:6236,1
DA:6237,1
DA:6239,1
DA:6240,1
DA:6241,1
DA:6245,2
DA:6246,2
DA:6247,2
DA:6248,1
DA:6250,3
DA:6251,0
DA:6253,3
DA:6256,1
DA:6257,1
DA:6261,2
DA:6264,1
DA:6268,1
DA:6275,1
DA:6276,1
DA:6277,1
DA:6278,1
DA:6280,1
DA:6281,0
DA:6282,0
DA:6286,2
DA:6287,1
DA:6289,1
DA:6290,2
DA:6291,1
DA:6292,1
DA:6295,3
DA:6296,0
DA:6298,1
DA:6301,1
DA:6302,1
DA:6305,1
DA:6308,1
DA:6315,1
DA:6316,1
DA:6317,1
DA:6318,2
DA:6320,1
DA:6321,1
DA:6322,1
DA:6329,1
DA:6330,1
DA:6331,1
DA:6334,2
DA:6335,2
DA:6338,1
DA:6339,1
DA:6340,1
DA:6341,1
DA:6343,2
DA:6345,2
DA:6348,1
DA:6349,1
DA:6351,0
DA:6355,1
DA:6362,1
DA:6363,1
DA:6364,2
DA:6366,1
DA:6367,0
DA:6368,0
DA:6372,2
DA:6375,1
DA:6376,1
DA:6377,1
DA:6381,2
DA:6384,1
DA:6385,1
DA:6386,1
DA:6387,1
DA:6389,1
DA:6390,0
DA:6391,0
DA:6393,0
DA:6398,1
DA:6404,1
DA:6405,1
DA:6406,1
DA:6407,1
DA:6411,1
DA:6417,2
DA:6418,1
DA:6420,1
DA:6421,1
DA:6424,0
DA:6430,1
DA:6431,1
DA:6432,1
DA:6433,1
DA:6438,1
DA:6444,1
DA:6445,1
DA:6446,1
DA:6453,1
DA:6459,1
DA:6460,1
DA:6461,1
DA:6464,1
DA:6470,1
DA:6471,1
DA:6472,1
DA:6475,1
DA:6481,1
DA:6482,1
DA:6483,1
DA:6486,1
DA:6492,1
DA:6493,1
DA:6494,2
DA:6497,1
DA:6503,1
DA:6504,1
DA:6505,1
DA:6514,1
DA:6515,1
DA:6516,1
DA:6518,1
DA:6519,1
DA:6520,2
DA:6521,1
DA:6524,1
DA:6525,2
DA:6526,1
DA:6529,1
DA:6530,2
DA:6531,1
DA:6534,1
DA:6535,2
DA:6536,1
DA:6539,1
DA:6540,3
DA:6541,2
DA:6542,1
DA:6545,1
DA:6546,1
DA:6547,1
DA:6549,1
DA:6554,1
DA:6557,1
DA:6563,2
DA:6564,1
DA:6565,1
DA:6566,2
DA:6569,1
DA:6572,0
DA:6575,1
DA:6582,1
DA:6588,1
DA:6589,1
DA:6590,1
DA:6593,1
DA:6599,1
DA:6600,1
DA:6601,1
DA:6604,1
DA:6610,1
DA:6611,1
DA:6612,1
DA:6615,2
DA:6621,2
DA:6622,1
DA:6623,1
DA:6626,1
DA:6632,1
DA:6633,1
DA:6634,1
DA:6638,1
DA:6644,2
DA:6645,1
DA:6646,1
DA:6647,2
DA:6650,1
DA:6653,0
DA:6656,1
DA:6663,1
DA:6669,1
DA:6670,1
DA:6671,1
DA:6673,1
DA:6679,2
DA:6680,3
DA:6683,1
DA:6684,3
DA:6687,1
DA:6689,4
DA:6690,1
DA:6693,8
DA:6694,2
DA:6695,2
DA:6696,2
DA:6697,2
DA:6699,0
DA:6700,2
DA:6702,0
DA:6713,0
DA:6715,2
DA:6716,2
DA:6717,1
DA:6721,2
DA:6727,2
DA:6728,2
DA:6729,7
DA:6730,1
DA:6732,2
DA:6735,1
DA:6741,1
DA:6742,1
DA:6743,1
DA:6744,2
DA:6745,2
DA:6746,2
DA:6749,1
DA:6750,1
DA:6751,0
DA:6753,1
DA:6756,1
DA:6762,1
DA:6763,1
DA:6764,2
DA:6765,2
DA:6766,0
DA:6768,1
DA:6771,1
DA:6772,1
DA:6773,2
DA:6774,1
DA:6779,1
DA:6785,1
DA:6786,1
DA:6792,1
DA:6793,1
DA:6794,1
DA:6798,1
DA:6804,1
DA:6810,1
DA:6816,1
DA:6817,1
DA:6818,1
DA:6819,1
DA:6820,1
DA:6823,1
DA:6829,1
DA:6830,1
DA:6831,1
DA:6832,1
DA:6833,1
DA:6836,1
DA:6842,1
DA:6843,1
DA:6844,1
DA:6845,1
DA:6846,1
DA:6847,1
DA:6850,1
DA:6856,1
DA:6857,1
DA:6858,1
DA:6861,1
DA:6867,1
DA:6868,1
DA:6869,2
DA:6870,0
DA:6872,1
DA:6873,1
DA:6874,1
DA:6877,1
DA:6880,1
DA:6886,1
DA:6887,1
DA:6889,0
DA:6895,1
DA:6896,1
DA:6899,1
DA:6904,1
DA:6910,1
DA:6912,1
DA:6914,1
DA:6915,1
DA:6916,1
DA:6917,1
DA:6918,1
DA:6919,1
DA:6922,1
DA:6925,1
DA:6926,1
DA:6931,1
DA:6937,1
DA:6939,2
DA:6940,1
DA:6942,1
DA:6943,1
DA:6944,2
DA:6945,1
DA:6946,1
DA:6947,1
DA:6950,1
DA:6953,1
DA:6954,1
DA:6958,1
DA:6964,1
DA:6966,1
DA:6968,1
DA:6969,1
DA:6970,1
DA:6971,1
DA:6974,3
DA:6975,1
DA:6979,1
DA:6985,1
DA:6987,1
DA:6989,1
DA:6990,1
DA:6991,1
DA:6992,1
DA:6993,1
DA:6998,1
DA:7004,1
DA:7005,1
DA:7006,1
DA:7007,1
DA:7020,1
DA:7021,2
DA:7022,0
DA:7023,0
DA:7024,0
DA:7029,1
DA:7035,1
DA:7039,1
DA:7045,2
DA:7046,1
DA:7047,1
DA:7048,0
DA:7051,1
DA:7052,1
DA:7053,0
DA:7055,2
DA:7056,2
DA:7060,2
DA:7066,1
DA:7067,2
DA:7068,3
DA:7069,2
DA:7070,1
DA:7074,3
DA:7078,1
DA:7084,1
DA:7085,1
DA:7086,2
DA:7087,1
DA:7088,1
DA:7092,2
DA:7096,1
DA:7102,1
DA:7103,1
DA:7104,2
DA:7105,1
DA:7106,1
DA:7111,1
DA:7117,1
DA:7118,1
DA:7119,2
DA:7120,2
DA:7121,2
DA:7122,2
DA:7124,1
DA:7130,1
DA:7136,1
DA:7137,1
DA:7141,1
DA:7147,1
DA:7148,1
DA:7152,1
DA:7158,1
DA:7159,1
DA:7160,1
DA:7161,1
DA:7165,1
DA:7171,1
DA:7172,1
DA:7173,1
DA:7174,1
DA:7178,1
DA:7184,1
DA:7185,1
DA:7186,1
DA:7187,1
DA:7191,1
DA:7197,1
DA:7198,2
DA:7199,2
DA:7200,2
DA:7204,1
DA:7210,1
DA:7211,1
DA:7212,1
DA:7216,0
DA:7222,0
DA:7223,0
DA:7224,0
DA:7228,2
DA:7234,1
DA:7235,1
DA:7236,1
DA:7240,1
DA:7246,1
DA:7247,1
DA:7248,1
DA:7252,1
DA:7258,1
DA:7259,1
DA:7260,1
DA:7264,1
DA:7270,1
DA:7271,1
DA:7275,1
DA:7281,1
DA:7282,1
DA:7283,1
DA:7287,1
DA:7293,3
DA:7294,1
DA:7295,2
DA:7296,1
DA:7297,0
DA:7299,0
DA:7302,1
DA:7303,2
DA:7304,0
DA:7306,1
DA:7307,2
DA:7313,1
DA:7319,1
DA:7320,1
DA:7321,1
DA:7325,1
DA:7331,1
DA:7332,1
DA:7333,1
DA:7337,0
DA:7343,0
DA:7344,0
DA:7345,0
DA:7349,1
DA:7355,1
DA:7356,1
DA:7358,0
DA:7364,1
DA:7365,1
DA:7369,1
DA:7375,1
DA:7376,1
DA:7378,0
DA:7384,1
DA:7385,1
DA:7389,1
DA:7395,2
DA:7396,1
DA:7397,2
DA:7398,2
DA:7399,1
DA:7402,1
DA:7403,1
DA:7405,0
DA:7415,1
DA:7421,1
DA:7422,1
DA:7423,3
DA:7424,1
DA:7425,1
DA:7429,2
DA:7430,1
DA:7434,1
DA:7440,1
DA:7441,1
DA:7442,1
DA:7443,2
DA:7444,1
DA:7445,1
DA:7446,2
DA:7447,1
DA:7448,1
DA:7449,0
DA:7452,3
DA:7453,1
DA:7454,1
DA:7455,0
DA:7457,5
DA:7459,2
DA:7460,1
DA:7461,1
DA:7462,0
DA:7464,2
DA:7465,1
DA:7466,1
DA:7467,0
DA:7469,0
DA:7472,0
DA:7477,1
DA:7483,1
DA:7484,1
DA:7486,6
DA:7487,1
DA:7488,0
DA:7491,2
DA:7492,1
DA:7493,3
DA:7495,2
DA:7496,1
DA:7497,3
DA:7502,5
DA:7503,1
DA:7504,1
DA:7505,2
DA:7506,2
DA:7507,1
DA:7508,1
DA:7513,2
DA:7515,2
DA:7519,4
DA:7520,4
DA:7521,1
DA:7527,4
DA:7531,1
DA:7532,2
DA:7533,2
DA:7535,2
DA:7536,3
DA:7537,5
DA:7538,1
DA:7540,1
DA:7542,2
DA:7543,0
DA:7546,1
DA:7548,3
DA:7549,2
DA:7550,3
DA:7553,0
DA:7554,0
DA:7559,3
DA:7560,1
DA:7566,1
DA:7572,1
DA:7573,1
DA:7574,2
DA:7575,1
DA:7579,1
DA:7585,1
DA:7586,2
DA:7587,2
DA:7588,1
DA:7593,1
DA:7599,1
DA:7600,1
DA:7601,2
DA:7602,1
DA:7603,1
DA:7604,1
DA:7605,1
DA:7609,1
DA:7615,1
DA:7616,1
DA:7617,3
DA:7618,1
DA:7619,1
DA:7623,2
DA:7624,1
DA:7625,2
DA:7629,4
DA:7630,2
DA:7631,2
DA:7635,1
DA:7641,1
DA:7642,1
DA:7643,3
DA:7644,1
DA:7645,1
DA:7649,2
DA:7650,2
DA:7651,2
DA:7652,2
DA:7653,1
DA:7655,1
DA:7660,1
DA:7666,1
DA:7667,1
DA:7668,1
DA:7669,3
DA:7670,2
DA:7672,1
DA:7677,1
DA:7683,1
DA:7689,1
DA:7695,1
DA:7696,1
DA:7697,1
DA:7701,1
DA:7707,1
DA:7708,1
DA:7709,1
DA:7713,1
DA:7719,1
DA:7720,1
DA:7724,1
DA:7730,1
DA:7731,1
DA:7732,1
DA:7733,0
DA:7735,1
DA:7736,1
DA:7737,1
DA:7739,0
DA:7741,1
DA:7747,1
DA:7753,1
DA:7754,1
DA:7758,1
DA:7764,1
DA:7765,1
DA:7766,1
DA:7770,1
DA:7776,1
DA:7777,1
DA:7781,1
DA:7787,1
DA:7788,1
DA:7793,1
DA:7799,1
DA:7800,1
DA:7804,1
DA:7810,1
DA:7811,1
DA:7815,1
DA:7821,1
DA:7822,1
DA:7826,1
DA:7832,1
DA:7833,1
DA:7834,1
DA:7838,1
DA:7844,1
DA:7845,1
DA:7846,1
DA:7850,1
DA:7856,1
DA:7857,1
DA:7858,1
DA:7862,1
DA:7868,1
DA:7869,1
DA:7870,1
DA:7876,1
DA:7882,1
DA:7883,1
DA:7887,1
DA:7893,1
DA:7894,1
DA:7898,1
DA:7904,1
DA:7905,1
DA:7906,1
DA:7907,1
DA:7911,1
DA:7917,1
DA:7918,1
DA:7919,1
DA:7920,1
DA:7924,1
DA:7930,1
DA:7931,1
DA:7932,1
DA:7933,1
DA:7937,1
DA:7943,1
DA:7944,2
DA:7945,1
DA:7946,2
DA:7950,1
DA:7956,1
DA:7957,1
DA:7958,1
DA:7962,0
DA:7968,0
DA:7969,0
DA:7970,0
DA:7974,1
DA:7980,1
DA:7981,1
DA:7983,0
DA:7989,1
DA:7990,1
DA:7994,1
DA:8000,1
DA:8001,1
DA:8003,0
DA:8009,1
DA:8010,1
DA:8014,1
DA:8020,1
DA:8021,1
DA:8023,0
DA:8029,1
DA:8030,1
DA:8034,1
DA:8040,1
DA:8041,1
DA:8042,2
DA:8046,1
DA:8052,2
DA:8053,1
DA:8054,1
DA:8055,1
DA:8056,0
DA:8058,0
DA:8061,1
DA:8062,1
DA:8063,0
DA:8065,1
DA:8066,1
DA:8072,1
DA:8078,2
DA:8079,1
DA:8080,1
DA:8082,0
DA:8088,1
DA:8089,2
DA:8090,0
DA:8092,1
DA:8096,1
DA:8102,1
DA:8103,1
DA:8104,1
DA:8105,1
DA:8109,1
DA:8115,1
DA:8116,1
DA:8117,1
DA:8122,1
DA:8128,1
DA:8129,1
DA:8130,1
DA:8131,1
DA:8134,1
DA:8140,1
DA:8141,1
DA:8142,1
DA:8145,1
DA:8151,2
DA:8152,1
DA:8153,1
DA:8154,1
DA:8155,0
DA:8157,0
DA:8160,1
DA:8161,1
DA:8162,0
DA:8164,1
DA:8165,2
DA:8169,1
DA:8175,2
DA:8176,1
DA:8177,1
DA:8179,0
DA:8185,1
DA:8186,2
DA:8187,0
DA:8189,1
DA:8194,1
DA:8200,1
DA:8201,1
DA:8202,1
DA:8203,1
DA:8206,1
DA:8212,1
DA:8213,1
DA:8214,1
DA:8217,1
DA:8223,2
DA:8224,1
DA:8225,1
DA:8226,1
DA:8227,0
DA:8229,0
DA:8232,1
DA:8233,2
DA:8234,0
DA:8236,1
DA:8237,2
DA:8241,1
DA:8247,2
DA:8248,1
DA:8249,1
DA:8250,2
DA:8251,1
DA:8253,1
DA:8254,0
DA:8261,1
DA:8267,1
DA:8268,2
DA:8271,1
DA:8277,1
DA:8278,2
DA:8279,1
DA:8282,1
DA:8283,1
DA:8284,0
DA:8286,1
DA:8287,1
DA:8288,1
DA:8291,1
DA:8294,1
DA:8295,1
DA:8296,2
DA:8299,1
DA:8300,1
DA:8301,2
DA:8302,2
DA:8305,1
DA:8306,3
DA:8307,1
DA:8311,1
DA:8312,1
DA:8313,3
DA:8314,3
DA:8315,0
DA:8316,0
DA:8319,2
DA:8320,0
DA:8324,2
DA:8325,1
DA:8326,3
DA:8327,2
DA:8328,1
DA:8329,1
DA:8332,1
DA:8333,0
DA:8337,2
DA:8338,1
DA:8339,1
DA:8340,0
DA:8341,0
DA:8345,4
DA:8346,1
DA:8347,1
DA:8348,1
DA:8351,2
DA:8352,6
DA:8353,2
DA:8354,2
DA:8355,1
DA:8356,1
DA:8357,1
DA:8359,0
DA:8362,2
DA:8363,4
DA:8364,1
DA:8365,1
DA:8369,2
DA:8370,0
DA:8372,3
DA:8375,1
DA:8376,1
DA:8377,1
DA:8380,1
DA:8381,2
DA:8382,2
DA:8383,1
DA:8384,1
DA:8387,1
DA:8390,2
DA:8396,2
DA:8398,1
DA:8401,1
DA:8410,1
DA:8411,1
DA:8413,1
DA:8416,1
DA:8422,1
DA:8423,1
DA:8424,1
DA:8425,1
DA:8428,1
DA:8434,1
DA:8436,1
DA:8437,1
DA:8438,1
DA:8441,1
DA:8450,1
DA:8451,1
DA:8453,1
DA:8454,1
DA:8455,1
DA:8458,1
DA:8464,1
DA:8465,1
DA:8466,1
DA:8469,1
DA:8475,2
DA:8476,1
DA:8477,1
DA:8478,1
DA:8479,0
DA:8481,0
DA:8484,1
DA:8485,1
DA:8486,0
DA:8488,1
DA:8489,1
DA:8492,1
DA:8498,1
DA:8500,1
DA:8503,1
DA:8512,1
DA:8513,1
DA:8515,1
DA:8518,1
DA:8524,1
DA:8525,1
DA:8526,1
DA:8527,1
DA:8530,1
DA:8536,1
DA:8538,1
DA:8539,1
DA:8540,1
DA:8543,1
DA:8552,1
DA:8553,1
DA:8555,1
DA:8556,1
DA:8557,1
DA:8560,1
DA:8566,1
DA:8567,1
DA:8568,1
DA:8571,1
DA:8577,2
DA:8578,1
DA:8579,1
DA:8580,1
DA:8581,0
DA:8583,0
DA:8586,1
DA:8587,1
DA:8588,0
DA:8590,1
DA:8591,1
DA:8594,1
DA:8600,2
DA:8601,1
DA:8602,1
DA:8603,1
DA:8604,0
DA:8606,0
DA:8609,1
DA:8610,1
DA:8611,0
DA:8613,1
DA:8614,1
DA:8619,1
DA:8626,1
DA:8627,1
DA:8628,1
DA:8630,2
DA:8631,1
DA:8633,2
DA:8634,1
DA:8635,1
DA:8636,1
DA:8640,2
DA:8641,1
DA:8642,1
DA:8645,2
DA:8649,1
DA:8650,1
DA:8655,1
DA:8661,2
DA:8662,1
DA:8663,1
DA:8665,1
DA:8666,1
DA:8668,0
DA:8669,0
DA:8671,0
DA:8674,1
DA:8677,0
DA:8678,0
DA:8679,0
DA:8680,0
DA:8681,1
DA:8682,1
DA:8684,0
DA:8686,1
DA:8690,1
DA:8691,2
DA:8692,1
DA:8694,1
DA:8695,3
DA:8697,1
DA:8698,2
DA:8702,1
DA:8703,1
DA:8704,1
DA:8706,2
DA:8707,2
DA:8709,1
DA:8710,2
DA:8735,1
DA:8743,1
DA:8746,3
DA:8749,2
DA:8750,1
DA:8752,1
DA:8753,2
DA:8755,1
DA:8756,2
DA:8757,0
DA:8759,1
DA:8764,23
DA:8765,22
DA:8766,20
DA:8767,21
DA:8772,4
DA:8777,2
DA:8778,2
DA:8779,2
DA:8780,2
DA:8781,3
DA:8782,2
DA:8783,2
DA:8784,2
DA:8785,2
DA:8786,2
DA:8787,2
DA:8788,4
DA:8789,2
DA:8790,2
DA:8791,2
DA:8792,2
DA:8793,2
DA:8798,1
DA:8799,2
DA:8800,5
DA:8803,1
DA:8804,2
DA:8805,0
DA:8807,4
DA:8808,1
DA:8809,0
DA:8811,2
DA:8812,1
DA:8813,1
DA:8814,1
DA:8816,2
DA:8818,0
DA:8821,1
DA:8822,1
DA:8823,5
DA:8826,1
DA:8827,2
DA:8828,0
DA:8830,4
DA:8831,1
DA:8832,0
DA:8834,2
DA:8835,1
DA:8836,1
DA:8837,1
DA:8839,2
DA:8841,0
DA:8848,0
DA:8853,1
DA:8854,1
DA:8861,2
DA:8862,1
DA:8869,2
DA:8870,1
DA:8877,3
DA:8878,1
DA:8885,2
DA:8886,1
DA:8888,0
DA:8893,0
DA:8894,0
DA:8900,0
DA:8905,1
DA:8906,1
DA:8913,2
DA:8914,1
DA:8921,2
DA:8922,1
DA:8929,4
DA:8930,1
DA:8937,2
DA:8938,1
DA:8940,0
DA:8945,0
DA:8946,0
DA:8952,1
DA:8953,2
DA:8955,0
DA:8956,0
DA:8957,0
DA:8960,2
DA:8961,1
DA:8962,1
DA:8965,2
DA:8966,1
DA:8967,1
DA:8968,1
DA:8969,1
DA:8972,2
DA:8973,1
DA:8974,1
DA:8975,1
DA:8976,1
DA:8977,1
DA:8978,1
DA:8981,2
DA:8982,1
DA:8983,1
DA:8984,1
DA:8985,1
DA:8986,1
DA:8989,2
DA:8990,1
DA:8991,1
DA:8992,1
DA:8993,1
DA:8994,1
DA:8995,1
DA:8996,1
DA:8999,2
DA:9000,1
DA:9001,1
DA:9002,1
DA:9003,1
DA:9004,1
DA:9005,1
DA:9006,1
DA:9007,1
DA:9008,1
DA:9011,0
DA:9012,0
DA:9013,0
DA:9014,0
DA:9021,2
DA:9022,1
DA:9023,1
DA:9026,2
DA:9027,1
DA:9028,1
DA:9031,2
DA:9032,1
DA:9033,1
DA:9036,2
DA:9037,1
DA:9038,1
DA:9039,1
DA:9041,2
DA:9044,2
DA:9045,1
DA:9046,1
DA:9047,0
DA:9049,2
DA:9052,2
DA:9053,1
DA:9056,2
DA:9057,1
DA:9058,1
DA:9061,2
DA:9062,1
DA:9063,1
DA:9066,2
DA:9067,1
DA:9068,1
DA:9071,2
DA:9072,1
DA:9073,1
DA:9076,2
DA:9077,1
DA:9078,1
DA:9081,2
DA:9082,1
DA:9083,1
DA:9085,1
DA:9086,2
DA:9087,2
DA:9088,2
DA:9089,2
DA:9092,0
DA:9093,0
DA:9094,0
DA:9095,0
DA:9096,0
DA:9104,2
DA:9105,1
DA:9106,1
DA:9109,0
DA:9110,0
DA:9111,0
DA:9114,0
DA:9115,0
DA:9116,0
DA:9119,2
DA:9120,1
DA:9121,1
DA:9122,1
DA:9124,2
DA:9127,2
DA:9128,1
DA:9129,1
DA:9130,1
DA:9132,2
DA:9135,2
DA:9136,1
DA:9139,2
DA:9140,1
DA:9141,1
DA:9144,2
DA:9145,1
DA:9146,1
DA:9149,2
DA:9150,1
DA:9151,1
DA:9154,2
DA:9155,1
DA:9156,1
DA:9159,2
DA:9160,1
DA:9161,1
DA:9164,2
DA:9165,1
DA:9166,1
DA:9169,2
DA:9170,1
DA:9171,1
DA:9176,1
DA:9183,2
DA:9184,1
DA:9185,1
DA:9188,2
DA:9189,1
DA:9190,1
DA:9193,2
DA:9194,1
DA:9195,1
DA:9198,2
DA:9199,1
DA:9200,1
DA:9203,2
DA:9204,1
DA:9205,1
DA:9208,2
DA:9209,1
DA:9212,2
DA:9213,1
DA:9216,3
DA:9217,1
DA:9218,2
DA:9219,1
DA:9220,2
DA:9221,1
DA:9222,2
DA:9223,1
DA:9225,1
DA:9227,1
DA:9234,2
DA:9235,1
DA:9236,1
DA:9239,2
DA:9240,1
DA:9241,1
DA:9244,2
DA:9245,1
DA:9246,1
DA:9249,2
DA:9250,1
DA:9251,1
DA:9254,2
DA:9255,1
DA:9256,1
DA:9259,2
DA:9260,1
DA:9263,4
DA:9264,2
DA:9267,3
DA:9268,1
DA:9269,2
DA:9270,1
DA:9271,2
DA:9272,1
DA:9273,2
DA:9274,1
DA:9276,1
DA:9278,1
DA:9285,0
DA:9286,0
DA:9289,0
DA:9290,0
DA:9293,0
DA:9294,0
DA:9297,0
DA:9298,0
DA:9301,0
DA:9302,0
DA:9305,0
DA:9306,0
DA:9309,0
DA:9310,0
DA:9313,0
DA:9314,0
DA:9317,0
DA:9318,0
DA:9321,0
DA:9322,0
DA:9325,0
DA:9326,0
DA:9329,0
DA:9330,0
DA:9333,0
DA:9334,0
DA:9337,0
DA:9338,0
DA:9341,0
DA:9342,0
DA:9348,0
DA:9349,2
DA:9350,3
DA:9351,2
DA:9352,2
DA:9357,1
DA:9358,0
DA:9360,1
DA:9361,2
DA:9365,2
DA:9366,2
DA:9370,1
DA:9371,2
DA:9375,1
DA:9376,4
DA:9380,1
DA:9381,2
DA:9385,2
DA:9386,3
DA:9390,2
DA:9391,2
DA:9395,1
DA:9396,2
DA:9400,1
DA:9401,2
DA:9402,1
DA:9403,1
DA:9407,1
DA:9408,2
DA:9409,1
DA:9410,2
DA:9414,1
DA:9415,2
DA:9416,1
DA:9417,2
DA:9421,2
DA:9422,4
DA:9423,2
DA:9424,2
DA:9428,1
DA:9429,3
DA:9430,2
DA:9431,2
DA:9435,1
DA:9436,2
DA:9437,1
DA:9438,1
DA:9443,1
DA:9444,2
DA:9445,1
DA:9446,1
DA:9450,1
DA:9451,2
DA:9452,1
DA:9453,1
DA:9461,1
DA:9462,2
DA:9463,1
DA:9464,1
DA:9466,1
DA:9467,0
DA:9468,1
DA:9469,1
DA:9470,1
DA:9471,1
DA:9472,1
DA:9473,1
DA:9474,1
DA:9476,1
DA:9477,1
DA:9478,1
DA:9479,1
DA:9480,1
DA:9482,1
DA:9483,1
DA:9484,1
DA:9485,1
DA:9486,1
DA:9488,1
DA:9490,2
DA:9491,4
DA:9492,4
DA:9493,4
DA:9494,2
DA:9495,1
DA:9497,4
DA:9498,1
DA:9499,1
DA:9500,1
DA:9501,1
DA:9503,1
DA:9506,2
DA:9507,3
DA:9508,1
DA:9509,1
DA:9512,1
DA:9517,2
DA:9518,1
DA:9519,2
DA:9520,1
DA:9521,1
DA:9523,2
DA:9524,1
DA:9526,1
DA:9529,1
DA:9530,1
DA:9533,2
DA:9534,1
DA:9535,1
DA:9536,2
DA:9537,2
DA:9538,2
DA:9540,2
DA:9541,1
DA:9543,1
DA:9546,1
DA:9551,4
DA:9552,1
DA:9553,2
DA:9554,1
DA:9555,1
DA:9557,2
DA:9558,2
DA:9560,1
DA:9563,1
DA:9564,1
DA:9567,2
DA:9568,1
DA:9569,1
DA:9570,2
DA:9571,1
DA:9572,1
DA:9574,2
DA:9575,1
DA:9577,1
DA:9580,1
DA:9585,2
DA:9586,2
DA:9587,4
DA:9588,2
DA:9589,2
DA:9591,4
DA:9592,2
DA:9594,2
DA:9597,1
DA:9598,1
DA:9601,4
DA:9602,2
DA:9603,1
DA:9604,2
DA:9605,1
DA:9606,1
DA:9608,2
DA:9609,1
DA:9611,1
DA:9614,1
DA:9619,2
DA:9620,1
DA:9621,2
DA:9622,1
DA:9623,1
DA:9625,2
DA:9626,1
DA:9628,1
DA:9631,2
DA:9632,2
DA:9635,2
DA:9636,1
DA:9637,2
DA:9638,4
DA:9639,2
DA:9640,2
DA:9642,4
DA:9643,1
DA:9645,1
DA:9648,2
DA:9653,2
DA:9654,1
DA:9655,2
DA:9656,1
DA:9657,1
DA:9659,2
DA:9660,1
DA:9662,1
DA:9665,1
DA:9666,1
DA:9669,2
DA:9670,1
DA:9671,1
DA:9672,3
DA:9673,1
DA:9674,1
DA:9676,4
DA:9677,1
DA:9679,1
DA:9682,1
DA:9687,2
DA:9688,1
DA:9689,3
DA:9690,2
DA:9691,2
DA:9693,4
DA:9694,1
DA:9696,1
DA:9699,1
DA:9700,1
DA:9703,2
DA:9704,1
DA:9705,1
DA:9706,2
DA:9707,1
DA:9708,1
DA:9710,2
DA:9711,1
DA:9713,1
DA:9716,1
DA:9721,2
DA:9722,1
DA:9723,2
DA:9724,1
DA:9725,1
DA:9727,2
DA:9728,1
DA:9730,1
DA:9733,1
DA:9734,1
DA:9737,3
DA:9738,2
DA:9739,2
DA:9740,3
DA:9741,1
DA:9742,1
DA:9744,4
DA:9745,1
DA:9747,1
DA:9750,1
DA:9755,2
DA:9756,1
DA:9757,4
DA:9758,2
DA:9759,2
DA:9761,5
DA:9762,1
DA:9764,1
DA:9767,1
DA:9768,1
DA:9771,3
DA:9772,3
DA:9773,2
DA:9774,3
DA:9775,1
DA:9776,2
DA:9778,3
DA:9779,1
DA:9781,1
DA:9784,2
DA:9788,1
DA:9794,2
DA:9795,3
DA:9796,2
DA:9798,1
DA:9800,1
DA:9802,1
DA:9803,2
DA:9804,3
DA:9806,3
DA:9807,3
DA:9812,1
DA:9813,2
DA:9814,1
DA:9816,1
DA:9818,1
DA:9819,2
DA:9820,2
DA:9821,1
DA:9822,1
DA:9825,2
DA:9826,2
DA:9828,0
DA:9829,0
DA:9830,0
DA:9835,0
DA:9842,2
DA:9843,4
DA:9844,1
DA:9846,1
DA:9848,1
DA:9849,2
DA:9850,2
DA:9851,1
DA:9852,1
DA:9855,2
DA:9856,2
DA:9858,0
DA:9862,0
DA:9872,2
DA:9873,2
DA:9874,1
DA:9875,1
DA:9878,1
DA:9883,0
DA:9887,0
DA:9888,0
DA:9893,2
DA:9902,1
DA:9910,2
DA:9911,1
DA:9914,1
DA:9915,2
DA:9918,3
DA:9919,1
DA:9920,2
DA:9921,4
DA:9924,2
DA:9925,1
DA:9926,2
DA:9948,1
DA:9951,1
DA:9953,3
DA:9954,3
DA:9955,3
DA:9956,2
DA:9957,3
DA:9958,2
DA:9959,3
DA:9960,2
DA:9961,3
DA:9962,1
DA:9966,1
DA:9971,2
DA:9972,2
DA:9975,1
DA:9976,1
DA:9978,3
DA:9979,3
DA:9982,0
DA:9984,1
DA:9985,1
DA:9986,1
DA:10001,2
DA:10002,1
DA:10007,2
DA:10008,2
DA:10014,2
DA:10017,3
DA:10018,2
DA:10044,1
DA:10054,1
DA:10055,2
DA:10057,3
DA:10058,0
DA:10061,2
DA:10062,1
DA:10063,0
DA:10065,0
DA:10071,2
DA:10072,1
DA:10074,2
DA:10075,2
DA:10078,1
DA:10080,1
DA:10083,1
DA:10085,1
DA:10087,1
DA:10088,2
DA:10089,3
DA:10090,1
DA:10091,2
DA:10094,1
DA:10095,1
DA:10096,1
DA:10098,1
DA:10102,1
DA:10103,1
DA:10104,1
DA:10106,2
DA:10108,0
DA:10111,0
DA:10113,0
DA:10120,0
DA:10126,2
DA:10131,2
DA:10132,2
DA:10133,2
DA:10134,2
DA:10139,1
DA:10149,2
DA:10150,1
DA:10156,2
DA:10158,1
DA:10161,1
DA:10162,2
DA:10168,1
DA:10172,1
DA:10173,1
DA:10174,1
DA:10176,1
DA:10178,2
DA:10179,1
DA:10181,1
DA:10182,1
DA:10187,1
DA:10188,1
DA:10191,1
DA:10197,1
DA:10198,1
DA:10201,3
DA:10202,4
DA:10204,1
DA:10205,2
DA:10208,1
DA:10214,1
DA:10215,2
DA:10217,2
DA:10219,1
DA:10221,1
DA:10222,1
DA:10225,0
DA:10228,1
DA:10229,1
DA:10232,1
DA:10239,1
DA:10240,1
DA:10241,1
DA:10242,1
DA:10243,1
DA:10247,1
DA:10248,1
DA:10251,2
DA:10252,1
DA:10255,1
DA:10263,1
DA:10264,1
DA:10265,1
DA:10266,1
DA:10267,1
DA:10271,0
DA:10272,0
DA:10275,2
DA:10276,2
DA:10277,1
DA:10280,1
DA:10282,1
DA:10283,1
DA:10285,1
DA:10288,1
DA:10290,1
DA:10291,1
DA:10293,1
DA:10294,1
DA:10297,1
DA:10298,1
DA:10301,1
DA:10302,1
DA:10305,1
DA:10311,1
DA:10312,2
DA:10314,2
DA:10318,0
DA:10321,1
DA:10326,1
DA:10329,1
DA:10335,1
DA:10340,3
DA:10347,2
DA:10349,3
DA:10350,1
DA:10353,3
DA:10355,2
DA:10356,1
DA:10357,2
DA:10361,2
DA:10362,2
DA:10365,1
DA:10366,1
DA:10368,2
DA:10369,1
DA:10370,2
DA:10371,1
DA:10372,1
DA:10373,2
DA:10375,3
DA:10401,2
DA:10416,2
DA:10417,2
DA:10418,1
DA:10419,3
DA:10421,2
DA:10423,2
DA:10424,1
DA:10425,3
DA:10426,3
DA:10427,3
DA:10430,1
DA:10445,3
DA:10451,1
DA:10452,3
DA:10454,4
DA:10455,4
DA:10456,1
DA:10458,1
DA:10462,2
DA:10472,1
DA:10473,1
DA:10475,0
DA:10476,0
DA:10477,0
DA:10480,0
DA:10482,1
DA:10485,3
DA:10486,7
DA:10488,5
DA:10489,3
DA:10490,1
DA:10491,1
DA:10495,1
DA:10496,5
DA:10497,2
DA:10498,2
DA:10685,2
DA:10698,1
DA:10699,2
DA:10700,1
DA:10701,2
DA:10702,1
DA:10703,0
DA:10707,2
DA:10709,1
DA:10710,2
DA:10712,2
DA:10713,2
[...]
DA:774,0
DA:781,1
DA:782,1
DA:789,0
DA:795,0
DA:802,0
DA:807,0
DA:814,0
DA:820,0
DA:821,0
DA:866,1
DA:867,1
DA:868,1
DA:869,1
DA:870,1
DA:871,1
DA:872,1
DA:873,1
DA:887,3
DA:889,3
DA:893,1
DA:895,1
DA:899,1
DA:906,1
DA:910,2
DA:917,2
DA:927,1
DA:928,3
DA:929,1
DA:930,0
DA:936,2
DA:938,1
DA:944,1
DA:945,1
LF:214
LH:185
end_of_record
TN:
SF:/app/crates/duke-interpreter/src/threading.rs
FN:23,SharedOutput::new
FN:28,SharedOutput::from_buffer
FN:33,SharedOutput::buffer
FN:49,ThreadRecord::new
FN:59,ThreadRecord::mark_finished
FN:77,ThreadRuntime::new
FN:82,ThreadRuntime::next_thread_id
FN:87,ThreadRuntime::live_workers
FN:95,ThreadRuntime::records
FN:100,ThreadRuntime::allocate_thread_id
FN:106,ThreadRuntime::register
FN:112,ThreadRuntime::mark_finished
FN:125,ThreadRuntime::mark_finished_by_java_ref
FNF:13
FNDA:0,SharedOutput::new
FNDA:0,SharedOutput::from_buffer
FNDA:0,SharedOutput::buffer
FNDA:1,ThreadRecord::new
FNDA:1,ThreadRecord::mark_finished
FNDA:1,ThreadRuntime::new
FNDA:1,ThreadRuntime::next_thread_id
FNDA:1,ThreadRuntime::live_workers
FNDA:1,ThreadRuntime::records
FNDA:1,ThreadRuntime::allocate_thread_id
FNDA:1,ThreadRuntime::register
FNDA:1,ThreadRuntime::mark_finished
FNDA:1,ThreadRuntime::mark_finished_by_java_ref
DA:23,0
DA:24,0
DA:28,0
DA:33,0
DA:34,0
DA:49,1
DA:59,1
DA:60,1
DA:61,1
DA:63,1
DA:64,1
DA:77,1
DA:78,1
DA:82,1
DA:83,1
DA:87,1
DA:88,1
DA:90,3
DA:95,1
DA:96,1
DA:100,1
DA:101,1
DA:102,1
DA:106,1
DA:107,1
DA:112,1
DA:113,2
DA:116,3
DA:118,0
DA:120,1
DA:125,1
DA:126,2
DA:129,3
DA:131,1
DA:133,1
LF:35
LH:29
end_of_record
TN:
SF:/app/crates/duke-loader/src/bootstrap.rs
FN:16,<impl ClassLoader for ClasspathEntry>::find_class
FN:36,BootstrapLoader::new_for_test
FN:69,BootstrapLoader::new
FN:80,<impl ClassLoader for BootstrapLoader>::find_class
FN:99,classpath_entry_for
FNF:5
FNDA:1,<impl ClassLoader for ClasspathEntry>::find_class
FNDA:1,BootstrapLoader::new_for_test
FNDA:1,BootstrapLoader::new
FNDA:1,<impl ClassLoader for BootstrapLoader>::find_class
FNDA:3,classpath_entry_for
DA:16,1
DA:17,1
DA:18,1
DA:19,1
DA:36,1
DA:38,1
DA:69,1
DA:70,3
DA:71,0
DA:72,0
DA:73,0
DA:75,0
DA:80,1
DA:82,1
DA:83,0
DA:86,2
DA:87,2
DA:88,1
DA:91,1
DA:92,1
DA:99,3
DA:102,5
DA:103,6
DA:104,1
DA:106,2
LF:25
LH:20
end_of_record
TN:
SF:/app/crates/duke-loader/src/directory.rs
FN:33,DirectoryLoader::new
FN:41,<impl ClassLoader for DirectoryLoader>::find_class
FNF:2
FNDA:9,DirectoryLoader::new
FNDA:3,<impl ClassLoader for DirectoryLoader>::find_class
DA:33,9
DA:35,17
DA:41,3
DA:42,3
DA:46,6
DA:47,6
DA:48,3
DA:49,3
DA:50,3
DA:52,2
DA:53,2
DA:57,3
DA:58,6
DA:59,1
DA:60,1
DA:63,6
DA:65,3
DA:67,9
DA:68,3
LF:19
LH:19
end_of_record
TN:
SF:/app/crates/duke-loader/src/jimage.rs
FN:92,JImageReader::empty_for_test
FN:121,JImageReader::open
FN:169,JImageReader::resource_count
FN:178,JImageReader::find_resource
FN:189,JImageReader::read_resource
FN:255,<impl ClassLoader for JImageReader>::find_class
FN:276,parse_header
FN:315,build_index
FN:413,build_jimage_path
FN:447,split_class_name
FN:453,read_str
FN:471,read_be_u64
FN:478,read_u32_le
FNF:13
FNDA:1,JImageReader::empty_for_test
FNDA:2,JImageReader::open
FNDA:1,JImageReader::resource_count
FNDA:0,JImageReader::find_resource
FNDA:1,JImageReader::read_resource
FNDA:1,<impl ClassLoader for JImageReader>::find_class
FNDA:2,parse_header
FNDA:2,build_index
FNDA:1,build_jimage_path
FNDA:1,split_class_name
FNDA:1,read_str
FNDA:3,read_be_u64
FNDA:2,read_u32_le
DA:92,1
DA:94,1
DA:97,1
DA:121,2
DA:122,5
DA:123,2
DA:124,1
DA:127,5
DA:129,2
DA:130,2
DA:131,2
DA:137,2
DA:138,4
DA:139,4
DA:141,4
DA:142,0
DA:143,0
DA:145,0
DA:152,2
DA:156,2
DA:159,2
DA:160,2
DA:169,1
DA:170,1
DA:178,0
DA:179,0
DA:189,1
DA:190,1
DA:191,0
DA:194,1
DA:195,1
DA:197,1
DA:199,1
DA:200,2
DA:202,1
DA:203,1
DA:204,0
DA:207,1
DA:208,1
DA:209,3
DA:211,1
DA:212,1
DA:216,2
DA:218,2
DA:220,2
DA:221,2
DA:222,4
DA:223,3
DA:224,2
DA:225,5
DA:226,1
DA:228,0
DA:230,1
DA:255,1
DA:256,1
DA:257,1
DA:258,2
DA:259,1
DA:260,1
DA:261,1
DA:262,0
DA:265,1
DA:266,1
DA:276,2
DA:277,2
DA:278,1
DA:279,1
DA:283,2
DA:284,2
DA:285,1
DA:286,1
DA:290,2
DA:291,2
DA:292,0
DA:293,0
DA:297,2
DA:298,2
DA:299,2
DA:300,2
DA:301,2
DA:315,2
DA:326,2
DA:327,2
DA:328,2
DA:329,2
DA:331,4
DA:332,2
DA:334,2
DA:335,2
DA:336,2
DA:337,2
DA:338,2
DA:339,3
DA:340,2
DA:342,3
DA:343,2
DA:346,5
DA:347,5
DA:349,5
DA:350,3
DA:352,2
DA:355,3
DA:359,2
DA:360,2
DA:362,2
DA:363,3
DA:364,0
DA:365,2
DA:366,0
DA:367,1
DA:368,1
DA:369,1
DA:375,5
DA:379,2
DA:380,2
DA:381,1
DA:382,1
DA:384,2
DA:385,1
DA:386,1
DA:387,1
DA:388,2
DA:389,1
DA:390,1
DA:391,1
DA:392,2
DA:398,2
DA:413,1
DA:414,1
DA:418,4
DA:419,1
DA:421,2
DA:423,3
DA:424,1
DA:426,2
DA:428,1
DA:430,1
DA:431,1
DA:432,1
DA:433,1
DA:434,1
DA:435,1
DA:436,1
DA:438,1
DA:439,1
DA:440,1
DA:441,1
DA:447,1
DA:448,1
DA:449,3
DA:453,1
DA:454,2
DA:455,0
DA:457,2
DA:458,1
DA:460,1
DA:461,0
DA:463,1
DA:465,4
DA:466,4
DA:467,1
DA:471,3
DA:472,2
DA:473,3
DA:474,2
DA:475,3
DA:478,2
DA:479,2
LF:168
LH:153
end_of_record
TN:
SF:/app/crates/duke-loader/src/manifest.rs
FN:8,parse_main_class
FNF:1
FNDA:2,parse_main_class
DA:8,2
DA:9,2
DA:10,4
DA:11,2
DA:12,1
DA:15,1
LF:6
LH:6
end_of_record
TN:
SF:/app/crates/duke-loader/src/proptest_open.rs
FNF:0
DA:9,1
DA:11,3
DA:12,1
DA:13,2
DA:14,1
DA:15,2
DA:16,1
DA:17,1
LF:8
LH:8
end_of_record
TN:
SF:/app/crates/duke-loader/src/zip.rs
FN:56,crc32_checksum
FN:102,ZipReader::open
FN:114,ZipReader::from_bytes
FN:122,ZipReader::get_entry
FN:134,ZipReader::read_entry
FN:147,ZipReader::read_entry_info
FN:215,ZipReader::entry_count
FN:220,ZipReader::entry_names
FN:268,ZipLoader::open
FN:288,ZipLoader::reader
FN:292,ZipLoader::from_reader
FN:302,<impl ClassLoader for ZipLoader>::find_class
FN:340,nested_boot_inf_lib_loaders
FN:358,is_nested_boot_inf_lib_archive
FN:373,read_u16_le
FN:378,read_u32_le
FN:388,find_eocd
FN:412,parse_eocd_and_central_directory
FN:439,parse_central_directory
FNF:19
FNDA:2,crc32_checksum
FNDA:3,ZipReader::open
FNDA:3,ZipReader::from_bytes
FNDA:2,ZipReader::get_entry
FNDA:2,ZipReader::read_entry
FNDA:2,ZipReader::read_entry_info
FNDA:2,ZipReader::entry_count
FNDA:2,ZipReader::entry_names
FNDA:2,ZipLoader::open
FNDA:0,ZipLoader::reader
FNDA:3,ZipLoader::from_reader
FNDA:2,<impl ClassLoader for ZipLoader>::find_class
FNDA:3,nested_boot_inf_lib_loaders
FNDA:3,is_nested_boot_inf_lib_archive
FNDA:2,read_u16_le
FNDA:4,read_u32_le
FNDA:4,find_eocd
FNDA:2,parse_eocd_and_central_directory
FNDA:2,parse_central_directory
DA:56,2
DA:57,2
DA:58,4
DA:59,2
DA:60,4
DA:62,2
DA:102,3
DA:103,9
DA:104,2
DA:105,1
DA:107,3
DA:114,3
DA:115,9
DA:116,2
DA:117,3
DA:122,2
DA:123,2
DA:134,2
DA:135,8
DA:136,2
DA:138,2
DA:147,2
DA:148,2
DA:151,2
DA:152,1
DA:153,1
DA:156,2
DA:157,2
DA:158,1
DA:159,1
DA:164,4
DA:165,4
DA:166,4
DA:167,2
DA:169,4
DA:170,1
DA:171,1
DA:175,4
DA:177,2
DA:178,2
DA:180,2
DA:181,2
DA:182,6
DA:183,3
DA:184,2
DA:185,4
DA:186,2
DA:188,2
DA:190,1
DA:191,1
DA:192,1
DA:201,4
DA:202,2
DA:203,1
DA:204,1
DA:205,1
DA:210,2
DA:215,2
DA:216,2
DA:220,2
DA:221,2
DA:268,2
DA:269,2
DA:288,0
DA:292,3
DA:293,6
DA:294,3
DA:295,3
DA:302,2
DA:305,2
DA:308,2
DA:309,2
DA:310,2
DA:311,2
DA:313,1
DA:317,2
DA:318,2
DA:319,2
DA:320,2
DA:321,2
DA:322,2
DA:324,1
DA:327,2
DA:328,4
DA:329,2
DA:331,1
DA:334,2
DA:335,2
DA:340,3
DA:341,2
DA:343,7
DA:344,2
DA:346,4
DA:348,3
DA:349,9
DA:350,6
DA:351,6
DA:352,3
DA:355,3
DA:358,3
DA:359,2
DA:360,2
DA:362,3
DA:364,9
DA:365,9
DA:373,2
DA:374,2
DA:378,4
DA:379,3
DA:380,4
DA:381,8
DA:382,8
DA:383,6
DA:388,4
DA:389,4
DA:390,1
DA:391,1
DA:394,4
DA:396,8
DA:397,5
DA:398,4
DA:399,2
DA:401,2
DA:404,2
DA:406,2
DA:407,2
DA:412,2
DA:425,2
DA:426,5
DA:427,5
DA:429,4
DA:430,0
DA:431,0
DA:435,2
DA:439,2
DA:445,2
DA:446,2
DA:447,2
DA:449,8
DA:451,4
DA:452,0
DA:453,0
DA:456,4
DA:457,2
DA:458,0
DA:459,0
DA:465,4
DA:466,2
DA:467,2
DA:468,2
DA:469,2
DA:470,2
DA:471,2
DA:472,2
DA:474,2
DA:475,4
DA:476,0
DA:477,0
DA:481,4
DA:484,2
DA:485,2
DA:486,2
DA:487,2
DA:496,2
DA:499,3
LF:165
LH:156
end_of_record
TN:
SF:/app/crates/duke-loader/tests/havoc_directory_loader_fuzz.rs
FNF:0
DA:1,1
DA:6,1
DA:9,1
DA:10,2
DA:11,1
DA:13,1
DA:14,2
DA:16,2
DA:18,1
DA:19,1
DA:22,2
DA:23,1
LF:12
LH:12
end_of_record
TN:
SF:/app/crates/duke-loader/tests/havoc_jimage_oom_crash.rs
FNF:0
DA:1,1
DA:9,3
DA:10,1
DA:20,1
DA:22,1
DA:25,1
DA:26,1
DA:27,1
DA:28,1
DA:29,1
DA:30,1
DA:31,1
DA:32,1
DA:35,1
DA:36,1
DA:38,1
DA:39,1
DA:40,1
DA:41,2
DA:42,2
LF:20
LH:20
end_of_record
TN:
SF:/app/crates/duke-runtime/src/frame.rs
FN:54,Frame::new
FN:95,Frame::from_pool_bufs
FN:122,Frame::into_pool_bufs
FN:142,Frame::push
FN:166,Frame::pop
FN:184,Frame::pop_int
FN:202,Frame::pop_long
FN:220,Frame::pop_float
FN:238,Frame::pop_double
FN:257,Frame::pop_ref
FN:281,Frame::peek
FN:300,Frame::load_local
FN:325,Frame::store_local
FN:349,Frame::clear_stack
FN:366,Frame::stack_depth
FN:387,Frame::peek_at
FN:405,Frame::stack_len
FN:421,Frame::slots
FN:439,Frame::slots_mut
FNF:19
FNDA:4,Frame::new
FNDA:3,Frame::from_pool_bufs
FNDA:3,Frame::into_pool_bufs
FNDA:3,Frame::push
FNDA:2,Frame::pop
FNDA:4,Frame::pop_int
FNDA:2,Frame::pop_long
FNDA:2,Frame::pop_float
FNDA:2,Frame::pop_double
FNDA:2,Frame::pop_ref
FNDA:1,Frame::peek
FNDA:4,Frame::load_local
FNDA:2,Frame::store_local
FNDA:2,Frame::clear_stack
FNDA:1,Frame::stack_depth
FNDA:2,Frame::peek_at
FNDA:2,Frame::stack_len
FNDA:3,Frame::slots
FNDA:3,Frame::slots_mut
DA:54,4
DA:55,8
DA:56,1
DA:57,1
DA:63,4
DA:64,4
DA:65,4
DA:66,4
DA:68,4
DA:95,3
DA:96,5
DA:122,3
DA:123,3
DA:124,3
DA:142,3
DA:143,3
DA:144,1
DA:146,4
DA:147,4
DA:166,2
DA:167,3
DA:184,4
DA:185,4
DA:202,2
DA:203,2
DA:220,2
DA:221,2
DA:238,2
DA:239,2
DA:257,2
DA:258,2
DA:259,2
DA:260,1
DA:261,2
DA:263,1
DA:281,1
DA:282,1
DA:300,4
DA:301,4
DA:302,4
DA:304,4
DA:306,4
DA:325,2
DA:326,5
DA:327,2
DA:328,3
DA:330,1
DA:332,1
DA:349,2
DA:350,2
DA:366,1
DA:367,1
DA:387,2
DA:388,2
DA:389,2
DA:391,2
DA:405,2
DA:406,2
DA:421,3
DA:422,3
DA:439,3
DA:440,3
LF:62
LH:62
end_of_record
TN:
SF:/app/crates/duke-runtime/src/slot.rs
FN:62,Slot::as_int
FN:89,Slot::as_long
FN:116,Slot::as_float
FN:143,Slot::as_double
FN:171,Slot::as_reference
FN:190,Slot::type_name
FNF:6
FNDA:4,Slot::as_int
FNDA:2,Slot::as_long
FNDA:2,Slot::as_float
FNDA:2,Slot::as_double
FNDA:3,Slot::as_reference
FNDA:1,Slot::type_name
DA:62,4
DA:63,8
DA:64,4
DA:66,1
DA:68,1
DA:89,2
DA:90,4
DA:91,2
DA:93,1
DA:95,1
DA:116,2
DA:117,4
DA:118,2
DA:120,1
DA:122,1
DA:143,2
DA:144,4
DA:145,2
DA:147,1
DA:149,1
DA:171,3
DA:172,7
DA:173,3
DA:175,3
DA:190,1
DA:191,1
DA:192,1
DA:193,1
DA:194,1
DA:195,1
DA:196,1
DA:197,1
LF:32
LH:32
end_of_record
TN:
SF:/app/crates/duke-telemetry/src/lib.rs
FN:58,ser_helpers::keyed_map
FN:67,ser_helpers::site3
FN:75,ser_helpers::site2_u16
FN:83,ser_helpers::pair_str
FN:91,ser_helpers::sorted_set
FN:161,BytecodeCostStore::record
FN:240,ObjectLineageStore::record
FN:317,ClassInitDagStore::record
FN:327,ClassInitDagStore::to_dot
FN:350,ClassInitDagStore::to_mermaid
FN:434,ExceptionFlowStore::record_throw
FN:456,ExceptionFlowStore::record_catch
FN:542,DispatchResolutionStore::record
FN:624,NativeBoundaryStore::record_call
FNF:14
FNDA:0,ser_helpers::keyed_map
FNDA:0,ser_helpers::site3
FNDA:0,ser_helpers::site2_u16
FNDA:0,ser_helpers::pair_str
FNDA:0,ser_helpers::sorted_set
FNDA:1,BytecodeCostStore::record
FNDA:1,ObjectLineageStore::record
FNDA:2,ClassInitDagStore::record
FNDA:1,ClassInitDagStore::to_dot
FNDA:1,ClassInitDagStore::to_mermaid
FNDA:1,ExceptionFlowStore::record_throw
FNDA:1,ExceptionFlowStore::record_catch
FNDA:1,DispatchResolutionStore::record
FNDA:1,NativeBoundaryStore::record_call
DA:58,0
DA:59,0
DA:67,0
DA:75,0
DA:83,0
DA:91,0
DA:92,0
DA:93,0
DA:161,1
DA:169,1
DA:170,1
DA:171,2
DA:172,1
DA:174,1
DA:176,1
DA:177,2
DA:240,1
DA:249,1
DA:250,3
DA:251,1
DA:254,1
DA:317,2
DA:318,2
DA:319,2
DA:320,2
DA:327,1
DA:329,1
DA:330,2
DA:331,1
DA:332,3
DA:333,1
DA:335,2
DA:337,2
DA:344,1
DA:345,1
DA:350,1
DA:352,1
DA:353,2
DA:354,1
DA:355,3
DA:356,1
DA:358,2
DA:360,2
DA:367,1
DA:434,1
DA:441,1
DA:442,1
DA:443,2
DA:444,1
DA:447,1
DA:456,1
DA:463,2
DA:464,1
DA:465,1
DA:466,1
DA:542,1
DA:551,1
DA:553,1
DA:554,1
DA:555,1
DA:557,2
DA:558,1
DA:624,1
DA:627,1
DA:629,1
DA:630,2
DA:631,2
DA:632,1
LF:68
LH:60
end_of_record
TN:
SF:/app/duke/src/analyze.rs
FN:8,cp_str
FN:21,resolve_class_name
FN:39,generate_analysis_report
FNF:3
FNDA:2,cp_str
FNDA:4,resolve_class_name
FNDA:3,generate_analysis_report
DA:8,2
DA:9,1
DA:10,2
DA:11,6
DA:12,4
DA:13,3
DA:14,1
DA:16,1
DA:21,4
DA:22,4
DA:23,1
DA:25,3
DA:27,3
DA:28,7
DA:29,4
DA:30,2
DA:32,1
DA:39,3
DA:40,3
DA:41,5
DA:43,1
DA:44,1
DA:49,1
DA:51,1
DA:52,2
DA:53,1
DA:54,1
DA:56,1
DA:57,2
DA:58,2
DA:59,1
DA:60,1
DA:61,1
DA:62,1
DA:63,2
DA:64,1
DA:70,2
DA:80,1
DA:81,2
DA:85,2
LF:40
LH:40
end_of_record
TN:
SF:/app/duke/src/html.rs
FN:8,escape_html
FN:14,cp_str
FN:27,resolve_class_name
FN:42,write_html_header
FN:105,write_class_summary
FN:140,write_fields
FN:167,write_methods
FN:253,generate_html_report
FNF:8
FNDA:1,escape_html
FNDA:1,cp_str
FNDA:1,resolve_class_name
FNDA:1,write_html_header
FNDA:1,write_class_summary
FNDA:1,write_fields
FNDA:1,write_methods
FNDA:1,generate_html_report
DA:8,1
DA:9,2
DA:14,1
DA:15,1
DA:16,1
DA:17,3
DA:18,2
DA:19,2
DA:20,1
DA:22,0
DA:27,1
DA:28,1
DA:29,1
DA:31,1
DA:33,1
DA:34,3
DA:35,2
DA:36,1
DA:38,0
DA:42,1
DA:43,1
DA:44,1
DA:45,1
DA:46,1
DA:47,1
DA:51,1
DA:52,1
DA:53,1
DA:57,1
DA:61,1
DA:65,1
DA:69,1
DA:73,1
DA:77,1
DA:81,1
DA:85,1
DA:86,1
DA:90,1
DA:91,1
DA:92,1
DA:96,1
DA:100,1
DA:101,1
DA:102,1
DA:105,1
DA:106,1
DA:107,2
DA:109,2
DA:113,1
DA:114,1
DA:118,1
DA:123,1
DA:128,1
DA:129,2
DA:130,1
DA:131,1
DA:132,2
DA:133,2
DA:135,1
DA:137,2
DA:140,1
DA:141,1
DA:145,1
DA:146,1
DA:147,1
DA:148,1
DA:152,1
DA:153,2
DA:154,1
DA:155,2
DA:156,2
DA:157,1
DA:158,1
DA:159,1
DA:160,1
DA:162,1
DA:163,1
DA:164,1
DA:167,1
DA:168,1
DA:169,2
DA:170,1
DA:171,1
DA:173,2
DA:174,1
DA:175,3
DA:176,1
DA:178,1
DA:181,1
DA:182,1
DA:184,2
DA:185,1
DA:186,1
DA:192,1
DA:193,1
DA:194,2
DA:195,1
DA:196,1
DA:197,1
DA:200,1
DA:205,1
DA:206,1
DA:208,2
DA:209,2
DA:210,1
DA:211,1
DA:212,1
DA:215,1
DA:216,1
DA:220,1
DA:221,1
DA:222,2
DA:223,1
DA:225,1
DA:226,1
DA:228,1
DA:229,2
DA:235,2
DA:239,1
DA:240,2
DA:246,2
DA:253,1
DA:254,1
DA:255,2
DA:257,2
DA:258,1
DA:259,1
DA:260,1
DA:262,1
DA:263,1
DA:265,1
LF:131
LH:129
end_of_record
TN:
SF:/app/duke/src/main.rs
FN:37,extract_jdk_flag
FN:60,extract_jar_flag
FN:83,<impl ClassLoader for CliLoader>::find_class
FN:88,make_loader
FN:143,<impl ClassLoader for ChainLoader>::find_class
FN:164,extract_mermaid_heap_flag
FN:181,extract_telemetry_flag
FN:204,main
FN:318,emit_mermaid_heap
FN:359,emit_telemetry
FN:372,load_and_dump
FN:392,exec_method
FN:496,run_main
FN:577,run_jar
FN:667,dump_analyze
FN:681,dump_html
FN:703,dump_cfg
FN:741,dump_cg
FN:842,generate_stubs
FN:854,generate_native_stubs_code
FN:916,dump_class_file
FN:995,cp_str
FN:1008,resolve_class_name
FN:1023,format_cp_entry
FNF:24
FNDA:0,extract_jdk_flag
FNDA:0,extract_jar_flag
FNDA:0,<impl ClassLoader for CliLoader>::find_class
FNDA:0,make_loader
FNDA:0,<impl ClassLoader for ChainLoader>::find_class
FNDA:1,extract_mermaid_heap_flag
FNDA:1,extract_telemetry_flag
FNDA:0,main
FNDA:1,emit_mermaid_heap
FNDA:0,emit_telemetry
FNDA:0,load_and_dump
FNDA:0,exec_method
FNDA:0,run_main
FNDA:0,run_jar
FNDA:0,dump_analyze
FNDA:1,dump_html
FNDA:0,dump_cfg
FNDA:0,dump_cg
FNDA:0,generate_stubs
FNDA:1,generate_native_stubs_code
FNDA:0,dump_class_file
FNDA:1,cp_str
FNDA:1,resolve_class_name
FNDA:0,format_cp_entry
DA:37,0
DA:38,0
DA:39,0
DA:40,0
DA:41,0
DA:42,0
DA:43,0
DA:44,0
DA:46,0
DA:47,0
DA:48,0
DA:50,0
DA:51,0
DA:52,0
DA:54,0
DA:56,0
DA:60,0
DA:61,0
DA:62,0
DA:63,0
DA:64,0
DA:65,0
DA:66,0
DA:67,0
DA:69,0
DA:70,0
DA:71,0
DA:73,0
DA:75,0
DA:83,0
DA:84,0
DA:88,0
DA:89,0
DA:90,0
DA:91,0
DA:92,0
DA:93,0
DA:94,0
DA:99,0
DA:106,0
DA:107,0
DA:108,0
DA:110,0
DA:111,0
DA:112,0
DA:113,0
DA:114,0
DA:115,0
DA:119,0
DA:122,0
DA:123,0
DA:124,0
DA:126,0
DA:127,0
DA:128,0
DA:129,0
DA:130,0
DA:133,0
DA:136,0
DA:143,0
DA:144,0
DA:145,0
DA:146,0
DA:149,0
DA:150,0
DA:164,1
DA:165,1
DA:166,2
DA:167,2
DA:168,1
DA:169,1
DA:170,3
DA:171,1
DA:172,1
DA:174,1
DA:177,1
DA:181,1
DA:182,1
DA:183,2
DA:184,2
DA:185,1
DA:186,1
DA:187,2
DA:189,1
DA:190,1
DA:191,1
DA:192,0
DA:193,0
DA:194,4
DA:195,1
DA:196,1
DA:198,1
DA:201,1
DA:204,0
DA:205,0
DA:206,0
DA:207,0
DA:208,0
DA:209,0
DA:211,0
DA:212,0
DA:213,0
DA:214,0
DA:215,0
DA:216,0
DA:217,0
DA:218,0
DA:219,0
DA:220,0
DA:221,0
DA:222,0
DA:223,0
DA:224,0
DA:225,0
DA:226,0
DA:227,0
DA:231,0
DA:232,0
DA:234,0
DA:235,0
DA:236,0
DA:237,0
DA:238,0
DA:244,0
DA:245,0
DA:250,0
DA:251,0
DA:252,0
DA:254,0
DA:256,0
DA:261,0
DA:262,0
DA:267,0
DA:268,0
DA:273,0
DA:274,0
DA:279,0
DA:280,0
DA:285,0
DA:286,0
DA:291,0
DA:292,0
DA:294,0
DA:297,0
DA:298,0
DA:299,0
DA:302,0
DA:303,0
DA:304,0
DA:308,0
DA:309,0
DA:310,0
DA:311,0
DA:312,0
DA:318,1
DA:319,1
DA:320,1
DA:321,1
DA:322,2
DA:323,1
DA:324,2
DA:325,2
DA:359,0
DA:360,0
DA:361,0
DA:372,0
DA:373,0
DA:374,0
DA:375,0
DA:376,0
DA:378,0
DA:379,0
DA:380,0
DA:382,0
DA:392,0
DA:398,0
DA:399,0
DA:400,0
DA:402,0
DA:403,0
DA:404,0
DA:406,0
DA:407,0
DA:408,0
DA:409,0
DA:414,0
DA:415,0
DA:416,0
DA:418,0
DA:419,0
DA:420,0
DA:424,0
DA:427,0
DA:428,0
DA:429,0
DA:431,0
DA:433,0
DA:434,0
DA:435,0
DA:437,0
DA:441,0
DA:442,0
DA:443,0
DA:444,0
DA:448,0
DA:450,0
DA:451,0
DA:452,0
DA:453,0
DA:455,0
DA:456,0
DA:458,0
DA:461,0
DA:462,0
DA:463,0
DA:464,0
DA:466,0
DA:467,0
DA:468,0
DA:471,0
DA:472,0
DA:474,0
DA:475,0
DA:476,0
DA:477,0
DA:478,0
DA:479,0
DA:482,0
DA:483,0
DA:484,0
DA:485,0
DA:496,0
DA:502,0
DA:503,0
DA:504,0
DA:506,0
DA:507,0
DA:509,0
DA:510,0
DA:511,0
DA:513,0
DA:514,0
DA:515,0
DA:518,0
DA:519,0
DA:520,0
DA:521,0
DA:523,0
DA:525,0
DA:526,0
DA:527,0
DA:528,0
DA:531,0
DA:532,0
DA:533,0
DA:534,0
DA:536,0
DA:537,0
DA:538,0
DA:541,0
DA:543,0
DA:544,0
DA:546,0
DA:549,0
DA:552,0
DA:554,0
DA:555,0
DA:556,0
DA:557,0
DA:558,0
DA:559,0
DA:560,0
DA:563,0
DA:564,0
DA:565,0
DA:566,0
DA:577,0
DA:584,0
DA:585,0
DA:586,0
DA:587,0
DA:591,0
DA:592,0
DA:593,0
DA:595,0
DA:596,0
DA:597,0
DA:601,0
DA:604,0
DA:606,0
DA:607,0
DA:609,0
DA:610,0
DA:611,0
DA:612,0
DA:613,0
DA:616,0
DA:617,0
DA:618,0
DA:620,0
DA:621,0
DA:625,0
DA:626,0
DA:627,0
DA:628,0
DA:630,0
DA:631,0
DA:632,0
DA:634,0
DA:636,0
DA:637,0
DA:639,0
DA:642,0
DA:645,0
DA:647,0
DA:648,0
DA:649,0
DA:650,0
DA:651,0
DA:652,0
DA:653,0
DA:656,0
DA:657,0
DA:658,0
DA:659,0
DA:667,0
DA:668,0
DA:669,0
DA:670,0
DA:672,0
DA:673,0
DA:674,0
DA:677,0
DA:678,0
DA:681,1
DA:682,1
DA:683,0
DA:684,0
DA:686,2
DA:687,0
DA:688,0
DA:691,2
DA:692,1
DA:693,2
DA:694,0
DA:695,0
DA:697,1
DA:699,2
DA:703,0
DA:704,0
DA:705,0
DA:706,0
DA:708,0
DA:709,0
DA:710,0
DA:713,0
DA:716,0
DA:717,0
DA:718,0
DA:720,0
DA:722,0
DA:723,0
DA:724,0
DA:727,0
DA:728,0
DA:729,0
DA:730,0
DA:731,0
DA:733,0
DA:737,0
DA:738,0
DA:741,0
DA:742,0
DA:743,0
DA:744,0
DA:746,0
DA:747,0
DA:748,0
DA:751,0
DA:842,0
DA:843,0
DA:854,1
DA:855,1
DA:856,2
DA:858,1
DA:859,2
DA:860,3
DA:861,1
DA:864,1
DA:867,1
DA:871,1
DA:872,2
DA:875,2
DA:878,1
DA:879,1
DA:880,1
DA:882,1
DA:883,2
DA:885,2
DA:890,1
DA:893,1
DA:894,1
DA:896,1
DA:897,2
DA:899,2
DA:903,1
DA:907,1
DA:910,1
DA:913,1
DA:916,0
DA:917,0
DA:918,0
DA:920,0
DA:921,0
DA:922,0
DA:923,0
DA:924,0
DA:927,0
DA:931,0
DA:932,0
DA:935,0
DA:936,0
DA:937,0
DA:940,0
DA:943,0
DA:944,0
DA:945,0
DA:946,0
DA:948,0
DA:952,0
DA:953,0
DA:954,0
DA:955,0
DA:956,0
DA:957,0
DA:959,0
DA:963,0
DA:964,0
DA:965,0
DA:966,0
DA:967,0
DA:969,0
DA:970,0
DA:971,0
DA:978,0
DA:979,0
DA:980,0
DA:981,0
DA:984,0
DA:995,1
DA:996,1
DA:997,1
DA:998,3
DA:999,2
DA:1000,2
DA:1001,1
DA:1003,0
DA:1008,1
DA:1009,1
DA:1010,0
DA:1012,1
DA:1014,1
DA:1015,3
DA:1016,2
DA:1017,1
DA:1019,0
DA:1023,0
DA:1024,0
DA:1025,0
DA:1026,0
DA:1027,0
DA:1028,0
DA:1029,0
DA:1030,0
DA:1031,0
DA:1032,0
DA:1034,0
DA:1035,0
DA:1036,0
DA:1038,0
DA:1042,0
DA:1047,0
DA:1051,0
DA:1056,0
DA:1060,0
DA:1065,0
DA:1069,0
DA:1070,0
DA:1071,0
DA:1076,0
DA:1080,0
DA:1085,0
DA:1086,0
DA:1087,0
DA:1089,0
DA:1093,0
DA:1098,0
DA:1102,0
DA:1107,0
DA:1108,0
DA:1109,0
DA:1111,0
DA:1112,0
DA:1113,0
LF:504
LH:84
end_of_record
